Copyright 1986-2019 Xilinx, Inc. All Rights Reserved.
------------------------------------------------------------------------------------
| Tool Version : Vivado v.2019.2 (win64) Build 2708876 Wed Nov  6 21:40:23 MST 2019
| Date         : Wed Apr 22 16:28:59 2026
| Host         : DESKTOP-TRF6PNO running 64-bit major release  (build 9200)
| Command      : upgrade_ip
| Device       : xczu19eg-ffvc1760-2-i
------------------------------------------------------------------------------------

Upgrade Log for IP 'NFC_4Channel_bd_zynq_ultra_ps_e_0_0'

1. Summary
----------

SUCCESS in the conversion of NFC_4Channel_bd_zynq_ultra_ps_e_0_0 (xilinx.com:ip:zynq_ultra_ps_e:3.3 (Rev. 1)) to Vivado generation flows.

2. Upgrade messages
-------------------

Set parameter PSU__GPIO_EMIO__PERIPHERAL__IO to value 95 (source 'default')
WARNING: upgrade cannot add parameter PSU__USE__USB3_0_HUB with default value 0 : a parameter called PSU__USE__USB3_0_HUB already exists in zynq_ultra_ps_e_v3_3
WARNING: upgrade cannot add parameter PSU__USE__USB3_1_HUB with default value 0 : a parameter called PSU__USE__USB3_1_HUB already exists in zynq_ultra_ps_e_v3_3
Set parameter PSU__PROTECTION__FPD_SEGMENTS to value SA:0xFD1A0000; SIZE:1280; UNIT:KB; RegionTZ:Secure; WrAllowed:Read/Write; subsystemId:PMU Firmware |  SA:0xFD000000; SIZE:64; UNIT:KB; RegionTZ:Secure; WrAllowed:Read/Write; subsystemId:PMU Firmware |  SA:0xFD010000; SIZE:64; UNIT:KB; RegionTZ:Secure; WrAllowed:Read/Write; subsystemId:PMU Firmware |  SA:0xFD020000; SIZE:64; UNIT:KB; RegionTZ:Secure; WrAllowed:Read/Write; subsystemId:PMU Firmware |  SA:0xFD030000; SIZE:64; UNIT:KB; RegionTZ:Secure; WrAllowed:Read/Write; subsystemId:PMU Firmware |  SA:0xFD040000; SIZE:64; UNIT:KB; RegionTZ:Secure; WrAllowed:Read/Write; subsystemId:PMU Firmware |  SA:0xFD050000; SIZE:64; UNIT:KB; RegionTZ:Secure; WrAllowed:Read/Write; subsystemId:PMU Firmware |  SA:0xFD610000; SIZE:512; UNIT:KB; RegionTZ:Secure; WrAllowed:Read/Write; subsystemId:PMU Firmware |  SA:0xFD5D0000; SIZE:64; UNIT:KB; RegionTZ:Secure; WrAllowed:Read/Write; subsystemId:PMU Firmware | SA:0xFD1A0000 ; SIZE:1280; UNIT:KB; RegionTZ:Secure ; WrAllowed:Read/Write; subsystemId:Secure Subsystem (source 'default')






Copyright 1986-2019 Xilinx, Inc. All Rights Reserved.
------------------------------------------------------------------------------------
| Tool Version : Vivado v.2019.2 (win64) Build 2708876 Wed Nov  6 21:40:23 MST 2019
| Date         : Wed Apr 22 16:28:59 2026
| Host         : DESKTOP-TRF6PNO running 64-bit major release  (build 9200)
| Command      : upgrade_ip
| Device       : xczu19eg-ffvc1760-2-i
------------------------------------------------------------------------------------

Upgrade Log for IP 'NFC_4Channel_bd_smartconnect_0_1'

1. Summary
----------

SUCCESS in the conversion of NFC_4Channel_bd_smartconnect_0_1 (xilinx.com:ip:smartconnect:1.0 (Rev. 12)) to Vivado generation flows.

After upgrade, an IP may have parameter and port differences compared to the original customization. Please review the parameters within the IP customization GUI to ensure proper functionality. Also, please review the updated IP instantiation template to ensure proper connectivity, and update your design if required.

2. Interface Information
------------------------

Detected external interface differences while upgrading 'NFC_4Channel_bd_smartconnect_0_1'.



3. Connection Warnings
----------------------

Detected external port differences while upgrading 'NFC_4Channel_bd_smartconnect_0_1'. These changes may impact your design.








Copyright 1986-2019 Xilinx, Inc. All Rights Reserved.
------------------------------------------------------------------------------------
| Tool Version : Vivado v.2019.2 (win64) Build 2708876 Wed Nov  6 21:40:23 MST 2019
| Date         : Wed Apr 22 16:28:59 2026
| Host         : DESKTOP-TRF6PNO running 64-bit major release  (build 9200)
| Command      : upgrade_ip
| Device       : xczu19eg-ffvc1760-2-i
------------------------------------------------------------------------------------

Upgrade Log for IP 'NFC_4Channel_bd_smartconnect_0_0'

1. Summary
----------

SUCCESS in the conversion of NFC_4Channel_bd_smartconnect_0_0 (xilinx.com:ip:smartconnect:1.0 (Rev. 12)) to Vivado generation flows.

After upgrade, an IP may have parameter and port differences compared to the original customization. Please review the parameters within the IP customization GUI to ensure proper functionality. Also, please review the updated IP instantiation template to ensure proper connectivity, and update your design if required.

2. Interface Information
------------------------

Detected external interface differences while upgrading 'NFC_4Channel_bd_smartconnect_0_0'.



3. Connection Warnings
----------------------

Detected external port differences while upgrading 'NFC_4Channel_bd_smartconnect_0_0'. These changes may impact your design.








Copyright 1986-2019 Xilinx, Inc. All Rights Reserved.
------------------------------------------------------------------------------------
| Tool Version : Vivado v.2019.2 (win64) Build 2708876 Wed Nov  6 21:40:23 MST 2019
| Date         : Wed Apr 22 16:28:59 2026
| Host         : DESKTOP-TRF6PNO running 64-bit major release  (build 9200)
| Command      : upgrade_ip
| Device       : xczu19eg-ffvc1760-2-i
------------------------------------------------------------------------------------

Upgrade Log for IP 'NFC_4Channel_bd_proc_sys_reset_0_0'

1. Summary
----------

SUCCESS in the conversion of NFC_4Channel_bd_proc_sys_reset_0_0 (xilinx.com:ip:proc_sys_reset:5.0 (Rev. 13)) to Vivado generation flows.






Copyright 1986-2019 Xilinx, Inc. All Rights Reserved.
------------------------------------------------------------------------------------
| Tool Version : Vivado v.2019.2 (win64) Build 2708876 Wed Nov  6 21:40:23 MST 2019
| Date         : Wed Apr 22 16:28:59 2026
| Host         : DESKTOP-TRF6PNO running 64-bit major release  (build 9200)
| Command      : upgrade_ip
| Device       : xczu19eg-ffvc1760-2-i
------------------------------------------------------------------------------------

Upgrade Log for IP 'NFC_4Channel_bd_nfc_top_0_0'

1. Summary
----------

SUCCESS in the conversion of NFC_4Channel_bd_nfc_top_0_0 (xilinx.com:user:nfc_top:2.0 (Rev. 34)) to Vivado generation flows.






Copyright 1986-2019 Xilinx, Inc. All Rights Reserved.
------------------------------------------------------------------------------------
| Tool Version : Vivado v.2019.2 (win64) Build 2708876 Wed Nov  6 21:40:23 MST 2019
| Date         : Wed Apr 22 16:28:59 2026
| Host         : DESKTOP-TRF6PNO running 64-bit major release  (build 9200)
| Command      : upgrade_ip
| Device       : xczu19eg-ffvc1760-2-i
------------------------------------------------------------------------------------

Upgrade Log for IP 'NFC_4Channel_bd_clk_wiz_0_0'

1. Summary
----------

SUCCESS in the conversion of NFC_4Channel_bd_clk_wiz_0_0 (xilinx.com:ip:clk_wiz:6.0 (Rev. 4)) to Vivado generation flows.






Copyright 1986-2019 Xilinx, Inc. All Rights Reserved.
------------------------------------------------------------------------------------
| Tool Version : Vivado v.2019.2 (win64) Build 2708876 Wed Nov  6 21:40:23 MST 2019
| Date         : Wed Apr 22 16:28:59 2026
| Host         : DESKTOP-TRF6PNO running 64-bit major release  (build 9200)
| Command      : upgrade_ip
| Device       : xczu19eg-ffvc1760-2-i
------------------------------------------------------------------------------------

Upgrade Log for IP 'NFC_4Channel_bd_axi_dma_0_4'

1. Summary
----------

SUCCESS in the conversion of NFC_4Channel_bd_axi_dma_0_4 (xilinx.com:ip:axi_dma:7.1 (Rev. 21)) to Vivado generation flows.






Copyright 1986-2019 Xilinx, Inc. All Rights Reserved.
------------------------------------------------------------------------------------
| Tool Version : Vivado v.2019.2 (win64) Build 2708876 Wed Nov  6 21:40:23 MST 2019
| Date         : Wed Apr 22 16:28:59 2026
| Host         : DESKTOP-TRF6PNO running 64-bit major release  (build 9200)
| Command      : upgrade_ip
| Device       : xczu19eg-ffvc1760-2-i
------------------------------------------------------------------------------------

Upgrade Log for IP 'NFC_4Channel_bd_axi_dma_0_3'

1. Summary
----------

SUCCESS in the conversion of NFC_4Channel_bd_axi_dma_0_3 (xilinx.com:ip:axi_dma:7.1 (Rev. 21)) to Vivado generation flows.






Copyright 1986-2019 Xilinx, Inc. All Rights Reserved.
------------------------------------------------------------------------------------
| Tool Version : Vivado v.2019.2 (win64) Build 2708876 Wed Nov  6 21:40:23 MST 2019
| Date         : Wed Apr 22 16:28:59 2026
| Host         : DESKTOP-TRF6PNO running 64-bit major release  (build 9200)
| Command      : upgrade_ip
| Device       : xczu19eg-ffvc1760-2-i
------------------------------------------------------------------------------------

Upgrade Log for IP 'NFC_4Channel_bd_axi_dma_0_2'

1. Summary
----------

SUCCESS in the conversion of NFC_4Channel_bd_axi_dma_0_2 (xilinx.com:ip:axi_dma:7.1 (Rev. 21)) to Vivado generation flows.






Copyright 1986-2019 Xilinx, Inc. All Rights Reserved.
------------------------------------------------------------------------------------
| Tool Version : Vivado v.2019.2 (win64) Build 2708876 Wed Nov  6 21:40:23 MST 2019
| Date         : Wed Apr 22 16:28:59 2026
| Host         : DESKTOP-TRF6PNO running 64-bit major release  (build 9200)
| Command      : upgrade_ip
| Device       : xczu19eg-ffvc1760-2-i
------------------------------------------------------------------------------------

Upgrade Log for IP 'NFC_4Channel_bd_axi_dma_0_0'

1. Summary
----------

SUCCESS in the conversion of NFC_4Channel_bd_axi_dma_0_0 (xilinx.com:ip:axi_dma:7.1 (Rev. 21)) to Vivado generation flows.






Copyright 1986-2019 Xilinx, Inc. All Rights Reserved.
------------------------------------------------------------------------------------
| Tool Version : Vivado v.2019.2 (win64) Build 2708876 Wed Nov  6 21:40:23 MST 2019
| Date         : Wed Apr 22 16:28:59 2026
| Host         : DESKTOP-TRF6PNO running 64-bit major release  (build 9200)
| Command      : upgrade_ip
| Device       : xczu19eg-ffvc1760-2-i
------------------------------------------------------------------------------------

Upgrade Log for IP 'NFC_4Channel_bd_axi_bram_ctrl_3_bram_0'

1. Summary
----------

SUCCESS in the conversion of NFC_4Channel_bd_axi_bram_ctrl_3_bram_0 (xilinx.com:ip:blk_mem_gen:8.4 (Rev. 4)) to Vivado generation flows.






Copyright 1986-2019 Xilinx, Inc. All Rights Reserved.
------------------------------------------------------------------------------------
| Tool Version : Vivado v.2019.2 (win64) Build 2708876 Wed Nov  6 21:40:23 MST 2019
| Date         : Wed Apr 22 16:28:59 2026
| Host         : DESKTOP-TRF6PNO running 64-bit major release  (build 9200)
| Command      : upgrade_ip
| Device       : xczu19eg-ffvc1760-2-i
------------------------------------------------------------------------------------

Upgrade Log for IP 'NFC_4Channel_bd_axi_bram_ctrl_2_bram_0'

1. Summary
----------

SUCCESS in the conversion of NFC_4Channel_bd_axi_bram_ctrl_2_bram_0 (xilinx.com:ip:blk_mem_gen:8.4 (Rev. 4)) to Vivado generation flows.






Copyright 1986-2019 Xilinx, Inc. All Rights Reserved.
------------------------------------------------------------------------------------
| Tool Version : Vivado v.2019.2 (win64) Build 2708876 Wed Nov  6 21:40:23 MST 2019
| Date         : Wed Apr 22 16:28:59 2026
| Host         : DESKTOP-TRF6PNO running 64-bit major release  (build 9200)
| Command      : upgrade_ip
| Device       : xczu19eg-ffvc1760-2-i
------------------------------------------------------------------------------------

Upgrade Log for IP 'NFC_4Channel_bd_axi_bram_ctrl_1_bram_0'

1. Summary
----------

SUCCESS in the conversion of NFC_4Channel_bd_axi_bram_ctrl_1_bram_0 (xilinx.com:ip:blk_mem_gen:8.4 (Rev. 4)) to Vivado generation flows.






Copyright 1986-2019 Xilinx, Inc. All Rights Reserved.
------------------------------------------------------------------------------------
| Tool Version : Vivado v.2019.2 (win64) Build 2708876 Wed Nov  6 21:40:23 MST 2019
| Date         : Wed Apr 22 16:28:59 2026
| Host         : DESKTOP-TRF6PNO running 64-bit major release  (build 9200)
| Command      : upgrade_ip
| Device       : xczu19eg-ffvc1760-2-i
------------------------------------------------------------------------------------

Upgrade Log for IP 'NFC_4Channel_bd_axi_bram_ctrl_0_bram_0'

1. Summary
----------

SUCCESS in the conversion of NFC_4Channel_bd_axi_bram_ctrl_0_bram_0 (xilinx.com:ip:blk_mem_gen:8.4 (Rev. 4)) to Vivado generation flows.






Copyright 1986-2019 Xilinx, Inc. All Rights Reserved.
------------------------------------------------------------------------------------
| Tool Version : Vivado v.2019.2 (win64) Build 2708876 Wed Nov  6 21:40:23 MST 2019
| Date         : Wed Apr 22 16:28:59 2026
| Host         : DESKTOP-TRF6PNO running 64-bit major release  (build 9200)
| Command      : upgrade_ip
| Device       : xczu19eg-ffvc1760-2-i
------------------------------------------------------------------------------------

Upgrade Log for IP 'NFC_4Channel_bd_axi_bram_ctrl_0_3'

1. Summary
----------

SUCCESS in the conversion of NFC_4Channel_bd_axi_bram_ctrl_0_3 (xilinx.com:ip:axi_bram_ctrl:4.1 (Rev. 2)) to Vivado generation flows.

2. Upgrade messages
-------------------

WARNING: upgrade cannot remove parameter C_SELECT_XPM : there is no parameter called C_SELECT_XPM in axi_bram_ctrl_v4_1






Copyright 1986-2019 Xilinx, Inc. All Rights Reserved.
------------------------------------------------------------------------------------
| Tool Version : Vivado v.2019.2 (win64) Build 2708876 Wed Nov  6 21:40:23 MST 2019
| Date         : Wed Apr 22 16:28:59 2026
| Host         : DESKTOP-TRF6PNO running 64-bit major release  (build 9200)
| Command      : upgrade_ip
| Device       : xczu19eg-ffvc1760-2-i
------------------------------------------------------------------------------------

Upgrade Log for IP 'NFC_4Channel_bd_axi_bram_ctrl_0_2'

1. Summary
----------

SUCCESS in the conversion of NFC_4Channel_bd_axi_bram_ctrl_0_2 (xilinx.com:ip:axi_bram_ctrl:4.1 (Rev. 2)) to Vivado generation flows.

2. Upgrade messages
-------------------

WARNING: upgrade cannot remove parameter C_SELECT_XPM : there is no parameter called C_SELECT_XPM in axi_bram_ctrl_v4_1






Copyright 1986-2019 Xilinx, Inc. All Rights Reserved.
------------------------------------------------------------------------------------
| Tool Version : Vivado v.2019.2 (win64) Build 2708876 Wed Nov  6 21:40:23 MST 2019
| Date         : Wed Apr 22 16:28:59 2026
| Host         : DESKTOP-TRF6PNO running 64-bit major release  (build 9200)
| Command      : upgrade_ip
| Device       : xczu19eg-ffvc1760-2-i
------------------------------------------------------------------------------------

Upgrade Log for IP 'NFC_4Channel_bd_axi_bram_ctrl_0_1'

1. Summary
----------

SUCCESS in the conversion of NFC_4Channel_bd_axi_bram_ctrl_0_1 (xilinx.com:ip:axi_bram_ctrl:4.1 (Rev. 2)) to Vivado generation flows.

2. Upgrade messages
-------------------

WARNING: upgrade cannot remove parameter C_SELECT_XPM : there is no parameter called C_SELECT_XPM in axi_bram_ctrl_v4_1






Copyright 1986-2019 Xilinx, Inc. All Rights Reserved.
------------------------------------------------------------------------------------
| Tool Version : Vivado v.2019.2 (win64) Build 2708876 Wed Nov  6 21:40:23 MST 2019
| Date         : Wed Apr 22 16:28:59 2026
| Host         : DESKTOP-TRF6PNO running 64-bit major release  (build 9200)
| Command      : upgrade_ip
| Device       : xczu19eg-ffvc1760-2-i
------------------------------------------------------------------------------------

Upgrade Log for IP 'NFC_4Channel_bd_axi_bram_ctrl_0_0'

1. Summary
----------

SUCCESS in the conversion of NFC_4Channel_bd_axi_bram_ctrl_0_0 (xilinx.com:ip:axi_bram_ctrl:4.1 (Rev. 2)) to Vivado generation flows.

2. Upgrade messages
-------------------

WARNING: upgrade cannot remove parameter C_SELECT_XPM : there is no parameter called C_SELECT_XPM in axi_bram_ctrl_v4_1






Copyright 1986-2019 Xilinx, Inc. All Rights Reserved.
------------------------------------------------------------------------------------
| Tool Version : Vivado v.2019.2 (win64) Build 2708876 Wed Nov  6 21:40:23 MST 2019
| Date         : Tue Apr 21 15:39:18 2026
| Host         : DESKTOP-TRF6PNO running 64-bit major release  (build 9200)
| Command      : upgrade_ip
| Device       : xczu19eg-ffvd1760-2-i
------------------------------------------------------------------------------------

Upgrade Log for IP 'NFC_4Channel_bd_nfc_top_0_0'

1. Summary
----------

CAUTION (success, with warnings) in the upgrade of NFC_4Channel_bd_nfc_top_0_0 (xilinx.com:user:nfc_top:2.0) from (Rev. 31) to (Rev. 34)

After upgrade, an IP may have parameter and port differences compared to the original customization. Please review the parameters within the IP customization GUI to ensure proper functionality. Also, please review the updated IP instantiation template to ensure proper connectivity, and update your design if required.

2. Connection Warnings
----------------------

Detected external port differences while upgrading 'NFC_4Channel_bd_nfc_top_0_0'. These changes may impact your design.


-Upgrade has removed port 'o_chan_en'







Copyright 1986-2019 Xilinx, Inc. All Rights Reserved.
------------------------------------------------------------------------------------
| Tool Version : Vivado v.2019.2 (win64) Build 2708876 Wed Nov  6 21:40:23 MST 2019
| Date         : Tue Apr 21 15:11:54 2026
| Host         : DESKTOP-TRF6PNO running 64-bit major release  (build 9200)
| Command      : upgrade_ip
| Device       : xczu19eg-ffvd1760-2-i
------------------------------------------------------------------------------------

Upgrade Log for IP 'NFC_4Channel_bd_nfc_top_0_0'

1. Summary
----------

SUCCESS in the upgrade of NFC_4Channel_bd_nfc_top_0_0 (xilinx.com:user:nfc_top:2.0) from (Rev. 30) to (Rev. 31)

