#-----------------------------------------------------------
# Vivado v2019.2 (64-bit)
# SW Build 2708876 on Wed Nov  6 21:40:23 MST 2019
# IP Build 2700528 on Thu Nov  7 00:09:20 MST 2019
# Start of session at: Wed Apr 22 14:51:52 2026
# Process ID: 12892
# Current directory: D:/Xilinx_2019_2/RTL_prj/OCOWFC_Z19/OCOWFC_Z19/Z19_NFC_4Chanel/Z19_NFC_4Channel
# Command line: vivado.exe -mode batch -source _tmp_query_pins.tcl
# Log file: D:/Xilinx_2019_2/RTL_prj/OCOWFC_Z19/OCOWFC_Z19/Z19_NFC_4Chanel/Z19_NFC_4Channel/vivado.log
# Journal file: D:/Xilinx_2019_2/RTL_prj/OCOWFC_Z19/OCOWFC_Z19/Z19_NFC_4Chanel/Z19_NFC_4Channel\vivado.jou
#-----------------------------------------------------------
source _tmp_query_pins.tcl
# set_part xczu19eg-ffvd1760-2-i
INFO: [Coretcl 2-1500] The part has been set to 'xczu19eg-ffvd1760-2-i' for the current project only. Run set_part -help for more details. To evaluate different speed grades in the current design, use the set_speed_grade command, or use the open_checkpoint -part command to change the part used by an existing checkpoint design.
invalid command name "current_part"
    while executing
"current_part"
    invoked from within
"puts "PART=[current_part]""
    (file "_tmp_query_pins.tcl" line 2)
INFO: [Common 17-206] Exiting Vivado at Wed Apr 22 14:51:56 2026...
