#-----------------------------------------------------------
# Vivado v2019.2 (64-bit)
# SW Build 2708876 on Wed Nov  6 21:40:23 MST 2019
# IP Build 2700528 on Thu Nov  7 00:09:20 MST 2019
# Start of session at: Wed Apr 22 14:53:07 2026
# Process ID: 10636
# Current directory: D:/Xilinx_2019_2/RTL_prj/OCOWFC_Z19/OCOWFC_Z19/Z19_NFC_4Chanel/Z19_NFC_4Channel
# Command line: vivado.exe -mode batch -source _tmp_open_dcp_query.tcl
# Log file: D:/Xilinx_2019_2/RTL_prj/OCOWFC_Z19/OCOWFC_Z19/Z19_NFC_4Chanel/Z19_NFC_4Channel/vivado.log
# Journal file: D:/Xilinx_2019_2/RTL_prj/OCOWFC_Z19/OCOWFC_Z19/Z19_NFC_4Chanel/Z19_NFC_4Channel\vivado.jou
#-----------------------------------------------------------
source _tmp_open_dcp_query.tcl
# open_checkpoint Z19_NFC_4Channel.runs/synth_1/NFC_4Channel_bd_wrapper.dcp
Command: open_checkpoint Z19_NFC_4Channel.runs/synth_1/NFC_4Channel_bd_wrapper.dcp

Starting open_checkpoint Task

Time (s): cpu = 00:00:00 ; elapsed = 00:00:00.024 . Memory (MB): peak = 302.879 ; gain = 0.000
INFO: [Device 21-403] Loading part xczu19eg-ffvd1760-2-i
Netlist sorting complete. Time (s): cpu = 00:00:00 ; elapsed = 00:00:00.021 . Memory (MB): peak = 1582.328 ; gain = 0.000
INFO: [Project 1-479] Netlist was created with Vivado 2019.2
INFO: [Project 1-570] Preparing netlist for logic optimization
CRITICAL WARNING: [Project 1-486] Could not resolve non-primitive black box cell 'NFC_4Channel_bd_axi_bram_ctrl_0_0' instantiated as 'NFC_4Channel_bd_i/axi_bram_ctrl_0' [D:/Xilinx_2019_2/RTL_prj/OCOWFC_Z19/OCOWFC_Z19/Z19_NFC_4Chanel/Z19_NFC_4Channel/Z19_NFC_4Channel.srcs/sources_1/bd/NFC_4Channel_bd/synth/NFC_4Channel_bd.v:559]
CRITICAL WARNING: [Project 1-486] Could not resolve non-primitive black box cell 'NFC_4Channel_bd_axi_bram_ctrl_0_1' instantiated as 'NFC_4Channel_bd_i/axi_bram_ctrl_1' [D:/Xilinx_2019_2/RTL_prj/OCOWFC_Z19/OCOWFC_Z19/Z19_NFC_4Chanel/Z19_NFC_4Channel/Z19_NFC_4Channel.srcs/sources_1/bd/NFC_4Channel_bd/synth/NFC_4Channel_bd.v:622]
CRITICAL WARNING: [Project 1-486] Could not resolve non-primitive black box cell 'NFC_4Channel_bd_axi_bram_ctrl_0_2' instantiated as 'NFC_4Channel_bd_i/axi_bram_ctrl_2' [D:/Xilinx_2019_2/RTL_prj/OCOWFC_Z19/OCOWFC_Z19/Z19_NFC_4Chanel/Z19_NFC_4Channel/Z19_NFC_4Channel.srcs/sources_1/bd/NFC_4Channel_bd/synth/NFC_4Channel_bd.v:685]
CRITICAL WARNING: [Project 1-486] Could not resolve non-primitive black box cell 'NFC_4Channel_bd_axi_bram_ctrl_0_3' instantiated as 'NFC_4Channel_bd_i/axi_bram_ctrl_3' [D:/Xilinx_2019_2/RTL_prj/OCOWFC_Z19/OCOWFC_Z19/Z19_NFC_4Chanel/Z19_NFC_4Channel/Z19_NFC_4Channel.srcs/sources_1/bd/NFC_4Channel_bd/synth/NFC_4Channel_bd.v:748]
CRITICAL WARNING: [Project 1-486] Could not resolve non-primitive black box cell 'NFC_4Channel_bd_axi_bram_ctrl_0_bram_0' instantiated as 'NFC_4Channel_bd_i/axi_bram_ctrl_0_bram' [D:/Xilinx_2019_2/RTL_prj/OCOWFC_Z19/OCOWFC_Z19/Z19_NFC_4Chanel/Z19_NFC_4Channel/Z19_NFC_4Channel.srcs/sources_1/bd/NFC_4Channel_bd/synth/NFC_4Channel_bd.v:607]
CRITICAL WARNING: [Project 1-486] Could not resolve non-primitive black box cell 'NFC_4Channel_bd_axi_bram_ctrl_1_bram_0' instantiated as 'NFC_4Channel_bd_i/axi_bram_ctrl_1_bram' [D:/Xilinx_2019_2/RTL_prj/OCOWFC_Z19/OCOWFC_Z19/Z19_NFC_4Chanel/Z19_NFC_4Channel/Z19_NFC_4Channel.srcs/sources_1/bd/NFC_4Channel_bd/synth/NFC_4Channel_bd.v:670]
CRITICAL WARNING: [Project 1-486] Could not resolve non-primitive black box cell 'NFC_4Channel_bd_axi_bram_ctrl_2_bram_0' instantiated as 'NFC_4Channel_bd_i/axi_bram_ctrl_2_bram' [D:/Xilinx_2019_2/RTL_prj/OCOWFC_Z19/OCOWFC_Z19/Z19_NFC_4Chanel/Z19_NFC_4Channel/Z19_NFC_4Channel.srcs/sources_1/bd/NFC_4Channel_bd/synth/NFC_4Channel_bd.v:733]
CRITICAL WARNING: [Project 1-486] Could not resolve non-primitive black box cell 'NFC_4Channel_bd_axi_bram_ctrl_3_bram_0' instantiated as 'NFC_4Channel_bd_i/axi_bram_ctrl_3_bram' [D:/Xilinx_2019_2/RTL_prj/OCOWFC_Z19/OCOWFC_Z19/Z19_NFC_4Chanel/Z19_NFC_4Channel/Z19_NFC_4Channel.srcs/sources_1/bd/NFC_4Channel_bd/synth/NFC_4Channel_bd.v:796]
CRITICAL WARNING: [Project 1-486] Could not resolve non-primitive black box cell 'NFC_4Channel_bd_axi_dma_0_0' instantiated as 'NFC_4Channel_bd_i/axi_dma_0' [D:/Xilinx_2019_2/RTL_prj/OCOWFC_Z19/OCOWFC_Z19/Z19_NFC_4Chanel/Z19_NFC_4Channel/Z19_NFC_4Channel.srcs/sources_1/bd/NFC_4Channel_bd/synth/NFC_4Channel_bd.v:811]
CRITICAL WARNING: [Project 1-486] Could not resolve non-primitive black box cell 'NFC_4Channel_bd_axi_dma_0_2' instantiated as 'NFC_4Channel_bd_i/axi_dma_1' [D:/Xilinx_2019_2/RTL_prj/OCOWFC_Z19/OCOWFC_Z19/Z19_NFC_4Chanel/Z19_NFC_4Channel/Z19_NFC_4Channel.srcs/sources_1/bd/NFC_4Channel_bd/synth/NFC_4Channel_bd.v:870]
CRITICAL WARNING: [Project 1-486] Could not resolve non-primitive black box cell 'NFC_4Channel_bd_axi_dma_0_3' instantiated as 'NFC_4Channel_bd_i/axi_dma_2' [D:/Xilinx_2019_2/RTL_prj/OCOWFC_Z19/OCOWFC_Z19/Z19_NFC_4Chanel/Z19_NFC_4Channel/Z19_NFC_4Channel.srcs/sources_1/bd/NFC_4Channel_bd/synth/NFC_4Channel_bd.v:929]
CRITICAL WARNING: [Project 1-486] Could not resolve non-primitive black box cell 'NFC_4Channel_bd_axi_dma_0_4' instantiated as 'NFC_4Channel_bd_i/axi_dma_3' [D:/Xilinx_2019_2/RTL_prj/OCOWFC_Z19/OCOWFC_Z19/Z19_NFC_4Chanel/Z19_NFC_4Channel/Z19_NFC_4Channel.srcs/sources_1/bd/NFC_4Channel_bd/synth/NFC_4Channel_bd.v:988]
CRITICAL WARNING: [Project 1-486] Could not resolve non-primitive black box cell 'NFC_4Channel_bd_clk_wiz_0_0' instantiated as 'NFC_4Channel_bd_i/clk_wiz_0' [D:/Xilinx_2019_2/RTL_prj/OCOWFC_Z19/OCOWFC_Z19/Z19_NFC_4Chanel/Z19_NFC_4Channel/Z19_NFC_4Channel.srcs/sources_1/bd/NFC_4Channel_bd/synth/NFC_4Channel_bd.v:1047]
CRITICAL WARNING: [Project 1-486] Could not resolve non-primitive black box cell 'NFC_4Channel_bd_nfc_top_0_0' instantiated as 'NFC_4Channel_bd_i/nfc_top_0' [D:/Xilinx_2019_2/RTL_prj/OCOWFC_Z19/OCOWFC_Z19/Z19_NFC_4Chanel/Z19_NFC_4Channel/Z19_NFC_4Channel.srcs/sources_1/bd/NFC_4Channel_bd/synth/NFC_4Channel_bd.v:1053]
CRITICAL WARNING: [Project 1-486] Could not resolve non-primitive black box cell 'NFC_4Channel_bd_proc_sys_reset_0_0' instantiated as 'NFC_4Channel_bd_i/proc_sys_reset_0' [D:/Xilinx_2019_2/RTL_prj/OCOWFC_Z19/OCOWFC_Z19/Z19_NFC_4Chanel/Z19_NFC_4Channel/Z19_NFC_4Channel.srcs/sources_1/bd/NFC_4Channel_bd/synth/NFC_4Channel_bd.v:1125]
CRITICAL WARNING: [Project 1-486] Could not resolve non-primitive black box cell 'NFC_4Channel_bd_smartconnect_0_0' instantiated as 'NFC_4Channel_bd_i/smartconnect_0' [D:/Xilinx_2019_2/RTL_prj/OCOWFC_Z19/OCOWFC_Z19/Z19_NFC_4Chanel/Z19_NFC_4Channel/Z19_NFC_4Channel.srcs/sources_1/bd/NFC_4Channel_bd/synth/NFC_4Channel_bd.v:1132]
CRITICAL WARNING: [Project 1-486] Could not resolve non-primitive black box cell 'NFC_4Channel_bd_smartconnect_0_1' instantiated as 'NFC_4Channel_bd_i/smartconnect_1' [D:/Xilinx_2019_2/RTL_prj/OCOWFC_Z19/OCOWFC_Z19/Z19_NFC_4Chanel/Z19_NFC_4Channel/Z19_NFC_4Channel.srcs/sources_1/bd/NFC_4Channel_bd/synth/NFC_4Channel_bd.v:1258]
CRITICAL WARNING: [Project 1-486] Could not resolve non-primitive black box cell 'NFC_4Channel_bd_zynq_ultra_ps_e_0_0' instantiated as 'NFC_4Channel_bd_i/zynq_ultra_ps_e_0' [D:/Xilinx_2019_2/RTL_prj/OCOWFC_Z19/OCOWFC_Z19/Z19_NFC_4Chanel/Z19_NFC_4Channel/Z19_NFC_4Channel.srcs/sources_1/bd/NFC_4Channel_bd/synth/NFC_4Channel_bd.v:1556]
Netlist sorting complete. Time (s): cpu = 00:00:00 ; elapsed = 00:00:00 . Memory (MB): peak = 1582.328 ; gain = 0.000
INFO: [Project 1-111] Unisim Transformation Summary:
No Unisim elements were transformed.

INFO: [Project 1-604] Checkpoint was created with Vivado v2019.2 (64-bit) build 2708876
open_checkpoint: Time (s): cpu = 00:00:09 ; elapsed = 00:00:12 . Memory (MB): peak = 1582.328 ; gain = 1279.449
# puts "PART=[get_property PART [current_design]]"
PART=xczu19eg-ffvd1760-2-i
# set p [get_package_pins -quiet AV27]
# puts "AV27_count=[llength $p]"
AV27_count=1
# set pins [get_package_pins]
# puts "total_pins=[llength $pins]"
total_pins=1760
# set fp [open "_all_pkgpins_with_bank.txt" w]
# foreach x $pins {
#   set b [get_property BANK $x]
#   puts $fp "$x,$b"
# }
# close $fp
# set c64 0
# set c65 0
# foreach x $pins {
#   set b [get_property BANK $x]
#   if {$b == 64} {incr c64}
#   if {$b == 65} {incr c65}
# }
# puts "BANK64_count=$c64 BANK65_count=$c65"
BANK64_count=0 BANK65_count=56
# exit
INFO: [Common 17-206] Exiting Vivado at Wed Apr 22 14:53:21 2026...
