16:06:00 INFO  : Launching XSCT server: xsct.bat -n  -interactive D:\Xilinx_2019_2\RTL_prj\OCOWFC_Z19\OCOWFC_Z19\Z19_NFC_4Chanel\Z19_NFC_4Channel\vitis\temp_xsdb_launch_script.tcl
16:06:02 INFO  : XSCT server has started successfully.
16:06:02 INFO  : Registering command handlers for Vitis TCF services
16:06:06 INFO  : Successfully done setting XSCT server connection channel  
16:06:06 INFO  : plnx-install-location is set to ''
16:06:06 INFO  : Successfully done query RDI_DATADIR 
16:06:06 INFO  : Successfully done setting workspace for the tool. 
16:10:51 INFO  : Successfully done sdx_reload_mss "D:/Xilinx_2019_2/RTL_prj/OCOWFC_Z19/OCOWFC_Z19/Z19_NFC_4Chanel/Z19_NFC_4Channel/vitis/z19_nfc_4ch_platform/zynqmp_fsbl/zynqmp_fsbl_bsp/system.mss"
16:10:52 INFO  : Successfully done sdx_reload_mss "D:/Xilinx_2019_2/RTL_prj/OCOWFC_Z19/OCOWFC_Z19/Z19_NFC_4Chanel/Z19_NFC_4Channel/vitis/z19_nfc_4ch_platform/zynqmp_pmufw/zynqmp_pmufw_bsp/system.mss"
16:10:52 INFO  : Successfully done sdx_reload_mss "D:/Xilinx_2019_2/RTL_prj/OCOWFC_Z19/OCOWFC_Z19/Z19_NFC_4Chanel/Z19_NFC_4Channel/vitis/z19_nfc_4ch_platform/psu_cortexa53_0/standalone_domain/bsp/system.mss"
17:41:33 INFO  : Launching XSCT server: xsct.bat -n  -interactive D:\Xilinx_2019_2\RTL_prj\OCOWFC_Z19\OCOWFC_Z19\Z19_NFC_4Chanel\Z19_NFC_4Channel\vitis\temp_xsdb_launch_script.tcl
17:41:36 INFO  : XSCT server has started successfully.
17:41:36 INFO  : Successfully done setting XSCT server connection channel  
17:41:38 INFO  : Registering command handlers for Vitis TCF services
17:41:46 INFO  : plnx-install-location is set to ''
17:41:47 INFO  : Successfully done setting workspace for the tool. 
17:41:47 INFO  : Successfully done query RDI_DATADIR 
17:41:47 INFO  : Successfully done sdx_reload_mss "D:/Xilinx_2019_2/RTL_prj/OCOWFC_Z19/OCOWFC_Z19/Z19_NFC_4Chanel/Z19_NFC_4Channel/vitis/z19_nfc_4ch_platform/zynqmp_fsbl/zynqmp_fsbl_bsp/system.mss"
17:41:48 INFO  : Successfully done sdx_reload_mss "D:/Xilinx_2019_2/RTL_prj/OCOWFC_Z19/OCOWFC_Z19/Z19_NFC_4Chanel/Z19_NFC_4Channel/vitis/z19_nfc_4ch_platform/zynqmp_pmufw/zynqmp_pmufw_bsp/system.mss"
17:41:48 INFO  : Successfully done sdx_reload_mss "D:/Xilinx_2019_2/RTL_prj/OCOWFC_Z19/OCOWFC_Z19/Z19_NFC_4Chanel/Z19_NFC_4Channel/vitis/z19_nfc_4ch_platform/psu_cortexa53_0/standalone_domain/bsp/system.mss"
17:42:41 INFO  : Hardware specification for platform project 'z19_nfc_4ch_platform' is updated.
17:42:47 INFO  : Successfully done sdx_reload_mss "D:/Xilinx_2019_2/RTL_prj/OCOWFC_Z19/OCOWFC_Z19/Z19_NFC_4Chanel/Z19_NFC_4Channel/vitis/z19_nfc_4ch_platform/zynqmp_fsbl/zynqmp_fsbl_bsp/system.mss"
17:42:48 INFO  : Successfully done sdx_reload_mss "D:/Xilinx_2019_2/RTL_prj/OCOWFC_Z19/OCOWFC_Z19/Z19_NFC_4Chanel/Z19_NFC_4Channel/vitis/z19_nfc_4ch_platform/zynqmp_pmufw/zynqmp_pmufw_bsp/system.mss"
17:42:48 INFO  : Successfully done sdx_reload_mss "D:/Xilinx_2019_2/RTL_prj/OCOWFC_Z19/OCOWFC_Z19/Z19_NFC_4Chanel/Z19_NFC_4Channel/vitis/z19_nfc_4ch_platform/psu_cortexa53_0/standalone_domain/bsp/system.mss"
18:11:28 INFO  : Checking for BSP changes to sync application flags for project 'NFC_4CH_TEST'...
18:12:12 INFO  : Connected to target on host '127.0.0.1' and port '3121'.
18:12:13 INFO  : Processor 'psu_cortexa53_0' will be used for running fsbl 'D:/Xilinx_2019_2/RTL_prj/OCOWFC_Z19/OCOWFC_Z19/Z19_NFC_4Chanel/Z19_NFC_4Channel/vitis/z19_nfc_4ch_platform/export/z19_nfc_4ch_platform/sw/z19_nfc_4ch_platform/boot/fsbl.elf'
18:12:13 INFO  : Jtag cable 'Digilent JTAG-HS1 210512180081' is selected.
18:12:13 INFO  : 'jtag frequency' command is executed.
18:12:13 INFO  : Sourcing of 'D:/Xilinx_2019_2/Vitis/2019.2/scripts/vitis/util/zynqmp_utils.tcl' is done.
18:12:13 INFO  : Context for 'APU' is selected.
18:12:14 INFO  : System reset is completed.
18:12:17 INFO  : 'after 3000' command is executed.
18:12:17 INFO  : 'targets -set -filter {jtag_cable_name =~ "Digilent JTAG-HS1 210512180081" && level==0} -index 0' command is executed.
18:12:47 INFO  : FPGA configured successfully with bitstream "D:/Xilinx_2019_2/RTL_prj/OCOWFC_Z19/OCOWFC_Z19/Z19_NFC_4Chanel/Z19_NFC_4Channel/vitis/NFC_4CH_TEST/_ide/bitstream/NFC_4Channel_bd_wrapper_v2.bit"
18:12:47 INFO  : Context for 'APU' is selected.
18:12:48 INFO  : Hardware design information is loaded from 'D:/Xilinx_2019_2/RTL_prj/OCOWFC_Z19/OCOWFC_Z19/Z19_NFC_4Chanel/Z19_NFC_4Channel/vitis/z19_nfc_4ch_platform/export/z19_nfc_4ch_platform/hw/NFC_4Channel_bd_wrapper_v2.xsa'.
18:12:48 INFO  : 'configparams force-mem-access 1' command is executed.
18:12:48 INFO  : Context for 'APU' is selected.
18:12:48 INFO  : Boot mode is read from the target.
18:12:48 INFO  : Context for processor 'psu_cortexa53_0' is selected.
18:12:48 INFO  : Processor reset is completed for 'psu_cortexa53_0'.
18:12:49 INFO  : The application 'D:/Xilinx_2019_2/RTL_prj/OCOWFC_Z19/OCOWFC_Z19/Z19_NFC_4Chanel/Z19_NFC_4Channel/vitis/z19_nfc_4ch_platform/export/z19_nfc_4ch_platform/sw/z19_nfc_4ch_platform/boot/fsbl.elf' is downloaded to processor 'psu_cortexa53_0'.
18:12:49 INFO  : 'set bp_12_49_fsbl_bp [bpadd -addr &XFsbl_Exit]' command is executed.
18:13:49 WARN  : Exit breakpoint of FSBL (XFsbl_Exit) is not hit within allocated wait time of '60' seconds.
Note: To wait for a fixed amount of time specify the FSBL function as empty in launch configuration. Use 'IDE_FSBL_BP_HIT_WAIT_TIME' environment variable in launch configuration to modify the wait time (seconds).
Reason: timeout: target has not halted
18:13:49 INFO  : 'bpremove $bp_12_49_fsbl_bp' command is executed.
18:14:26 INFO  : Context for processor 'psu_cortexa53_0' is selected.
18:14:26 INFO  : Processor reset is completed for 'psu_cortexa53_0'.
18:14:27 INFO  : The application 'D:/Xilinx_2019_2/RTL_prj/OCOWFC_Z19/OCOWFC_Z19/Z19_NFC_4Chanel/Z19_NFC_4Channel/vitis/NFC_4CH_TEST/Debug/NFC_4CH_TEST.elf' is downloaded to processor 'psu_cortexa53_0'.
18:14:27 INFO  : 'configparams force-mem-access 0' command is executed.
18:14:27 INFO  : ----------------XSDB Script----------------
connect -url tcp:127.0.0.1:3121
source D:/Xilinx_2019_2/Vitis/2019.2/scripts/vitis/util/zynqmp_utils.tcl
targets -set -nocase -filter {name =~"APU*"}
rst -system
after 3000
targets -set -filter {jtag_cable_name =~ "Digilent JTAG-HS1 210512180081" && level==0} -index 0
fpga -file D:/Xilinx_2019_2/RTL_prj/OCOWFC_Z19/OCOWFC_Z19/Z19_NFC_4Chanel/Z19_NFC_4Channel/vitis/NFC_4CH_TEST/_ide/bitstream/NFC_4Channel_bd_wrapper_v2.bit
targets -set -nocase -filter {name =~"APU*"}
loadhw -hw D:/Xilinx_2019_2/RTL_prj/OCOWFC_Z19/OCOWFC_Z19/Z19_NFC_4Chanel/Z19_NFC_4Channel/vitis/z19_nfc_4ch_platform/export/z19_nfc_4ch_platform/hw/NFC_4Channel_bd_wrapper_v2.xsa -mem-ranges [list {0x80000000 0xbfffffff} {0x400000000 0x5ffffffff} {0x1000000000 0x7fffffffff}]
configparams force-mem-access 1
targets -set -nocase -filter {name =~"APU*"}
set mode [expr [mrd -value 0xFF5E0200] & 0xf]
targets -set -nocase -filter {name =~ "*A53*#0"}
rst -processor
dow D:/Xilinx_2019_2/RTL_prj/OCOWFC_Z19/OCOWFC_Z19/Z19_NFC_4Chanel/Z19_NFC_4Channel/vitis/z19_nfc_4ch_platform/export/z19_nfc_4ch_platform/sw/z19_nfc_4ch_platform/boot/fsbl.elf
set bp_12_49_fsbl_bp [bpadd -addr &XFsbl_Exit]
con -block -timeout 60
bpremove $bp_12_49_fsbl_bp
targets -set -nocase -filter {name =~ "*A53*#0"}
rst -processor
dow D:/Xilinx_2019_2/RTL_prj/OCOWFC_Z19/OCOWFC_Z19/Z19_NFC_4Chanel/Z19_NFC_4Channel/vitis/NFC_4CH_TEST/Debug/NFC_4CH_TEST.elf
configparams force-mem-access 0
----------------End of Script----------------

18:14:27 INFO  : Context for processor 'psu_cortexa53_0' is selected.
18:14:27 INFO  : 'con' command is executed.
18:14:27 INFO  : ----------------XSDB Script (After Launch)----------------
targets -set -nocase -filter {name =~ "*A53*#0"}
con
----------------End of Script----------------

18:14:27 INFO  : Launch script is exported to file 'D:\Xilinx_2019_2\RTL_prj\OCOWFC_Z19\OCOWFC_Z19\Z19_NFC_4Chanel\Z19_NFC_4Channel\vitis\.sdk\launch_scripts\single_application_debug\debugger_nfc_4ch_test-default.tcl'
18:14:52 INFO  : Disconnected from the channel tcfchan#4.
18:14:53 INFO  : Connected to target on host '127.0.0.1' and port '3121'.
18:14:53 INFO  : Processor 'psu_cortexa53_0' will be used for running fsbl 'D:/Xilinx_2019_2/RTL_prj/OCOWFC_Z19/OCOWFC_Z19/Z19_NFC_4Chanel/Z19_NFC_4Channel/vitis/z19_nfc_4ch_platform/export/z19_nfc_4ch_platform/sw/z19_nfc_4ch_platform/boot/fsbl.elf'
18:14:53 INFO  : Jtag cable 'Digilent JTAG-HS1 210512180081' is selected.
18:14:53 INFO  : 'jtag frequency' command is executed.
18:14:53 INFO  : Sourcing of 'D:/Xilinx_2019_2/Vitis/2019.2/scripts/vitis/util/zynqmp_utils.tcl' is done.
18:14:53 INFO  : Context for 'APU' is selected.
18:14:54 INFO  : System reset is completed.
18:14:57 INFO  : 'after 3000' command is executed.
18:14:57 INFO  : 'targets -set -filter {jtag_cable_name =~ "Digilent JTAG-HS1 210512180081" && level==0} -index 0' command is executed.
18:15:27 INFO  : FPGA configured successfully with bitstream "D:/Xilinx_2019_2/RTL_prj/OCOWFC_Z19/OCOWFC_Z19/Z19_NFC_4Chanel/Z19_NFC_4Channel/vitis/NFC_4CH_TEST/_ide/bitstream/NFC_4Channel_bd_wrapper_v2.bit"
18:15:27 INFO  : Context for 'APU' is selected.
18:15:27 INFO  : Hardware design information is loaded from 'D:/Xilinx_2019_2/RTL_prj/OCOWFC_Z19/OCOWFC_Z19/Z19_NFC_4Chanel/Z19_NFC_4Channel/vitis/z19_nfc_4ch_platform/export/z19_nfc_4ch_platform/hw/NFC_4Channel_bd_wrapper_v2.xsa'.
18:15:27 INFO  : 'configparams force-mem-access 1' command is executed.
18:15:27 INFO  : Context for 'APU' is selected.
18:15:27 INFO  : Boot mode is read from the target.
18:15:27 INFO  : Context for processor 'psu_cortexa53_0' is selected.
18:15:27 INFO  : Processor reset is completed for 'psu_cortexa53_0'.
18:15:28 INFO  : The application 'D:/Xilinx_2019_2/RTL_prj/OCOWFC_Z19/OCOWFC_Z19/Z19_NFC_4Chanel/Z19_NFC_4Channel/vitis/z19_nfc_4ch_platform/export/z19_nfc_4ch_platform/sw/z19_nfc_4ch_platform/boot/fsbl.elf' is downloaded to processor 'psu_cortexa53_0'.
18:15:28 INFO  : 'set bp_15_28_fsbl_bp [bpadd -addr &XFsbl_Exit]' command is executed.
18:16:29 WARN  : Exit breakpoint of FSBL (XFsbl_Exit) is not hit within allocated wait time of '60' seconds.
Note: To wait for a fixed amount of time specify the FSBL function as empty in launch configuration. Use 'IDE_FSBL_BP_HIT_WAIT_TIME' environment variable in launch configuration to modify the wait time (seconds).
Reason: timeout: target has not halted
18:16:29 INFO  : 'bpremove $bp_15_28_fsbl_bp' command is executed.
18:16:44 INFO  : Context for processor 'psu_cortexa53_0' is selected.
18:16:44 INFO  : Processor reset is completed for 'psu_cortexa53_0'.
18:16:44 INFO  : The application 'D:/Xilinx_2019_2/RTL_prj/OCOWFC_Z19/OCOWFC_Z19/Z19_NFC_4Chanel/Z19_NFC_4Channel/vitis/NFC_4CH_TEST/Debug/NFC_4CH_TEST.elf' is downloaded to processor 'psu_cortexa53_0'.
18:16:44 INFO  : 'configparams force-mem-access 0' command is executed.
18:16:44 INFO  : ----------------XSDB Script----------------
connect -url tcp:127.0.0.1:3121
source D:/Xilinx_2019_2/Vitis/2019.2/scripts/vitis/util/zynqmp_utils.tcl
targets -set -nocase -filter {name =~"APU*"}
rst -system
after 3000
targets -set -filter {jtag_cable_name =~ "Digilent JTAG-HS1 210512180081" && level==0} -index 0
fpga -file D:/Xilinx_2019_2/RTL_prj/OCOWFC_Z19/OCOWFC_Z19/Z19_NFC_4Chanel/Z19_NFC_4Channel/vitis/NFC_4CH_TEST/_ide/bitstream/NFC_4Channel_bd_wrapper_v2.bit
targets -set -nocase -filter {name =~"APU*"}
loadhw -hw D:/Xilinx_2019_2/RTL_prj/OCOWFC_Z19/OCOWFC_Z19/Z19_NFC_4Chanel/Z19_NFC_4Channel/vitis/z19_nfc_4ch_platform/export/z19_nfc_4ch_platform/hw/NFC_4Channel_bd_wrapper_v2.xsa -mem-ranges [list {0x80000000 0xbfffffff} {0x400000000 0x5ffffffff} {0x1000000000 0x7fffffffff}]
configparams force-mem-access 1
targets -set -nocase -filter {name =~"APU*"}
set mode [expr [mrd -value 0xFF5E0200] & 0xf]
targets -set -nocase -filter {name =~ "*A53*#0"}
rst -processor
dow D:/Xilinx_2019_2/RTL_prj/OCOWFC_Z19/OCOWFC_Z19/Z19_NFC_4Chanel/Z19_NFC_4Channel/vitis/z19_nfc_4ch_platform/export/z19_nfc_4ch_platform/sw/z19_nfc_4ch_platform/boot/fsbl.elf
set bp_15_28_fsbl_bp [bpadd -addr &XFsbl_Exit]
con -block -timeout 60
bpremove $bp_15_28_fsbl_bp
targets -set -nocase -filter {name =~ "*A53*#0"}
rst -processor
dow D:/Xilinx_2019_2/RTL_prj/OCOWFC_Z19/OCOWFC_Z19/Z19_NFC_4Chanel/Z19_NFC_4Channel/vitis/NFC_4CH_TEST/Debug/NFC_4CH_TEST.elf
configparams force-mem-access 0
----------------End of Script----------------

18:16:45 INFO  : Context for processor 'psu_cortexa53_0' is selected.
18:16:45 INFO  : 'con' command is executed.
18:16:45 INFO  : ----------------XSDB Script (After Launch)----------------
targets -set -nocase -filter {name =~ "*A53*#0"}
con
----------------End of Script----------------

18:16:45 INFO  : Launch script is exported to file 'D:\Xilinx_2019_2\RTL_prj\OCOWFC_Z19\OCOWFC_Z19\Z19_NFC_4Chanel\Z19_NFC_4Channel\vitis\.sdk\launch_scripts\single_application_debug\debugger_nfc_4ch_test-default.tcl'
18:16:58 INFO  : Disconnected from the channel tcfchan#5.
18:16:59 INFO  : Connected to target on host '127.0.0.1' and port '3121'.
18:16:59 INFO  : Processor 'psu_cortexa53_0' will be used for running fsbl 'D:/Xilinx_2019_2/RTL_prj/OCOWFC_Z19/OCOWFC_Z19/Z19_NFC_4Chanel/Z19_NFC_4Channel/vitis/z19_nfc_4ch_platform/export/z19_nfc_4ch_platform/sw/z19_nfc_4ch_platform/boot/fsbl.elf'
18:16:59 INFO  : Jtag cable 'Digilent JTAG-HS1 210512180081' is selected.
18:16:59 INFO  : 'jtag frequency' command is executed.
18:16:59 INFO  : Sourcing of 'D:/Xilinx_2019_2/Vitis/2019.2/scripts/vitis/util/zynqmp_utils.tcl' is done.
18:16:59 INFO  : Context for 'APU' is selected.
18:17:00 INFO  : System reset is completed.
18:17:03 INFO  : 'after 3000' command is executed.
18:17:03 INFO  : 'targets -set -filter {jtag_cable_name =~ "Digilent JTAG-HS1 210512180081" && level==0} -index 0' command is executed.
18:17:33 INFO  : FPGA configured successfully with bitstream "D:/Xilinx_2019_2/RTL_prj/OCOWFC_Z19/OCOWFC_Z19/Z19_NFC_4Chanel/Z19_NFC_4Channel/vitis/NFC_4CH_TEST/_ide/bitstream/NFC_4Channel_bd_wrapper_v2.bit"
18:17:33 INFO  : Context for 'APU' is selected.
18:17:33 INFO  : Hardware design information is loaded from 'D:/Xilinx_2019_2/RTL_prj/OCOWFC_Z19/OCOWFC_Z19/Z19_NFC_4Chanel/Z19_NFC_4Channel/vitis/z19_nfc_4ch_platform/export/z19_nfc_4ch_platform/hw/NFC_4Channel_bd_wrapper_v2.xsa'.
18:17:33 INFO  : 'configparams force-mem-access 1' command is executed.
18:17:33 INFO  : Context for 'APU' is selected.
18:17:33 INFO  : Boot mode is read from the target.
18:17:33 INFO  : Context for processor 'psu_cortexa53_0' is selected.
18:17:33 INFO  : Processor reset is completed for 'psu_cortexa53_0'.
18:17:34 INFO  : The application 'D:/Xilinx_2019_2/RTL_prj/OCOWFC_Z19/OCOWFC_Z19/Z19_NFC_4Chanel/Z19_NFC_4Channel/vitis/z19_nfc_4ch_platform/export/z19_nfc_4ch_platform/sw/z19_nfc_4ch_platform/boot/fsbl.elf' is downloaded to processor 'psu_cortexa53_0'.
18:17:34 INFO  : 'set bp_17_34_fsbl_bp [bpadd -addr &XFsbl_Exit]' command is executed.
18:18:35 WARN  : Exit breakpoint of FSBL (XFsbl_Exit) is not hit within allocated wait time of '60' seconds.
Note: To wait for a fixed amount of time specify the FSBL function as empty in launch configuration. Use 'IDE_FSBL_BP_HIT_WAIT_TIME' environment variable in launch configuration to modify the wait time (seconds).
Reason: timeout: target has not halted
18:18:35 INFO  : 'bpremove $bp_17_34_fsbl_bp' command is executed.
18:18:58 INFO  : ----------------XSDB Script----------------
connect -url tcp:127.0.0.1:3121
source D:/Xilinx_2019_2/Vitis/2019.2/scripts/vitis/util/zynqmp_utils.tcl
targets -set -nocase -filter {name =~"APU*"}
rst -system
after 3000
targets -set -filter {jtag_cable_name =~ "Digilent JTAG-HS1 210512180081" && level==0} -index 0
fpga -file D:/Xilinx_2019_2/RTL_prj/OCOWFC_Z19/OCOWFC_Z19/Z19_NFC_4Chanel/Z19_NFC_4Channel/vitis/NFC_4CH_TEST/_ide/bitstream/NFC_4Channel_bd_wrapper_v2.bit
targets -set -nocase -filter {name =~"APU*"}
loadhw -hw D:/Xilinx_2019_2/RTL_prj/OCOWFC_Z19/OCOWFC_Z19/Z19_NFC_4Chanel/Z19_NFC_4Channel/vitis/z19_nfc_4ch_platform/export/z19_nfc_4ch_platform/hw/NFC_4Channel_bd_wrapper_v2.xsa -mem-ranges [list {0x80000000 0xbfffffff} {0x400000000 0x5ffffffff} {0x1000000000 0x7fffffffff}]
configparams force-mem-access 1
targets -set -nocase -filter {name =~"APU*"}
set mode [expr [mrd -value 0xFF5E0200] & 0xf]
targets -set -nocase -filter {name =~ "*A53*#0"}
rst -processor
dow D:/Xilinx_2019_2/RTL_prj/OCOWFC_Z19/OCOWFC_Z19/Z19_NFC_4Chanel/Z19_NFC_4Channel/vitis/z19_nfc_4ch_platform/export/z19_nfc_4ch_platform/sw/z19_nfc_4ch_platform/boot/fsbl.elf
set bp_17_34_fsbl_bp [bpadd -addr &XFsbl_Exit]
con -block -timeout 60
bpremove $bp_17_34_fsbl_bp
----------------End of Script----------------

18:22:35 INFO  : Connected to target on host '127.0.0.1' and port '3121'.
18:22:35 INFO  : Processor 'psu_cortexa53_0' will be used for running fsbl 'D:/Xilinx_2019_2/RTL_prj/OCOWFC_Z19/OCOWFC_Z19/Z19_NFC_4Chanel/Z19_NFC_4Channel/vitis/z19_nfc_4ch_platform/export/z19_nfc_4ch_platform/sw/z19_nfc_4ch_platform/boot/fsbl.elf'
18:22:35 INFO  : Jtag cable 'Digilent JTAG-HS1 210512180081' is selected.
18:22:35 INFO  : 'jtag frequency' command is executed.
18:22:35 INFO  : Sourcing of 'D:/Xilinx_2019_2/Vitis/2019.2/scripts/vitis/util/zynqmp_utils.tcl' is done.
18:22:35 INFO  : Context for 'APU' is selected.
18:22:37 INFO  : System reset is completed.
18:22:40 INFO  : 'after 3000' command is executed.
18:22:40 INFO  : 'targets -set -filter {jtag_cable_name =~ "Digilent JTAG-HS1 210512180081" && level==0} -index 0' command is executed.
18:23:10 INFO  : FPGA configured successfully with bitstream "D:/Xilinx_2019_2/RTL_prj/OCOWFC_Z19/OCOWFC_Z19/Z19_NFC_4Chanel/Z19_NFC_4Channel/vitis/NFC_4CH_TEST/_ide/bitstream/NFC_4Channel_bd_wrapper_v2.bit"
18:23:10 INFO  : Context for 'APU' is selected.
18:23:10 INFO  : Hardware design information is loaded from 'D:/Xilinx_2019_2/RTL_prj/OCOWFC_Z19/OCOWFC_Z19/Z19_NFC_4Chanel/Z19_NFC_4Channel/vitis/z19_nfc_4ch_platform/export/z19_nfc_4ch_platform/hw/NFC_4Channel_bd_wrapper_v2.xsa'.
18:23:10 INFO  : 'configparams force-mem-access 1' command is executed.
18:23:10 INFO  : Context for 'APU' is selected.
18:23:10 INFO  : Boot mode is read from the target.
18:23:10 INFO  : Context for processor 'psu_cortexa53_0' is selected.
18:23:10 INFO  : Processor reset is completed for 'psu_cortexa53_0'.
18:23:11 INFO  : The application 'D:/Xilinx_2019_2/RTL_prj/OCOWFC_Z19/OCOWFC_Z19/Z19_NFC_4Chanel/Z19_NFC_4Channel/vitis/z19_nfc_4ch_platform/export/z19_nfc_4ch_platform/sw/z19_nfc_4ch_platform/boot/fsbl.elf' is downloaded to processor 'psu_cortexa53_0'.
18:23:11 INFO  : 'set bp_23_11_fsbl_bp [bpadd -addr &XFsbl_Exit]' command is executed.
18:24:12 WARN  : Exit breakpoint of FSBL (XFsbl_Exit) is not hit within allocated wait time of '60' seconds.
Note: To wait for a fixed amount of time specify the FSBL function as empty in launch configuration. Use 'IDE_FSBL_BP_HIT_WAIT_TIME' environment variable in launch configuration to modify the wait time (seconds).
Reason: timeout: target has not halted
18:24:12 INFO  : 'bpremove $bp_23_11_fsbl_bp' command is executed.
18:24:15 INFO  : Context for processor 'psu_cortexa53_0' is selected.
18:24:15 INFO  : Processor reset is completed for 'psu_cortexa53_0'.
18:24:15 INFO  : The application 'D:/Xilinx_2019_2/RTL_prj/OCOWFC_Z19/OCOWFC_Z19/Z19_NFC_4Chanel/Z19_NFC_4Channel/vitis/NFC_4CH_TEST/Debug/NFC_4CH_TEST.elf' is downloaded to processor 'psu_cortexa53_0'.
18:24:15 INFO  : 'configparams force-mem-access 0' command is executed.
18:24:15 INFO  : ----------------XSDB Script----------------
connect -url tcp:127.0.0.1:3121
source D:/Xilinx_2019_2/Vitis/2019.2/scripts/vitis/util/zynqmp_utils.tcl
targets -set -nocase -filter {name =~"APU*"}
rst -system
after 3000
targets -set -filter {jtag_cable_name =~ "Digilent JTAG-HS1 210512180081" && level==0} -index 0
fpga -file D:/Xilinx_2019_2/RTL_prj/OCOWFC_Z19/OCOWFC_Z19/Z19_NFC_4Chanel/Z19_NFC_4Channel/vitis/NFC_4CH_TEST/_ide/bitstream/NFC_4Channel_bd_wrapper_v2.bit
targets -set -nocase -filter {name =~"APU*"}
loadhw -hw D:/Xilinx_2019_2/RTL_prj/OCOWFC_Z19/OCOWFC_Z19/Z19_NFC_4Chanel/Z19_NFC_4Channel/vitis/z19_nfc_4ch_platform/export/z19_nfc_4ch_platform/hw/NFC_4Channel_bd_wrapper_v2.xsa -mem-ranges [list {0x80000000 0xbfffffff} {0x400000000 0x5ffffffff} {0x1000000000 0x7fffffffff}]
configparams force-mem-access 1
targets -set -nocase -filter {name =~"APU*"}
set mode [expr [mrd -value 0xFF5E0200] & 0xf]
targets -set -nocase -filter {name =~ "*A53*#0"}
rst -processor
dow D:/Xilinx_2019_2/RTL_prj/OCOWFC_Z19/OCOWFC_Z19/Z19_NFC_4Chanel/Z19_NFC_4Channel/vitis/z19_nfc_4ch_platform/export/z19_nfc_4ch_platform/sw/z19_nfc_4ch_platform/boot/fsbl.elf
set bp_23_11_fsbl_bp [bpadd -addr &XFsbl_Exit]
con -block -timeout 60
bpremove $bp_23_11_fsbl_bp
targets -set -nocase -filter {name =~ "*A53*#0"}
rst -processor
dow D:/Xilinx_2019_2/RTL_prj/OCOWFC_Z19/OCOWFC_Z19/Z19_NFC_4Chanel/Z19_NFC_4Channel/vitis/NFC_4CH_TEST/Debug/NFC_4CH_TEST.elf
configparams force-mem-access 0
----------------End of Script----------------

18:24:16 INFO  : Context for processor 'psu_cortexa53_0' is selected.
18:24:16 INFO  : 'con' command is executed.
18:24:16 INFO  : ----------------XSDB Script (After Launch)----------------
targets -set -nocase -filter {name =~ "*A53*#0"}
con
----------------End of Script----------------

18:24:16 INFO  : Launch script is exported to file 'D:\Xilinx_2019_2\RTL_prj\OCOWFC_Z19\OCOWFC_Z19\Z19_NFC_4Chanel\Z19_NFC_4Channel\vitis\.sdk\launch_scripts\single_application_debug\debugger_nfc_4ch_test-default.tcl'
10:35:27 INFO  : Hardware specification for platform project 'z19_nfc_4ch_platform' is updated.
10:35:33 INFO  : Successfully done sdx_reload_mss "D:/Xilinx_2019_2/RTL_prj/OCOWFC_Z19/OCOWFC_Z19/Z19_NFC_4Chanel/Z19_NFC_4Channel/vitis/z19_nfc_4ch_platform/zynqmp_fsbl/zynqmp_fsbl_bsp/system.mss"
10:35:34 INFO  : Successfully done sdx_reload_mss "D:/Xilinx_2019_2/RTL_prj/OCOWFC_Z19/OCOWFC_Z19/Z19_NFC_4Chanel/Z19_NFC_4Channel/vitis/z19_nfc_4ch_platform/zynqmp_pmufw/zynqmp_pmufw_bsp/system.mss"
10:35:34 INFO  : Successfully done sdx_reload_mss "D:/Xilinx_2019_2/RTL_prj/OCOWFC_Z19/OCOWFC_Z19/Z19_NFC_4Chanel/Z19_NFC_4Channel/vitis/z19_nfc_4ch_platform/psu_cortexa53_0/standalone_domain/bsp/system.mss"
10:36:30 ERROR : Failed to openhw "D:/Xilinx_2019_2/RTL_prj/OCOWFC_Z19/OCOWFC_Z19/Z19_NFC_4Chanel/Z19_NFC_4Channel/vitis/z19_nfc_4ch_platform/export/z19_nfc_4ch_platform/hw/NFC_4Channel_bd_wrapper_v2.xsa"
Reason: ERROR: [Common 17-39] 'hsi::open_hw_design' failed due to earlier errors.

10:38:17 INFO  : Disconnected from the channel tcfchan#6.
10:38:18 INFO  : The hardware specfication used by project 'NFC_4CH_TEST' is out of sync with the platform. Resource files extracted from the hardware specfiication will be updated.
10:38:18 INFO  : The file 'D:\Xilinx_2019_2\RTL_prj\OCOWFC_Z19\OCOWFC_Z19\Z19_NFC_4Chanel\Z19_NFC_4Channel\vitis\NFC_4CH_TEST\_ide\bitstream\NFC_4Channel_bd_wrapper_v2.bit' stored in project is removed.
10:38:19 INFO  : The updated bitstream files are copied from platform to folder 'D:\Xilinx_2019_2\RTL_prj\OCOWFC_Z19\OCOWFC_Z19\Z19_NFC_4Chanel\Z19_NFC_4Channel\vitis\NFC_4CH_TEST\_ide\bitstream' in project 'NFC_4CH_TEST'.
10:38:19 INFO  : The file 'D:\Xilinx_2019_2\RTL_prj\OCOWFC_Z19\OCOWFC_Z19\Z19_NFC_4Chanel\Z19_NFC_4Channel\vitis\NFC_4CH_TEST\_ide\psinit\psu_init.tcl' stored in project is removed.
10:38:19 INFO  : The updated ps init files are copied from platform to folder 'D:\Xilinx_2019_2\RTL_prj\OCOWFC_Z19\OCOWFC_Z19\Z19_NFC_4Chanel\Z19_NFC_4Channel\vitis\NFC_4CH_TEST\_ide\psinit' in project 'NFC_4CH_TEST'.
10:38:20 INFO  : Connected to target on host '127.0.0.1' and port '3121'.
10:38:20 INFO  : Processor 'psu_cortexa53_0' will be used for running fsbl 'D:/Xilinx_2019_2/RTL_prj/OCOWFC_Z19/OCOWFC_Z19/Z19_NFC_4Chanel/Z19_NFC_4Channel/vitis/z19_nfc_4ch_platform/export/z19_nfc_4ch_platform/sw/z19_nfc_4ch_platform/boot/fsbl.elf'
10:38:21 INFO  : Jtag cable 'Digilent JTAG-HS1 210512180081' is selected.
10:38:21 INFO  : 'jtag frequency' command is executed.
10:38:21 INFO  : Sourcing of 'D:/Xilinx_2019_2/Vitis/2019.2/scripts/vitis/util/zynqmp_utils.tcl' is done.
10:38:21 INFO  : Context for 'APU' is selected.
10:38:21 INFO  : System reset is completed.
10:38:25 INFO  : 'after 3000' command is executed.
10:38:25 INFO  : Context for 'APU' is selected.
10:38:25 INFO  : Hardware design information is loaded from 'D:/Xilinx_2019_2/RTL_prj/OCOWFC_Z19/OCOWFC_Z19/Z19_NFC_4Chanel/Z19_NFC_4Channel/vitis/z19_nfc_4ch_platform/export/z19_nfc_4ch_platform/hw/NFC_4Channel_bd_wrapper_v3.xsa'.
10:38:25 INFO  : 'configparams force-mem-access 1' command is executed.
10:38:25 INFO  : Context for 'APU' is selected.
10:38:25 INFO  : Boot mode is read from the target.
10:38:25 INFO  : Context for processor 'psu_cortexa53_0' is selected.
10:38:25 INFO  : Processor reset is completed for 'psu_cortexa53_0'.
10:38:26 INFO  : The application 'D:/Xilinx_2019_2/RTL_prj/OCOWFC_Z19/OCOWFC_Z19/Z19_NFC_4Chanel/Z19_NFC_4Channel/vitis/z19_nfc_4ch_platform/export/z19_nfc_4ch_platform/sw/z19_nfc_4ch_platform/boot/fsbl.elf' is downloaded to processor 'psu_cortexa53_0'.
10:38:26 INFO  : 'set bp_38_26_fsbl_bp [bpadd -addr &XFsbl_Exit]' command is executed.
10:39:26 WARN  : Exit breakpoint of FSBL (XFsbl_Exit) is not hit within allocated wait time of '60' seconds.
Note: To wait for a fixed amount of time specify the FSBL function as empty in launch configuration. Use 'IDE_FSBL_BP_HIT_WAIT_TIME' environment variable in launch configuration to modify the wait time (seconds).
Reason: timeout: target has not halted
10:39:26 INFO  : 'bpremove $bp_38_26_fsbl_bp' command is executed.
10:39:39 INFO  : Context for processor 'psu_cortexa53_0' is selected.
10:39:39 INFO  : Processor reset is completed for 'psu_cortexa53_0'.
10:39:39 INFO  : The application 'D:/Xilinx_2019_2/RTL_prj/OCOWFC_Z19/OCOWFC_Z19/Z19_NFC_4Chanel/Z19_NFC_4Channel/vitis/NFC_4CH_TEST/Debug/NFC_4CH_TEST.elf' is downloaded to processor 'psu_cortexa53_0'.
10:39:39 INFO  : 'configparams force-mem-access 0' command is executed.
10:39:39 INFO  : ----------------XSDB Script----------------
connect -url tcp:127.0.0.1:3121
source D:/Xilinx_2019_2/Vitis/2019.2/scripts/vitis/util/zynqmp_utils.tcl
targets -set -nocase -filter {name =~"APU*"}
rst -system
after 3000
targets -set -nocase -filter {name =~"APU*"}
loadhw -hw D:/Xilinx_2019_2/RTL_prj/OCOWFC_Z19/OCOWFC_Z19/Z19_NFC_4Chanel/Z19_NFC_4Channel/vitis/z19_nfc_4ch_platform/export/z19_nfc_4ch_platform/hw/NFC_4Channel_bd_wrapper_v3.xsa -mem-ranges [list {0x80000000 0xbfffffff} {0x400000000 0x5ffffffff} {0x1000000000 0x7fffffffff}]
configparams force-mem-access 1
targets -set -nocase -filter {name =~"APU*"}
set mode [expr [mrd -value 0xFF5E0200] & 0xf]
targets -set -nocase -filter {name =~ "*A53*#0"}
rst -processor
dow D:/Xilinx_2019_2/RTL_prj/OCOWFC_Z19/OCOWFC_Z19/Z19_NFC_4Chanel/Z19_NFC_4Channel/vitis/z19_nfc_4ch_platform/export/z19_nfc_4ch_platform/sw/z19_nfc_4ch_platform/boot/fsbl.elf
set bp_38_26_fsbl_bp [bpadd -addr &XFsbl_Exit]
con -block -timeout 60
bpremove $bp_38_26_fsbl_bp
targets -set -nocase -filter {name =~ "*A53*#0"}
rst -processor
dow D:/Xilinx_2019_2/RTL_prj/OCOWFC_Z19/OCOWFC_Z19/Z19_NFC_4Chanel/Z19_NFC_4Channel/vitis/NFC_4CH_TEST/Debug/NFC_4CH_TEST.elf
configparams force-mem-access 0
----------------End of Script----------------

10:39:39 INFO  : Context for processor 'psu_cortexa53_0' is selected.
10:39:39 INFO  : 'con' command is executed.
10:39:39 INFO  : ----------------XSDB Script (After Launch)----------------
targets -set -nocase -filter {name =~ "*A53*#0"}
con
----------------End of Script----------------

10:39:39 INFO  : Launch script is exported to file 'D:\Xilinx_2019_2\RTL_prj\OCOWFC_Z19\OCOWFC_Z19\Z19_NFC_4Chanel\Z19_NFC_4Channel\vitis\.sdk\launch_scripts\single_application_debug\debugger_nfc_4ch_test-default.tcl'
