Copyright 1986-2019 Xilinx, Inc. All Rights Reserved.
---------------------------------------------------------------------------------------------------------------------------------------------------------------
| Tool Version : Vivado v.2019.2 (win64) Build 2708876 Wed Nov  6 21:40:23 MST 2019
| Date         : Fri Apr 24 15:04:15 2026
| Host         : DESKTOP-TRF6PNO running 64-bit major release  (build 9200)
| Command      : report_drc -file NFC_4Channel_bd_wrapper_drc_routed.rpt -pb NFC_4Channel_bd_wrapper_drc_routed.pb -rpx NFC_4Channel_bd_wrapper_drc_routed.rpx
| Design       : NFC_4Channel_bd_wrapper
| Device       : xczu19eg-ffvc1760-2-i
| Speed File   : -2
| Design State : Fully Routed
---------------------------------------------------------------------------------------------------------------------------------------------------------------

Report DRC

Table of Contents
-----------------
1. REPORT SUMMARY
2. REPORT DETAILS

1. REPORT SUMMARY
-----------------
            Netlist: netlist
          Floorplan: design_1
      Design limits: <entire design considered>
           Ruledeck: default
             Max violations: <unlimited>
             Violations found: 13
+-----------+----------+--------------------------------------+------------+
| Rule      | Severity | Description                          | Violations |
+-----------+----------+--------------------------------------+------------+
| REQP-1853 | Warning  | BUFGCE_DIV_cascade_from_clock_buf    | 4          |
| RTSTAT-10 | Warning  | No routable loads                    | 1          |
| REQP-1935 | Advisory | RAMB36E2_nochange_collision_advisory | 8          |
+-----------+----------+--------------------------------------+------------+

2. REPORT DETAILS
-----------------
REQP-1853#1 Warning
BUFGCE_DIV_cascade_from_clock_buf  
Cascaded clock buffers exist in the design with constant CE pin. This may result in large clock skew and timing violations. Cell BUFGCE_DIV NFC_4Channel_bd_i/nfc_top_0/inst/nfc_channel_inst_0/fcc_top_1way_inst/fcc_core/fcc_phy/BUFGCE_DIV_inst I pin is driven by another clock buffer NFC_4Channel_bd_i/clk_wiz_0/inst/clkout1_buf.
Related violations: <none>

REQP-1853#2 Warning
BUFGCE_DIV_cascade_from_clock_buf  
Cascaded clock buffers exist in the design with constant CE pin. This may result in large clock skew and timing violations. Cell BUFGCE_DIV NFC_4Channel_bd_i/nfc_top_0/inst/nfc_channel_inst_1/fcc_top_1way_inst/fcc_core/fcc_phy/BUFGCE_DIV_inst I pin is driven by another clock buffer NFC_4Channel_bd_i/clk_wiz_0/inst/clkout1_buf.
Related violations: <none>

REQP-1853#3 Warning
BUFGCE_DIV_cascade_from_clock_buf  
Cascaded clock buffers exist in the design with constant CE pin. This may result in large clock skew and timing violations. Cell BUFGCE_DIV NFC_4Channel_bd_i/nfc_top_0/inst/nfc_channel_inst_2/fcc_top_1way_inst/fcc_core/fcc_phy/BUFGCE_DIV_inst I pin is driven by another clock buffer NFC_4Channel_bd_i/clk_wiz_0/inst/clkout1_buf.
Related violations: <none>

REQP-1853#4 Warning
BUFGCE_DIV_cascade_from_clock_buf  
Cascaded clock buffers exist in the design with constant CE pin. This may result in large clock skew and timing violations. Cell BUFGCE_DIV NFC_4Channel_bd_i/nfc_top_0/inst/nfc_channel_inst_3/fcc_top_1way_inst/fcc_core/fcc_phy/BUFGCE_DIV_inst I pin is driven by another clock buffer NFC_4Channel_bd_i/clk_wiz_0/inst/clkout1_buf.
Related violations: <none>

RTSTAT-10#1 Warning
No routable loads  
1230 net(s) have no routable loads. The problem bus(es) and/or net(s) are NFC_4Channel_bd_i/nfc_top_0/inst/nfc_channel_inst_3/fcc_top_1way_inst/fcc_wrapper_0/data_fifo_wr/asyn_fifo_wr/U0/inst_fifo_gen/gaxis_fifo.gaxisf.axisf/grf.rf/gntv_or_sync_fifo.mem/gbm.gbmg.gbmga.ngecc.bmg/inst_blk_mem_gen/gnbram.gnativebmg.native_blk_mem_gen/valid.cstr/ramloop[0].ram.r/ENA_dly_D, NFC_4Channel_bd_i/nfc_top_0/inst/nfc_channel_inst_1/fcc_top_1way_inst/fcc_wrapper_0/data_fifo_rd/asyn_fifo_rd/U0/inst_fifo_gen/gaxis_fifo.gaxisf.axisf/grf.rf/gntv_or_sync_fifo.mem/gbm.gbmg.gbmga.ngecc.bmg/inst_blk_mem_gen/gnbram.gnativebmg.native_blk_mem_gen/valid.cstr/ramloop[1].ram.r/ENA_dly_D, NFC_4Channel_bd_i/nfc_top_0/inst/nfc_channel_inst_1/fcc_top_1way_inst/fcc_wrapper_0/data_fifo_wr/asyn_fifo_wr/U0/inst_fifo_gen/gaxis_fifo.gaxisf.axisf/grf.rf/gntv_or_sync_fifo.mem/gbm.gbmg.gbmga.ngecc.bmg/inst_blk_mem_gen/gnbram.gnativebmg.native_blk_mem_gen/valid.cstr/ramloop[0].ram.r/ENA_dly_D, NFC_4Channel_bd_i/nfc_top_0/inst/nfc_channel_inst_0/fcc_top_1way_inst/fcc_wrapper_0/data_fifo_rd/asyn_fifo_rd/U0/inst_fifo_gen/gaxis_fifo.gaxisf.axisf/grf.rf/gntv_or_sync_fifo.mem/gbm.gbmg.gbmga.ngecc.bmg/inst_blk_mem_gen/gnbram.gnativebmg.native_blk_mem_gen/valid.cstr/ramloop[1].ram.r/ENA_dly_D, NFC_4Channel_bd_i/nfc_top_0/inst/nfc_channel_inst_0/fcc_top_1way_inst/fcc_wrapper_0/data_fifo_wr/asyn_fifo_wr/U0/inst_fifo_gen/gaxis_fifo.gaxisf.axisf/grf.rf/gntv_or_sync_fifo.mem/gbm.gbmg.gbmga.ngecc.bmg/inst_blk_mem_gen/gnbram.gnativebmg.native_blk_mem_gen/valid.cstr/ramloop[0].ram.r/ENA_dly_D, NFC_4Channel_bd_i/nfc_top_0/inst/nfc_channel_inst_2/fcc_top_1way_inst/fcc_wrapper_0/data_fifo_wr/asyn_fifo_wr/U0/inst_fifo_gen/gaxis_fifo.gaxisf.axisf/grf.rf/gntv_or_sync_fifo.mem/gbm.gbmg.gbmga.ngecc.bmg/inst_blk_mem_gen/gnbram.gnativebmg.native_blk_mem_gen/valid.cstr/ramloop[0].ram.r/ENA_dly_D, NFC_4Channel_bd_i/nfc_top_0/inst/nfc_channel_inst_2/fcc_top_1way_inst/fcc_wrapper_0/data_fifo_rd/asyn_fifo_rd/U0/inst_fifo_gen/gaxis_fifo.gaxisf.axisf/grf.rf/gntv_or_sync_fifo.mem/gbm.gbmg.gbmga.ngecc.bmg/inst_blk_mem_gen/gnbram.gnativebmg.native_blk_mem_gen/valid.cstr/ramloop[1].ram.r/ENA_dly_D, NFC_4Channel_bd_i/nfc_top_0/inst/nfc_channel_inst_3/fcc_top_1way_inst/fcc_wrapper_0/data_fifo_rd/asyn_fifo_rd/U0/inst_fifo_gen/gaxis_fifo.gaxisf.axisf/grf.rf/gntv_or_sync_fifo.mem/gbm.gbmg.gbmga.ngecc.bmg/inst_blk_mem_gen/gnbram.gnativebmg.native_blk_mem_gen/valid.cstr/ramloop[1].ram.r/ENA_dly_D, NFC_4Channel_bd_i/nfc_top_0/inst/nfc_channel_inst_2/fcc_top_1way_inst/fcc_wrapper_0/data_fifo_rd/asyn_fifo_rd/U0/inst_fifo_gen/gaxis_fifo.gaxisf.axisf/grf.rf/gntv_or_sync_fifo.gl0.rd/gr1.gr1_int.rfwft/aempty_fwft_i, NFC_4Channel_bd_i/nfc_top_0/inst/nfc_channel_inst_1/fcc_top_1way_inst/fcc_wrapper_0/data_fifo_rd/asyn_fifo_rd/U0/inst_fifo_gen/gaxis_fifo.gaxisf.axisf/grf.rf/gntv_or_sync_fifo.gl0.rd/gr1.gr1_int.rfwft/aempty_fwft_i, NFC_4Channel_bd_i/nfc_top_0/inst/nfc_channel_inst_0/fcc_top_1way_inst/fcc_wrapper_0/data_fifo_wr/asyn_fifo_wr/U0/inst_fifo_gen/gaxis_fifo.gaxisf.axisf/grf.rf/gntv_or_sync_fifo.gl0.rd/gr1.gr1_int.rfwft/aempty_fwft_i, NFC_4Channel_bd_i/nfc_top_0/inst/nfc_channel_inst_3/fcc_top_1way_inst/fcc_wrapper_0/data_fifo_wr/asyn_fifo_wr/U0/inst_fifo_gen/gaxis_fifo.gaxisf.axisf/grf.rf/gntv_or_sync_fifo.gl0.rd/gr1.gr1_int.rfwft/aempty_fwft_i, NFC_4Channel_bd_i/nfc_top_0/inst/nfc_channel_inst_0/fcc_top_1way_inst/fcc_wrapper_0/data_fifo_rd/asyn_fifo_rd/U0/inst_fifo_gen/gaxis_fifo.gaxisf.axisf/grf.rf/gntv_or_sync_fifo.gl0.rd/gr1.gr1_int.rfwft/aempty_fwft_i, NFC_4Channel_bd_i/nfc_top_0/inst/nfc_channel_inst_2/fcc_top_1way_inst/fcc_wrapper_0/data_fifo_wr/asyn_fifo_wr/U0/inst_fifo_gen/gaxis_fifo.gaxisf.axisf/grf.rf/gntv_or_sync_fifo.gl0.rd/gr1.gr1_int.rfwft/aempty_fwft_i, NFC_4Channel_bd_i/nfc_top_0/inst/nfc_channel_inst_1/fcc_top_1way_inst/fcc_wrapper_0/data_fifo_wr/asyn_fifo_wr/U0/inst_fifo_gen/gaxis_fifo.gaxisf.axisf/grf.rf/gntv_or_sync_fifo.gl0.rd/gr1.gr1_int.rfwft/aempty_fwft_i (the first 15 of 654 listed).
Related violations: <none>

REQP-1935#1 Advisory
RAMB36E2_nochange_collision_advisory  
Synchronous clocking is detected for BRAM (NFC_4Channel_bd_i/axi_dma_0/U0/I_PRMRY_DATAMOVER/GEN_MM2S_FULL.I_MM2S_FULL_WRAPPER/GEN_INCLUDE_MM2S_SF.I_RD_SF/I_DATA_FIFO/BLK_MEM.I_SYNC_FIFOGEN_FIFO/xpm_fifo_instance.xpm_fifo_sync_inst/xpm_fifo_base_inst/gen_sdpram.xpm_memory_base_inst/gen_wr_a.gen_word_narrow.mem_reg) in SDP mode with NO_CHANGE write-mode. This is the preferred mode for best power characteristics. However, NO_CHANGE may exhibit address collisions if the same address appears on both read and write ports resulting in unknown or corrupted read data. It is suggested to confirm via simulation that an address collision never occurs and if so it is suggested to try and avoid this situation. If address collisions cannot be avoided, the write-mode may be set to READ_FIRST which guarantees that the read data is the prior contents of the memory at the cost of additional power in the design. See the FPGA Memory Resources User Guide for additional information.
Related violations: <none>

REQP-1935#2 Advisory
RAMB36E2_nochange_collision_advisory  
Synchronous clocking is detected for BRAM (NFC_4Channel_bd_i/axi_dma_0/U0/I_PRMRY_DATAMOVER/GEN_S2MM_FULL.I_S2MM_FULL_WRAPPER/GEN_ENABLE_INDET_BTT_SF.I_INDET_BTT/I_DATA_FIFO/BLK_MEM.I_SYNC_FIFOGEN_FIFO/xpm_fifo_instance.xpm_fifo_sync_inst/xpm_fifo_base_inst/gen_sdpram.xpm_memory_base_inst/gen_wr_a.gen_word_narrow.mem_reg) in SDP mode with NO_CHANGE write-mode. This is the preferred mode for best power characteristics. However, NO_CHANGE may exhibit address collisions if the same address appears on both read and write ports resulting in unknown or corrupted read data. It is suggested to confirm via simulation that an address collision never occurs and if so it is suggested to try and avoid this situation. If address collisions cannot be avoided, the write-mode may be set to READ_FIRST which guarantees that the read data is the prior contents of the memory at the cost of additional power in the design. See the FPGA Memory Resources User Guide for additional information.
Related violations: <none>

REQP-1935#3 Advisory
RAMB36E2_nochange_collision_advisory  
Synchronous clocking is detected for BRAM (NFC_4Channel_bd_i/axi_dma_1/U0/I_PRMRY_DATAMOVER/GEN_MM2S_FULL.I_MM2S_FULL_WRAPPER/GEN_INCLUDE_MM2S_SF.I_RD_SF/I_DATA_FIFO/BLK_MEM.I_SYNC_FIFOGEN_FIFO/xpm_fifo_instance.xpm_fifo_sync_inst/xpm_fifo_base_inst/gen_sdpram.xpm_memory_base_inst/gen_wr_a.gen_word_narrow.mem_reg) in SDP mode with NO_CHANGE write-mode. This is the preferred mode for best power characteristics. However, NO_CHANGE may exhibit address collisions if the same address appears on both read and write ports resulting in unknown or corrupted read data. It is suggested to confirm via simulation that an address collision never occurs and if so it is suggested to try and avoid this situation. If address collisions cannot be avoided, the write-mode may be set to READ_FIRST which guarantees that the read data is the prior contents of the memory at the cost of additional power in the design. See the FPGA Memory Resources User Guide for additional information.
Related violations: <none>

REQP-1935#4 Advisory
RAMB36E2_nochange_collision_advisory  
Synchronous clocking is detected for BRAM (NFC_4Channel_bd_i/axi_dma_1/U0/I_PRMRY_DATAMOVER/GEN_S2MM_FULL.I_S2MM_FULL_WRAPPER/GEN_ENABLE_INDET_BTT_SF.I_INDET_BTT/I_DATA_FIFO/BLK_MEM.I_SYNC_FIFOGEN_FIFO/xpm_fifo_instance.xpm_fifo_sync_inst/xpm_fifo_base_inst/gen_sdpram.xpm_memory_base_inst/gen_wr_a.gen_word_narrow.mem_reg) in SDP mode with NO_CHANGE write-mode. This is the preferred mode for best power characteristics. However, NO_CHANGE may exhibit address collisions if the same address appears on both read and write ports resulting in unknown or corrupted read data. It is suggested to confirm via simulation that an address collision never occurs and if so it is suggested to try and avoid this situation. If address collisions cannot be avoided, the write-mode may be set to READ_FIRST which guarantees that the read data is the prior contents of the memory at the cost of additional power in the design. See the FPGA Memory Resources User Guide for additional information.
Related violations: <none>

REQP-1935#5 Advisory
RAMB36E2_nochange_collision_advisory  
Synchronous clocking is detected for BRAM (NFC_4Channel_bd_i/axi_dma_2/U0/I_PRMRY_DATAMOVER/GEN_MM2S_FULL.I_MM2S_FULL_WRAPPER/GEN_INCLUDE_MM2S_SF.I_RD_SF/I_DATA_FIFO/BLK_MEM.I_SYNC_FIFOGEN_FIFO/xpm_fifo_instance.xpm_fifo_sync_inst/xpm_fifo_base_inst/gen_sdpram.xpm_memory_base_inst/gen_wr_a.gen_word_narrow.mem_reg) in SDP mode with NO_CHANGE write-mode. This is the preferred mode for best power characteristics. However, NO_CHANGE may exhibit address collisions if the same address appears on both read and write ports resulting in unknown or corrupted read data. It is suggested to confirm via simulation that an address collision never occurs and if so it is suggested to try and avoid this situation. If address collisions cannot be avoided, the write-mode may be set to READ_FIRST which guarantees that the read data is the prior contents of the memory at the cost of additional power in the design. See the FPGA Memory Resources User Guide for additional information.
Related violations: <none>

REQP-1935#6 Advisory
RAMB36E2_nochange_collision_advisory  
Synchronous clocking is detected for BRAM (NFC_4Channel_bd_i/axi_dma_2/U0/I_PRMRY_DATAMOVER/GEN_S2MM_FULL.I_S2MM_FULL_WRAPPER/GEN_ENABLE_INDET_BTT_SF.I_INDET_BTT/I_DATA_FIFO/BLK_MEM.I_SYNC_FIFOGEN_FIFO/xpm_fifo_instance.xpm_fifo_sync_inst/xpm_fifo_base_inst/gen_sdpram.xpm_memory_base_inst/gen_wr_a.gen_word_narrow.mem_reg) in SDP mode with NO_CHANGE write-mode. This is the preferred mode for best power characteristics. However, NO_CHANGE may exhibit address collisions if the same address appears on both read and write ports resulting in unknown or corrupted read data. It is suggested to confirm via simulation that an address collision never occurs and if so it is suggested to try and avoid this situation. If address collisions cannot be avoided, the write-mode may be set to READ_FIRST which guarantees that the read data is the prior contents of the memory at the cost of additional power in the design. See the FPGA Memory Resources User Guide for additional information.
Related violations: <none>

REQP-1935#7 Advisory
RAMB36E2_nochange_collision_advisory  
Synchronous clocking is detected for BRAM (NFC_4Channel_bd_i/axi_dma_3/U0/I_PRMRY_DATAMOVER/GEN_MM2S_FULL.I_MM2S_FULL_WRAPPER/GEN_INCLUDE_MM2S_SF.I_RD_SF/I_DATA_FIFO/BLK_MEM.I_SYNC_FIFOGEN_FIFO/xpm_fifo_instance.xpm_fifo_sync_inst/xpm_fifo_base_inst/gen_sdpram.xpm_memory_base_inst/gen_wr_a.gen_word_narrow.mem_reg) in SDP mode with NO_CHANGE write-mode. This is the preferred mode for best power characteristics. However, NO_CHANGE may exhibit address collisions if the same address appears on both read and write ports resulting in unknown or corrupted read data. It is suggested to confirm via simulation that an address collision never occurs and if so it is suggested to try and avoid this situation. If address collisions cannot be avoided, the write-mode may be set to READ_FIRST which guarantees that the read data is the prior contents of the memory at the cost of additional power in the design. See the FPGA Memory Resources User Guide for additional information.
Related violations: <none>

REQP-1935#8 Advisory
RAMB36E2_nochange_collision_advisory  
Synchronous clocking is detected for BRAM (NFC_4Channel_bd_i/axi_dma_3/U0/I_PRMRY_DATAMOVER/GEN_S2MM_FULL.I_S2MM_FULL_WRAPPER/GEN_ENABLE_INDET_BTT_SF.I_INDET_BTT/I_DATA_FIFO/BLK_MEM.I_SYNC_FIFOGEN_FIFO/xpm_fifo_instance.xpm_fifo_sync_inst/xpm_fifo_base_inst/gen_sdpram.xpm_memory_base_inst/gen_wr_a.gen_word_narrow.mem_reg) in SDP mode with NO_CHANGE write-mode. This is the preferred mode for best power characteristics. However, NO_CHANGE may exhibit address collisions if the same address appears on both read and write ports resulting in unknown or corrupted read data. It is suggested to confirm via simulation that an address collision never occurs and if so it is suggested to try and avoid this situation. If address collisions cannot be avoided, the write-mode may be set to READ_FIRST which guarantees that the read data is the prior contents of the memory at the cost of additional power in the design. See the FPGA Memory Resources User Guide for additional information.
Related violations: <none>


