Copyright 1986-2019 Xilinx, Inc. All Rights Reserved.
-----------------------------------------------------------------------------------------------------------------------------------------------------------------------------------------------------------
| Tool Version : Vivado v.2019.2 (win64) Build 2708876 Wed Nov  6 21:40:23 MST 2019
| Date         : Tue Apr 28 17:05:45 2026
| Host         : DESKTOP-TRF6PNO running 64-bit major release  (build 9200)
| Command      : report_methodology -file NFC_4Channel_bd_wrapper_methodology_drc_routed.rpt -pb NFC_4Channel_bd_wrapper_methodology_drc_routed.pb -rpx NFC_4Channel_bd_wrapper_methodology_drc_routed.rpx
| Design       : NFC_4Channel_bd_wrapper
| Device       : xczu19eg-ffvc1760-2-i
| Speed File   : -2
| Design State : Fully Routed
-----------------------------------------------------------------------------------------------------------------------------------------------------------------------------------------------------------

Report Methodology

Table of Contents
-----------------
1. REPORT SUMMARY
2. REPORT DETAILS

1. REPORT SUMMARY
-----------------
            Netlist: netlist
          Floorplan: design_1
      Design limits: <entire design considered>
             Max violations: <unlimited>
             Violations found: 136
+-----------+----------+-------------------------------+------------+
| Rule      | Severity | Description                   | Violations |
+-----------+----------+-------------------------------+------------+
| BSCK-10   | Warning  | ISERDESE3_parallel_clock_nets | 36         |
| BSCK-11   | Warning  | OSERDESE3_parallel_clock_nets | 60         |
| TIMING-18 | Warning  | Missing input or output delay | 40         |
+-----------+----------+-------------------------------+------------+

2. REPORT DETAILS
-----------------
BSCK-10#1 Warning
ISERDESE3_parallel_clock_nets  
ISERDESE3 cell NFC_4Channel_bd_i/nfc_top_0/inst/nfc_channel_inst_0/fcc_top_1way_inst/fcc_core/fcc_phy/dq_inout[0].phy_inout_dq/ISERDESE3_inst has sub-optimal clocking topology for pins NFC_4Channel_bd_i/nfc_top_0/inst/nfc_channel_inst_0/fcc_top_1way_inst/fcc_core/fcc_phy/dq_inout[0].phy_inout_dq/ISERDESE3_inst/CLK (driver: NFC_4Channel_bd_i/clk_wiz_0/inst/clkout1_buf) and NFC_4Channel_bd_i/nfc_top_0/inst/nfc_channel_inst_0/fcc_top_1way_inst/fcc_core/fcc_phy/dq_inout[0].phy_inout_dq/ISERDESE3_inst/CLKDIV (driver: NFC_4Channel_bd_i/clk_wiz_0/inst/clkout2_buf). These pins should be driven by parallel global clock buffers by utilizing BUFGCE_DIV cell for the ISERDESE3 CLKDIV pin.
Related violations: <none>

BSCK-10#2 Warning
ISERDESE3_parallel_clock_nets  
ISERDESE3 cell NFC_4Channel_bd_i/nfc_top_0/inst/nfc_channel_inst_0/fcc_top_1way_inst/fcc_core/fcc_phy/dq_inout[1].phy_inout_dq/ISERDESE3_inst has sub-optimal clocking topology for pins NFC_4Channel_bd_i/nfc_top_0/inst/nfc_channel_inst_0/fcc_top_1way_inst/fcc_core/fcc_phy/dq_inout[1].phy_inout_dq/ISERDESE3_inst/CLK (driver: NFC_4Channel_bd_i/clk_wiz_0/inst/clkout1_buf) and NFC_4Channel_bd_i/nfc_top_0/inst/nfc_channel_inst_0/fcc_top_1way_inst/fcc_core/fcc_phy/dq_inout[1].phy_inout_dq/ISERDESE3_inst/CLKDIV (driver: NFC_4Channel_bd_i/clk_wiz_0/inst/clkout2_buf). These pins should be driven by parallel global clock buffers by utilizing BUFGCE_DIV cell for the ISERDESE3 CLKDIV pin.
Related violations: <none>

BSCK-10#3 Warning
ISERDESE3_parallel_clock_nets  
ISERDESE3 cell NFC_4Channel_bd_i/nfc_top_0/inst/nfc_channel_inst_0/fcc_top_1way_inst/fcc_core/fcc_phy/dq_inout[2].phy_inout_dq/ISERDESE3_inst has sub-optimal clocking topology for pins NFC_4Channel_bd_i/nfc_top_0/inst/nfc_channel_inst_0/fcc_top_1way_inst/fcc_core/fcc_phy/dq_inout[2].phy_inout_dq/ISERDESE3_inst/CLK (driver: NFC_4Channel_bd_i/clk_wiz_0/inst/clkout1_buf) and NFC_4Channel_bd_i/nfc_top_0/inst/nfc_channel_inst_0/fcc_top_1way_inst/fcc_core/fcc_phy/dq_inout[2].phy_inout_dq/ISERDESE3_inst/CLKDIV (driver: NFC_4Channel_bd_i/clk_wiz_0/inst/clkout2_buf). These pins should be driven by parallel global clock buffers by utilizing BUFGCE_DIV cell for the ISERDESE3 CLKDIV pin.
Related violations: <none>

BSCK-10#4 Warning
ISERDESE3_parallel_clock_nets  
ISERDESE3 cell NFC_4Channel_bd_i/nfc_top_0/inst/nfc_channel_inst_0/fcc_top_1way_inst/fcc_core/fcc_phy/dq_inout[3].phy_inout_dq/ISERDESE3_inst has sub-optimal clocking topology for pins NFC_4Channel_bd_i/nfc_top_0/inst/nfc_channel_inst_0/fcc_top_1way_inst/fcc_core/fcc_phy/dq_inout[3].phy_inout_dq/ISERDESE3_inst/CLK (driver: NFC_4Channel_bd_i/clk_wiz_0/inst/clkout1_buf) and NFC_4Channel_bd_i/nfc_top_0/inst/nfc_channel_inst_0/fcc_top_1way_inst/fcc_core/fcc_phy/dq_inout[3].phy_inout_dq/ISERDESE3_inst/CLKDIV (driver: NFC_4Channel_bd_i/clk_wiz_0/inst/clkout2_buf). These pins should be driven by parallel global clock buffers by utilizing BUFGCE_DIV cell for the ISERDESE3 CLKDIV pin.
Related violations: <none>

BSCK-10#5 Warning
ISERDESE3_parallel_clock_nets  
ISERDESE3 cell NFC_4Channel_bd_i/nfc_top_0/inst/nfc_channel_inst_0/fcc_top_1way_inst/fcc_core/fcc_phy/dq_inout[4].phy_inout_dq/ISERDESE3_inst has sub-optimal clocking topology for pins NFC_4Channel_bd_i/nfc_top_0/inst/nfc_channel_inst_0/fcc_top_1way_inst/fcc_core/fcc_phy/dq_inout[4].phy_inout_dq/ISERDESE3_inst/CLK (driver: NFC_4Channel_bd_i/clk_wiz_0/inst/clkout1_buf) and NFC_4Channel_bd_i/nfc_top_0/inst/nfc_channel_inst_0/fcc_top_1way_inst/fcc_core/fcc_phy/dq_inout[4].phy_inout_dq/ISERDESE3_inst/CLKDIV (driver: NFC_4Channel_bd_i/clk_wiz_0/inst/clkout2_buf). These pins should be driven by parallel global clock buffers by utilizing BUFGCE_DIV cell for the ISERDESE3 CLKDIV pin.
Related violations: <none>

BSCK-10#6 Warning
ISERDESE3_parallel_clock_nets  
ISERDESE3 cell NFC_4Channel_bd_i/nfc_top_0/inst/nfc_channel_inst_0/fcc_top_1way_inst/fcc_core/fcc_phy/dq_inout[5].phy_inout_dq/ISERDESE3_inst has sub-optimal clocking topology for pins NFC_4Channel_bd_i/nfc_top_0/inst/nfc_channel_inst_0/fcc_top_1way_inst/fcc_core/fcc_phy/dq_inout[5].phy_inout_dq/ISERDESE3_inst/CLK (driver: NFC_4Channel_bd_i/clk_wiz_0/inst/clkout1_buf) and NFC_4Channel_bd_i/nfc_top_0/inst/nfc_channel_inst_0/fcc_top_1way_inst/fcc_core/fcc_phy/dq_inout[5].phy_inout_dq/ISERDESE3_inst/CLKDIV (driver: NFC_4Channel_bd_i/clk_wiz_0/inst/clkout2_buf). These pins should be driven by parallel global clock buffers by utilizing BUFGCE_DIV cell for the ISERDESE3 CLKDIV pin.
Related violations: <none>

BSCK-10#7 Warning
ISERDESE3_parallel_clock_nets  
ISERDESE3 cell NFC_4Channel_bd_i/nfc_top_0/inst/nfc_channel_inst_0/fcc_top_1way_inst/fcc_core/fcc_phy/dq_inout[6].phy_inout_dq/ISERDESE3_inst has sub-optimal clocking topology for pins NFC_4Channel_bd_i/nfc_top_0/inst/nfc_channel_inst_0/fcc_top_1way_inst/fcc_core/fcc_phy/dq_inout[6].phy_inout_dq/ISERDESE3_inst/CLK (driver: NFC_4Channel_bd_i/clk_wiz_0/inst/clkout1_buf) and NFC_4Channel_bd_i/nfc_top_0/inst/nfc_channel_inst_0/fcc_top_1way_inst/fcc_core/fcc_phy/dq_inout[6].phy_inout_dq/ISERDESE3_inst/CLKDIV (driver: NFC_4Channel_bd_i/clk_wiz_0/inst/clkout2_buf). These pins should be driven by parallel global clock buffers by utilizing BUFGCE_DIV cell for the ISERDESE3 CLKDIV pin.
Related violations: <none>

BSCK-10#8 Warning
ISERDESE3_parallel_clock_nets  
ISERDESE3 cell NFC_4Channel_bd_i/nfc_top_0/inst/nfc_channel_inst_0/fcc_top_1way_inst/fcc_core/fcc_phy/dq_inout[7].phy_inout_dq/ISERDESE3_inst has sub-optimal clocking topology for pins NFC_4Channel_bd_i/nfc_top_0/inst/nfc_channel_inst_0/fcc_top_1way_inst/fcc_core/fcc_phy/dq_inout[7].phy_inout_dq/ISERDESE3_inst/CLK (driver: NFC_4Channel_bd_i/clk_wiz_0/inst/clkout1_buf) and NFC_4Channel_bd_i/nfc_top_0/inst/nfc_channel_inst_0/fcc_top_1way_inst/fcc_core/fcc_phy/dq_inout[7].phy_inout_dq/ISERDESE3_inst/CLKDIV (driver: NFC_4Channel_bd_i/clk_wiz_0/inst/clkout2_buf). These pins should be driven by parallel global clock buffers by utilizing BUFGCE_DIV cell for the ISERDESE3 CLKDIV pin.
Related violations: <none>

BSCK-10#9 Warning
ISERDESE3_parallel_clock_nets  
ISERDESE3 cell NFC_4Channel_bd_i/nfc_top_0/inst/nfc_channel_inst_0/fcc_top_1way_inst/fcc_core/fcc_phy/patch_false.phy_inout_dqs/ISERDESE3_inst has sub-optimal clocking topology for pins NFC_4Channel_bd_i/nfc_top_0/inst/nfc_channel_inst_0/fcc_top_1way_inst/fcc_core/fcc_phy/patch_false.phy_inout_dqs/ISERDESE3_inst/CLK (driver: NFC_4Channel_bd_i/clk_wiz_0/inst/clkout1_buf) and NFC_4Channel_bd_i/nfc_top_0/inst/nfc_channel_inst_0/fcc_top_1way_inst/fcc_core/fcc_phy/patch_false.phy_inout_dqs/ISERDESE3_inst/CLKDIV (driver: NFC_4Channel_bd_i/clk_wiz_0/inst/clkout2_buf). These pins should be driven by parallel global clock buffers by utilizing BUFGCE_DIV cell for the ISERDESE3 CLKDIV pin.
Related violations: <none>

BSCK-10#10 Warning
ISERDESE3_parallel_clock_nets  
ISERDESE3 cell NFC_4Channel_bd_i/nfc_top_0/inst/nfc_channel_inst_1/fcc_top_1way_inst/fcc_core/fcc_phy/dq_inout[0].phy_inout_dq/ISERDESE3_inst has sub-optimal clocking topology for pins NFC_4Channel_bd_i/nfc_top_0/inst/nfc_channel_inst_1/fcc_top_1way_inst/fcc_core/fcc_phy/dq_inout[0].phy_inout_dq/ISERDESE3_inst/CLK (driver: NFC_4Channel_bd_i/clk_wiz_0/inst/clkout1_buf) and NFC_4Channel_bd_i/nfc_top_0/inst/nfc_channel_inst_1/fcc_top_1way_inst/fcc_core/fcc_phy/dq_inout[0].phy_inout_dq/ISERDESE3_inst/CLKDIV (driver: NFC_4Channel_bd_i/clk_wiz_0/inst/clkout2_buf). These pins should be driven by parallel global clock buffers by utilizing BUFGCE_DIV cell for the ISERDESE3 CLKDIV pin.
Related violations: <none>

BSCK-10#11 Warning
ISERDESE3_parallel_clock_nets  
ISERDESE3 cell NFC_4Channel_bd_i/nfc_top_0/inst/nfc_channel_inst_1/fcc_top_1way_inst/fcc_core/fcc_phy/dq_inout[1].phy_inout_dq/ISERDESE3_inst has sub-optimal clocking topology for pins NFC_4Channel_bd_i/nfc_top_0/inst/nfc_channel_inst_1/fcc_top_1way_inst/fcc_core/fcc_phy/dq_inout[1].phy_inout_dq/ISERDESE3_inst/CLK (driver: NFC_4Channel_bd_i/clk_wiz_0/inst/clkout1_buf) and NFC_4Channel_bd_i/nfc_top_0/inst/nfc_channel_inst_1/fcc_top_1way_inst/fcc_core/fcc_phy/dq_inout[1].phy_inout_dq/ISERDESE3_inst/CLKDIV (driver: NFC_4Channel_bd_i/clk_wiz_0/inst/clkout2_buf). These pins should be driven by parallel global clock buffers by utilizing BUFGCE_DIV cell for the ISERDESE3 CLKDIV pin.
Related violations: <none>

BSCK-10#12 Warning
ISERDESE3_parallel_clock_nets  
ISERDESE3 cell NFC_4Channel_bd_i/nfc_top_0/inst/nfc_channel_inst_1/fcc_top_1way_inst/fcc_core/fcc_phy/dq_inout[2].phy_inout_dq/ISERDESE3_inst has sub-optimal clocking topology for pins NFC_4Channel_bd_i/nfc_top_0/inst/nfc_channel_inst_1/fcc_top_1way_inst/fcc_core/fcc_phy/dq_inout[2].phy_inout_dq/ISERDESE3_inst/CLK (driver: NFC_4Channel_bd_i/clk_wiz_0/inst/clkout1_buf) and NFC_4Channel_bd_i/nfc_top_0/inst/nfc_channel_inst_1/fcc_top_1way_inst/fcc_core/fcc_phy/dq_inout[2].phy_inout_dq/ISERDESE3_inst/CLKDIV (driver: NFC_4Channel_bd_i/clk_wiz_0/inst/clkout2_buf). These pins should be driven by parallel global clock buffers by utilizing BUFGCE_DIV cell for the ISERDESE3 CLKDIV pin.
Related violations: <none>

BSCK-10#13 Warning
ISERDESE3_parallel_clock_nets  
ISERDESE3 cell NFC_4Channel_bd_i/nfc_top_0/inst/nfc_channel_inst_1/fcc_top_1way_inst/fcc_core/fcc_phy/dq_inout[3].phy_inout_dq/ISERDESE3_inst has sub-optimal clocking topology for pins NFC_4Channel_bd_i/nfc_top_0/inst/nfc_channel_inst_1/fcc_top_1way_inst/fcc_core/fcc_phy/dq_inout[3].phy_inout_dq/ISERDESE3_inst/CLK (driver: NFC_4Channel_bd_i/clk_wiz_0/inst/clkout1_buf) and NFC_4Channel_bd_i/nfc_top_0/inst/nfc_channel_inst_1/fcc_top_1way_inst/fcc_core/fcc_phy/dq_inout[3].phy_inout_dq/ISERDESE3_inst/CLKDIV (driver: NFC_4Channel_bd_i/clk_wiz_0/inst/clkout2_buf). These pins should be driven by parallel global clock buffers by utilizing BUFGCE_DIV cell for the ISERDESE3 CLKDIV pin.
Related violations: <none>

BSCK-10#14 Warning
ISERDESE3_parallel_clock_nets  
ISERDESE3 cell NFC_4Channel_bd_i/nfc_top_0/inst/nfc_channel_inst_1/fcc_top_1way_inst/fcc_core/fcc_phy/dq_inout[4].phy_inout_dq/ISERDESE3_inst has sub-optimal clocking topology for pins NFC_4Channel_bd_i/nfc_top_0/inst/nfc_channel_inst_1/fcc_top_1way_inst/fcc_core/fcc_phy/dq_inout[4].phy_inout_dq/ISERDESE3_inst/CLK (driver: NFC_4Channel_bd_i/clk_wiz_0/inst/clkout1_buf) and NFC_4Channel_bd_i/nfc_top_0/inst/nfc_channel_inst_1/fcc_top_1way_inst/fcc_core/fcc_phy/dq_inout[4].phy_inout_dq/ISERDESE3_inst/CLKDIV (driver: NFC_4Channel_bd_i/clk_wiz_0/inst/clkout2_buf). These pins should be driven by parallel global clock buffers by utilizing BUFGCE_DIV cell for the ISERDESE3 CLKDIV pin.
Related violations: <none>

BSCK-10#15 Warning
ISERDESE3_parallel_clock_nets  
ISERDESE3 cell NFC_4Channel_bd_i/nfc_top_0/inst/nfc_channel_inst_1/fcc_top_1way_inst/fcc_core/fcc_phy/dq_inout[5].phy_inout_dq/ISERDESE3_inst has sub-optimal clocking topology for pins NFC_4Channel_bd_i/nfc_top_0/inst/nfc_channel_inst_1/fcc_top_1way_inst/fcc_core/fcc_phy/dq_inout[5].phy_inout_dq/ISERDESE3_inst/CLK (driver: NFC_4Channel_bd_i/clk_wiz_0/inst/clkout1_buf) and NFC_4Channel_bd_i/nfc_top_0/inst/nfc_channel_inst_1/fcc_top_1way_inst/fcc_core/fcc_phy/dq_inout[5].phy_inout_dq/ISERDESE3_inst/CLKDIV (driver: NFC_4Channel_bd_i/clk_wiz_0/inst/clkout2_buf). These pins should be driven by parallel global clock buffers by utilizing BUFGCE_DIV cell for the ISERDESE3 CLKDIV pin.
Related violations: <none>

BSCK-10#16 Warning
ISERDESE3_parallel_clock_nets  
ISERDESE3 cell NFC_4Channel_bd_i/nfc_top_0/inst/nfc_channel_inst_1/fcc_top_1way_inst/fcc_core/fcc_phy/dq_inout[6].phy_inout_dq/ISERDESE3_inst has sub-optimal clocking topology for pins NFC_4Channel_bd_i/nfc_top_0/inst/nfc_channel_inst_1/fcc_top_1way_inst/fcc_core/fcc_phy/dq_inout[6].phy_inout_dq/ISERDESE3_inst/CLK (driver: NFC_4Channel_bd_i/clk_wiz_0/inst/clkout1_buf) and NFC_4Channel_bd_i/nfc_top_0/inst/nfc_channel_inst_1/fcc_top_1way_inst/fcc_core/fcc_phy/dq_inout[6].phy_inout_dq/ISERDESE3_inst/CLKDIV (driver: NFC_4Channel_bd_i/clk_wiz_0/inst/clkout2_buf). These pins should be driven by parallel global clock buffers by utilizing BUFGCE_DIV cell for the ISERDESE3 CLKDIV pin.
Related violations: <none>

BSCK-10#17 Warning
ISERDESE3_parallel_clock_nets  
ISERDESE3 cell NFC_4Channel_bd_i/nfc_top_0/inst/nfc_channel_inst_1/fcc_top_1way_inst/fcc_core/fcc_phy/dq_inout[7].phy_inout_dq/ISERDESE3_inst has sub-optimal clocking topology for pins NFC_4Channel_bd_i/nfc_top_0/inst/nfc_channel_inst_1/fcc_top_1way_inst/fcc_core/fcc_phy/dq_inout[7].phy_inout_dq/ISERDESE3_inst/CLK (driver: NFC_4Channel_bd_i/clk_wiz_0/inst/clkout1_buf) and NFC_4Channel_bd_i/nfc_top_0/inst/nfc_channel_inst_1/fcc_top_1way_inst/fcc_core/fcc_phy/dq_inout[7].phy_inout_dq/ISERDESE3_inst/CLKDIV (driver: NFC_4Channel_bd_i/clk_wiz_0/inst/clkout2_buf). These pins should be driven by parallel global clock buffers by utilizing BUFGCE_DIV cell for the ISERDESE3 CLKDIV pin.
Related violations: <none>

BSCK-10#18 Warning
ISERDESE3_parallel_clock_nets  
ISERDESE3 cell NFC_4Channel_bd_i/nfc_top_0/inst/nfc_channel_inst_1/fcc_top_1way_inst/fcc_core/fcc_phy/patch_false.phy_inout_dqs/ISERDESE3_inst has sub-optimal clocking topology for pins NFC_4Channel_bd_i/nfc_top_0/inst/nfc_channel_inst_1/fcc_top_1way_inst/fcc_core/fcc_phy/patch_false.phy_inout_dqs/ISERDESE3_inst/CLK (driver: NFC_4Channel_bd_i/clk_wiz_0/inst/clkout1_buf) and NFC_4Channel_bd_i/nfc_top_0/inst/nfc_channel_inst_1/fcc_top_1way_inst/fcc_core/fcc_phy/patch_false.phy_inout_dqs/ISERDESE3_inst/CLKDIV (driver: NFC_4Channel_bd_i/clk_wiz_0/inst/clkout2_buf). These pins should be driven by parallel global clock buffers by utilizing BUFGCE_DIV cell for the ISERDESE3 CLKDIV pin.
Related violations: <none>

BSCK-10#19 Warning
ISERDESE3_parallel_clock_nets  
ISERDESE3 cell NFC_4Channel_bd_i/nfc_top_0/inst/nfc_channel_inst_2/fcc_top_1way_inst/fcc_core/fcc_phy/dq_inout[0].phy_inout_dq/ISERDESE3_inst has sub-optimal clocking topology for pins NFC_4Channel_bd_i/nfc_top_0/inst/nfc_channel_inst_2/fcc_top_1way_inst/fcc_core/fcc_phy/dq_inout[0].phy_inout_dq/ISERDESE3_inst/CLK (driver: NFC_4Channel_bd_i/clk_wiz_0/inst/clkout1_buf) and NFC_4Channel_bd_i/nfc_top_0/inst/nfc_channel_inst_2/fcc_top_1way_inst/fcc_core/fcc_phy/dq_inout[0].phy_inout_dq/ISERDESE3_inst/CLKDIV (driver: NFC_4Channel_bd_i/clk_wiz_0/inst/clkout2_buf). These pins should be driven by parallel global clock buffers by utilizing BUFGCE_DIV cell for the ISERDESE3 CLKDIV pin.
Related violations: <none>

BSCK-10#20 Warning
ISERDESE3_parallel_clock_nets  
ISERDESE3 cell NFC_4Channel_bd_i/nfc_top_0/inst/nfc_channel_inst_2/fcc_top_1way_inst/fcc_core/fcc_phy/dq_inout[1].phy_inout_dq/ISERDESE3_inst has sub-optimal clocking topology for pins NFC_4Channel_bd_i/nfc_top_0/inst/nfc_channel_inst_2/fcc_top_1way_inst/fcc_core/fcc_phy/dq_inout[1].phy_inout_dq/ISERDESE3_inst/CLK (driver: NFC_4Channel_bd_i/clk_wiz_0/inst/clkout1_buf) and NFC_4Channel_bd_i/nfc_top_0/inst/nfc_channel_inst_2/fcc_top_1way_inst/fcc_core/fcc_phy/dq_inout[1].phy_inout_dq/ISERDESE3_inst/CLKDIV (driver: NFC_4Channel_bd_i/clk_wiz_0/inst/clkout2_buf). These pins should be driven by parallel global clock buffers by utilizing BUFGCE_DIV cell for the ISERDESE3 CLKDIV pin.
Related violations: <none>

BSCK-10#21 Warning
ISERDESE3_parallel_clock_nets  
ISERDESE3 cell NFC_4Channel_bd_i/nfc_top_0/inst/nfc_channel_inst_2/fcc_top_1way_inst/fcc_core/fcc_phy/dq_inout[2].phy_inout_dq/ISERDESE3_inst has sub-optimal clocking topology for pins NFC_4Channel_bd_i/nfc_top_0/inst/nfc_channel_inst_2/fcc_top_1way_inst/fcc_core/fcc_phy/dq_inout[2].phy_inout_dq/ISERDESE3_inst/CLK (driver: NFC_4Channel_bd_i/clk_wiz_0/inst/clkout1_buf) and NFC_4Channel_bd_i/nfc_top_0/inst/nfc_channel_inst_2/fcc_top_1way_inst/fcc_core/fcc_phy/dq_inout[2].phy_inout_dq/ISERDESE3_inst/CLKDIV (driver: NFC_4Channel_bd_i/clk_wiz_0/inst/clkout2_buf). These pins should be driven by parallel global clock buffers by utilizing BUFGCE_DIV cell for the ISERDESE3 CLKDIV pin.
Related violations: <none>

BSCK-10#22 Warning
ISERDESE3_parallel_clock_nets  
ISERDESE3 cell NFC_4Channel_bd_i/nfc_top_0/inst/nfc_channel_inst_2/fcc_top_1way_inst/fcc_core/fcc_phy/dq_inout[3].phy_inout_dq/ISERDESE3_inst has sub-optimal clocking topology for pins NFC_4Channel_bd_i/nfc_top_0/inst/nfc_channel_inst_2/fcc_top_1way_inst/fcc_core/fcc_phy/dq_inout[3].phy_inout_dq/ISERDESE3_inst/CLK (driver: NFC_4Channel_bd_i/clk_wiz_0/inst/clkout1_buf) and NFC_4Channel_bd_i/nfc_top_0/inst/nfc_channel_inst_2/fcc_top_1way_inst/fcc_core/fcc_phy/dq_inout[3].phy_inout_dq/ISERDESE3_inst/CLKDIV (driver: NFC_4Channel_bd_i/clk_wiz_0/inst/clkout2_buf). These pins should be driven by parallel global clock buffers by utilizing BUFGCE_DIV cell for the ISERDESE3 CLKDIV pin.
Related violations: <none>

BSCK-10#23 Warning
ISERDESE3_parallel_clock_nets  
ISERDESE3 cell NFC_4Channel_bd_i/nfc_top_0/inst/nfc_channel_inst_2/fcc_top_1way_inst/fcc_core/fcc_phy/dq_inout[4].phy_inout_dq/ISERDESE3_inst has sub-optimal clocking topology for pins NFC_4Channel_bd_i/nfc_top_0/inst/nfc_channel_inst_2/fcc_top_1way_inst/fcc_core/fcc_phy/dq_inout[4].phy_inout_dq/ISERDESE3_inst/CLK (driver: NFC_4Channel_bd_i/clk_wiz_0/inst/clkout1_buf) and NFC_4Channel_bd_i/nfc_top_0/inst/nfc_channel_inst_2/fcc_top_1way_inst/fcc_core/fcc_phy/dq_inout[4].phy_inout_dq/ISERDESE3_inst/CLKDIV (driver: NFC_4Channel_bd_i/clk_wiz_0/inst/clkout2_buf). These pins should be driven by parallel global clock buffers by utilizing BUFGCE_DIV cell for the ISERDESE3 CLKDIV pin.
Related violations: <none>

BSCK-10#24 Warning
ISERDESE3_parallel_clock_nets  
ISERDESE3 cell NFC_4Channel_bd_i/nfc_top_0/inst/nfc_channel_inst_2/fcc_top_1way_inst/fcc_core/fcc_phy/dq_inout[5].phy_inout_dq/ISERDESE3_inst has sub-optimal clocking topology for pins NFC_4Channel_bd_i/nfc_top_0/inst/nfc_channel_inst_2/fcc_top_1way_inst/fcc_core/fcc_phy/dq_inout[5].phy_inout_dq/ISERDESE3_inst/CLK (driver: NFC_4Channel_bd_i/clk_wiz_0/inst/clkout1_buf) and NFC_4Channel_bd_i/nfc_top_0/inst/nfc_channel_inst_2/fcc_top_1way_inst/fcc_core/fcc_phy/dq_inout[5].phy_inout_dq/ISERDESE3_inst/CLKDIV (driver: NFC_4Channel_bd_i/clk_wiz_0/inst/clkout2_buf). These pins should be driven by parallel global clock buffers by utilizing BUFGCE_DIV cell for the ISERDESE3 CLKDIV pin.
Related violations: <none>

BSCK-10#25 Warning
ISERDESE3_parallel_clock_nets  
ISERDESE3 cell NFC_4Channel_bd_i/nfc_top_0/inst/nfc_channel_inst_2/fcc_top_1way_inst/fcc_core/fcc_phy/dq_inout[6].phy_inout_dq/ISERDESE3_inst has sub-optimal clocking topology for pins NFC_4Channel_bd_i/nfc_top_0/inst/nfc_channel_inst_2/fcc_top_1way_inst/fcc_core/fcc_phy/dq_inout[6].phy_inout_dq/ISERDESE3_inst/CLK (driver: NFC_4Channel_bd_i/clk_wiz_0/inst/clkout1_buf) and NFC_4Channel_bd_i/nfc_top_0/inst/nfc_channel_inst_2/fcc_top_1way_inst/fcc_core/fcc_phy/dq_inout[6].phy_inout_dq/ISERDESE3_inst/CLKDIV (driver: NFC_4Channel_bd_i/clk_wiz_0/inst/clkout2_buf). These pins should be driven by parallel global clock buffers by utilizing BUFGCE_DIV cell for the ISERDESE3 CLKDIV pin.
Related violations: <none>

BSCK-10#26 Warning
ISERDESE3_parallel_clock_nets  
ISERDESE3 cell NFC_4Channel_bd_i/nfc_top_0/inst/nfc_channel_inst_2/fcc_top_1way_inst/fcc_core/fcc_phy/dq_inout[7].phy_inout_dq/ISERDESE3_inst has sub-optimal clocking topology for pins NFC_4Channel_bd_i/nfc_top_0/inst/nfc_channel_inst_2/fcc_top_1way_inst/fcc_core/fcc_phy/dq_inout[7].phy_inout_dq/ISERDESE3_inst/CLK (driver: NFC_4Channel_bd_i/clk_wiz_0/inst/clkout1_buf) and NFC_4Channel_bd_i/nfc_top_0/inst/nfc_channel_inst_2/fcc_top_1way_inst/fcc_core/fcc_phy/dq_inout[7].phy_inout_dq/ISERDESE3_inst/CLKDIV (driver: NFC_4Channel_bd_i/clk_wiz_0/inst/clkout2_buf). These pins should be driven by parallel global clock buffers by utilizing BUFGCE_DIV cell for the ISERDESE3 CLKDIV pin.
Related violations: <none>

BSCK-10#27 Warning
ISERDESE3_parallel_clock_nets  
ISERDESE3 cell NFC_4Channel_bd_i/nfc_top_0/inst/nfc_channel_inst_2/fcc_top_1way_inst/fcc_core/fcc_phy/patch_false.phy_inout_dqs/ISERDESE3_inst has sub-optimal clocking topology for pins NFC_4Channel_bd_i/nfc_top_0/inst/nfc_channel_inst_2/fcc_top_1way_inst/fcc_core/fcc_phy/patch_false.phy_inout_dqs/ISERDESE3_inst/CLK (driver: NFC_4Channel_bd_i/clk_wiz_0/inst/clkout1_buf) and NFC_4Channel_bd_i/nfc_top_0/inst/nfc_channel_inst_2/fcc_top_1way_inst/fcc_core/fcc_phy/patch_false.phy_inout_dqs/ISERDESE3_inst/CLKDIV (driver: NFC_4Channel_bd_i/clk_wiz_0/inst/clkout2_buf). These pins should be driven by parallel global clock buffers by utilizing BUFGCE_DIV cell for the ISERDESE3 CLKDIV pin.
Related violations: <none>

BSCK-10#28 Warning
ISERDESE3_parallel_clock_nets  
ISERDESE3 cell NFC_4Channel_bd_i/nfc_top_0/inst/nfc_channel_inst_3/fcc_top_1way_inst/fcc_core/fcc_phy/dq_inout[0].phy_inout_dq/ISERDESE3_inst has sub-optimal clocking topology for pins NFC_4Channel_bd_i/nfc_top_0/inst/nfc_channel_inst_3/fcc_top_1way_inst/fcc_core/fcc_phy/dq_inout[0].phy_inout_dq/ISERDESE3_inst/CLK (driver: NFC_4Channel_bd_i/clk_wiz_0/inst/clkout1_buf) and NFC_4Channel_bd_i/nfc_top_0/inst/nfc_channel_inst_3/fcc_top_1way_inst/fcc_core/fcc_phy/dq_inout[0].phy_inout_dq/ISERDESE3_inst/CLKDIV (driver: NFC_4Channel_bd_i/clk_wiz_0/inst/clkout2_buf). These pins should be driven by parallel global clock buffers by utilizing BUFGCE_DIV cell for the ISERDESE3 CLKDIV pin.
Related violations: <none>

BSCK-10#29 Warning
ISERDESE3_parallel_clock_nets  
ISERDESE3 cell NFC_4Channel_bd_i/nfc_top_0/inst/nfc_channel_inst_3/fcc_top_1way_inst/fcc_core/fcc_phy/dq_inout[1].phy_inout_dq/ISERDESE3_inst has sub-optimal clocking topology for pins NFC_4Channel_bd_i/nfc_top_0/inst/nfc_channel_inst_3/fcc_top_1way_inst/fcc_core/fcc_phy/dq_inout[1].phy_inout_dq/ISERDESE3_inst/CLK (driver: NFC_4Channel_bd_i/clk_wiz_0/inst/clkout1_buf) and NFC_4Channel_bd_i/nfc_top_0/inst/nfc_channel_inst_3/fcc_top_1way_inst/fcc_core/fcc_phy/dq_inout[1].phy_inout_dq/ISERDESE3_inst/CLKDIV (driver: NFC_4Channel_bd_i/clk_wiz_0/inst/clkout2_buf). These pins should be driven by parallel global clock buffers by utilizing BUFGCE_DIV cell for the ISERDESE3 CLKDIV pin.
Related violations: <none>

BSCK-10#30 Warning
ISERDESE3_parallel_clock_nets  
ISERDESE3 cell NFC_4Channel_bd_i/nfc_top_0/inst/nfc_channel_inst_3/fcc_top_1way_inst/fcc_core/fcc_phy/dq_inout[2].phy_inout_dq/ISERDESE3_inst has sub-optimal clocking topology for pins NFC_4Channel_bd_i/nfc_top_0/inst/nfc_channel_inst_3/fcc_top_1way_inst/fcc_core/fcc_phy/dq_inout[2].phy_inout_dq/ISERDESE3_inst/CLK (driver: NFC_4Channel_bd_i/clk_wiz_0/inst/clkout1_buf) and NFC_4Channel_bd_i/nfc_top_0/inst/nfc_channel_inst_3/fcc_top_1way_inst/fcc_core/fcc_phy/dq_inout[2].phy_inout_dq/ISERDESE3_inst/CLKDIV (driver: NFC_4Channel_bd_i/clk_wiz_0/inst/clkout2_buf). These pins should be driven by parallel global clock buffers by utilizing BUFGCE_DIV cell for the ISERDESE3 CLKDIV pin.
Related violations: <none>

BSCK-10#31 Warning
ISERDESE3_parallel_clock_nets  
ISERDESE3 cell NFC_4Channel_bd_i/nfc_top_0/inst/nfc_channel_inst_3/fcc_top_1way_inst/fcc_core/fcc_phy/dq_inout[3].phy_inout_dq/ISERDESE3_inst has sub-optimal clocking topology for pins NFC_4Channel_bd_i/nfc_top_0/inst/nfc_channel_inst_3/fcc_top_1way_inst/fcc_core/fcc_phy/dq_inout[3].phy_inout_dq/ISERDESE3_inst/CLK (driver: NFC_4Channel_bd_i/clk_wiz_0/inst/clkout1_buf) and NFC_4Channel_bd_i/nfc_top_0/inst/nfc_channel_inst_3/fcc_top_1way_inst/fcc_core/fcc_phy/dq_inout[3].phy_inout_dq/ISERDESE3_inst/CLKDIV (driver: NFC_4Channel_bd_i/clk_wiz_0/inst/clkout2_buf). These pins should be driven by parallel global clock buffers by utilizing BUFGCE_DIV cell for the ISERDESE3 CLKDIV pin.
Related violations: <none>

BSCK-10#32 Warning
ISERDESE3_parallel_clock_nets  
ISERDESE3 cell NFC_4Channel_bd_i/nfc_top_0/inst/nfc_channel_inst_3/fcc_top_1way_inst/fcc_core/fcc_phy/dq_inout[4].phy_inout_dq/ISERDESE3_inst has sub-optimal clocking topology for pins NFC_4Channel_bd_i/nfc_top_0/inst/nfc_channel_inst_3/fcc_top_1way_inst/fcc_core/fcc_phy/dq_inout[4].phy_inout_dq/ISERDESE3_inst/CLK (driver: NFC_4Channel_bd_i/clk_wiz_0/inst/clkout1_buf) and NFC_4Channel_bd_i/nfc_top_0/inst/nfc_channel_inst_3/fcc_top_1way_inst/fcc_core/fcc_phy/dq_inout[4].phy_inout_dq/ISERDESE3_inst/CLKDIV (driver: NFC_4Channel_bd_i/clk_wiz_0/inst/clkout2_buf). These pins should be driven by parallel global clock buffers by utilizing BUFGCE_DIV cell for the ISERDESE3 CLKDIV pin.
Related violations: <none>

BSCK-10#33 Warning
ISERDESE3_parallel_clock_nets  
ISERDESE3 cell NFC_4Channel_bd_i/nfc_top_0/inst/nfc_channel_inst_3/fcc_top_1way_inst/fcc_core/fcc_phy/dq_inout[5].phy_inout_dq/ISERDESE3_inst has sub-optimal clocking topology for pins NFC_4Channel_bd_i/nfc_top_0/inst/nfc_channel_inst_3/fcc_top_1way_inst/fcc_core/fcc_phy/dq_inout[5].phy_inout_dq/ISERDESE3_inst/CLK (driver: NFC_4Channel_bd_i/clk_wiz_0/inst/clkout1_buf) and NFC_4Channel_bd_i/nfc_top_0/inst/nfc_channel_inst_3/fcc_top_1way_inst/fcc_core/fcc_phy/dq_inout[5].phy_inout_dq/ISERDESE3_inst/CLKDIV (driver: NFC_4Channel_bd_i/clk_wiz_0/inst/clkout2_buf). These pins should be driven by parallel global clock buffers by utilizing BUFGCE_DIV cell for the ISERDESE3 CLKDIV pin.
Related violations: <none>

BSCK-10#34 Warning
ISERDESE3_parallel_clock_nets  
ISERDESE3 cell NFC_4Channel_bd_i/nfc_top_0/inst/nfc_channel_inst_3/fcc_top_1way_inst/fcc_core/fcc_phy/dq_inout[6].phy_inout_dq/ISERDESE3_inst has sub-optimal clocking topology for pins NFC_4Channel_bd_i/nfc_top_0/inst/nfc_channel_inst_3/fcc_top_1way_inst/fcc_core/fcc_phy/dq_inout[6].phy_inout_dq/ISERDESE3_inst/CLK (driver: NFC_4Channel_bd_i/clk_wiz_0/inst/clkout1_buf) and NFC_4Channel_bd_i/nfc_top_0/inst/nfc_channel_inst_3/fcc_top_1way_inst/fcc_core/fcc_phy/dq_inout[6].phy_inout_dq/ISERDESE3_inst/CLKDIV (driver: NFC_4Channel_bd_i/clk_wiz_0/inst/clkout2_buf). These pins should be driven by parallel global clock buffers by utilizing BUFGCE_DIV cell for the ISERDESE3 CLKDIV pin.
Related violations: <none>

BSCK-10#35 Warning
ISERDESE3_parallel_clock_nets  
ISERDESE3 cell NFC_4Channel_bd_i/nfc_top_0/inst/nfc_channel_inst_3/fcc_top_1way_inst/fcc_core/fcc_phy/dq_inout[7].phy_inout_dq/ISERDESE3_inst has sub-optimal clocking topology for pins NFC_4Channel_bd_i/nfc_top_0/inst/nfc_channel_inst_3/fcc_top_1way_inst/fcc_core/fcc_phy/dq_inout[7].phy_inout_dq/ISERDESE3_inst/CLK (driver: NFC_4Channel_bd_i/clk_wiz_0/inst/clkout1_buf) and NFC_4Channel_bd_i/nfc_top_0/inst/nfc_channel_inst_3/fcc_top_1way_inst/fcc_core/fcc_phy/dq_inout[7].phy_inout_dq/ISERDESE3_inst/CLKDIV (driver: NFC_4Channel_bd_i/clk_wiz_0/inst/clkout2_buf). These pins should be driven by parallel global clock buffers by utilizing BUFGCE_DIV cell for the ISERDESE3 CLKDIV pin.
Related violations: <none>

BSCK-10#36 Warning
ISERDESE3_parallel_clock_nets  
ISERDESE3 cell NFC_4Channel_bd_i/nfc_top_0/inst/nfc_channel_inst_3/fcc_top_1way_inst/fcc_core/fcc_phy/patch_false.phy_inout_dqs/ISERDESE3_inst has sub-optimal clocking topology for pins NFC_4Channel_bd_i/nfc_top_0/inst/nfc_channel_inst_3/fcc_top_1way_inst/fcc_core/fcc_phy/patch_false.phy_inout_dqs/ISERDESE3_inst/CLK (driver: NFC_4Channel_bd_i/clk_wiz_0/inst/clkout1_buf) and NFC_4Channel_bd_i/nfc_top_0/inst/nfc_channel_inst_3/fcc_top_1way_inst/fcc_core/fcc_phy/patch_false.phy_inout_dqs/ISERDESE3_inst/CLKDIV (driver: NFC_4Channel_bd_i/clk_wiz_0/inst/clkout2_buf). These pins should be driven by parallel global clock buffers by utilizing BUFGCE_DIV cell for the ISERDESE3 CLKDIV pin.
Related violations: <none>

BSCK-11#1 Warning
OSERDESE3_parallel_clock_nets  
OSERDESE3 cell NFC_4Channel_bd_i/nfc_top_0/inst/nfc_channel_inst_0/fcc_top_1way_inst/fcc_core/fcc_phy/dq_inout[0].phy_inout_dq/OSERDESE3_inst has sub-optimal clocking topology for pins NFC_4Channel_bd_i/nfc_top_0/inst/nfc_channel_inst_0/fcc_top_1way_inst/fcc_core/fcc_phy/dq_inout[0].phy_inout_dq/OSERDESE3_inst/CLK (driver: NFC_4Channel_bd_i/clk_wiz_0/inst/clkout1_buf) and NFC_4Channel_bd_i/nfc_top_0/inst/nfc_channel_inst_0/fcc_top_1way_inst/fcc_core/fcc_phy/dq_inout[0].phy_inout_dq/OSERDESE3_inst/CLKDIV (driver: NFC_4Channel_bd_i/clk_wiz_0/inst/clkout2_buf). These pins should be driven by parallel global clock buffers by utilizing BUFGCE_DIV cell for the OSERDESE3 CLKDIV pin.
Related violations: <none>

BSCK-11#2 Warning
OSERDESE3_parallel_clock_nets  
OSERDESE3 cell NFC_4Channel_bd_i/nfc_top_0/inst/nfc_channel_inst_0/fcc_top_1way_inst/fcc_core/fcc_phy/dq_inout[1].phy_inout_dq/OSERDESE3_inst has sub-optimal clocking topology for pins NFC_4Channel_bd_i/nfc_top_0/inst/nfc_channel_inst_0/fcc_top_1way_inst/fcc_core/fcc_phy/dq_inout[1].phy_inout_dq/OSERDESE3_inst/CLK (driver: NFC_4Channel_bd_i/clk_wiz_0/inst/clkout1_buf) and NFC_4Channel_bd_i/nfc_top_0/inst/nfc_channel_inst_0/fcc_top_1way_inst/fcc_core/fcc_phy/dq_inout[1].phy_inout_dq/OSERDESE3_inst/CLKDIV (driver: NFC_4Channel_bd_i/clk_wiz_0/inst/clkout2_buf). These pins should be driven by parallel global clock buffers by utilizing BUFGCE_DIV cell for the OSERDESE3 CLKDIV pin.
Related violations: <none>

BSCK-11#3 Warning
OSERDESE3_parallel_clock_nets  
OSERDESE3 cell NFC_4Channel_bd_i/nfc_top_0/inst/nfc_channel_inst_0/fcc_top_1way_inst/fcc_core/fcc_phy/dq_inout[2].phy_inout_dq/OSERDESE3_inst has sub-optimal clocking topology for pins NFC_4Channel_bd_i/nfc_top_0/inst/nfc_channel_inst_0/fcc_top_1way_inst/fcc_core/fcc_phy/dq_inout[2].phy_inout_dq/OSERDESE3_inst/CLK (driver: NFC_4Channel_bd_i/clk_wiz_0/inst/clkout1_buf) and NFC_4Channel_bd_i/nfc_top_0/inst/nfc_channel_inst_0/fcc_top_1way_inst/fcc_core/fcc_phy/dq_inout[2].phy_inout_dq/OSERDESE3_inst/CLKDIV (driver: NFC_4Channel_bd_i/clk_wiz_0/inst/clkout2_buf). These pins should be driven by parallel global clock buffers by utilizing BUFGCE_DIV cell for the OSERDESE3 CLKDIV pin.
Related violations: <none>

BSCK-11#4 Warning
OSERDESE3_parallel_clock_nets  
OSERDESE3 cell NFC_4Channel_bd_i/nfc_top_0/inst/nfc_channel_inst_0/fcc_top_1way_inst/fcc_core/fcc_phy/dq_inout[3].phy_inout_dq/OSERDESE3_inst has sub-optimal clocking topology for pins NFC_4Channel_bd_i/nfc_top_0/inst/nfc_channel_inst_0/fcc_top_1way_inst/fcc_core/fcc_phy/dq_inout[3].phy_inout_dq/OSERDESE3_inst/CLK (driver: NFC_4Channel_bd_i/clk_wiz_0/inst/clkout1_buf) and NFC_4Channel_bd_i/nfc_top_0/inst/nfc_channel_inst_0/fcc_top_1way_inst/fcc_core/fcc_phy/dq_inout[3].phy_inout_dq/OSERDESE3_inst/CLKDIV (driver: NFC_4Channel_bd_i/clk_wiz_0/inst/clkout2_buf). These pins should be driven by parallel global clock buffers by utilizing BUFGCE_DIV cell for the OSERDESE3 CLKDIV pin.
Related violations: <none>

BSCK-11#5 Warning
OSERDESE3_parallel_clock_nets  
OSERDESE3 cell NFC_4Channel_bd_i/nfc_top_0/inst/nfc_channel_inst_0/fcc_top_1way_inst/fcc_core/fcc_phy/dq_inout[4].phy_inout_dq/OSERDESE3_inst has sub-optimal clocking topology for pins NFC_4Channel_bd_i/nfc_top_0/inst/nfc_channel_inst_0/fcc_top_1way_inst/fcc_core/fcc_phy/dq_inout[4].phy_inout_dq/OSERDESE3_inst/CLK (driver: NFC_4Channel_bd_i/clk_wiz_0/inst/clkout1_buf) and NFC_4Channel_bd_i/nfc_top_0/inst/nfc_channel_inst_0/fcc_top_1way_inst/fcc_core/fcc_phy/dq_inout[4].phy_inout_dq/OSERDESE3_inst/CLKDIV (driver: NFC_4Channel_bd_i/clk_wiz_0/inst/clkout2_buf). These pins should be driven by parallel global clock buffers by utilizing BUFGCE_DIV cell for the OSERDESE3 CLKDIV pin.
Related violations: <none>

BSCK-11#6 Warning
OSERDESE3_parallel_clock_nets  
OSERDESE3 cell NFC_4Channel_bd_i/nfc_top_0/inst/nfc_channel_inst_0/fcc_top_1way_inst/fcc_core/fcc_phy/dq_inout[5].phy_inout_dq/OSERDESE3_inst has sub-optimal clocking topology for pins NFC_4Channel_bd_i/nfc_top_0/inst/nfc_channel_inst_0/fcc_top_1way_inst/fcc_core/fcc_phy/dq_inout[5].phy_inout_dq/OSERDESE3_inst/CLK (driver: NFC_4Channel_bd_i/clk_wiz_0/inst/clkout1_buf) and NFC_4Channel_bd_i/nfc_top_0/inst/nfc_channel_inst_0/fcc_top_1way_inst/fcc_core/fcc_phy/dq_inout[5].phy_inout_dq/OSERDESE3_inst/CLKDIV (driver: NFC_4Channel_bd_i/clk_wiz_0/inst/clkout2_buf). These pins should be driven by parallel global clock buffers by utilizing BUFGCE_DIV cell for the OSERDESE3 CLKDIV pin.
Related violations: <none>

BSCK-11#7 Warning
OSERDESE3_parallel_clock_nets  
OSERDESE3 cell NFC_4Channel_bd_i/nfc_top_0/inst/nfc_channel_inst_0/fcc_top_1way_inst/fcc_core/fcc_phy/dq_inout[6].phy_inout_dq/OSERDESE3_inst has sub-optimal clocking topology for pins NFC_4Channel_bd_i/nfc_top_0/inst/nfc_channel_inst_0/fcc_top_1way_inst/fcc_core/fcc_phy/dq_inout[6].phy_inout_dq/OSERDESE3_inst/CLK (driver: NFC_4Channel_bd_i/clk_wiz_0/inst/clkout1_buf) and NFC_4Channel_bd_i/nfc_top_0/inst/nfc_channel_inst_0/fcc_top_1way_inst/fcc_core/fcc_phy/dq_inout[6].phy_inout_dq/OSERDESE3_inst/CLKDIV (driver: NFC_4Channel_bd_i/clk_wiz_0/inst/clkout2_buf). These pins should be driven by parallel global clock buffers by utilizing BUFGCE_DIV cell for the OSERDESE3 CLKDIV pin.
Related violations: <none>

BSCK-11#8 Warning
OSERDESE3_parallel_clock_nets  
OSERDESE3 cell NFC_4Channel_bd_i/nfc_top_0/inst/nfc_channel_inst_0/fcc_top_1way_inst/fcc_core/fcc_phy/dq_inout[7].phy_inout_dq/OSERDESE3_inst has sub-optimal clocking topology for pins NFC_4Channel_bd_i/nfc_top_0/inst/nfc_channel_inst_0/fcc_top_1way_inst/fcc_core/fcc_phy/dq_inout[7].phy_inout_dq/OSERDESE3_inst/CLK (driver: NFC_4Channel_bd_i/clk_wiz_0/inst/clkout1_buf) and NFC_4Channel_bd_i/nfc_top_0/inst/nfc_channel_inst_0/fcc_top_1way_inst/fcc_core/fcc_phy/dq_inout[7].phy_inout_dq/OSERDESE3_inst/CLKDIV (driver: NFC_4Channel_bd_i/clk_wiz_0/inst/clkout2_buf). These pins should be driven by parallel global clock buffers by utilizing BUFGCE_DIV cell for the OSERDESE3 CLKDIV pin.
Related violations: <none>

BSCK-11#9 Warning
OSERDESE3_parallel_clock_nets  
OSERDESE3 cell NFC_4Channel_bd_i/nfc_top_0/inst/nfc_channel_inst_0/fcc_top_1way_inst/fcc_core/fcc_phy/patch_false.phy_inout_dqs/OSERDESE3_inst has sub-optimal clocking topology for pins NFC_4Channel_bd_i/nfc_top_0/inst/nfc_channel_inst_0/fcc_top_1way_inst/fcc_core/fcc_phy/patch_false.phy_inout_dqs/OSERDESE3_inst/CLK (driver: NFC_4Channel_bd_i/clk_wiz_0/inst/clkout1_buf) and NFC_4Channel_bd_i/nfc_top_0/inst/nfc_channel_inst_0/fcc_top_1way_inst/fcc_core/fcc_phy/patch_false.phy_inout_dqs/OSERDESE3_inst/CLKDIV (driver: NFC_4Channel_bd_i/clk_wiz_0/inst/clkout2_buf). These pins should be driven by parallel global clock buffers by utilizing BUFGCE_DIV cell for the OSERDESE3 CLKDIV pin.
Related violations: <none>

BSCK-11#10 Warning
OSERDESE3_parallel_clock_nets  
OSERDESE3 cell NFC_4Channel_bd_i/nfc_top_0/inst/nfc_channel_inst_0/fcc_top_1way_inst/fcc_core/fcc_phy/phy_out_ale/OSERDESE3_inst has sub-optimal clocking topology for pins NFC_4Channel_bd_i/nfc_top_0/inst/nfc_channel_inst_0/fcc_top_1way_inst/fcc_core/fcc_phy/phy_out_ale/OSERDESE3_inst/CLK (driver: NFC_4Channel_bd_i/clk_wiz_0/inst/clkout1_buf) and NFC_4Channel_bd_i/nfc_top_0/inst/nfc_channel_inst_0/fcc_top_1way_inst/fcc_core/fcc_phy/phy_out_ale/OSERDESE3_inst/CLKDIV (driver: NFC_4Channel_bd_i/clk_wiz_0/inst/clkout2_buf). These pins should be driven by parallel global clock buffers by utilizing BUFGCE_DIV cell for the OSERDESE3 CLKDIV pin.
Related violations: <none>

BSCK-11#11 Warning
OSERDESE3_parallel_clock_nets  
OSERDESE3 cell NFC_4Channel_bd_i/nfc_top_0/inst/nfc_channel_inst_0/fcc_top_1way_inst/fcc_core/fcc_phy/phy_out_ce_n/OSERDESE3_inst has sub-optimal clocking topology for pins NFC_4Channel_bd_i/nfc_top_0/inst/nfc_channel_inst_0/fcc_top_1way_inst/fcc_core/fcc_phy/phy_out_ce_n/OSERDESE3_inst/CLK (driver: NFC_4Channel_bd_i/clk_wiz_0/inst/clkout1_buf) and NFC_4Channel_bd_i/nfc_top_0/inst/nfc_channel_inst_0/fcc_top_1way_inst/fcc_core/fcc_phy/phy_out_ce_n/OSERDESE3_inst/CLKDIV (driver: NFC_4Channel_bd_i/clk_wiz_0/inst/clkout2_buf). These pins should be driven by parallel global clock buffers by utilizing BUFGCE_DIV cell for the OSERDESE3 CLKDIV pin.
Related violations: <none>

BSCK-11#12 Warning
OSERDESE3_parallel_clock_nets  
OSERDESE3 cell NFC_4Channel_bd_i/nfc_top_0/inst/nfc_channel_inst_0/fcc_top_1way_inst/fcc_core/fcc_phy/phy_out_cle/OSERDESE3_inst has sub-optimal clocking topology for pins NFC_4Channel_bd_i/nfc_top_0/inst/nfc_channel_inst_0/fcc_top_1way_inst/fcc_core/fcc_phy/phy_out_cle/OSERDESE3_inst/CLK (driver: NFC_4Channel_bd_i/clk_wiz_0/inst/clkout1_buf) and NFC_4Channel_bd_i/nfc_top_0/inst/nfc_channel_inst_0/fcc_top_1way_inst/fcc_core/fcc_phy/phy_out_cle/OSERDESE3_inst/CLKDIV (driver: NFC_4Channel_bd_i/clk_wiz_0/inst/clkout2_buf). These pins should be driven by parallel global clock buffers by utilizing BUFGCE_DIV cell for the OSERDESE3 CLKDIV pin.
Related violations: <none>

BSCK-11#13 Warning
OSERDESE3_parallel_clock_nets  
OSERDESE3 cell NFC_4Channel_bd_i/nfc_top_0/inst/nfc_channel_inst_0/fcc_top_1way_inst/fcc_core/fcc_phy/phy_out_re/OSERDESE3_inst has sub-optimal clocking topology for pins NFC_4Channel_bd_i/nfc_top_0/inst/nfc_channel_inst_0/fcc_top_1way_inst/fcc_core/fcc_phy/phy_out_re/OSERDESE3_inst/CLK (driver: NFC_4Channel_bd_i/clk_wiz_0/inst/clkout1_buf) and NFC_4Channel_bd_i/nfc_top_0/inst/nfc_channel_inst_0/fcc_top_1way_inst/fcc_core/fcc_phy/phy_out_re/OSERDESE3_inst/CLKDIV (driver: NFC_4Channel_bd_i/clk_wiz_0/inst/clkout2_buf). These pins should be driven by parallel global clock buffers by utilizing BUFGCE_DIV cell for the OSERDESE3 CLKDIV pin.
Related violations: <none>

BSCK-11#14 Warning
OSERDESE3_parallel_clock_nets  
OSERDESE3 cell NFC_4Channel_bd_i/nfc_top_0/inst/nfc_channel_inst_0/fcc_top_1way_inst/fcc_core/fcc_phy/phy_out_we_n/OSERDESE3_inst has sub-optimal clocking topology for pins NFC_4Channel_bd_i/nfc_top_0/inst/nfc_channel_inst_0/fcc_top_1way_inst/fcc_core/fcc_phy/phy_out_we_n/OSERDESE3_inst/CLK (driver: NFC_4Channel_bd_i/clk_wiz_0/inst/clkout1_buf) and NFC_4Channel_bd_i/nfc_top_0/inst/nfc_channel_inst_0/fcc_top_1way_inst/fcc_core/fcc_phy/phy_out_we_n/OSERDESE3_inst/CLKDIV (driver: NFC_4Channel_bd_i/clk_wiz_0/inst/clkout2_buf). These pins should be driven by parallel global clock buffers by utilizing BUFGCE_DIV cell for the OSERDESE3 CLKDIV pin.
Related violations: <none>

BSCK-11#15 Warning
OSERDESE3_parallel_clock_nets  
OSERDESE3 cell NFC_4Channel_bd_i/nfc_top_0/inst/nfc_channel_inst_0/fcc_top_1way_inst/fcc_core/fcc_phy/phy_out_wp_n/OSERDESE3_inst has sub-optimal clocking topology for pins NFC_4Channel_bd_i/nfc_top_0/inst/nfc_channel_inst_0/fcc_top_1way_inst/fcc_core/fcc_phy/phy_out_wp_n/OSERDESE3_inst/CLK (driver: NFC_4Channel_bd_i/clk_wiz_0/inst/clkout1_buf) and NFC_4Channel_bd_i/nfc_top_0/inst/nfc_channel_inst_0/fcc_top_1way_inst/fcc_core/fcc_phy/phy_out_wp_n/OSERDESE3_inst/CLKDIV (driver: NFC_4Channel_bd_i/clk_wiz_0/inst/clkout2_buf). These pins should be driven by parallel global clock buffers by utilizing BUFGCE_DIV cell for the OSERDESE3 CLKDIV pin.
Related violations: <none>

BSCK-11#16 Warning
OSERDESE3_parallel_clock_nets  
OSERDESE3 cell NFC_4Channel_bd_i/nfc_top_0/inst/nfc_channel_inst_1/fcc_top_1way_inst/fcc_core/fcc_phy/dq_inout[0].phy_inout_dq/OSERDESE3_inst has sub-optimal clocking topology for pins NFC_4Channel_bd_i/nfc_top_0/inst/nfc_channel_inst_1/fcc_top_1way_inst/fcc_core/fcc_phy/dq_inout[0].phy_inout_dq/OSERDESE3_inst/CLK (driver: NFC_4Channel_bd_i/clk_wiz_0/inst/clkout1_buf) and NFC_4Channel_bd_i/nfc_top_0/inst/nfc_channel_inst_1/fcc_top_1way_inst/fcc_core/fcc_phy/dq_inout[0].phy_inout_dq/OSERDESE3_inst/CLKDIV (driver: NFC_4Channel_bd_i/clk_wiz_0/inst/clkout2_buf). These pins should be driven by parallel global clock buffers by utilizing BUFGCE_DIV cell for the OSERDESE3 CLKDIV pin.
Related violations: <none>

BSCK-11#17 Warning
OSERDESE3_parallel_clock_nets  
OSERDESE3 cell NFC_4Channel_bd_i/nfc_top_0/inst/nfc_channel_inst_1/fcc_top_1way_inst/fcc_core/fcc_phy/dq_inout[1].phy_inout_dq/OSERDESE3_inst has sub-optimal clocking topology for pins NFC_4Channel_bd_i/nfc_top_0/inst/nfc_channel_inst_1/fcc_top_1way_inst/fcc_core/fcc_phy/dq_inout[1].phy_inout_dq/OSERDESE3_inst/CLK (driver: NFC_4Channel_bd_i/clk_wiz_0/inst/clkout1_buf) and NFC_4Channel_bd_i/nfc_top_0/inst/nfc_channel_inst_1/fcc_top_1way_inst/fcc_core/fcc_phy/dq_inout[1].phy_inout_dq/OSERDESE3_inst/CLKDIV (driver: NFC_4Channel_bd_i/clk_wiz_0/inst/clkout2_buf). These pins should be driven by parallel global clock buffers by utilizing BUFGCE_DIV cell for the OSERDESE3 CLKDIV pin.
Related violations: <none>

BSCK-11#18 Warning
OSERDESE3_parallel_clock_nets  
OSERDESE3 cell NFC_4Channel_bd_i/nfc_top_0/inst/nfc_channel_inst_1/fcc_top_1way_inst/fcc_core/fcc_phy/dq_inout[2].phy_inout_dq/OSERDESE3_inst has sub-optimal clocking topology for pins NFC_4Channel_bd_i/nfc_top_0/inst/nfc_channel_inst_1/fcc_top_1way_inst/fcc_core/fcc_phy/dq_inout[2].phy_inout_dq/OSERDESE3_inst/CLK (driver: NFC_4Channel_bd_i/clk_wiz_0/inst/clkout1_buf) and NFC_4Channel_bd_i/nfc_top_0/inst/nfc_channel_inst_1/fcc_top_1way_inst/fcc_core/fcc_phy/dq_inout[2].phy_inout_dq/OSERDESE3_inst/CLKDIV (driver: NFC_4Channel_bd_i/clk_wiz_0/inst/clkout2_buf). These pins should be driven by parallel global clock buffers by utilizing BUFGCE_DIV cell for the OSERDESE3 CLKDIV pin.
Related violations: <none>

BSCK-11#19 Warning
OSERDESE3_parallel_clock_nets  
OSERDESE3 cell NFC_4Channel_bd_i/nfc_top_0/inst/nfc_channel_inst_1/fcc_top_1way_inst/fcc_core/fcc_phy/dq_inout[3].phy_inout_dq/OSERDESE3_inst has sub-optimal clocking topology for pins NFC_4Channel_bd_i/nfc_top_0/inst/nfc_channel_inst_1/fcc_top_1way_inst/fcc_core/fcc_phy/dq_inout[3].phy_inout_dq/OSERDESE3_inst/CLK (driver: NFC_4Channel_bd_i/clk_wiz_0/inst/clkout1_buf) and NFC_4Channel_bd_i/nfc_top_0/inst/nfc_channel_inst_1/fcc_top_1way_inst/fcc_core/fcc_phy/dq_inout[3].phy_inout_dq/OSERDESE3_inst/CLKDIV (driver: NFC_4Channel_bd_i/clk_wiz_0/inst/clkout2_buf). These pins should be driven by parallel global clock buffers by utilizing BUFGCE_DIV cell for the OSERDESE3 CLKDIV pin.
Related violations: <none>

BSCK-11#20 Warning
OSERDESE3_parallel_clock_nets  
OSERDESE3 cell NFC_4Channel_bd_i/nfc_top_0/inst/nfc_channel_inst_1/fcc_top_1way_inst/fcc_core/fcc_phy/dq_inout[4].phy_inout_dq/OSERDESE3_inst has sub-optimal clocking topology for pins NFC_4Channel_bd_i/nfc_top_0/inst/nfc_channel_inst_1/fcc_top_1way_inst/fcc_core/fcc_phy/dq_inout[4].phy_inout_dq/OSERDESE3_inst/CLK (driver: NFC_4Channel_bd_i/clk_wiz_0/inst/clkout1_buf) and NFC_4Channel_bd_i/nfc_top_0/inst/nfc_channel_inst_1/fcc_top_1way_inst/fcc_core/fcc_phy/dq_inout[4].phy_inout_dq/OSERDESE3_inst/CLKDIV (driver: NFC_4Channel_bd_i/clk_wiz_0/inst/clkout2_buf). These pins should be driven by parallel global clock buffers by utilizing BUFGCE_DIV cell for the OSERDESE3 CLKDIV pin.
Related violations: <none>

BSCK-11#21 Warning
OSERDESE3_parallel_clock_nets  
OSERDESE3 cell NFC_4Channel_bd_i/nfc_top_0/inst/nfc_channel_inst_1/fcc_top_1way_inst/fcc_core/fcc_phy/dq_inout[5].phy_inout_dq/OSERDESE3_inst has sub-optimal clocking topology for pins NFC_4Channel_bd_i/nfc_top_0/inst/nfc_channel_inst_1/fcc_top_1way_inst/fcc_core/fcc_phy/dq_inout[5].phy_inout_dq/OSERDESE3_inst/CLK (driver: NFC_4Channel_bd_i/clk_wiz_0/inst/clkout1_buf) and NFC_4Channel_bd_i/nfc_top_0/inst/nfc_channel_inst_1/fcc_top_1way_inst/fcc_core/fcc_phy/dq_inout[5].phy_inout_dq/OSERDESE3_inst/CLKDIV (driver: NFC_4Channel_bd_i/clk_wiz_0/inst/clkout2_buf). These pins should be driven by parallel global clock buffers by utilizing BUFGCE_DIV cell for the OSERDESE3 CLKDIV pin.
Related violations: <none>

BSCK-11#22 Warning
OSERDESE3_parallel_clock_nets  
OSERDESE3 cell NFC_4Channel_bd_i/nfc_top_0/inst/nfc_channel_inst_1/fcc_top_1way_inst/fcc_core/fcc_phy/dq_inout[6].phy_inout_dq/OSERDESE3_inst has sub-optimal clocking topology for pins NFC_4Channel_bd_i/nfc_top_0/inst/nfc_channel_inst_1/fcc_top_1way_inst/fcc_core/fcc_phy/dq_inout[6].phy_inout_dq/OSERDESE3_inst/CLK (driver: NFC_4Channel_bd_i/clk_wiz_0/inst/clkout1_buf) and NFC_4Channel_bd_i/nfc_top_0/inst/nfc_channel_inst_1/fcc_top_1way_inst/fcc_core/fcc_phy/dq_inout[6].phy_inout_dq/OSERDESE3_inst/CLKDIV (driver: NFC_4Channel_bd_i/clk_wiz_0/inst/clkout2_buf). These pins should be driven by parallel global clock buffers by utilizing BUFGCE_DIV cell for the OSERDESE3 CLKDIV pin.
Related violations: <none>

BSCK-11#23 Warning
OSERDESE3_parallel_clock_nets  
OSERDESE3 cell NFC_4Channel_bd_i/nfc_top_0/inst/nfc_channel_inst_1/fcc_top_1way_inst/fcc_core/fcc_phy/dq_inout[7].phy_inout_dq/OSERDESE3_inst has sub-optimal clocking topology for pins NFC_4Channel_bd_i/nfc_top_0/inst/nfc_channel_inst_1/fcc_top_1way_inst/fcc_core/fcc_phy/dq_inout[7].phy_inout_dq/OSERDESE3_inst/CLK (driver: NFC_4Channel_bd_i/clk_wiz_0/inst/clkout1_buf) and NFC_4Channel_bd_i/nfc_top_0/inst/nfc_channel_inst_1/fcc_top_1way_inst/fcc_core/fcc_phy/dq_inout[7].phy_inout_dq/OSERDESE3_inst/CLKDIV (driver: NFC_4Channel_bd_i/clk_wiz_0/inst/clkout2_buf). These pins should be driven by parallel global clock buffers by utilizing BUFGCE_DIV cell for the OSERDESE3 CLKDIV pin.
Related violations: <none>

BSCK-11#24 Warning
OSERDESE3_parallel_clock_nets  
OSERDESE3 cell NFC_4Channel_bd_i/nfc_top_0/inst/nfc_channel_inst_1/fcc_top_1way_inst/fcc_core/fcc_phy/patch_false.phy_inout_dqs/OSERDESE3_inst has sub-optimal clocking topology for pins NFC_4Channel_bd_i/nfc_top_0/inst/nfc_channel_inst_1/fcc_top_1way_inst/fcc_core/fcc_phy/patch_false.phy_inout_dqs/OSERDESE3_inst/CLK (driver: NFC_4Channel_bd_i/clk_wiz_0/inst/clkout1_buf) and NFC_4Channel_bd_i/nfc_top_0/inst/nfc_channel_inst_1/fcc_top_1way_inst/fcc_core/fcc_phy/patch_false.phy_inout_dqs/OSERDESE3_inst/CLKDIV (driver: NFC_4Channel_bd_i/clk_wiz_0/inst/clkout2_buf). These pins should be driven by parallel global clock buffers by utilizing BUFGCE_DIV cell for the OSERDESE3 CLKDIV pin.
Related violations: <none>

BSCK-11#25 Warning
OSERDESE3_parallel_clock_nets  
OSERDESE3 cell NFC_4Channel_bd_i/nfc_top_0/inst/nfc_channel_inst_1/fcc_top_1way_inst/fcc_core/fcc_phy/phy_out_ale/OSERDESE3_inst has sub-optimal clocking topology for pins NFC_4Channel_bd_i/nfc_top_0/inst/nfc_channel_inst_1/fcc_top_1way_inst/fcc_core/fcc_phy/phy_out_ale/OSERDESE3_inst/CLK (driver: NFC_4Channel_bd_i/clk_wiz_0/inst/clkout1_buf) and NFC_4Channel_bd_i/nfc_top_0/inst/nfc_channel_inst_1/fcc_top_1way_inst/fcc_core/fcc_phy/phy_out_ale/OSERDESE3_inst/CLKDIV (driver: NFC_4Channel_bd_i/clk_wiz_0/inst/clkout2_buf). These pins should be driven by parallel global clock buffers by utilizing BUFGCE_DIV cell for the OSERDESE3 CLKDIV pin.
Related violations: <none>

BSCK-11#26 Warning
OSERDESE3_parallel_clock_nets  
OSERDESE3 cell NFC_4Channel_bd_i/nfc_top_0/inst/nfc_channel_inst_1/fcc_top_1way_inst/fcc_core/fcc_phy/phy_out_ce_n/OSERDESE3_inst has sub-optimal clocking topology for pins NFC_4Channel_bd_i/nfc_top_0/inst/nfc_channel_inst_1/fcc_top_1way_inst/fcc_core/fcc_phy/phy_out_ce_n/OSERDESE3_inst/CLK (driver: NFC_4Channel_bd_i/clk_wiz_0/inst/clkout1_buf) and NFC_4Channel_bd_i/nfc_top_0/inst/nfc_channel_inst_1/fcc_top_1way_inst/fcc_core/fcc_phy/phy_out_ce_n/OSERDESE3_inst/CLKDIV (driver: NFC_4Channel_bd_i/clk_wiz_0/inst/clkout2_buf). These pins should be driven by parallel global clock buffers by utilizing BUFGCE_DIV cell for the OSERDESE3 CLKDIV pin.
Related violations: <none>

BSCK-11#27 Warning
OSERDESE3_parallel_clock_nets  
OSERDESE3 cell NFC_4Channel_bd_i/nfc_top_0/inst/nfc_channel_inst_1/fcc_top_1way_inst/fcc_core/fcc_phy/phy_out_cle/OSERDESE3_inst has sub-optimal clocking topology for pins NFC_4Channel_bd_i/nfc_top_0/inst/nfc_channel_inst_1/fcc_top_1way_inst/fcc_core/fcc_phy/phy_out_cle/OSERDESE3_inst/CLK (driver: NFC_4Channel_bd_i/clk_wiz_0/inst/clkout1_buf) and NFC_4Channel_bd_i/nfc_top_0/inst/nfc_channel_inst_1/fcc_top_1way_inst/fcc_core/fcc_phy/phy_out_cle/OSERDESE3_inst/CLKDIV (driver: NFC_4Channel_bd_i/clk_wiz_0/inst/clkout2_buf). These pins should be driven by parallel global clock buffers by utilizing BUFGCE_DIV cell for the OSERDESE3 CLKDIV pin.
Related violations: <none>

BSCK-11#28 Warning
OSERDESE3_parallel_clock_nets  
OSERDESE3 cell NFC_4Channel_bd_i/nfc_top_0/inst/nfc_channel_inst_1/fcc_top_1way_inst/fcc_core/fcc_phy/phy_out_re/OSERDESE3_inst has sub-optimal clocking topology for pins NFC_4Channel_bd_i/nfc_top_0/inst/nfc_channel_inst_1/fcc_top_1way_inst/fcc_core/fcc_phy/phy_out_re/OSERDESE3_inst/CLK (driver: NFC_4Channel_bd_i/clk_wiz_0/inst/clkout1_buf) and NFC_4Channel_bd_i/nfc_top_0/inst/nfc_channel_inst_1/fcc_top_1way_inst/fcc_core/fcc_phy/phy_out_re/OSERDESE3_inst/CLKDIV (driver: NFC_4Channel_bd_i/clk_wiz_0/inst/clkout2_buf). These pins should be driven by parallel global clock buffers by utilizing BUFGCE_DIV cell for the OSERDESE3 CLKDIV pin.
Related violations: <none>

BSCK-11#29 Warning
OSERDESE3_parallel_clock_nets  
OSERDESE3 cell NFC_4Channel_bd_i/nfc_top_0/inst/nfc_channel_inst_1/fcc_top_1way_inst/fcc_core/fcc_phy/phy_out_we_n/OSERDESE3_inst has sub-optimal clocking topology for pins NFC_4Channel_bd_i/nfc_top_0/inst/nfc_channel_inst_1/fcc_top_1way_inst/fcc_core/fcc_phy/phy_out_we_n/OSERDESE3_inst/CLK (driver: NFC_4Channel_bd_i/clk_wiz_0/inst/clkout1_buf) and NFC_4Channel_bd_i/nfc_top_0/inst/nfc_channel_inst_1/fcc_top_1way_inst/fcc_core/fcc_phy/phy_out_we_n/OSERDESE3_inst/CLKDIV (driver: NFC_4Channel_bd_i/clk_wiz_0/inst/clkout2_buf). These pins should be driven by parallel global clock buffers by utilizing BUFGCE_DIV cell for the OSERDESE3 CLKDIV pin.
Related violations: <none>

BSCK-11#30 Warning
OSERDESE3_parallel_clock_nets  
OSERDESE3 cell NFC_4Channel_bd_i/nfc_top_0/inst/nfc_channel_inst_1/fcc_top_1way_inst/fcc_core/fcc_phy/phy_out_wp_n/OSERDESE3_inst has sub-optimal clocking topology for pins NFC_4Channel_bd_i/nfc_top_0/inst/nfc_channel_inst_1/fcc_top_1way_inst/fcc_core/fcc_phy/phy_out_wp_n/OSERDESE3_inst/CLK (driver: NFC_4Channel_bd_i/clk_wiz_0/inst/clkout1_buf) and NFC_4Channel_bd_i/nfc_top_0/inst/nfc_channel_inst_1/fcc_top_1way_inst/fcc_core/fcc_phy/phy_out_wp_n/OSERDESE3_inst/CLKDIV (driver: NFC_4Channel_bd_i/clk_wiz_0/inst/clkout2_buf). These pins should be driven by parallel global clock buffers by utilizing BUFGCE_DIV cell for the OSERDESE3 CLKDIV pin.
Related violations: <none>

BSCK-11#31 Warning
OSERDESE3_parallel_clock_nets  
OSERDESE3 cell NFC_4Channel_bd_i/nfc_top_0/inst/nfc_channel_inst_2/fcc_top_1way_inst/fcc_core/fcc_phy/dq_inout[0].phy_inout_dq/OSERDESE3_inst has sub-optimal clocking topology for pins NFC_4Channel_bd_i/nfc_top_0/inst/nfc_channel_inst_2/fcc_top_1way_inst/fcc_core/fcc_phy/dq_inout[0].phy_inout_dq/OSERDESE3_inst/CLK (driver: NFC_4Channel_bd_i/clk_wiz_0/inst/clkout1_buf) and NFC_4Channel_bd_i/nfc_top_0/inst/nfc_channel_inst_2/fcc_top_1way_inst/fcc_core/fcc_phy/dq_inout[0].phy_inout_dq/OSERDESE3_inst/CLKDIV (driver: NFC_4Channel_bd_i/clk_wiz_0/inst/clkout2_buf). These pins should be driven by parallel global clock buffers by utilizing BUFGCE_DIV cell for the OSERDESE3 CLKDIV pin.
Related violations: <none>

BSCK-11#32 Warning
OSERDESE3_parallel_clock_nets  
OSERDESE3 cell NFC_4Channel_bd_i/nfc_top_0/inst/nfc_channel_inst_2/fcc_top_1way_inst/fcc_core/fcc_phy/dq_inout[1].phy_inout_dq/OSERDESE3_inst has sub-optimal clocking topology for pins NFC_4Channel_bd_i/nfc_top_0/inst/nfc_channel_inst_2/fcc_top_1way_inst/fcc_core/fcc_phy/dq_inout[1].phy_inout_dq/OSERDESE3_inst/CLK (driver: NFC_4Channel_bd_i/clk_wiz_0/inst/clkout1_buf) and NFC_4Channel_bd_i/nfc_top_0/inst/nfc_channel_inst_2/fcc_top_1way_inst/fcc_core/fcc_phy/dq_inout[1].phy_inout_dq/OSERDESE3_inst/CLKDIV (driver: NFC_4Channel_bd_i/clk_wiz_0/inst/clkout2_buf). These pins should be driven by parallel global clock buffers by utilizing BUFGCE_DIV cell for the OSERDESE3 CLKDIV pin.
Related violations: <none>

BSCK-11#33 Warning
OSERDESE3_parallel_clock_nets  
OSERDESE3 cell NFC_4Channel_bd_i/nfc_top_0/inst/nfc_channel_inst_2/fcc_top_1way_inst/fcc_core/fcc_phy/dq_inout[2].phy_inout_dq/OSERDESE3_inst has sub-optimal clocking topology for pins NFC_4Channel_bd_i/nfc_top_0/inst/nfc_channel_inst_2/fcc_top_1way_inst/fcc_core/fcc_phy/dq_inout[2].phy_inout_dq/OSERDESE3_inst/CLK (driver: NFC_4Channel_bd_i/clk_wiz_0/inst/clkout1_buf) and NFC_4Channel_bd_i/nfc_top_0/inst/nfc_channel_inst_2/fcc_top_1way_inst/fcc_core/fcc_phy/dq_inout[2].phy_inout_dq/OSERDESE3_inst/CLKDIV (driver: NFC_4Channel_bd_i/clk_wiz_0/inst/clkout2_buf). These pins should be driven by parallel global clock buffers by utilizing BUFGCE_DIV cell for the OSERDESE3 CLKDIV pin.
Related violations: <none>

BSCK-11#34 Warning
OSERDESE3_parallel_clock_nets  
OSERDESE3 cell NFC_4Channel_bd_i/nfc_top_0/inst/nfc_channel_inst_2/fcc_top_1way_inst/fcc_core/fcc_phy/dq_inout[3].phy_inout_dq/OSERDESE3_inst has sub-optimal clocking topology for pins NFC_4Channel_bd_i/nfc_top_0/inst/nfc_channel_inst_2/fcc_top_1way_inst/fcc_core/fcc_phy/dq_inout[3].phy_inout_dq/OSERDESE3_inst/CLK (driver: NFC_4Channel_bd_i/clk_wiz_0/inst/clkout1_buf) and NFC_4Channel_bd_i/nfc_top_0/inst/nfc_channel_inst_2/fcc_top_1way_inst/fcc_core/fcc_phy/dq_inout[3].phy_inout_dq/OSERDESE3_inst/CLKDIV (driver: NFC_4Channel_bd_i/clk_wiz_0/inst/clkout2_buf). These pins should be driven by parallel global clock buffers by utilizing BUFGCE_DIV cell for the OSERDESE3 CLKDIV pin.
Related violations: <none>

BSCK-11#35 Warning
OSERDESE3_parallel_clock_nets  
OSERDESE3 cell NFC_4Channel_bd_i/nfc_top_0/inst/nfc_channel_inst_2/fcc_top_1way_inst/fcc_core/fcc_phy/dq_inout[4].phy_inout_dq/OSERDESE3_inst has sub-optimal clocking topology for pins NFC_4Channel_bd_i/nfc_top_0/inst/nfc_channel_inst_2/fcc_top_1way_inst/fcc_core/fcc_phy/dq_inout[4].phy_inout_dq/OSERDESE3_inst/CLK (driver: NFC_4Channel_bd_i/clk_wiz_0/inst/clkout1_buf) and NFC_4Channel_bd_i/nfc_top_0/inst/nfc_channel_inst_2/fcc_top_1way_inst/fcc_core/fcc_phy/dq_inout[4].phy_inout_dq/OSERDESE3_inst/CLKDIV (driver: NFC_4Channel_bd_i/clk_wiz_0/inst/clkout2_buf). These pins should be driven by parallel global clock buffers by utilizing BUFGCE_DIV cell for the OSERDESE3 CLKDIV pin.
Related violations: <none>

BSCK-11#36 Warning
OSERDESE3_parallel_clock_nets  
OSERDESE3 cell NFC_4Channel_bd_i/nfc_top_0/inst/nfc_channel_inst_2/fcc_top_1way_inst/fcc_core/fcc_phy/dq_inout[5].phy_inout_dq/OSERDESE3_inst has sub-optimal clocking topology for pins NFC_4Channel_bd_i/nfc_top_0/inst/nfc_channel_inst_2/fcc_top_1way_inst/fcc_core/fcc_phy/dq_inout[5].phy_inout_dq/OSERDESE3_inst/CLK (driver: NFC_4Channel_bd_i/clk_wiz_0/inst/clkout1_buf) and NFC_4Channel_bd_i/nfc_top_0/inst/nfc_channel_inst_2/fcc_top_1way_inst/fcc_core/fcc_phy/dq_inout[5].phy_inout_dq/OSERDESE3_inst/CLKDIV (driver: NFC_4Channel_bd_i/clk_wiz_0/inst/clkout2_buf). These pins should be driven by parallel global clock buffers by utilizing BUFGCE_DIV cell for the OSERDESE3 CLKDIV pin.
Related violations: <none>

BSCK-11#37 Warning
OSERDESE3_parallel_clock_nets  
OSERDESE3 cell NFC_4Channel_bd_i/nfc_top_0/inst/nfc_channel_inst_2/fcc_top_1way_inst/fcc_core/fcc_phy/dq_inout[6].phy_inout_dq/OSERDESE3_inst has sub-optimal clocking topology for pins NFC_4Channel_bd_i/nfc_top_0/inst/nfc_channel_inst_2/fcc_top_1way_inst/fcc_core/fcc_phy/dq_inout[6].phy_inout_dq/OSERDESE3_inst/CLK (driver: NFC_4Channel_bd_i/clk_wiz_0/inst/clkout1_buf) and NFC_4Channel_bd_i/nfc_top_0/inst/nfc_channel_inst_2/fcc_top_1way_inst/fcc_core/fcc_phy/dq_inout[6].phy_inout_dq/OSERDESE3_inst/CLKDIV (driver: NFC_4Channel_bd_i/clk_wiz_0/inst/clkout2_buf). These pins should be driven by parallel global clock buffers by utilizing BUFGCE_DIV cell for the OSERDESE3 CLKDIV pin.
Related violations: <none>

BSCK-11#38 Warning
OSERDESE3_parallel_clock_nets  
OSERDESE3 cell NFC_4Channel_bd_i/nfc_top_0/inst/nfc_channel_inst_2/fcc_top_1way_inst/fcc_core/fcc_phy/dq_inout[7].phy_inout_dq/OSERDESE3_inst has sub-optimal clocking topology for pins NFC_4Channel_bd_i/nfc_top_0/inst/nfc_channel_inst_2/fcc_top_1way_inst/fcc_core/fcc_phy/dq_inout[7].phy_inout_dq/OSERDESE3_inst/CLK (driver: NFC_4Channel_bd_i/clk_wiz_0/inst/clkout1_buf) and NFC_4Channel_bd_i/nfc_top_0/inst/nfc_channel_inst_2/fcc_top_1way_inst/fcc_core/fcc_phy/dq_inout[7].phy_inout_dq/OSERDESE3_inst/CLKDIV (driver: NFC_4Channel_bd_i/clk_wiz_0/inst/clkout2_buf). These pins should be driven by parallel global clock buffers by utilizing BUFGCE_DIV cell for the OSERDESE3 CLKDIV pin.
Related violations: <none>

BSCK-11#39 Warning
OSERDESE3_parallel_clock_nets  
OSERDESE3 cell NFC_4Channel_bd_i/nfc_top_0/inst/nfc_channel_inst_2/fcc_top_1way_inst/fcc_core/fcc_phy/patch_false.phy_inout_dqs/OSERDESE3_inst has sub-optimal clocking topology for pins NFC_4Channel_bd_i/nfc_top_0/inst/nfc_channel_inst_2/fcc_top_1way_inst/fcc_core/fcc_phy/patch_false.phy_inout_dqs/OSERDESE3_inst/CLK (driver: NFC_4Channel_bd_i/clk_wiz_0/inst/clkout1_buf) and NFC_4Channel_bd_i/nfc_top_0/inst/nfc_channel_inst_2/fcc_top_1way_inst/fcc_core/fcc_phy/patch_false.phy_inout_dqs/OSERDESE3_inst/CLKDIV (driver: NFC_4Channel_bd_i/clk_wiz_0/inst/clkout2_buf). These pins should be driven by parallel global clock buffers by utilizing BUFGCE_DIV cell for the OSERDESE3 CLKDIV pin.
Related violations: <none>

BSCK-11#40 Warning
OSERDESE3_parallel_clock_nets  
OSERDESE3 cell NFC_4Channel_bd_i/nfc_top_0/inst/nfc_channel_inst_2/fcc_top_1way_inst/fcc_core/fcc_phy/phy_out_ale/OSERDESE3_inst has sub-optimal clocking topology for pins NFC_4Channel_bd_i/nfc_top_0/inst/nfc_channel_inst_2/fcc_top_1way_inst/fcc_core/fcc_phy/phy_out_ale/OSERDESE3_inst/CLK (driver: NFC_4Channel_bd_i/clk_wiz_0/inst/clkout1_buf) and NFC_4Channel_bd_i/nfc_top_0/inst/nfc_channel_inst_2/fcc_top_1way_inst/fcc_core/fcc_phy/phy_out_ale/OSERDESE3_inst/CLKDIV (driver: NFC_4Channel_bd_i/clk_wiz_0/inst/clkout2_buf). These pins should be driven by parallel global clock buffers by utilizing BUFGCE_DIV cell for the OSERDESE3 CLKDIV pin.
Related violations: <none>

BSCK-11#41 Warning
OSERDESE3_parallel_clock_nets  
OSERDESE3 cell NFC_4Channel_bd_i/nfc_top_0/inst/nfc_channel_inst_2/fcc_top_1way_inst/fcc_core/fcc_phy/phy_out_ce_n/OSERDESE3_inst has sub-optimal clocking topology for pins NFC_4Channel_bd_i/nfc_top_0/inst/nfc_channel_inst_2/fcc_top_1way_inst/fcc_core/fcc_phy/phy_out_ce_n/OSERDESE3_inst/CLK (driver: NFC_4Channel_bd_i/clk_wiz_0/inst/clkout1_buf) and NFC_4Channel_bd_i/nfc_top_0/inst/nfc_channel_inst_2/fcc_top_1way_inst/fcc_core/fcc_phy/phy_out_ce_n/OSERDESE3_inst/CLKDIV (driver: NFC_4Channel_bd_i/clk_wiz_0/inst/clkout2_buf). These pins should be driven by parallel global clock buffers by utilizing BUFGCE_DIV cell for the OSERDESE3 CLKDIV pin.
Related violations: <none>

BSCK-11#42 Warning
OSERDESE3_parallel_clock_nets  
OSERDESE3 cell NFC_4Channel_bd_i/nfc_top_0/inst/nfc_channel_inst_2/fcc_top_1way_inst/fcc_core/fcc_phy/phy_out_cle/OSERDESE3_inst has sub-optimal clocking topology for pins NFC_4Channel_bd_i/nfc_top_0/inst/nfc_channel_inst_2/fcc_top_1way_inst/fcc_core/fcc_phy/phy_out_cle/OSERDESE3_inst/CLK (driver: NFC_4Channel_bd_i/clk_wiz_0/inst/clkout1_buf) and NFC_4Channel_bd_i/nfc_top_0/inst/nfc_channel_inst_2/fcc_top_1way_inst/fcc_core/fcc_phy/phy_out_cle/OSERDESE3_inst/CLKDIV (driver: NFC_4Channel_bd_i/clk_wiz_0/inst/clkout2_buf). These pins should be driven by parallel global clock buffers by utilizing BUFGCE_DIV cell for the OSERDESE3 CLKDIV pin.
Related violations: <none>

BSCK-11#43 Warning
OSERDESE3_parallel_clock_nets  
OSERDESE3 cell NFC_4Channel_bd_i/nfc_top_0/inst/nfc_channel_inst_2/fcc_top_1way_inst/fcc_core/fcc_phy/phy_out_re/OSERDESE3_inst has sub-optimal clocking topology for pins NFC_4Channel_bd_i/nfc_top_0/inst/nfc_channel_inst_2/fcc_top_1way_inst/fcc_core/fcc_phy/phy_out_re/OSERDESE3_inst/CLK (driver: NFC_4Channel_bd_i/clk_wiz_0/inst/clkout1_buf) and NFC_4Channel_bd_i/nfc_top_0/inst/nfc_channel_inst_2/fcc_top_1way_inst/fcc_core/fcc_phy/phy_out_re/OSERDESE3_inst/CLKDIV (driver: NFC_4Channel_bd_i/clk_wiz_0/inst/clkout2_buf). These pins should be driven by parallel global clock buffers by utilizing BUFGCE_DIV cell for the OSERDESE3 CLKDIV pin.
Related violations: <none>

BSCK-11#44 Warning
OSERDESE3_parallel_clock_nets  
OSERDESE3 cell NFC_4Channel_bd_i/nfc_top_0/inst/nfc_channel_inst_2/fcc_top_1way_inst/fcc_core/fcc_phy/phy_out_we_n/OSERDESE3_inst has sub-optimal clocking topology for pins NFC_4Channel_bd_i/nfc_top_0/inst/nfc_channel_inst_2/fcc_top_1way_inst/fcc_core/fcc_phy/phy_out_we_n/OSERDESE3_inst/CLK (driver: NFC_4Channel_bd_i/clk_wiz_0/inst/clkout1_buf) and NFC_4Channel_bd_i/nfc_top_0/inst/nfc_channel_inst_2/fcc_top_1way_inst/fcc_core/fcc_phy/phy_out_we_n/OSERDESE3_inst/CLKDIV (driver: NFC_4Channel_bd_i/clk_wiz_0/inst/clkout2_buf). These pins should be driven by parallel global clock buffers by utilizing BUFGCE_DIV cell for the OSERDESE3 CLKDIV pin.
Related violations: <none>

BSCK-11#45 Warning
OSERDESE3_parallel_clock_nets  
OSERDESE3 cell NFC_4Channel_bd_i/nfc_top_0/inst/nfc_channel_inst_2/fcc_top_1way_inst/fcc_core/fcc_phy/phy_out_wp_n/OSERDESE3_inst has sub-optimal clocking topology for pins NFC_4Channel_bd_i/nfc_top_0/inst/nfc_channel_inst_2/fcc_top_1way_inst/fcc_core/fcc_phy/phy_out_wp_n/OSERDESE3_inst/CLK (driver: NFC_4Channel_bd_i/clk_wiz_0/inst/clkout1_buf) and NFC_4Channel_bd_i/nfc_top_0/inst/nfc_channel_inst_2/fcc_top_1way_inst/fcc_core/fcc_phy/phy_out_wp_n/OSERDESE3_inst/CLKDIV (driver: NFC_4Channel_bd_i/clk_wiz_0/inst/clkout2_buf). These pins should be driven by parallel global clock buffers by utilizing BUFGCE_DIV cell for the OSERDESE3 CLKDIV pin.
Related violations: <none>

BSCK-11#46 Warning
OSERDESE3_parallel_clock_nets  
OSERDESE3 cell NFC_4Channel_bd_i/nfc_top_0/inst/nfc_channel_inst_3/fcc_top_1way_inst/fcc_core/fcc_phy/dq_inout[0].phy_inout_dq/OSERDESE3_inst has sub-optimal clocking topology for pins NFC_4Channel_bd_i/nfc_top_0/inst/nfc_channel_inst_3/fcc_top_1way_inst/fcc_core/fcc_phy/dq_inout[0].phy_inout_dq/OSERDESE3_inst/CLK (driver: NFC_4Channel_bd_i/clk_wiz_0/inst/clkout1_buf) and NFC_4Channel_bd_i/nfc_top_0/inst/nfc_channel_inst_3/fcc_top_1way_inst/fcc_core/fcc_phy/dq_inout[0].phy_inout_dq/OSERDESE3_inst/CLKDIV (driver: NFC_4Channel_bd_i/clk_wiz_0/inst/clkout2_buf). These pins should be driven by parallel global clock buffers by utilizing BUFGCE_DIV cell for the OSERDESE3 CLKDIV pin.
Related violations: <none>

BSCK-11#47 Warning
OSERDESE3_parallel_clock_nets  
OSERDESE3 cell NFC_4Channel_bd_i/nfc_top_0/inst/nfc_channel_inst_3/fcc_top_1way_inst/fcc_core/fcc_phy/dq_inout[1].phy_inout_dq/OSERDESE3_inst has sub-optimal clocking topology for pins NFC_4Channel_bd_i/nfc_top_0/inst/nfc_channel_inst_3/fcc_top_1way_inst/fcc_core/fcc_phy/dq_inout[1].phy_inout_dq/OSERDESE3_inst/CLK (driver: NFC_4Channel_bd_i/clk_wiz_0/inst/clkout1_buf) and NFC_4Channel_bd_i/nfc_top_0/inst/nfc_channel_inst_3/fcc_top_1way_inst/fcc_core/fcc_phy/dq_inout[1].phy_inout_dq/OSERDESE3_inst/CLKDIV (driver: NFC_4Channel_bd_i/clk_wiz_0/inst/clkout2_buf). These pins should be driven by parallel global clock buffers by utilizing BUFGCE_DIV cell for the OSERDESE3 CLKDIV pin.
Related violations: <none>

BSCK-11#48 Warning
OSERDESE3_parallel_clock_nets  
OSERDESE3 cell NFC_4Channel_bd_i/nfc_top_0/inst/nfc_channel_inst_3/fcc_top_1way_inst/fcc_core/fcc_phy/dq_inout[2].phy_inout_dq/OSERDESE3_inst has sub-optimal clocking topology for pins NFC_4Channel_bd_i/nfc_top_0/inst/nfc_channel_inst_3/fcc_top_1way_inst/fcc_core/fcc_phy/dq_inout[2].phy_inout_dq/OSERDESE3_inst/CLK (driver: NFC_4Channel_bd_i/clk_wiz_0/inst/clkout1_buf) and NFC_4Channel_bd_i/nfc_top_0/inst/nfc_channel_inst_3/fcc_top_1way_inst/fcc_core/fcc_phy/dq_inout[2].phy_inout_dq/OSERDESE3_inst/CLKDIV (driver: NFC_4Channel_bd_i/clk_wiz_0/inst/clkout2_buf). These pins should be driven by parallel global clock buffers by utilizing BUFGCE_DIV cell for the OSERDESE3 CLKDIV pin.
Related violations: <none>

BSCK-11#49 Warning
OSERDESE3_parallel_clock_nets  
OSERDESE3 cell NFC_4Channel_bd_i/nfc_top_0/inst/nfc_channel_inst_3/fcc_top_1way_inst/fcc_core/fcc_phy/dq_inout[3].phy_inout_dq/OSERDESE3_inst has sub-optimal clocking topology for pins NFC_4Channel_bd_i/nfc_top_0/inst/nfc_channel_inst_3/fcc_top_1way_inst/fcc_core/fcc_phy/dq_inout[3].phy_inout_dq/OSERDESE3_inst/CLK (driver: NFC_4Channel_bd_i/clk_wiz_0/inst/clkout1_buf) and NFC_4Channel_bd_i/nfc_top_0/inst/nfc_channel_inst_3/fcc_top_1way_inst/fcc_core/fcc_phy/dq_inout[3].phy_inout_dq/OSERDESE3_inst/CLKDIV (driver: NFC_4Channel_bd_i/clk_wiz_0/inst/clkout2_buf). These pins should be driven by parallel global clock buffers by utilizing BUFGCE_DIV cell for the OSERDESE3 CLKDIV pin.
Related violations: <none>

BSCK-11#50 Warning
OSERDESE3_parallel_clock_nets  
OSERDESE3 cell NFC_4Channel_bd_i/nfc_top_0/inst/nfc_channel_inst_3/fcc_top_1way_inst/fcc_core/fcc_phy/dq_inout[4].phy_inout_dq/OSERDESE3_inst has sub-optimal clocking topology for pins NFC_4Channel_bd_i/nfc_top_0/inst/nfc_channel_inst_3/fcc_top_1way_inst/fcc_core/fcc_phy/dq_inout[4].phy_inout_dq/OSERDESE3_inst/CLK (driver: NFC_4Channel_bd_i/clk_wiz_0/inst/clkout1_buf) and NFC_4Channel_bd_i/nfc_top_0/inst/nfc_channel_inst_3/fcc_top_1way_inst/fcc_core/fcc_phy/dq_inout[4].phy_inout_dq/OSERDESE3_inst/CLKDIV (driver: NFC_4Channel_bd_i/clk_wiz_0/inst/clkout2_buf). These pins should be driven by parallel global clock buffers by utilizing BUFGCE_DIV cell for the OSERDESE3 CLKDIV pin.
Related violations: <none>

BSCK-11#51 Warning
OSERDESE3_parallel_clock_nets  
OSERDESE3 cell NFC_4Channel_bd_i/nfc_top_0/inst/nfc_channel_inst_3/fcc_top_1way_inst/fcc_core/fcc_phy/dq_inout[5].phy_inout_dq/OSERDESE3_inst has sub-optimal clocking topology for pins NFC_4Channel_bd_i/nfc_top_0/inst/nfc_channel_inst_3/fcc_top_1way_inst/fcc_core/fcc_phy/dq_inout[5].phy_inout_dq/OSERDESE3_inst/CLK (driver: NFC_4Channel_bd_i/clk_wiz_0/inst/clkout1_buf) and NFC_4Channel_bd_i/nfc_top_0/inst/nfc_channel_inst_3/fcc_top_1way_inst/fcc_core/fcc_phy/dq_inout[5].phy_inout_dq/OSERDESE3_inst/CLKDIV (driver: NFC_4Channel_bd_i/clk_wiz_0/inst/clkout2_buf). These pins should be driven by parallel global clock buffers by utilizing BUFGCE_DIV cell for the OSERDESE3 CLKDIV pin.
Related violations: <none>

BSCK-11#52 Warning
OSERDESE3_parallel_clock_nets  
OSERDESE3 cell NFC_4Channel_bd_i/nfc_top_0/inst/nfc_channel_inst_3/fcc_top_1way_inst/fcc_core/fcc_phy/dq_inout[6].phy_inout_dq/OSERDESE3_inst has sub-optimal clocking topology for pins NFC_4Channel_bd_i/nfc_top_0/inst/nfc_channel_inst_3/fcc_top_1way_inst/fcc_core/fcc_phy/dq_inout[6].phy_inout_dq/OSERDESE3_inst/CLK (driver: NFC_4Channel_bd_i/clk_wiz_0/inst/clkout1_buf) and NFC_4Channel_bd_i/nfc_top_0/inst/nfc_channel_inst_3/fcc_top_1way_inst/fcc_core/fcc_phy/dq_inout[6].phy_inout_dq/OSERDESE3_inst/CLKDIV (driver: NFC_4Channel_bd_i/clk_wiz_0/inst/clkout2_buf). These pins should be driven by parallel global clock buffers by utilizing BUFGCE_DIV cell for the OSERDESE3 CLKDIV pin.
Related violations: <none>

BSCK-11#53 Warning
OSERDESE3_parallel_clock_nets  
OSERDESE3 cell NFC_4Channel_bd_i/nfc_top_0/inst/nfc_channel_inst_3/fcc_top_1way_inst/fcc_core/fcc_phy/dq_inout[7].phy_inout_dq/OSERDESE3_inst has sub-optimal clocking topology for pins NFC_4Channel_bd_i/nfc_top_0/inst/nfc_channel_inst_3/fcc_top_1way_inst/fcc_core/fcc_phy/dq_inout[7].phy_inout_dq/OSERDESE3_inst/CLK (driver: NFC_4Channel_bd_i/clk_wiz_0/inst/clkout1_buf) and NFC_4Channel_bd_i/nfc_top_0/inst/nfc_channel_inst_3/fcc_top_1way_inst/fcc_core/fcc_phy/dq_inout[7].phy_inout_dq/OSERDESE3_inst/CLKDIV (driver: NFC_4Channel_bd_i/clk_wiz_0/inst/clkout2_buf). These pins should be driven by parallel global clock buffers by utilizing BUFGCE_DIV cell for the OSERDESE3 CLKDIV pin.
Related violations: <none>

BSCK-11#54 Warning
OSERDESE3_parallel_clock_nets  
OSERDESE3 cell NFC_4Channel_bd_i/nfc_top_0/inst/nfc_channel_inst_3/fcc_top_1way_inst/fcc_core/fcc_phy/patch_false.phy_inout_dqs/OSERDESE3_inst has sub-optimal clocking topology for pins NFC_4Channel_bd_i/nfc_top_0/inst/nfc_channel_inst_3/fcc_top_1way_inst/fcc_core/fcc_phy/patch_false.phy_inout_dqs/OSERDESE3_inst/CLK (driver: NFC_4Channel_bd_i/clk_wiz_0/inst/clkout1_buf) and NFC_4Channel_bd_i/nfc_top_0/inst/nfc_channel_inst_3/fcc_top_1way_inst/fcc_core/fcc_phy/patch_false.phy_inout_dqs/OSERDESE3_inst/CLKDIV (driver: NFC_4Channel_bd_i/clk_wiz_0/inst/clkout2_buf). These pins should be driven by parallel global clock buffers by utilizing BUFGCE_DIV cell for the OSERDESE3 CLKDIV pin.
Related violations: <none>

BSCK-11#55 Warning
OSERDESE3_parallel_clock_nets  
OSERDESE3 cell NFC_4Channel_bd_i/nfc_top_0/inst/nfc_channel_inst_3/fcc_top_1way_inst/fcc_core/fcc_phy/phy_out_ale/OSERDESE3_inst has sub-optimal clocking topology for pins NFC_4Channel_bd_i/nfc_top_0/inst/nfc_channel_inst_3/fcc_top_1way_inst/fcc_core/fcc_phy/phy_out_ale/OSERDESE3_inst/CLK (driver: NFC_4Channel_bd_i/clk_wiz_0/inst/clkout1_buf) and NFC_4Channel_bd_i/nfc_top_0/inst/nfc_channel_inst_3/fcc_top_1way_inst/fcc_core/fcc_phy/phy_out_ale/OSERDESE3_inst/CLKDIV (driver: NFC_4Channel_bd_i/clk_wiz_0/inst/clkout2_buf). These pins should be driven by parallel global clock buffers by utilizing BUFGCE_DIV cell for the OSERDESE3 CLKDIV pin.
Related violations: <none>

BSCK-11#56 Warning
OSERDESE3_parallel_clock_nets  
OSERDESE3 cell NFC_4Channel_bd_i/nfc_top_0/inst/nfc_channel_inst_3/fcc_top_1way_inst/fcc_core/fcc_phy/phy_out_ce_n/OSERDESE3_inst has sub-optimal clocking topology for pins NFC_4Channel_bd_i/nfc_top_0/inst/nfc_channel_inst_3/fcc_top_1way_inst/fcc_core/fcc_phy/phy_out_ce_n/OSERDESE3_inst/CLK (driver: NFC_4Channel_bd_i/clk_wiz_0/inst/clkout1_buf) and NFC_4Channel_bd_i/nfc_top_0/inst/nfc_channel_inst_3/fcc_top_1way_inst/fcc_core/fcc_phy/phy_out_ce_n/OSERDESE3_inst/CLKDIV (driver: NFC_4Channel_bd_i/clk_wiz_0/inst/clkout2_buf). These pins should be driven by parallel global clock buffers by utilizing BUFGCE_DIV cell for the OSERDESE3 CLKDIV pin.
Related violations: <none>

BSCK-11#57 Warning
OSERDESE3_parallel_clock_nets  
OSERDESE3 cell NFC_4Channel_bd_i/nfc_top_0/inst/nfc_channel_inst_3/fcc_top_1way_inst/fcc_core/fcc_phy/phy_out_cle/OSERDESE3_inst has sub-optimal clocking topology for pins NFC_4Channel_bd_i/nfc_top_0/inst/nfc_channel_inst_3/fcc_top_1way_inst/fcc_core/fcc_phy/phy_out_cle/OSERDESE3_inst/CLK (driver: NFC_4Channel_bd_i/clk_wiz_0/inst/clkout1_buf) and NFC_4Channel_bd_i/nfc_top_0/inst/nfc_channel_inst_3/fcc_top_1way_inst/fcc_core/fcc_phy/phy_out_cle/OSERDESE3_inst/CLKDIV (driver: NFC_4Channel_bd_i/clk_wiz_0/inst/clkout2_buf). These pins should be driven by parallel global clock buffers by utilizing BUFGCE_DIV cell for the OSERDESE3 CLKDIV pin.
Related violations: <none>

BSCK-11#58 Warning
OSERDESE3_parallel_clock_nets  
OSERDESE3 cell NFC_4Channel_bd_i/nfc_top_0/inst/nfc_channel_inst_3/fcc_top_1way_inst/fcc_core/fcc_phy/phy_out_re/OSERDESE3_inst has sub-optimal clocking topology for pins NFC_4Channel_bd_i/nfc_top_0/inst/nfc_channel_inst_3/fcc_top_1way_inst/fcc_core/fcc_phy/phy_out_re/OSERDESE3_inst/CLK (driver: NFC_4Channel_bd_i/clk_wiz_0/inst/clkout1_buf) and NFC_4Channel_bd_i/nfc_top_0/inst/nfc_channel_inst_3/fcc_top_1way_inst/fcc_core/fcc_phy/phy_out_re/OSERDESE3_inst/CLKDIV (driver: NFC_4Channel_bd_i/clk_wiz_0/inst/clkout2_buf). These pins should be driven by parallel global clock buffers by utilizing BUFGCE_DIV cell for the OSERDESE3 CLKDIV pin.
Related violations: <none>

BSCK-11#59 Warning
OSERDESE3_parallel_clock_nets  
OSERDESE3 cell NFC_4Channel_bd_i/nfc_top_0/inst/nfc_channel_inst_3/fcc_top_1way_inst/fcc_core/fcc_phy/phy_out_we_n/OSERDESE3_inst has sub-optimal clocking topology for pins NFC_4Channel_bd_i/nfc_top_0/inst/nfc_channel_inst_3/fcc_top_1way_inst/fcc_core/fcc_phy/phy_out_we_n/OSERDESE3_inst/CLK (driver: NFC_4Channel_bd_i/clk_wiz_0/inst/clkout1_buf) and NFC_4Channel_bd_i/nfc_top_0/inst/nfc_channel_inst_3/fcc_top_1way_inst/fcc_core/fcc_phy/phy_out_we_n/OSERDESE3_inst/CLKDIV (driver: NFC_4Channel_bd_i/clk_wiz_0/inst/clkout2_buf). These pins should be driven by parallel global clock buffers by utilizing BUFGCE_DIV cell for the OSERDESE3 CLKDIV pin.
Related violations: <none>

BSCK-11#60 Warning
OSERDESE3_parallel_clock_nets  
OSERDESE3 cell NFC_4Channel_bd_i/nfc_top_0/inst/nfc_channel_inst_3/fcc_top_1way_inst/fcc_core/fcc_phy/phy_out_wp_n/OSERDESE3_inst has sub-optimal clocking topology for pins NFC_4Channel_bd_i/nfc_top_0/inst/nfc_channel_inst_3/fcc_top_1way_inst/fcc_core/fcc_phy/phy_out_wp_n/OSERDESE3_inst/CLK (driver: NFC_4Channel_bd_i/clk_wiz_0/inst/clkout1_buf) and NFC_4Channel_bd_i/nfc_top_0/inst/nfc_channel_inst_3/fcc_top_1way_inst/fcc_core/fcc_phy/phy_out_wp_n/OSERDESE3_inst/CLKDIV (driver: NFC_4Channel_bd_i/clk_wiz_0/inst/clkout2_buf). These pins should be driven by parallel global clock buffers by utilizing BUFGCE_DIV cell for the OSERDESE3 CLKDIV pin.
Related violations: <none>

TIMING-18#1 Warning
Missing input or output delay  
An input delay is missing on IO_NAND_DQS_N_0[0] relative to clock(s) clk_in1_0
Related violations: <none>

TIMING-18#2 Warning
Missing input or output delay  
An input delay is missing on IO_NAND_DQS_N_0[1] relative to clock(s) clk_in1_0
Related violations: <none>

TIMING-18#3 Warning
Missing input or output delay  
An input delay is missing on IO_NAND_DQS_N_0[2] relative to clock(s) clk_in1_0
Related violations: <none>

TIMING-18#4 Warning
Missing input or output delay  
An input delay is missing on IO_NAND_DQS_N_0[3] relative to clock(s) clk_in1_0
Related violations: <none>

TIMING-18#5 Warning
Missing input or output delay  
An input delay is missing on IO_NAND_DQS_P_0[0] relative to clock(s) clk_in1_0
Related violations: <none>

TIMING-18#6 Warning
Missing input or output delay  
An input delay is missing on IO_NAND_DQS_P_0[1] relative to clock(s) clk_in1_0
Related violations: <none>

TIMING-18#7 Warning
Missing input or output delay  
An input delay is missing on IO_NAND_DQS_P_0[2] relative to clock(s) clk_in1_0
Related violations: <none>

TIMING-18#8 Warning
Missing input or output delay  
An input delay is missing on IO_NAND_DQS_P_0[3] relative to clock(s) clk_in1_0
Related violations: <none>

TIMING-18#9 Warning
Missing input or output delay  
An input delay is missing on IO_NAND_DQ_0[0] relative to clock(s) clk_in1_0
Related violations: <none>

TIMING-18#10 Warning
Missing input or output delay  
An input delay is missing on IO_NAND_DQ_0[10] relative to clock(s) clk_in1_0
Related violations: <none>

TIMING-18#11 Warning
Missing input or output delay  
An input delay is missing on IO_NAND_DQ_0[11] relative to clock(s) clk_in1_0
Related violations: <none>

TIMING-18#12 Warning
Missing input or output delay  
An input delay is missing on IO_NAND_DQ_0[12] relative to clock(s) clk_in1_0
Related violations: <none>

TIMING-18#13 Warning
Missing input or output delay  
An input delay is missing on IO_NAND_DQ_0[13] relative to clock(s) clk_in1_0
Related violations: <none>

TIMING-18#14 Warning
Missing input or output delay  
An input delay is missing on IO_NAND_DQ_0[14] relative to clock(s) clk_in1_0
Related violations: <none>

TIMING-18#15 Warning
Missing input or output delay  
An input delay is missing on IO_NAND_DQ_0[15] relative to clock(s) clk_in1_0
Related violations: <none>

TIMING-18#16 Warning
Missing input or output delay  
An input delay is missing on IO_NAND_DQ_0[16] relative to clock(s) clk_in1_0
Related violations: <none>

TIMING-18#17 Warning
Missing input or output delay  
An input delay is missing on IO_NAND_DQ_0[17] relative to clock(s) clk_in1_0
Related violations: <none>

TIMING-18#18 Warning
Missing input or output delay  
An input delay is missing on IO_NAND_DQ_0[18] relative to clock(s) clk_in1_0
Related violations: <none>

TIMING-18#19 Warning
Missing input or output delay  
An input delay is missing on IO_NAND_DQ_0[19] relative to clock(s) clk_in1_0
Related violations: <none>

TIMING-18#20 Warning
Missing input or output delay  
An input delay is missing on IO_NAND_DQ_0[1] relative to clock(s) clk_in1_0
Related violations: <none>

TIMING-18#21 Warning
Missing input or output delay  
An input delay is missing on IO_NAND_DQ_0[20] relative to clock(s) clk_in1_0
Related violations: <none>

TIMING-18#22 Warning
Missing input or output delay  
An input delay is missing on IO_NAND_DQ_0[21] relative to clock(s) clk_in1_0
Related violations: <none>

TIMING-18#23 Warning
Missing input or output delay  
An input delay is missing on IO_NAND_DQ_0[22] relative to clock(s) clk_in1_0
Related violations: <none>

TIMING-18#24 Warning
Missing input or output delay  
An input delay is missing on IO_NAND_DQ_0[23] relative to clock(s) clk_in1_0
Related violations: <none>

TIMING-18#25 Warning
Missing input or output delay  
An input delay is missing on IO_NAND_DQ_0[24] relative to clock(s) clk_in1_0
Related violations: <none>

TIMING-18#26 Warning
Missing input or output delay  
An input delay is missing on IO_NAND_DQ_0[25] relative to clock(s) clk_in1_0
Related violations: <none>

TIMING-18#27 Warning
Missing input or output delay  
An input delay is missing on IO_NAND_DQ_0[26] relative to clock(s) clk_in1_0
Related violations: <none>

TIMING-18#28 Warning
Missing input or output delay  
An input delay is missing on IO_NAND_DQ_0[27] relative to clock(s) clk_in1_0
Related violations: <none>

TIMING-18#29 Warning
Missing input or output delay  
An input delay is missing on IO_NAND_DQ_0[28] relative to clock(s) clk_in1_0
Related violations: <none>

TIMING-18#30 Warning
Missing input or output delay  
An input delay is missing on IO_NAND_DQ_0[29] relative to clock(s) clk_in1_0
Related violations: <none>

TIMING-18#31 Warning
Missing input or output delay  
An input delay is missing on IO_NAND_DQ_0[2] relative to clock(s) clk_in1_0
Related violations: <none>

TIMING-18#32 Warning
Missing input or output delay  
An input delay is missing on IO_NAND_DQ_0[30] relative to clock(s) clk_in1_0
Related violations: <none>

TIMING-18#33 Warning
Missing input or output delay  
An input delay is missing on IO_NAND_DQ_0[31] relative to clock(s) clk_in1_0
Related violations: <none>

TIMING-18#34 Warning
Missing input or output delay  
An input delay is missing on IO_NAND_DQ_0[3] relative to clock(s) clk_in1_0
Related violations: <none>

TIMING-18#35 Warning
Missing input or output delay  
An input delay is missing on IO_NAND_DQ_0[4] relative to clock(s) clk_in1_0
Related violations: <none>

TIMING-18#36 Warning
Missing input or output delay  
An input delay is missing on IO_NAND_DQ_0[5] relative to clock(s) clk_in1_0
Related violations: <none>

TIMING-18#37 Warning
Missing input or output delay  
An input delay is missing on IO_NAND_DQ_0[6] relative to clock(s) clk_in1_0
Related violations: <none>

TIMING-18#38 Warning
Missing input or output delay  
An input delay is missing on IO_NAND_DQ_0[7] relative to clock(s) clk_in1_0
Related violations: <none>

TIMING-18#39 Warning
Missing input or output delay  
An input delay is missing on IO_NAND_DQ_0[8] relative to clock(s) clk_in1_0
Related violations: <none>

TIMING-18#40 Warning
Missing input or output delay  
An input delay is missing on IO_NAND_DQ_0[9] relative to clock(s) clk_in1_0
Related violations: <none>


