Copyright 1986-2019 Xilinx, Inc. All Rights Reserved.
-------------------------------------------------------------------------------------------------------------------------------------------
| Tool Version : Vivado v.2019.2 (win64) Build 2708876 Wed Nov  6 21:40:23 MST 2019
| Date         : Tue Apr 28 16:58:22 2026
| Host         : DESKTOP-TRF6PNO running 64-bit major release  (build 9200)
| Command      : report_utilization -file NFC_4Channel_bd_wrapper_utilization_placed.rpt -pb NFC_4Channel_bd_wrapper_utilization_placed.pb
| Design       : NFC_4Channel_bd_wrapper
| Device       : xczu19egffvc1760-2
| Design State : Fully Placed
-------------------------------------------------------------------------------------------------------------------------------------------

Utilization Design Information

Table of Contents
-----------------
1. CLB Logic
1.1 Summary of Registers by Type
2. CLB Logic Distribution
3. BLOCKRAM
4. ARITHMETIC
5. I/O
6. CLOCK
7. ADVANCED
8. CONFIGURATION
9. Primitives
10. Black Boxes
11. Instantiated Netlists

1. CLB Logic
------------

+----------------------------+-------+-------+-----------+-------+
|          Site Type         |  Used | Fixed | Available | Util% |
+----------------------------+-------+-------+-----------+-------+
| CLB LUTs                   | 36621 |     0 |    522720 |  7.01 |
|   LUT as Logic             | 31988 |     0 |    522720 |  6.12 |
|   LUT as Memory            |  4633 |     0 |    161280 |  2.87 |
|     LUT as Distributed RAM |  3136 |     0 |           |       |
|     LUT as Shift Register  |  1497 |     0 |           |       |
| CLB Registers              | 45663 |     0 |   1045440 |  4.37 |
|   Register as Flip Flop    | 45663 |     0 |   1045440 |  4.37 |
|   Register as Latch        |     0 |     0 |   1045440 |  0.00 |
| CARRY8                     |   238 |     0 |     65340 |  0.36 |
| F7 Muxes                   |   525 |     0 |    261360 |  0.20 |
| F8 Muxes                   |     0 |     0 |    130680 |  0.00 |
| F9 Muxes                   |     0 |     0 |     65340 |  0.00 |
+----------------------------+-------+-------+-----------+-------+


1.1 Summary of Registers by Type
--------------------------------

+-------+--------------+-------------+--------------+
| Total | Clock Enable | Synchronous | Asynchronous |
+-------+--------------+-------------+--------------+
| 0     |            _ |           - |            - |
| 0     |            _ |           - |          Set |
| 0     |            _ |           - |        Reset |
| 0     |            _ |         Set |            - |
| 0     |            _ |       Reset |            - |
| 0     |          Yes |           - |            - |
| 376   |          Yes |           - |          Set |
| 13520 |          Yes |           - |        Reset |
| 1272  |          Yes |         Set |            - |
| 30495 |          Yes |       Reset |            - |
+-------+--------------+-------------+--------------+


2. CLB Logic Distribution
-------------------------

+--------------------------------------------+-------+-------+-----------+-------+
|                  Site Type                 |  Used | Fixed | Available | Util% |
+--------------------------------------------+-------+-------+-----------+-------+
| CLB                                        |  7344 |     0 |     65340 | 11.24 |
|   CLBL                                     |  5328 |     0 |           |       |
|   CLBM                                     |  2016 |     0 |           |       |
| LUT as Logic                               | 31988 |     0 |    522720 |  6.12 |
|   using O5 output only                     |  1448 |       |           |       |
|   using O6 output only                     | 20416 |       |           |       |
|   using O5 and O6                          | 10124 |       |           |       |
| LUT as Memory                              |  4633 |     0 |    161280 |  2.87 |
|   LUT as Distributed RAM                   |  3136 |     0 |           |       |
|     using O5 output only                   |     0 |       |           |       |
|     using O6 output only                   |    40 |       |           |       |
|     using O5 and O6                        |  3096 |       |           |       |
|   LUT as Shift Register                    |  1497 |     0 |           |       |
|     using O5 output only                   |     0 |       |           |       |
|     using O6 output only                   |  1285 |       |           |       |
|     using O5 and O6                        |   212 |       |           |       |
| CLB Registers                              | 45663 |     0 |   1045440 |  4.37 |
|   Register driven from within the CLB      | 28997 |       |           |       |
|   Register driven from outside the CLB     | 16666 |       |           |       |
|     LUT in front of the register is unused | 10839 |       |           |       |
|     LUT in front of the register is used   |  5827 |       |           |       |
| Unique Control Sets                        |  2388 |       |    130680 |  1.83 |
+--------------------------------------------+-------+-------+-----------+-------+
* Note: Available Control Sets calculated as CLB Registers / 8, Review the Control Sets Report for more information regarding control sets.


3. BLOCKRAM
-----------

+-------------------+------+-------+-----------+-------+
|     Site Type     | Used | Fixed | Available | Util% |
+-------------------+------+-------+-----------+-------+
| Block RAM Tile    |   56 |     0 |       984 |  5.69 |
|   RAMB36/FIFO*    |   52 |     0 |       984 |  5.28 |
|     RAMB36E2 only |   52 |       |           |       |
|   RAMB18          |    8 |     0 |      1968 |  0.41 |
|     RAMB18E2 only |    8 |       |           |       |
| URAM              |    0 |     0 |       128 |  0.00 |
+-------------------+------+-------+-----------+-------+
* Note: Each Block RAM Tile only has one FIFO logic available and therefore can accommodate only one FIFO36E2 or one FIFO18E2. However, if a FIFO18E2 occupies a Block RAM Tile, that tile can still accommodate a RAMB18E2


4. ARITHMETIC
-------------

+-----------+------+-------+-----------+-------+
| Site Type | Used | Fixed | Available | Util% |
+-----------+------+-------+-----------+-------+
| DSPs      |    0 |     0 |      1968 |  0.00 |
+-----------+------+-------+-----------+-------+


5. I/O
------

+------------------+------+-------+-----------+-------+
|     Site Type    | Used | Fixed | Available | Util% |
+------------------+------+-------+-----------+-------+
| Bonded IOB       |   73 |    73 |       512 | 14.26 |
| HPIOB_M          |   37 |    37 |       192 | 19.27 |
|   INPUT          |    2 |       |           |       |
|   OUTPUT         |   15 |       |           |       |
|   BIDIR          |   20 |       |           |       |
| HPIOB_S          |   36 |    36 |       192 | 18.75 |
|   INPUT          |    3 |       |           |       |
|   OUTPUT         |   13 |       |           |       |
|   BIDIR          |   20 |       |           |       |
| HDIOB_M          |    0 |     0 |        48 |  0.00 |
| HDIOB_S          |    0 |     0 |        48 |  0.00 |
| HPIOB_SNGL       |    0 |     0 |        32 |  0.00 |
| HPIOBDIFFINBUF   |    4 |     4 |       264 |  1.52 |
|   DIFFINBUF      |    4 |     4 |           |       |
| HPIOBDIFFOUTBUF  |    0 |     0 |       264 |  0.00 |
| HDIOBDIFFINBUF   |    0 |     0 |        48 |  0.00 |
| BITSLICE_CONTROL |    0 |     0 |        88 |  0.00 |
| BITSLICE_RX_TX   |   60 |    60 |       572 | 10.49 |
|   ISERDES        |   36 |    36 |           |       |
|   OSERDES        |   60 |    60 |           |       |
| BITSLICE_TX      |    0 |     0 |        88 |  0.00 |
| RIU_OR           |    0 |     0 |        44 |  0.00 |
+------------------+------+-------+-----------+-------+


6. CLOCK
--------

+----------------------+------+-------+-----------+-------+
|       Site Type      | Used | Fixed | Available | Util% |
+----------------------+------+-------+-----------+-------+
| GLOBAL CLOCK BUFFERs |    5 |     0 |       940 |  0.53 |
|   BUFGCE             |    5 |     0 |       280 |  1.79 |
|   BUFGCE_DIV         |    0 |     0 |        44 |  0.00 |
|   BUFG_GT            |    0 |     0 |       456 |  0.00 |
|   BUFG_PS            |    0 |     0 |        72 |  0.00 |
|   BUFGCTRL*          |    0 |     0 |        88 |  0.00 |
| PLL                  |    0 |     0 |        22 |  0.00 |
| MMCM                 |    1 |     0 |        11 |  9.09 |
+----------------------+------+-------+-----------+-------+
* Note: Each used BUFGCTRL counts as two GLOBAL CLOCK BUFFERs. This table does not include global clocking resources, only buffer cell usage. See the Clock Utilization Report (report_clock_utilization) for detailed accounting of global clocking resource availability.


7. ADVANCED
-----------

+-----------------+------+-------+-----------+--------+
|    Site Type    | Used | Fixed | Available |  Util% |
+-----------------+------+-------+-----------+--------+
| CMACE4          |    0 |     0 |         4 |   0.00 |
| GTHE4_CHANNEL   |    0 |     0 |        32 |   0.00 |
| GTHE4_COMMON    |    0 |     0 |         8 |   0.00 |
| GTYE4_CHANNEL   |    0 |     0 |        16 |   0.00 |
| GTYE4_COMMON    |    0 |     0 |         4 |   0.00 |
| ILKNE4          |    0 |     0 |         4 |   0.00 |
| OBUFDS_GTE4     |    0 |     0 |        24 |   0.00 |
| OBUFDS_GTE4_ADV |    0 |     0 |        24 |   0.00 |
| PCIE40E4        |    0 |     0 |         5 |   0.00 |
| PS8             |    1 |     0 |         1 | 100.00 |
| SYSMONE4        |    0 |     0 |         1 |   0.00 |
+-----------------+------+-------+-----------+--------+


8. CONFIGURATION
----------------

+-------------+------+-------+-----------+-------+
|  Site Type  | Used | Fixed | Available | Util% |
+-------------+------+-------+-----------+-------+
| BSCANE2     |    0 |     0 |         4 |  0.00 |
| DNA_PORTE2  |    0 |     0 |         1 |  0.00 |
| EFUSE_USR   |    0 |     0 |         1 |  0.00 |
| FRAME_ECCE4 |    0 |     0 |         1 |  0.00 |
| ICAPE3      |    0 |     0 |         2 |  0.00 |
| MASTER_JTAG |    0 |     0 |         1 |  0.00 |
| STARTUPE3   |    0 |     0 |         1 |  0.00 |
+-------------+------+-------+-----------+-------+


9. Primitives
-------------

+------------+-------+---------------------+
|  Ref Name  |  Used | Functional Category |
+------------+-------+---------------------+
| FDRE       | 30495 |            Register |
| FDCE       | 13520 |            Register |
| LUT3       | 10844 |                 CLB |
| LUT6       |  9761 |                 CLB |
| LUT5       |  8440 |                 CLB |
| LUT4       |  5851 |                 CLB |
| RAMD32     |  5458 |                 CLB |
| LUT2       |  5120 |                 CLB |
| LUT1       |  2096 |                 CLB |
| FDSE       |  1272 |            Register |
| SRL16E     |  1033 |                 CLB |
| RAMS32     |   774 |                 CLB |
| SRLC32E    |   676 |                 CLB |
| MUXF7      |   525 |                 CLB |
| FDPE       |   376 |            Register |
| CARRY8     |   238 |                 CLB |
| OSERDESE3  |    60 |                 I/O |
| RAMB36E2   |    52 |           Block Ram |
| IBUFCTRL   |    41 |              Others |
| OBUFT      |    40 |                 I/O |
| INBUF      |    37 |                 I/O |
| ISERDESE3  |    36 |                 I/O |
| IDELAYE3   |    36 |                 I/O |
| OBUF       |    28 |                 I/O |
| RAMB18E2   |     8 |           Block Ram |
| INV        |     8 |                 CLB |
| BUFGCE     |     5 |               Clock |
| DIFFINBUF  |     4 |                 I/O |
| PS8        |     1 |            Advanced |
| MMCME4_ADV |     1 |               Clock |
+------------+-------+---------------------+


10. Black Boxes
---------------

+----------+------+
| Ref Name | Used |
+----------+------+


11. Instantiated Netlists
-------------------------

+----------------------------------------+------+
|                Ref Name                | Used |
+----------------------------------------+------+
| NFC_4Channel_bd_zynq_ultra_ps_e_0_0    |    1 |
| NFC_4Channel_bd_smartconnect_0_1       |    1 |
| NFC_4Channel_bd_smartconnect_0_0       |    1 |
| NFC_4Channel_bd_proc_sys_reset_0_0     |    1 |
| NFC_4Channel_bd_nfc_top_0_0            |    1 |
| NFC_4Channel_bd_clk_wiz_0_0            |    1 |
| NFC_4Channel_bd_axi_dma_0_4            |    1 |
| NFC_4Channel_bd_axi_dma_0_3            |    1 |
| NFC_4Channel_bd_axi_dma_0_2            |    1 |
| NFC_4Channel_bd_axi_dma_0_0            |    1 |
| NFC_4Channel_bd_axi_bram_ctrl_3_bram_0 |    1 |
| NFC_4Channel_bd_axi_bram_ctrl_2_bram_0 |    1 |
| NFC_4Channel_bd_axi_bram_ctrl_1_bram_0 |    1 |
| NFC_4Channel_bd_axi_bram_ctrl_0_bram_0 |    1 |
| NFC_4Channel_bd_axi_bram_ctrl_0_3      |    1 |
| NFC_4Channel_bd_axi_bram_ctrl_0_2      |    1 |
| NFC_4Channel_bd_axi_bram_ctrl_0_1      |    1 |
| NFC_4Channel_bd_axi_bram_ctrl_0_0      |    1 |
+----------------------------------------+------+


