Copyright 1986-2019 Xilinx, Inc. All Rights Reserved.
-------------------------------------------------------------------------------------------------------------------------------------------------------------------------------------------
| Tool Version     : Vivado v.2019.2 (win64) Build 2708876 Wed Nov  6 21:40:23 MST 2019
| Date             : Tue Apr 28 17:06:05 2026
| Host             : DESKTOP-TRF6PNO running 64-bit major release  (build 9200)
| Command          : report_power -file NFC_4Channel_bd_wrapper_power_routed.rpt -pb NFC_4Channel_bd_wrapper_power_summary_routed.pb -rpx NFC_4Channel_bd_wrapper_power_routed.rpx
| Design           : NFC_4Channel_bd_wrapper
| Device           : xczu19eg-ffvc1760-2-i
| Design State     : routed
| Grade            : industrial
| Process          : typical
| Characterization : Production
-------------------------------------------------------------------------------------------------------------------------------------------------------------------------------------------

Power Report

Table of Contents
-----------------
1. Summary
1.1 On-Chip Components
1.2 Power Supply Summary
1.3 Confidence Level
2. Settings
2.1 Environment
2.2 Clock Constraints
3. Detailed Reports
3.1 By Hierarchy

1. Summary
----------

+--------------------------+--------------+
| Total On-Chip Power (W)  | 4.367        |
| Design Power Budget (W)  | Unspecified* |
| Power Budget Margin (W)  | NA           |
| Dynamic (W)              | 3.150        |
| Device Static (W)        | 1.217        |
| Effective TJA (C/W)      | 0.7          |
| Max Ambient (C)          | 96.8         |
| Junction Temperature (C) | 28.2         |
| Confidence Level         | Low          |
| Setting File             | ---          |
| Simulation Activity File | ---          |
| Design Nets Matched      | NA           |
+--------------------------+--------------+
* Specify Design Power Budget using, set_operating_conditions -design_power_budget <value in Watts>


1.1 On-Chip Components
----------------------

+--------------------------+-----------+----------+-----------+-----------------+
| On-Chip                  | Power (W) | Used     | Available | Utilization (%) |
+--------------------------+-----------+----------+-----------+-----------------+
| Clocks                   |     0.068 |        8 |       --- |             --- |
| CLB Logic                |     0.075 |    99427 |       --- |             --- |
|   LUT as Distributed RAM |     0.040 |     3136 |    161280 |            1.94 |
|   LUT as Logic           |     0.028 |    31988 |    522720 |            6.12 |
|   LUT as Shift Register  |     0.004 |     1497 |    161280 |            0.93 |
|   Register               |     0.003 |    45663 |   1045440 |            4.37 |
|   CARRY8                 |    <0.001 |      238 |     65340 |            0.36 |
|   Others                 |     0.000 |     2946 |       --- |             --- |
|   F7/F8 Muxes            |     0.000 |      525 |    522720 |            0.10 |
|   BUFG                   |     0.000 |        2 |        88 |            2.27 |
| Signals                  |     0.039 |    67014 |       --- |             --- |
| Block RAM                |     0.031 |       56 |       984 |            5.69 |
| MMCM                     |     0.099 |        0 |       --- |             --- |
| I/O                      |     0.078 |       73 |       512 |           14.26 |
| PS8                      |     2.760 |        1 |       --- |             --- |
| Static Power             |     1.217 |          |           |                 |
|   PS Static              |     0.101 |          |           |                 |
|   PL Static              |     1.116 |          |           |                 |
| Total                    |     4.367 |          |           |                 |
+--------------------------+-----------+----------+-----------+-----------------+


1.2 Power Supply Summary
------------------------

+-----------------+-------------+-----------+-------------+------------+
| Source          | Voltage (V) | Total (A) | Dynamic (A) | Static (A) |
+-----------------+-------------+-----------+-------------+------------+
| Vccint          |       0.850 |     0.575 |       0.247 |      0.329 |
| Vccint_io       |       0.850 |     0.144 |       0.047 |      0.097 |
| Vccbram         |       0.850 |     0.009 |       0.005 |      0.004 |
| Vccaux          |       1.800 |     0.391 |       0.055 |      0.336 |
| Vccaux_io       |       1.800 |     0.084 |       0.011 |      0.073 |
| Vcco33          |       3.300 |     0.000 |       0.000 |      0.000 |
| Vcco25          |       2.500 |     0.000 |       0.000 |      0.000 |
| Vcco18          |       1.800 |     0.010 |       0.010 |      0.000 |
| Vcco15          |       1.500 |     0.000 |       0.000 |      0.000 |
| Vcco135         |       1.350 |     0.000 |       0.000 |      0.000 |
| Vcco12          |       1.200 |     0.000 |       0.000 |      0.000 |
| Vcco10          |       1.000 |     0.000 |       0.000 |      0.000 |
| Vccadc          |       1.800 |     0.008 |       0.000 |      0.008 |
| VCC_PSINTFP     |       0.850 |     1.095 |       1.061 |      0.034 |
| VCC_PSINTLP     |       0.850 |     0.253 |       0.246 |      0.007 |
| VPS_MGTRAVCC    |       0.850 |     0.001 |       0.000 |      0.001 |
| VCC_PSINTFP_DDR |       0.850 |     0.501 |       0.497 |      0.004 |
| VCC_PSPLL       |       1.200 |     0.054 |       0.052 |      0.002 |
| VPS_MGTRAVTT    |       1.800 |     0.001 |       0.000 |      0.001 |
| VCCO_PSDDR_504  |       1.200 |     1.001 |       0.967 |      0.034 |
| VCC_PSAUX       |       1.800 |     0.002 |       0.000 |      0.002 |
| VCC_PSBATT      |       1.200 |     0.000 |       0.000 |      0.000 |
| VCC_PSDDR_PLL   |       1.800 |     0.001 |       0.000 |      0.001 |
| VCCO_PSIO0_500  |       3.300 |     0.001 |       0.000 |      0.001 |
| VCCO_PSIO1_501  |       3.300 |     0.002 |       0.001 |      0.001 |
| VCCO_PSIO2_502  |       3.300 |     0.001 |       0.000 |      0.001 |
| VCCO_PSIO3_503  |       3.300 |     0.001 |       0.000 |      0.001 |
| VCC_PSADC       |       1.800 |     0.002 |       0.000 |      0.002 |
| MGTAVcc         |       0.900 |     0.000 |       0.000 |      0.000 |
| MGTAVtt         |       1.200 |     0.000 |       0.000 |      0.000 |
| MGTVccaux       |       1.800 |     0.000 |       0.000 |      0.000 |
| MGTYAVcc        |       0.900 |     0.000 |       0.000 |      0.000 |
| MGTYAVtt        |       1.200 |     0.000 |       0.000 |      0.000 |
| MGTYVccaux      |       1.800 |     0.000 |       0.000 |      0.000 |
+-----------------+-------------+-----------+-------------+------------+


1.3 Confidence Level
--------------------

+-----------------------------+------------+--------------------------------------------------------+------------------------------------------------------------------------------------------------------------+
| User Input Data             | Confidence | Details                                                | Action                                                                                                     |
+-----------------------------+------------+--------------------------------------------------------+------------------------------------------------------------------------------------------------------------+
| Design implementation state | High       | Design is routed                                       |                                                                                                            |
| Clock nodes activity        | High       | User specified more than 95% of clocks                 |                                                                                                            |
| I/O nodes activity          | Low        | More than 75% of inputs are missing user specification | Provide missing input activity with simulation results or by editing the "By Resource Type -> I/Os" view   |
| Internal nodes activity     | Medium     | User specified less than 25% of internal nodes         | Provide missing internal nodes activity with simulation results or by editing the "By Resource Type" views |
| Device models               | High       | Device models are Production                           |                                                                                                            |
|                             |            |                                                        |                                                                                                            |
| Overall confidence level    | Low        |                                                        |                                                                                                            |
+-----------------------------+------------+--------------------------------------------------------+------------------------------------------------------------------------------------------------------------+


2. Settings
-----------

2.1 Environment
---------------

+-----------------------+--------------------------+
| Ambient Temp (C)      | 25.0                     |
| ThetaJA (C/W)         | 0.7                      |
| Airflow (LFM)         | 250                      |
| Heat Sink             | medium (Medium Profile)  |
| ThetaSA (C/W)         | 0.9                      |
| Board Selection       | medium (10"x10")         |
| # of Board Layers     | 12to15 (12 to 15 Layers) |
| Board Temperature (C) | 25.0                     |
+-----------------------+--------------------------+


2.2 Clock Constraints
---------------------

+-------------------------------------------+----------------------------------------------------------------------------+-----------------+
| Clock                                     | Domain                                                                     | Constraint (ns) |
+-------------------------------------------+----------------------------------------------------------------------------+-----------------+
| clk_ctrl_50_NFC_4Channel_bd_clk_wiz_0_0   | NFC_4Channel_bd_i/clk_wiz_0/inst/clk_ctrl_50_NFC_4Channel_bd_clk_wiz_0_0   |            20.0 |
| clk_in1_0                                 | clk_in1_0                                                                  |            10.0 |
| clk_ref_NFC_4Channel_bd_clk_wiz_0_0       | NFC_4Channel_bd_i/clk_wiz_0/inst/clk_ref_NFC_4Channel_bd_clk_wiz_0_0       |            10.0 |
| nand_clk_fast_NFC_4Channel_bd_clk_wiz_0_0 | NFC_4Channel_bd_i/clk_wiz_0/inst/nand_clk_fast_NFC_4Channel_bd_clk_wiz_0_0 |             2.5 |
+-------------------------------------------+----------------------------------------------------------------------------+-----------------+


3. Detailed Reports
-------------------

3.1 By Hierarchy
----------------

+--------------------------+-----------+
| Name                     | Power (W) |
+--------------------------+-----------+
| NFC_4Channel_bd_wrapper  |     3.150 |
|   NFC_4Channel_bd_i      |     3.150 |
|     axi_bram_ctrl_0      |     0.001 |
|       U0                 |     0.001 |
|     axi_bram_ctrl_0_bram |     0.004 |
|       U0                 |     0.004 |
|     axi_bram_ctrl_1      |     0.001 |
|       U0                 |     0.001 |
|     axi_bram_ctrl_1_bram |     0.005 |
|       U0                 |     0.005 |
|     axi_bram_ctrl_2      |     0.001 |
|       U0                 |     0.001 |
|     axi_bram_ctrl_2_bram |     0.004 |
|       U0                 |     0.004 |
|     axi_bram_ctrl_3      |     0.001 |
|       U0                 |     0.001 |
|     axi_bram_ctrl_3_bram |     0.003 |
|       U0                 |     0.003 |
|     axi_dma_0            |     0.003 |
|       U0                 |     0.003 |
|     axi_dma_1            |     0.003 |
|       U0                 |     0.003 |
|     axi_dma_2            |     0.003 |
|       U0                 |     0.003 |
|     axi_dma_3            |     0.003 |
|       U0                 |     0.003 |
|     clk_wiz_0            |     0.099 |
|       inst               |     0.099 |
|     nfc_top_0            |     0.138 |
|       inst               |     0.138 |
|     smartconnect_0       |     0.003 |
|       inst               |     0.003 |
|     smartconnect_1       |     0.119 |
|       inst               |     0.119 |
|     zynq_ultra_ps_e_0    |     2.760 |
|       inst               |     2.760 |
+--------------------------+-----------+


