Copyright 1986-2019 Xilinx, Inc. All Rights Reserved.
----------------------------------------------------------------------------------------------------------
| Tool Version      : Vivado v.2019.2 (win64) Build 2708876 Wed Nov  6 21:40:23 MST 2019
| Date              : Wed Apr 22 18:45:30 2026
| Host              : DESKTOP-TRF6PNO running 64-bit major release  (build 9200)
| Command           : report_clock_utilization -file NFC_4Channel_bd_wrapper_clock_utilization_routed.rpt
| Design            : NFC_4Channel_bd_wrapper
| Device            : xczu19eg-ffvc1760
| Speed File        : -2  PRODUCTION 1.26 08-13-2019
| Temperature Grade : I
| Design State      : Routed
----------------------------------------------------------------------------------------------------------

Clock Utilization Report

Table of Contents
-----------------
1. Clock Primitive Utilization
2. Global Clock Resources
3. Global Clock Source Details
4. Clock Regions : Clock Primitives
5. Clock Regions : Load Primitives
6. Clock Regions : Global Clock Summary
7. Clock Regions : Routing Resource Utilization
8. Device Cell Placement Summary for Global Clock g0
9. Device Cell Placement Summary for Global Clock g1
10. Device Cell Placement Summary for Global Clock g2
11. Device Cell Placement Summary for Global Clock g3
12. Device Cell Placement Summary for Global Clock g4
13. Device Cell Placement Summary for Global Clock g5
14. Device Cell Placement Summary for Global Clock g6
15. Device Cell Placement Summary for Global Clock g7
16. Clock Region Cell Placement per Global Clock: Region X1Y0
17. Clock Region Cell Placement per Global Clock: Region X2Y0
18. Clock Region Cell Placement per Global Clock: Region X1Y1
19. Clock Region Cell Placement per Global Clock: Region X2Y1
20. Clock Region Cell Placement per Global Clock: Region X3Y1
21. Clock Region Cell Placement per Global Clock: Region X1Y2
22. Clock Region Cell Placement per Global Clock: Region X2Y2
23. Clock Region Cell Placement per Global Clock: Region X3Y2
24. Clock Region Cell Placement per Global Clock: Region X0Y3
25. Clock Region Cell Placement per Global Clock: Region X1Y3
26. Clock Region Cell Placement per Global Clock: Region X2Y3

1. Clock Primitive Utilization
------------------------------

+------------+------+-----------+-----+--------------+--------+
| Type       | Used | Available | LOC | Clock Region | Pblock |
+------------+------+-----------+-----+--------------+--------+
| BUFGCE     |    4 |       280 |   0 |            0 |      0 |
| BUFGCE_DIV |    4 |        44 |   0 |            0 |      0 |
| BUFGCTRL   |    0 |        88 |   0 |            0 |      0 |
| BUFG_GT    |    0 |       456 |   0 |            0 |      0 |
| MMCM       |    1 |        11 |   0 |            0 |      0 |
| PLL        |    0 |        22 |   0 |            0 |      0 |
+------------+------+-----------+-----+--------------+--------+


2. Global Clock Resources
-------------------------

+-----------+-----------+-----------------+------------+------------------+--------------+-----------+-------------------+-------------------+-------------+-----------------+--------------+-------------------------------------------+----------------------------------------------------------------------------------------------------------+----------------------------------------------------------------------------------------------------+
| Global Id | Source Id | Driver Type/Pin | Constraint | Site             | Clock Region | Root      | Clock Delay Group | Load Clock Region | Clock Loads | Non-Clock Loads | Clock Period | Clock                                     | Driver Pin                                                                                               | Net                                                                                                |
+-----------+-----------+-----------------+------------+------------------+--------------+-----------+-------------------+-------------------+-------------+-----------------+--------------+-------------------------------------------+----------------------------------------------------------------------------------------------------------+----------------------------------------------------------------------------------------------------+
| g0        | src0      | BUFGCE/O        | None       | BUFGCE_X0Y170    | X2Y7         | X1Y1      |                   |                11 |       37483 |               0 |       20.000 | clk_ctrl_50_NFC_4Channel_bd_clk_wiz_0_0   | NFC_4Channel_bd_i/clk_wiz_0/inst/clkout3_buf/O                                                           | NFC_4Channel_bd_i/clk_wiz_0/inst/clk_ctrl_50                                                       |
| g1        | src1      | BUFGCE_DIV/O    | None       | BUFGCE_DIV_X0Y2  | X2Y0         | X2Y0      |                   |                 4 |         494 |               0 |       10.000 | clk_div_int                               | NFC_4Channel_bd_i/nfc_top_0/inst/nfc_channel_inst_0/fcc_top_1way_inst/fcc_core/fcc_phy/BUFGCE_DIV_inst/O | NFC_4Channel_bd_i/nfc_top_0/inst/nfc_channel_inst_0/fcc_top_1way_inst/fcc_core/fcc_phy/clk_div_int |
| g2        | src1      | BUFGCE_DIV/O    | None       | BUFGCE_DIV_X0Y1  | X2Y0         | X1Y1      |                   |                 4 |         494 |               0 |       10.000 | clk_div_int_1                             | NFC_4Channel_bd_i/nfc_top_0/inst/nfc_channel_inst_1/fcc_top_1way_inst/fcc_core/fcc_phy/BUFGCE_DIV_inst/O | NFC_4Channel_bd_i/nfc_top_0/inst/nfc_channel_inst_1/fcc_top_1way_inst/fcc_core/fcc_phy/clk_div_int |
| g3        | src1      | BUFGCE_DIV/O    | None       | BUFGCE_DIV_X0Y15 | X2Y3         | X1Y0      |                   |                 3 |         494 |               0 |       10.000 | clk_div_int_2                             | NFC_4Channel_bd_i/nfc_top_0/inst/nfc_channel_inst_2/fcc_top_1way_inst/fcc_core/fcc_phy/BUFGCE_DIV_inst/O | NFC_4Channel_bd_i/nfc_top_0/inst/nfc_channel_inst_2/fcc_top_1way_inst/fcc_core/fcc_phy/clk_div_int |
| g4        | src1      | BUFGCE_DIV/O    | None       | BUFGCE_DIV_X0Y38 | X2Y9         | X2Y0      |                   |                 4 |         494 |               0 |       10.000 | clk_div_int_3                             | NFC_4Channel_bd_i/nfc_top_0/inst/nfc_channel_inst_3/fcc_top_1way_inst/fcc_core/fcc_phy/BUFGCE_DIV_inst/O | NFC_4Channel_bd_i/nfc_top_0/inst/nfc_channel_inst_3/fcc_top_1way_inst/fcc_core/fcc_phy/clk_div_int |
| g5        | src0      | BUFGCE/O        | None       | BUFGCE_X0Y188    | X2Y7         | X2Y4,X2Y7 |                   |                 4 |         136 |               0 |        2.500 | nand_clk_fast_NFC_4Channel_bd_clk_wiz_0_0 | NFC_4Channel_bd_i/clk_wiz_0/inst/clkout1_buf/O                                                           | NFC_4Channel_bd_i/clk_wiz_0/inst/nand_clk_fast                                                     |
| g6        | src0      | BUFGCE/O        | None       | BUFGCE_X0Y176    | X2Y7         | X2Y7      | n/a               |                 5 |           0 |           11436 |          n/a | n/a                                       | NFC_4Channel_bd_i/clk_wiz_0/inst/mmcme4_adv_inst_bufg_place/O                                            | NFC_4Channel_bd_i/clk_wiz_0/inst/locked                                                            |
| g7        | src2      | BUFGCE/O        | None       | BUFGCE_X0Y86     | X2Y3         | X2Y3      | n/a               |                 4 |           0 |            2030 |          n/a | n/a                                       | NFC_4Channel_bd_i/proc_sys_reset_0/U0/ACTIVE_LOW_PR_OUT_DFF[0].FDRE_PER_N_bufg_place/O                   | NFC_4Channel_bd_i/proc_sys_reset_0/U0/peripheral_aresetn[0]                                        |
+-----------+-----------+-----------------+------------+------------------+--------------+-----------+-------------------+-------------------+-------------+-----------------+--------------+-------------------------------------------+----------------------------------------------------------------------------------------------------------+----------------------------------------------------------------------------------------------------+
* Clock Loads column represents the clock pin loads (pin count)
** Non-Clock Loads column represents the non-clock pin loads (pin count)


3. Global Clock Source Details
------------------------------

+-----------+----------------+--------------------+------------+---------------+--------------+-------------+-----------------+---------------------+-------------------------------------------+-----------------------------------------------------------------------------+----------------------------------------------------------------------------+
| Source Id | Global Id      | Driver Type/Pin    | Constraint | Site          | Clock Region | Clock Loads | Non-Clock Loads | Source Clock Period | Source Clock                              | Driver Pin                                                                  | Net                                                                        |
+-----------+----------------+--------------------+------------+---------------+--------------+-------------+-----------------+---------------------+-------------------------------------------+-----------------------------------------------------------------------------+----------------------------------------------------------------------------+
| src0      | g0             | MMCME4_ADV/CLKOUT2 | None       | MMCM_X0Y7     | X2Y7         |           1 |               0 |              20.000 | clk_ctrl_50_NFC_4Channel_bd_clk_wiz_0_0   | NFC_4Channel_bd_i/clk_wiz_0/inst/mmcme4_adv_inst/CLKOUT2                    | NFC_4Channel_bd_i/clk_wiz_0/inst/clk_ctrl_50_NFC_4Channel_bd_clk_wiz_0_0   |
| src0      | g6             | MMCME4_ADV/LOCKED  | None       | MMCM_X0Y7     | X2Y7         |           1 |             128 |                     |                                           | NFC_4Channel_bd_i/clk_wiz_0/inst/mmcme4_adv_inst/LOCKED                     | NFC_4Channel_bd_i/clk_wiz_0/inst/locked_bufg_place                         |
| src0      | g5             | MMCME4_ADV/CLKOUT0 | None       | MMCM_X0Y7     | X2Y7         |           1 |               0 |               2.500 | nand_clk_fast_NFC_4Channel_bd_clk_wiz_0_0 | NFC_4Channel_bd_i/clk_wiz_0/inst/mmcme4_adv_inst/CLKOUT0                    | NFC_4Channel_bd_i/clk_wiz_0/inst/nand_clk_fast_NFC_4Channel_bd_clk_wiz_0_0 |
| src1      | g1, g2, g3, g4 | BUFGCE/O           | None       | BUFGCE_X0Y188 | X2Y7         |         136 |               0 |               2.500 | nand_clk_fast_NFC_4Channel_bd_clk_wiz_0_0 | NFC_4Channel_bd_i/clk_wiz_0/inst/clkout1_buf/O                              | NFC_4Channel_bd_i/clk_wiz_0/inst/nand_clk_fast                             |
| src2      | g7             | FDRE/Q             | None       | SLICE_X30Y159 | X1Y2         |           1 |               0 |                     |                                           | NFC_4Channel_bd_i/proc_sys_reset_0/U0/ACTIVE_LOW_PR_OUT_DFF[0].FDRE_PER_N/Q | NFC_4Channel_bd_i/proc_sys_reset_0/U0/peripheral_aresetn[0]_bufg_place     |
+-----------+----------------+--------------------+------------+---------------+--------------+-------------+-----------------+---------------------+-------------------------------------------+-----------------------------------------------------------------------------+----------------------------------------------------------------------------+
* Clock Loads column represents the clock pin loads (pin count)
** Non-Clock Loads column represents the non-clock pin loads (pin count)


4. Clock Regions : Clock Primitives
-----------------------------------

+-------------------+--------------+--------------+--------------+--------------+--------------+--------------+--------------+
|                   | Global Clock |    BUFGCE    |  BUFGCE_DIV  |   BUFGCTRL   |    BUFG_GT   |     MMCM     |      PLL     |
+-------------------+------+-------+------+-------+------+-------+------+-------+------+-------+------+-------+------+-------+
| Clock Region Name | Used | Avail | Used | Avail | Used | Avail | Used | Avail | Used | Avail | Used | Avail | Used | Avail |
+-------------------+------+-------+------+-------+------+-------+------+-------+------+-------+------+-------+------+-------+
| X0Y0              |   1* |     0 |    0 |     0 |    0 |     0 |    0 |     0 |    0 |     0 |    0 |     0 |    0 |     0 |
| X1Y0              |    7 |    24 |    0 |     0 |    0 |     0 |    0 |     0 |    0 |     0 |    0 |     0 |    0 |     0 |
| X2Y0              |    7 |    24 |    0 |    24 |    2 |     4 |    0 |     8 |    0 |     0 |    0 |     1 |    0 |     2 |
| X3Y0              |    0 |    24 |    0 |     0 |    0 |     0 |    0 |     0 |    0 |    24 |    0 |     0 |    0 |     0 |
| X0Y1              |    0 |     0 |    0 |     0 |    0 |     0 |    0 |     0 |    0 |     0 |    0 |     0 |    0 |     0 |
| X1Y1              |    6 |    24 |    0 |     0 |    0 |     0 |    0 |     0 |    0 |     0 |    0 |     0 |    0 |     0 |
| X2Y1              |    7 |    24 |    0 |    24 |    0 |     4 |    0 |     8 |    0 |     0 |    0 |     1 |    0 |     2 |
| X3Y1              |    2 |    24 |    0 |     0 |    0 |     0 |    0 |     0 |    0 |    24 |    0 |     0 |    0 |     0 |
| X0Y2              |    0 |     0 |    0 |     0 |    0 |     0 |    0 |     0 |    0 |     0 |    0 |     0 |    0 |     0 |
| X1Y2              |    4 |    24 |    0 |     0 |    0 |     0 |    0 |     0 |    0 |     0 |    0 |     0 |    0 |     0 |
| X2Y2              |    6 |    24 |    0 |    24 |    0 |     4 |    0 |     8 |    0 |     0 |    0 |     1 |    0 |     2 |
| X3Y2              |    1 |    24 |    0 |     0 |    0 |     0 |    0 |     0 |    0 |    24 |    0 |     0 |    0 |     0 |
| X0Y3              |    2 |    24 |    0 |     0 |    0 |     0 |    0 |     0 |    0 |    24 |    0 |     0 |    0 |     0 |
| X1Y3              |    4 |    24 |    0 |     0 |    0 |     0 |    0 |     0 |    0 |     0 |    0 |     0 |    0 |     0 |
| X2Y3              |    5 |    24 |    1 |    24 |    1 |     4 |    0 |     8 |    0 |     0 |    0 |     1 |    0 |     2 |
| X3Y3              |    0 |    24 |    0 |     0 |    0 |     0 |    0 |     0 |    0 |    24 |    0 |     0 |    0 |     0 |
| X0Y4              |    0 |    24 |    0 |     0 |    0 |     0 |    0 |     0 |    0 |    24 |    0 |     0 |    0 |     0 |
| X1Y4              |    1 |    24 |    0 |     0 |    0 |     0 |    0 |     0 |    0 |     0 |    0 |     0 |    0 |     0 |
| X2Y4              |    3 |    24 |    0 |    24 |    0 |     4 |    0 |     8 |    0 |     0 |    0 |     1 |    0 |     2 |
| X3Y4              |    0 |    24 |    0 |     0 |    0 |     0 |    0 |     0 |    0 |    24 |    0 |     0 |    0 |     0 |
| X0Y5              |    0 |    24 |    0 |     0 |    0 |     0 |    0 |     0 |    0 |    24 |    0 |     0 |    0 |     0 |
| X1Y5              |    1 |    24 |    0 |     0 |    0 |     0 |    0 |     0 |    0 |     0 |    0 |     0 |    0 |     0 |
| X2Y5              |    3 |    24 |    0 |    24 |    0 |     4 |    0 |     8 |    0 |     0 |    0 |     1 |    0 |     2 |
| X3Y5              |    0 |    24 |    0 |     0 |    0 |     0 |    0 |     0 |    0 |    24 |    0 |     0 |    0 |     0 |
| X0Y6              |    0 |    24 |    0 |     0 |    0 |     0 |    0 |     0 |    0 |    24 |    0 |     0 |    0 |     0 |
| X1Y6              |    1 |    24 |    0 |     0 |    0 |     0 |    0 |     0 |    0 |     0 |    0 |     0 |    0 |     0 |
| X2Y6              |    3 |    24 |    0 |    24 |    0 |     4 |    0 |     8 |    0 |     0 |    0 |     1 |    0 |     2 |
| X3Y6              |    0 |    24 |    0 |     4 |    0 |     0 |    0 |     0 |    0 |    24 |    0 |     0 |    0 |     0 |
| X0Y7              |    0 |    24 |    0 |     0 |    0 |     0 |    0 |     0 |    0 |    24 |    0 |     0 |    0 |     0 |
| X1Y7              |    1 |    24 |    0 |     0 |    0 |     0 |    0 |     0 |    0 |     0 |    0 |     0 |    0 |     0 |
| X2Y7              |    4 |    24 |    3 |    24 |    0 |     4 |    0 |     8 |    0 |     0 |    1 |     1 |    0 |     2 |
| X3Y7              |    0 |    24 |    0 |     4 |    0 |     0 |    0 |     0 |    0 |    24 |    0 |     0 |    0 |     0 |
| X0Y8              |    0 |    24 |    0 |     0 |    0 |     0 |    0 |     0 |    0 |    24 |    0 |     0 |    0 |     0 |
| X1Y8              |    0 |    24 |    0 |     0 |    0 |     0 |    0 |     0 |    0 |     0 |    0 |     0 |    0 |     0 |
| X2Y8              |    2 |    24 |    0 |    24 |    0 |     4 |    0 |     8 |    0 |     0 |    0 |     1 |    0 |     2 |
| X3Y8              |    0 |    24 |    0 |     0 |    0 |     0 |    0 |     0 |    0 |    24 |    0 |     0 |    0 |     0 |
| X0Y9              |    0 |    24 |    0 |     0 |    0 |     0 |    0 |     0 |    0 |    24 |    0 |     0 |    0 |     0 |
| X1Y9              |    0 |    24 |    0 |     0 |    0 |     0 |    0 |     0 |    0 |     0 |    0 |     0 |    0 |     0 |
| X2Y9              |    2 |    24 |    0 |    24 |    1 |     4 |    0 |     8 |    0 |     0 |    0 |     1 |    0 |     2 |
| X3Y9              |    0 |    24 |    0 |     4 |    0 |     0 |    0 |     0 |    0 |    24 |    0 |     0 |    0 |     0 |
| X0Y10             |    0 |    24 |    0 |     0 |    0 |     0 |    0 |     0 |    0 |    24 |    0 |     0 |    0 |     0 |
| X1Y10             |    0 |    24 |    0 |     0 |    0 |     0 |    0 |     0 |    0 |     0 |    0 |     0 |    0 |     0 |
| X2Y10             |    0 |    24 |    0 |    24 |    0 |     4 |    0 |     8 |    0 |     0 |    0 |     1 |    0 |     2 |
| X3Y10             |    0 |    24 |    0 |     4 |    0 |     0 |    0 |     0 |    0 |    24 |    0 |     0 |    0 |     0 |
+-------------------+------+-------+------+-------+------+-------+------+-------+------+-------+------+-------+------+-------+
* Global Clock column represents track count; while other columns represents cell counts


5. Clock Regions : Load Primitives
----------------------------------

+-------------------+------------------+------------------+------------------+------------------+------------------+------------------+------------------+------------------+
|                   |   Global Clock   |        FF        |      LUTRAM      |  Block RAM (18K) |       URAM       |        DSP       |        GT        |      HARD IP     |
+-------------------+--------+---------+--------+---------+--------+---------+--------+---------+--------+---------+--------+---------+--------+---------+--------+---------+
| Clock Region Name | Used   | Avail   | Used   | Avail   | Used   | Avail   | Used   | Avail   | Used   | Avail   | Used   | Avail   | Used   | Avail   | Used   | Avail   |
+-------------------+--------+---------+--------+---------+--------+---------+--------+---------+--------+---------+--------+---------+--------+---------+--------+---------+
| X0Y0              |     1* |       0 |      0 |       0 |      0 |       0 |      0 |       0 |      0 |       0 |      0 |       0 |      0 |       0 |      0 |       0 |
| X1Y0              |      7 |      24 |    960 |   18240 |      8 |    4800 |      0 |      48 |      0 |       0 |      0 |      96 |      0 |       0 |      0 |       0 |
| X2Y0              |      7 |      24 |   2550 |   34560 |      5 |    3360 |      4 |      48 |      0 |       0 |      0 |      24 |      0 |       0 |      0 |       0 |
| X3Y0              |      0 |      24 |      0 |   26880 |      0 |    3360 |      0 |      48 |      0 |       0 |      0 |      24 |      0 |       4 |      0 |       1 |
| X0Y1              |      0 |       0 |      0 |       0 |      0 |       0 |      0 |       0 |      0 |       0 |      0 |       0 |      0 |       0 |      0 |       0 |
| X1Y1              |      6 |      24 |   2488 |   18240 |     18 |    4800 |     12 |      48 |      0 |       0 |      0 |      96 |      0 |       0 |      0 |       0 |
| X2Y1              |      7 |      24 |  15540 |   34560 |    167 |    3360 |     24 |      48 |      0 |       0 |      0 |      24 |      0 |       0 |      0 |       0 |
| X3Y1              |      2 |      24 |    419 |   26880 |      3 |    3360 |      0 |      48 |      0 |       0 |      0 |      24 |      0 |       4 |      0 |       0 |
| X0Y2              |      0 |       0 |      0 |       0 |      0 |       0 |      0 |       0 |      0 |       0 |      0 |       0 |      0 |       0 |      0 |       0 |
| X1Y2              |      4 |      24 |   1010 |   18240 |     47 |    4800 |      4 |      48 |      0 |       0 |      0 |      96 |      0 |       0 |      0 |       0 |
| X2Y2              |      6 |      24 |   4358 |   34560 |    138 |    3360 |      4 |      48 |      0 |       0 |      0 |      24 |      0 |       0 |      0 |       0 |
| X3Y2              |      1 |      24 |    152 |   26880 |      9 |    3360 |      0 |      48 |      0 |       0 |      0 |      24 |      0 |       4 |      0 |       0 |
| X0Y3              |      2 |      24 |   7525 |   20160 |    751 |    3840 |     12 |      48 |      0 |      16 |      0 |      48 |      0 |       4 |      0 |       1 |
| X1Y3              |      4 |      24 |   2615 |   19200 |    191 |    5280 |      4 |      48 |      0 |       0 |      0 |      96 |      0 |       0 |      0 |       0 |
| X2Y3              |      5 |      24 |      0 |   34560 |      0 |    3360 |      0 |      48 |      0 |       0 |      0 |      24 |      0 |       0 |      0 |       0 |
| X3Y3              |      0 |      24 |      0 |   26880 |      0 |    3360 |      0 |      48 |      0 |       0 |      0 |      24 |      0 |       4 |      0 |       1 |
| X0Y4              |      0 |      24 |      0 |   20160 |      0 |    3840 |      0 |      48 |      0 |      16 |      0 |      48 |      0 |       4 |      0 |       1 |
| X1Y4              |      1 |      24 |      0 |   19200 |      0 |    5280 |      0 |      48 |      0 |       0 |      0 |      96 |      0 |       0 |      0 |       0 |
| X2Y4              |      3 |      24 |      0 |   34560 |      0 |    3360 |      0 |      48 |      0 |       0 |      0 |      24 |      0 |       0 |      0 |       0 |
| X3Y4              |      0 |      24 |      0 |   26880 |      0 |    3360 |      0 |      48 |      0 |       0 |      0 |      24 |      0 |       4 |      0 |       1 |
| X0Y5              |      0 |      24 |      0 |   20160 |      0 |    3840 |      0 |      48 |      0 |      16 |      0 |      48 |      0 |       4 |      0 |       1 |
| X1Y5              |      1 |      24 |      0 |   19200 |      0 |    5280 |      0 |      48 |      0 |       0 |      0 |      96 |      0 |       0 |      0 |       0 |
| X2Y5              |      3 |      24 |      0 |   34560 |      0 |    3360 |      0 |      48 |      0 |       0 |      0 |      24 |      0 |       0 |      0 |       0 |
| X3Y5              |      0 |      24 |      0 |   26880 |      0 |    3360 |      0 |      48 |      0 |       0 |      0 |      24 |      0 |       4 |      0 |       1 |
| X0Y6              |      0 |      24 |      0 |   20160 |      0 |    3840 |      0 |      48 |      0 |      16 |      0 |      48 |      0 |       4 |      0 |       1 |
| X1Y6              |      1 |      24 |      0 |   19200 |      0 |    5280 |      0 |      48 |      0 |       0 |      0 |      96 |      0 |       0 |      0 |       0 |
| X2Y6              |      3 |      24 |      0 |   34560 |      0 |    3360 |      0 |      48 |      0 |       0 |      0 |      24 |      0 |       0 |      0 |       0 |
| X3Y6              |      0 |      24 |      0 |   26880 |      0 |    3360 |      0 |      48 |      0 |       0 |      0 |      24 |      0 |       4 |      0 |       0 |
| X0Y7              |      0 |      24 |      0 |   20160 |      0 |    3840 |      0 |      48 |      0 |      16 |      0 |      48 |      0 |       4 |      0 |       1 |
| X1Y7              |      1 |      24 |      0 |   19200 |      0 |    5280 |      0 |      48 |      0 |       0 |      0 |      96 |      0 |       0 |      0 |       0 |
| X2Y7              |      4 |      24 |      0 |   34560 |      0 |    3360 |      0 |      48 |      0 |       0 |      0 |      24 |      0 |       0 |      0 |       0 |
| X3Y7              |      0 |      24 |      0 |   26880 |      0 |    3360 |      0 |      48 |      0 |       0 |      0 |      24 |      0 |       4 |      0 |       0 |
| X0Y8              |      0 |      24 |      0 |   20160 |      0 |    3840 |      0 |      48 |      0 |      16 |      0 |      48 |      0 |       4 |      0 |       1 |
| X1Y8              |      0 |      24 |      0 |   19200 |      0 |    5280 |      0 |      48 |      0 |       0 |      0 |      96 |      0 |       0 |      0 |       0 |
| X2Y8              |      2 |      24 |      0 |   34560 |      0 |    3360 |      0 |      48 |      0 |       0 |      0 |      24 |      0 |       0 |      0 |       0 |
| X3Y8              |      0 |      24 |      0 |   26880 |      0 |    3360 |      0 |      48 |      0 |       0 |      0 |      24 |      0 |       4 |      0 |       1 |
| X0Y9              |      0 |      24 |      0 |   20160 |      0 |    3840 |      0 |      48 |      0 |      16 |      0 |      48 |      0 |       4 |      0 |       1 |
| X1Y9              |      0 |      24 |      0 |   19200 |      0 |    5280 |      0 |      48 |      0 |       0 |      0 |      96 |      0 |       0 |      0 |       0 |
| X2Y9              |      2 |      24 |      0 |   34560 |      0 |    3360 |      0 |      48 |      0 |       0 |      0 |      24 |      0 |       0 |      0 |       0 |
| X3Y9              |      0 |      24 |      0 |   26880 |      0 |    3360 |      0 |      48 |      0 |       0 |      0 |      24 |      0 |       4 |      0 |       0 |
| X0Y10             |      0 |      24 |      0 |   20160 |      0 |    3840 |      0 |      48 |      0 |      16 |      0 |      48 |      0 |       4 |      0 |       1 |
| X1Y10             |      0 |      24 |      0 |   19200 |      0 |    5280 |      0 |      48 |      0 |       0 |      0 |      96 |      0 |       0 |      0 |       0 |
| X2Y10             |      0 |      24 |      0 |   34560 |      0 |    3360 |      0 |      48 |      0 |       0 |      0 |      24 |      0 |       0 |      0 |       0 |
| X3Y10             |      0 |      24 |      0 |   26880 |      0 |    3360 |      0 |      48 |      0 |       0 |      0 |      24 |      0 |       4 |      0 |       0 |
+-------------------+--------+---------+--------+---------+--------+---------+--------+---------+--------+---------+--------+---------+--------+---------+--------+---------+
* Global Clock column represents track count; while other columns represents cell counts


6. Clock Regions : Global Clock Summary
---------------------------------------

All Modules
+-----+----+----+----+----+
|     | X0 | X1 | X2 | X3 |
+-----+----+----+----+----+
| Y10 |  0 |  0 |  0 |  0 |
| Y9  |  0 |  0 |  0 |  0 |
| Y8  |  0 |  0 |  0 |  0 |
| Y7  |  0 |  0 |  0 |  0 |
| Y6  |  0 |  0 |  0 |  0 |
| Y5  |  0 |  0 |  0 |  0 |
| Y4  |  0 |  0 |  0 |  0 |
| Y3  |  2 |  4 |  5 |  0 |
| Y2  |  0 |  4 |  6 |  1 |
| Y1  |  0 |  6 |  7 |  2 |
| Y0  |  0 |  7 |  7 |  0 |
+-----+----+----+----+----+


7. Clock Regions : Routing Resource Utilization
-----------------------------------------------

All Modules
+-------------------+----------------------+----------------------+----------------------+----------------------+
|                   |        HROUTES       |        HDISTRS       |        VROUTES       |        VDISTRS       |
+-------------------+------+-------+-------+------+-------+-------+------+-------+-------+------+-------+-------+
| Clock Region Name | Used | Avail | Util% | Used | Avail | Util% | Used | Avail | Util% | Used | Avail | Util% |
+-------------------+------+-------+-------+------+-------+-------+------+-------+-------+------+-------+-------+
| X0Y0              |    0 |     0 |  0.00 |    0 |     0 |  0.00 |    0 |     0 |  0.00 |    0 |     0 |  0.00 |
| X1Y0              |    2 |    24 |  8.33 |    5 |    24 | 20.83 |    1 |    24 |  4.17 |    2 |    24 |  8.33 |
| X2Y0              |    2 |    24 |  8.33 |    6 |    24 | 25.00 |    1 |    24 |  4.17 |    4 |    24 | 16.67 |
| X3Y0              |    0 |    24 |  0.00 |    0 |    24 |  0.00 |    0 |    24 |  0.00 |    0 |    24 |  0.00 |
| X0Y1              |    0 |     0 |  0.00 |    0 |     0 |  0.00 |    0 |     0 |  0.00 |    0 |     0 |  0.00 |
| X1Y1              |    0 |    24 |  0.00 |    5 |    24 | 20.83 |    4 |    24 | 16.67 |    2 |    24 |  8.33 |
| X2Y1              |    0 |    24 |  0.00 |    7 |    24 | 29.17 |    1 |    24 |  4.17 |    3 |    24 | 12.50 |
| X3Y1              |    0 |    24 |  0.00 |    2 |    24 |  8.33 |    0 |    24 |  0.00 |    0 |    24 |  0.00 |
| X0Y2              |    0 |     0 |  0.00 |    0 |     0 |  0.00 |    0 |     0 |  0.00 |    0 |     0 |  0.00 |
| X1Y2              |    0 |    24 |  0.00 |    2 |    24 |  8.33 |    3 |    24 | 12.50 |    1 |    24 |  4.17 |
| X2Y2              |    0 |    24 |  0.00 |    4 |    24 | 16.67 |    1 |    24 |  4.17 |    3 |    24 | 12.50 |
| X3Y2              |    0 |    24 |  0.00 |    1 |    24 |  4.17 |    0 |    24 |  0.00 |    0 |    24 |  0.00 |
| X0Y3              |    0 |    24 |  0.00 |    2 |    24 |  8.33 |    0 |    24 |  0.00 |    0 |    24 |  0.00 |
| X1Y3              |    2 |    24 |  8.33 |    2 |    24 |  8.33 |    3 |    24 | 12.50 |    0 |    24 |  0.00 |
| X2Y3              |    2 |    24 |  8.33 |    1 |    24 |  4.17 |    1 |    24 |  4.17 |    3 |    24 | 12.50 |
| X3Y3              |    0 |    24 |  0.00 |    0 |    24 |  0.00 |    0 |    24 |  0.00 |    0 |    24 |  0.00 |
| X0Y4              |    0 |    24 |  0.00 |    0 |    24 |  0.00 |    0 |    24 |  0.00 |    0 |    24 |  0.00 |
| X1Y4              |    0 |    24 |  0.00 |    0 |    24 |  0.00 |    1 |    24 |  4.17 |    0 |    24 |  0.00 |
| X2Y4              |    0 |    24 |  0.00 |    0 |    24 |  0.00 |    2 |    24 |  8.33 |    2 |    24 |  8.33 |
| X3Y4              |    0 |    24 |  0.00 |    0 |    24 |  0.00 |    0 |    24 |  0.00 |    0 |    24 |  0.00 |
| X0Y5              |    0 |    24 |  0.00 |    0 |    24 |  0.00 |    0 |    24 |  0.00 |    0 |    24 |  0.00 |
| X1Y5              |    0 |    24 |  0.00 |    0 |    24 |  0.00 |    1 |    24 |  4.17 |    0 |    24 |  0.00 |
| X2Y5              |    0 |    24 |  0.00 |    0 |    24 |  0.00 |    2 |    24 |  8.33 |    1 |    24 |  4.17 |
| X3Y5              |    0 |    24 |  0.00 |    0 |    24 |  0.00 |    0 |    24 |  0.00 |    0 |    24 |  0.00 |
| X0Y6              |    0 |    24 |  0.00 |    0 |    24 |  0.00 |    0 |    24 |  0.00 |    0 |    24 |  0.00 |
| X1Y6              |    0 |    24 |  0.00 |    0 |    24 |  0.00 |    1 |    24 |  4.17 |    0 |    24 |  0.00 |
| X2Y6              |    0 |    24 |  0.00 |    0 |    24 |  0.00 |    2 |    24 |  8.33 |    1 |    24 |  4.17 |
| X3Y6              |    0 |    24 |  0.00 |    0 |    24 |  0.00 |    0 |    24 |  0.00 |    0 |    24 |  0.00 |
| X0Y7              |    0 |    24 |  0.00 |    0 |    24 |  0.00 |    0 |    24 |  0.00 |    0 |    24 |  0.00 |
| X1Y7              |    1 |    24 |  4.17 |    0 |    24 |  0.00 |    1 |    24 |  4.17 |    0 |    24 |  0.00 |
| X2Y7              |    2 |    24 |  8.33 |    0 |    24 |  0.00 |    2 |    24 |  8.33 |    1 |    24 |  4.17 |
| X3Y7              |    0 |    24 |  0.00 |    0 |    24 |  0.00 |    0 |    24 |  0.00 |    0 |    24 |  0.00 |
| X0Y8              |    0 |    24 |  0.00 |    0 |    24 |  0.00 |    0 |    24 |  0.00 |    0 |    24 |  0.00 |
| X1Y8              |    0 |    24 |  0.00 |    0 |    24 |  0.00 |    0 |    24 |  0.00 |    0 |    24 |  0.00 |
| X2Y8              |    0 |    24 |  0.00 |    0 |    24 |  0.00 |    2 |    24 |  8.33 |    0 |    24 |  0.00 |
| X3Y8              |    0 |    24 |  0.00 |    0 |    24 |  0.00 |    0 |    24 |  0.00 |    0 |    24 |  0.00 |
| X0Y9              |    0 |    24 |  0.00 |    0 |    24 |  0.00 |    0 |    24 |  0.00 |    0 |    24 |  0.00 |
| X1Y9              |    0 |    24 |  0.00 |    0 |    24 |  0.00 |    0 |    24 |  0.00 |    0 |    24 |  0.00 |
| X2Y9              |    2 |    24 |  8.33 |    0 |    24 |  0.00 |    2 |    24 |  8.33 |    0 |    24 |  0.00 |
| X3Y9              |    0 |    24 |  0.00 |    0 |    24 |  0.00 |    0 |    24 |  0.00 |    0 |    24 |  0.00 |
| X0Y10             |    0 |    24 |  0.00 |    0 |    24 |  0.00 |    0 |    24 |  0.00 |    0 |    24 |  0.00 |
| X1Y10             |    0 |    24 |  0.00 |    0 |    24 |  0.00 |    0 |    24 |  0.00 |    0 |    24 |  0.00 |
| X2Y10             |    0 |    24 |  0.00 |    0 |    24 |  0.00 |    0 |    24 |  0.00 |    0 |    24 |  0.00 |
| X3Y10             |    0 |    24 |  0.00 |    0 |    24 |  0.00 |    0 |    24 |  0.00 |    0 |    24 |  0.00 |
+-------------------+------+-------+-------+------+-------+-------+------+-------+-------+------+-------+-------+


8. Device Cell Placement Summary for Global Clock g0
----------------------------------------------------

+-----------+-----------------+-------------------+-----------------------------------------+-------------+----------------+----------+-------------+----------+----------------+----------+----------------------------------------------+
| Global Id | Driver Type/Pin | Driver Region (D) | Clock                                   | Period (ns) | Waveform (ns)  | Root (R) | Slice Loads | IO Loads | Clocking Loads | GT Loads | Net                                          |
+-----------+-----------------+-------------------+-----------------------------------------+-------------+----------------+----------+-------------+----------+----------------+----------+----------------------------------------------+
| g0        | BUFGCE/O        | X2Y7              | clk_ctrl_50_NFC_4Channel_bd_clk_wiz_0_0 |      20.000 | {0.000 10.000} | X1Y1     |       37155 |        0 |              0 |        0 | NFC_4Channel_bd_i/clk_wiz_0/inst/clk_ctrl_50 |
+-----------+-----------------+-------------------+-----------------------------------------+-------------+----------------+----------+-------------+----------+----------------+----------+----------------------------------------------+
* Slice Loads column represents load cell count of all cell types other than IO, GT and clock resources
** IO Loads column represents load cell count of IO types
*** Clocking Loads column represents load cell count that are clock resources (global clock buffer, MMCM, PLL, etc)
**** GT Loads column represents load cell count of GT types


+-----+-------+----------+--------+------+
|     | X0    | X1       | X2     | X3   |
+-----+-------+----------+--------+------+
| Y10 |     0 |        0 |      0 |    0 |
| Y9  |     0 |        0 |      0 |    0 |
| Y8  |     0 |        0 |      0 |    0 |
| Y7  |     0 |        0 |  (D) 0 |    0 |
| Y6  |     0 |        0 |      0 |    0 |
| Y5  |     0 |        0 |      0 |    0 |
| Y4  |     0 |        0 |      0 |    0 |
| Y3  |  8282 |     2808 |      0 |    0 |
| Y2  |     0 |     1059 |   4457 |  161 |
| Y1  |     0 | (R) 1855 |  15442 |  408 |
| Y0  |     1 |      902 |   1780 |    0 |
+-----+-------+----------+--------+------+


9. Device Cell Placement Summary for Global Clock g1
----------------------------------------------------

+-----------+-----------------+-------------------+-------------+-------------+---------------+----------+-------------+----------+----------------+----------+----------------------------------------------------------------------------------------------------+
| Global Id | Driver Type/Pin | Driver Region (D) | Clock       | Period (ns) | Waveform (ns) | Root (R) | Slice Loads | IO Loads | Clocking Loads | GT Loads | Net                                                                                                |
+-----------+-----------------+-------------------+-------------+-------------+---------------+----------+-------------+----------+----------------+----------+----------------------------------------------------------------------------------------------------+
| g1        | BUFGCE_DIV/O    | X2Y0              | clk_div_int |      10.000 | {0.000 5.000} | X2Y0     |         470 |       24 |              0 |        0 | NFC_4Channel_bd_i/nfc_top_0/inst/nfc_channel_inst_0/fcc_top_1way_inst/fcc_core/fcc_phy/clk_div_int |
+-----------+-----------------+-------------------+-------------+-------------+---------------+----------+-------------+----------+----------------+----------+----------------------------------------------------------------------------------------------------+
* Slice Loads column represents load cell count of all cell types other than IO, GT and clock resources
** IO Loads column represents load cell count of IO types
*** Clocking Loads column represents load cell count that are clock resources (global clock buffer, MMCM, PLL, etc)
**** GT Loads column represents load cell count of GT types


+-----+----+------+------------+----+
|     | X0 | X1   | X2         | X3 |
+-----+----+------+------------+----+
| Y10 |  0 |    0 |          0 |  0 |
| Y9  |  0 |    0 |          0 |  0 |
| Y8  |  0 |    0 |          0 |  0 |
| Y7  |  0 |    0 |          0 |  0 |
| Y6  |  0 |    0 |          0 |  0 |
| Y5  |  0 |    0 |          0 |  0 |
| Y4  |  0 |    0 |          0 |  0 |
| Y3  |  0 |    0 |          0 |  0 |
| Y2  |  0 |    0 |          0 |  0 |
| Y1  |  0 |  291 |         99 |  0 |
| Y0  |  0 |   17 | (R) (D) 87 |  0 |
+-----+----+------+------------+----+


10. Device Cell Placement Summary for Global Clock g2
-----------------------------------------------------

+-----------+-----------------+-------------------+---------------+-------------+---------------+----------+-------------+----------+----------------+----------+----------------------------------------------------------------------------------------------------+
| Global Id | Driver Type/Pin | Driver Region (D) | Clock         | Period (ns) | Waveform (ns) | Root (R) | Slice Loads | IO Loads | Clocking Loads | GT Loads | Net                                                                                                |
+-----------+-----------------+-------------------+---------------+-------------+---------------+----------+-------------+----------+----------------+----------+----------------------------------------------------------------------------------------------------+
| g2        | BUFGCE_DIV/O    | X2Y0              | clk_div_int_1 |      10.000 | {0.000 5.000} | X1Y1     |         470 |       24 |              0 |        0 | NFC_4Channel_bd_i/nfc_top_0/inst/nfc_channel_inst_1/fcc_top_1way_inst/fcc_core/fcc_phy/clk_div_int |
+-----------+-----------------+-------------------+---------------+-------------+---------------+----------+-------------+----------+----------------+----------+----------------------------------------------------------------------------------------------------+
* Slice Loads column represents load cell count of all cell types other than IO, GT and clock resources
** IO Loads column represents load cell count of IO types
*** Clocking Loads column represents load cell count that are clock resources (global clock buffer, MMCM, PLL, etc)
**** GT Loads column represents load cell count of GT types


+-----+----+---------+--------+----+
|     | X0 | X1      | X2     | X3 |
+-----+----+---------+--------+----+
| Y10 |  0 |       0 |      0 |  0 |
| Y9  |  0 |       0 |      0 |  0 |
| Y8  |  0 |       0 |      0 |  0 |
| Y7  |  0 |       0 |      0 |  0 |
| Y6  |  0 |       0 |      0 |  0 |
| Y5  |  0 |       0 |      0 |  0 |
| Y4  |  0 |       0 |      0 |  0 |
| Y3  |  0 |       0 |      0 |  0 |
| Y2  |  0 |       1 |     41 |  0 |
| Y1  |  0 | (R) 322 |    130 |  0 |
| Y0  |  0 |       0 |  (D) 0 |  0 |
+-----+----+---------+--------+----+


11. Device Cell Placement Summary for Global Clock g3
-----------------------------------------------------

+-----------+-----------------+-------------------+---------------+-------------+---------------+----------+-------------+----------+----------------+----------+----------------------------------------------------------------------------------------------------+
| Global Id | Driver Type/Pin | Driver Region (D) | Clock         | Period (ns) | Waveform (ns) | Root (R) | Slice Loads | IO Loads | Clocking Loads | GT Loads | Net                                                                                                |
+-----------+-----------------+-------------------+---------------+-------------+---------------+----------+-------------+----------+----------------+----------+----------------------------------------------------------------------------------------------------+
| g3        | BUFGCE_DIV/O    | X2Y3              | clk_div_int_2 |      10.000 | {0.000 5.000} | X1Y0     |         470 |       24 |              0 |        0 | NFC_4Channel_bd_i/nfc_top_0/inst/nfc_channel_inst_2/fcc_top_1way_inst/fcc_core/fcc_phy/clk_div_int |
+-----------+-----------------+-------------------+---------------+-------------+---------------+----------+-------------+----------+----------------+----------+----------------------------------------------------------------------------------------------------+
* Slice Loads column represents load cell count of all cell types other than IO, GT and clock resources
** IO Loads column represents load cell count of IO types
*** Clocking Loads column represents load cell count that are clock resources (global clock buffer, MMCM, PLL, etc)
**** GT Loads column represents load cell count of GT types


+-----+----+--------+--------+----+
|     | X0 | X1     | X2     | X3 |
+-----+----+--------+--------+----+
| Y10 |  0 |      0 |      0 |  0 |
| Y9  |  0 |      0 |      0 |  0 |
| Y8  |  0 |      0 |      0 |  0 |
| Y7  |  0 |      0 |      0 |  0 |
| Y6  |  0 |      0 |      0 |  0 |
| Y5  |  0 |      0 |      0 |  0 |
| Y4  |  0 |      0 |      0 |  0 |
| Y3  |  0 |      0 |  (D) 0 |  0 |
| Y2  |  0 |      0 |      0 |  0 |
| Y1  |  0 |     48 |      0 |  0 |
| Y0  |  0 | (R) 47 |    399 |  0 |
+-----+----+--------+--------+----+


12. Device Cell Placement Summary for Global Clock g4
-----------------------------------------------------

+-----------+-----------------+-------------------+---------------+-------------+---------------+----------+-------------+----------+----------------+----------+----------------------------------------------------------------------------------------------------+
| Global Id | Driver Type/Pin | Driver Region (D) | Clock         | Period (ns) | Waveform (ns) | Root (R) | Slice Loads | IO Loads | Clocking Loads | GT Loads | Net                                                                                                |
+-----------+-----------------+-------------------+---------------+-------------+---------------+----------+-------------+----------+----------------+----------+----------------------------------------------------------------------------------------------------+
| g4        | BUFGCE_DIV/O    | X2Y9              | clk_div_int_3 |      10.000 | {0.000 5.000} | X2Y0     |         470 |       24 |              0 |        0 | NFC_4Channel_bd_i/nfc_top_0/inst/nfc_channel_inst_3/fcc_top_1way_inst/fcc_core/fcc_phy/clk_div_int |
+-----------+-----------------+-------------------+---------------+-------------+---------------+----------+-------------+----------+----------------+----------+----------------------------------------------------------------------------------------------------+
* Slice Loads column represents load cell count of all cell types other than IO, GT and clock resources
** IO Loads column represents load cell count of IO types
*** Clocking Loads column represents load cell count that are clock resources (global clock buffer, MMCM, PLL, etc)
**** GT Loads column represents load cell count of GT types


+-----+----+----+---------+-----+
|     | X0 | X1 | X2      | X3  |
+-----+----+----+---------+-----+
| Y10 |  0 |  0 |       0 |   0 |
| Y9  |  0 |  0 |   (D) 0 |   0 |
| Y8  |  0 |  0 |       0 |   0 |
| Y7  |  0 |  0 |       0 |   0 |
| Y6  |  0 |  0 |       0 |   0 |
| Y5  |  0 |  0 |       0 |   0 |
| Y4  |  0 |  0 |       0 |   0 |
| Y3  |  0 |  0 |       0 |   0 |
| Y2  |  0 |  0 |       0 |   0 |
| Y1  |  0 |  0 |     119 |  14 |
| Y0  |  0 |  2 | (R) 359 |   0 |
+-----+----+----+---------+-----+


13. Device Cell Placement Summary for Global Clock g5
-----------------------------------------------------

+-----------+-----------------+-------------------+-------------------------------------------+-------------+---------------+-----------+-------------+----------+----------------+----------+------------------------------------------------+
| Global Id | Driver Type/Pin | Driver Region (D) | Clock                                     | Period (ns) | Waveform (ns) | Root (R)  | Slice Loads | IO Loads | Clocking Loads | GT Loads | Net                                            |
+-----------+-----------------+-------------------+-------------------------------------------+-------------+---------------+-----------+-------------+----------+----------------+----------+------------------------------------------------+
| g5        | BUFGCE/O        | X2Y7              | nand_clk_fast_NFC_4Channel_bd_clk_wiz_0_0 |       2.500 | {0.000 1.250} | X2Y4,X2Y7 |           0 |       96 |              4 |        0 | NFC_4Channel_bd_i/clk_wiz_0/inst/nand_clk_fast |
+-----------+-----------------+-------------------+-------------------------------------------+-------------+---------------+-----------+-------------+----------+----------------+----------+------------------------------------------------+
* Slice Loads column represents load cell count of all cell types other than IO, GT and clock resources
** IO Loads column represents load cell count of IO types
*** Clocking Loads column represents load cell count that are clock resources (global clock buffer, MMCM, PLL, etc)
**** GT Loads column represents load cell count of GT types


+-----+----+----+-----------+----+
|     | X0 | X1 | X2        | X3 |
+-----+----+----+-----------+----+
| Y10 |  0 |  0 |         0 |  0 |
| Y9  |  0 |  0 |         1 |  0 |
| Y8  |  0 |  0 |         0 |  0 |
| Y7  |  0 |  0 | (R) (D) 0 |  0 |
| Y6  |  0 |  0 |         0 |  0 |
| Y5  |  0 |  0 |         0 |  0 |
| Y4  |  0 |  0 |     (R) 0 |  0 |
| Y3  |  0 |  0 |         1 |  0 |
| Y2  |  0 |  0 |         0 |  0 |
| Y1  |  0 |  0 |        48 |  0 |
| Y0  |  0 |  0 |        50 |  0 |
+-----+----+----+-----------+----+


14. Device Cell Placement Summary for Global Clock g6
-----------------------------------------------------

+-----------+-----------------+-------------------+-------+-------------+---------------+----------+-------------+----------+----------------+----------+-----------------------------------------+
| Global Id | Driver Type/Pin | Driver Region (D) | Clock | Period (ns) | Waveform (ns) | Root (R) | Slice Loads | IO Loads | Clocking Loads | GT Loads | Net                                     |
+-----------+-----------------+-------------------+-------+-------------+---------------+----------+-------------+----------+----------------+----------+-----------------------------------------+
| g6        | BUFGCE/O        | X2Y7              |       |             |               | X2Y7     |       11436 |        0 |              0 |        0 | NFC_4Channel_bd_i/clk_wiz_0/inst/locked |
+-----------+-----------------+-------------------+-------+-------------+---------------+----------+-------------+----------+----------------+----------+-----------------------------------------+
* Slice Loads column represents load cell count of all cell types other than IO, GT and clock resources
** IO Loads column represents load cell count of IO types
*** Clocking Loads column represents load cell count that are clock resources (global clock buffer, MMCM, PLL, etc)
**** GT Loads column represents load cell count of GT types


+-----+----+-------+-----------+----+
|     | X0 | X1    | X2        | X3 |
+-----+----+-------+-----------+----+
| Y10 |  0 |     0 |         0 |  0 |
| Y9  |  0 |     0 |         0 |  0 |
| Y8  |  0 |     0 |         0 |  0 |
| Y7  |  0 |     0 | (R) (D) 0 |  0 |
| Y6  |  0 |     0 |         0 |  0 |
| Y5  |  0 |     0 |         0 |  0 |
| Y4  |  0 |     0 |         0 |  0 |
| Y3  |  0 |     0 |         0 |  0 |
| Y2  |  0 |     0 |       251 |  0 |
| Y1  |  0 |  1103 |      7956 |  0 |
| Y0  |  0 |    36 |      2090 |  0 |
+-----+----+-------+-----------+----+


15. Device Cell Placement Summary for Global Clock g7
-----------------------------------------------------

+-----------+-----------------+-------------------+-------+-------------+---------------+----------+-------------+----------+----------------+----------+-------------------------------------------------------------+
| Global Id | Driver Type/Pin | Driver Region (D) | Clock | Period (ns) | Waveform (ns) | Root (R) | Slice Loads | IO Loads | Clocking Loads | GT Loads | Net                                                         |
+-----------+-----------------+-------------------+-------+-------------+---------------+----------+-------------+----------+----------------+----------+-------------------------------------------------------------+
| g7        | BUFGCE/O        | X2Y3              |       |             |               | X2Y3     |        2030 |        0 |              0 |        0 | NFC_4Channel_bd_i/proc_sys_reset_0/U0/peripheral_aresetn[0] |
+-----------+-----------------+-------------------+-------+-------------+---------------+----------+-------------+----------+----------------+----------+-------------------------------------------------------------+
* Slice Loads column represents load cell count of all cell types other than IO, GT and clock resources
** IO Loads column represents load cell count of IO types
*** Clocking Loads column represents load cell count that are clock resources (global clock buffer, MMCM, PLL, etc)
**** GT Loads column represents load cell count of GT types


+-----+------+-----+-----------+----+
|     | X0   | X1  | X2        | X3 |
+-----+------+-----+-----------+----+
| Y10 |    0 |   0 |         0 |  0 |
| Y9  |    0 |   0 |         0 |  0 |
| Y8  |    0 |   0 |         0 |  0 |
| Y7  |    0 |   0 |         0 |  0 |
| Y6  |    0 |   0 |         0 |  0 |
| Y5  |    0 |   0 |         0 |  0 |
| Y4  |    0 |   0 |         0 |  0 |
| Y3  |  261 |  43 | (R) (D) 0 |  0 |
| Y2  |    0 |   0 |        20 |  0 |
| Y1  |    0 |   0 |      1706 |  0 |
| Y0  |    0 |   0 |         0 |  0 |
+-----+------+-----+-----------+----+


16. Clock Region Cell Placement per Global Clock: Region X1Y0
-------------------------------------------------------------

+-----------+-------+-----------------+------------+-------------+-----------------+-----+--------+------+------+-----+----+------+-----+---------+----------------------------------------------------------------------------------------------------+
| Global Id | Track | Driver Type/Pin | Constraint | Clock Loads | Non-Clock Loads | FF  | LUTRAM | RAMB | URAM | DSP | GT | MMCM | PLL | Hard IP | Net                                                                                                |
+-----------+-------+-----------------+------------+-------------+-----------------+-----+--------+------+------+-----+----+------+-----+---------+----------------------------------------------------------------------------------------------------+
| g0        | 2     | BUFGCE/O        | None       |         902 |               0 | 894 |      8 |    0 |    0 |   0 |  0 |    0 |   0 |       0 | NFC_4Channel_bd_i/clk_wiz_0/inst/clk_ctrl_50                                                       |
| g1        | 17    | BUFGCE_DIV/O    | None       |          17 |               0 |  17 |      0 |    0 |    0 |   0 |  0 |    0 |   0 |       0 | NFC_4Channel_bd_i/nfc_top_0/inst/nfc_channel_inst_0/fcc_top_1way_inst/fcc_core/fcc_phy/clk_div_int |
| g2+       | 11    | BUFGCE_DIV/O    | None       |           0 |               0 |   0 |      0 |    0 |    0 |   0 |  0 |    0 |   0 |       0 | NFC_4Channel_bd_i/nfc_top_0/inst/nfc_channel_inst_1/fcc_top_1way_inst/fcc_core/fcc_phy/clk_div_int |
| g3        | 23    | BUFGCE_DIV/O    | None       |          47 |               0 |  47 |      0 |    0 |    0 |   0 |  0 |    0 |   0 |       0 | NFC_4Channel_bd_i/nfc_top_0/inst/nfc_channel_inst_2/fcc_top_1way_inst/fcc_core/fcc_phy/clk_div_int |
| g4        | 5     | BUFGCE_DIV/O    | None       |           2 |               0 |   2 |      0 |    0 |    0 |   0 |  0 |    0 |   0 |       0 | NFC_4Channel_bd_i/nfc_top_0/inst/nfc_channel_inst_3/fcc_top_1way_inst/fcc_core/fcc_phy/clk_div_int |
| g5+       | 20    | BUFGCE/O        | None       |           0 |               0 |   0 |      0 |    0 |    0 |   0 |  0 |    0 |   0 |       0 | NFC_4Channel_bd_i/clk_wiz_0/inst/nand_clk_fast                                                     |
| g6        | 8     | BUFGCE/O        | None       |           0 |              36 |  36 |      0 |    0 |    0 |   0 |  0 |    0 |   0 |       0 | NFC_4Channel_bd_i/clk_wiz_0/inst/locked                                                            |
+-----------+-------+-----------------+------------+-------------+-----------------+-----+--------+------+------+-----+----+------+-----+---------+----------------------------------------------------------------------------------------------------+
* Clock Loads column represents the clock pin loads (pin count)
** Non-Clock Loads column represents the non-clock pin loads (pin count)
*** Columns FF, LUTRAM, RAMB through 'Hard IP' represents load cell counts
**** In Global Id column, sympbol '+' indicates that global clock was used only to route through the clock region.


17. Clock Region Cell Placement per Global Clock: Region X2Y0
-------------------------------------------------------------

+-----------+-------+-----------------+------------+-------------+-----------------+------+--------+------+------+-----+----+------+-----+---------+----------------------------------------------------------------------------------------------------+
| Global Id | Track | Driver Type/Pin | Constraint | Clock Loads | Non-Clock Loads | FF   | LUTRAM | RAMB | URAM | DSP | GT | MMCM | PLL | Hard IP | Net                                                                                                |
+-----------+-------+-----------------+------------+-------------+-----------------+------+--------+------+------+-----+----+------+-----+---------+----------------------------------------------------------------------------------------------------+
| g0        | 2     | BUFGCE/O        | None       |        1780 |               0 | 1776 |      2 |    2 |    0 |   0 |  0 |    0 |   0 |       0 | NFC_4Channel_bd_i/clk_wiz_0/inst/clk_ctrl_50                                                       |
| g1        | 17    | BUFGCE_DIV/O    | None       |          87 |               0 |   85 |      1 |    1 |    0 |   0 |  0 |    0 |   0 |       0 | NFC_4Channel_bd_i/nfc_top_0/inst/nfc_channel_inst_0/fcc_top_1way_inst/fcc_core/fcc_phy/clk_div_int |
| g2+       | 11    | BUFGCE_DIV/O    | None       |           0 |               0 |    0 |      0 |    0 |    0 |   0 |  0 |    0 |   0 |       0 | NFC_4Channel_bd_i/nfc_top_0/inst/nfc_channel_inst_1/fcc_top_1way_inst/fcc_core/fcc_phy/clk_div_int |
| g3        | 23    | BUFGCE_DIV/O    | None       |         399 |               0 |  364 |      1 |    1 |    0 |   0 |  0 |    0 |   0 |       0 | NFC_4Channel_bd_i/nfc_top_0/inst/nfc_channel_inst_2/fcc_top_1way_inst/fcc_core/fcc_phy/clk_div_int |
| g4        | 5     | BUFGCE_DIV/O    | None       |         359 |               0 |  325 |      1 |    0 |    0 |   0 |  0 |    0 |   0 |       0 | NFC_4Channel_bd_i/nfc_top_0/inst/nfc_channel_inst_3/fcc_top_1way_inst/fcc_core/fcc_phy/clk_div_int |
| g5        | 20    | BUFGCE/O        | None       |          50 |               0 |    0 |      0 |    0 |    0 |   0 |  0 |    0 |   0 |       0 | NFC_4Channel_bd_i/clk_wiz_0/inst/nand_clk_fast                                                     |
| g6        | 8     | BUFGCE/O        | None       |           0 |            2090 | 2090 |      0 |    0 |    0 |   0 |  0 |    0 |   0 |       0 | NFC_4Channel_bd_i/clk_wiz_0/inst/locked                                                            |
+-----------+-------+-----------------+------------+-------------+-----------------+------+--------+------+------+-----+----+------+-----+---------+----------------------------------------------------------------------------------------------------+
* Clock Loads column represents the clock pin loads (pin count)
** Non-Clock Loads column represents the non-clock pin loads (pin count)
*** Columns FF, LUTRAM, RAMB through 'Hard IP' represents load cell counts
**** In Global Id column, sympbol '+' indicates that global clock was used only to route through the clock region.


18. Clock Region Cell Placement per Global Clock: Region X1Y1
-------------------------------------------------------------

+-----------+-------+-----------------+------------+-------------+-----------------+------+--------+------+------+-----+----+------+-----+---------+----------------------------------------------------------------------------------------------------+
| Global Id | Track | Driver Type/Pin | Constraint | Clock Loads | Non-Clock Loads | FF   | LUTRAM | RAMB | URAM | DSP | GT | MMCM | PLL | Hard IP | Net                                                                                                |
+-----------+-------+-----------------+------------+-------------+-----------------+------+--------+------+------+-----+----+------+-----+---------+----------------------------------------------------------------------------------------------------+
| g0        | 2     | BUFGCE/O        | None       |        1855 |               0 | 1830 |     17 |    8 |    0 |   0 |  0 |    0 |   0 |       0 | NFC_4Channel_bd_i/clk_wiz_0/inst/clk_ctrl_50                                                       |
| g1        | 17    | BUFGCE_DIV/O    | None       |         291 |               0 |  291 |      0 |    0 |    0 |   0 |  0 |    0 |   0 |       0 | NFC_4Channel_bd_i/nfc_top_0/inst/nfc_channel_inst_0/fcc_top_1way_inst/fcc_core/fcc_phy/clk_div_int |
| g2        | 11    | BUFGCE_DIV/O    | None       |         322 |               0 |  320 |      1 |    1 |    0 |   0 |  0 |    0 |   0 |       0 | NFC_4Channel_bd_i/nfc_top_0/inst/nfc_channel_inst_1/fcc_top_1way_inst/fcc_core/fcc_phy/clk_div_int |
| g3        | 23    | BUFGCE_DIV/O    | None       |          48 |               0 |   47 |      0 |    1 |    0 |   0 |  0 |    0 |   0 |       0 | NFC_4Channel_bd_i/nfc_top_0/inst/nfc_channel_inst_2/fcc_top_1way_inst/fcc_core/fcc_phy/clk_div_int |
| g5+       | 20    | BUFGCE/O        | None       |           0 |               0 |    0 |      0 |    0 |    0 |   0 |  0 |    0 |   0 |       0 | NFC_4Channel_bd_i/clk_wiz_0/inst/nand_clk_fast                                                     |
| g6        | 8     | BUFGCE/O        | None       |           0 |            1103 | 1103 |      0 |    0 |    0 |   0 |  0 |    0 |   0 |       0 | NFC_4Channel_bd_i/clk_wiz_0/inst/locked                                                            |
+-----------+-------+-----------------+------------+-------------+-----------------+------+--------+------+------+-----+----+------+-----+---------+----------------------------------------------------------------------------------------------------+
* Clock Loads column represents the clock pin loads (pin count)
** Non-Clock Loads column represents the non-clock pin loads (pin count)
*** Columns FF, LUTRAM, RAMB through 'Hard IP' represents load cell counts
**** In Global Id column, sympbol '+' indicates that global clock was used only to route through the clock region.


19. Clock Region Cell Placement per Global Clock: Region X2Y1
-------------------------------------------------------------

+-----------+-------+-----------------+------------+-------------+-----------------+-------+--------+------+------+-----+----+------+-----+---------+----------------------------------------------------------------------------------------------------+
| Global Id | Track | Driver Type/Pin | Constraint | Clock Loads | Non-Clock Loads | FF    | LUTRAM | RAMB | URAM | DSP | GT | MMCM | PLL | Hard IP | Net                                                                                                |
+-----------+-------+-----------------+------------+-------------+-----------------+-------+--------+------+------+-----+----+------+-----+---------+----------------------------------------------------------------------------------------------------+
| g0        | 2     | BUFGCE/O        | None       |       15442 |               0 | 15261 |    167 |   14 |    0 |   0 |  0 |    0 |   0 |       0 | NFC_4Channel_bd_i/clk_wiz_0/inst/clk_ctrl_50                                                       |
| g1        | 17    | BUFGCE_DIV/O    | None       |          99 |               0 |    65 |      0 |    1 |    0 |   0 |  0 |    0 |   0 |       0 | NFC_4Channel_bd_i/nfc_top_0/inst/nfc_channel_inst_0/fcc_top_1way_inst/fcc_core/fcc_phy/clk_div_int |
| g2        | 11    | BUFGCE_DIV/O    | None       |         130 |               0 |    97 |      0 |    0 |    0 |   0 |  0 |    0 |   0 |       0 | NFC_4Channel_bd_i/nfc_top_0/inst/nfc_channel_inst_1/fcc_top_1way_inst/fcc_core/fcc_phy/clk_div_int |
| g4        | 5     | BUFGCE_DIV/O    | None       |         119 |               0 |   117 |      0 |    2 |    0 |   0 |  0 |    0 |   0 |       0 | NFC_4Channel_bd_i/nfc_top_0/inst/nfc_channel_inst_3/fcc_top_1way_inst/fcc_core/fcc_phy/clk_div_int |
| g5        | 20    | BUFGCE/O        | None       |          48 |               0 |     0 |      0 |    0 |    0 |   0 |  0 |    0 |   0 |       0 | NFC_4Channel_bd_i/clk_wiz_0/inst/nand_clk_fast                                                     |
| g6        | 8     | BUFGCE/O        | None       |           0 |            7956 |  7956 |      0 |    0 |    0 |   0 |  0 |    0 |   0 |       0 | NFC_4Channel_bd_i/clk_wiz_0/inst/locked                                                            |
| g7        | 14    | BUFGCE/O        | None       |           0 |            1706 |  1706 |      0 |    0 |    0 |   0 |  0 |    0 |   0 |       0 | NFC_4Channel_bd_i/proc_sys_reset_0/U0/peripheral_aresetn[0]                                        |
+-----------+-------+-----------------+------------+-------------+-----------------+-------+--------+------+------+-----+----+------+-----+---------+----------------------------------------------------------------------------------------------------+
* Clock Loads column represents the clock pin loads (pin count)
** Non-Clock Loads column represents the non-clock pin loads (pin count)
*** Columns FF, LUTRAM, RAMB through 'Hard IP' represents load cell counts


20. Clock Region Cell Placement per Global Clock: Region X3Y1
-------------------------------------------------------------

+-----------+-------+-----------------+------------+-------------+-----------------+-----+--------+------+------+-----+----+------+-----+---------+----------------------------------------------------------------------------------------------------+
| Global Id | Track | Driver Type/Pin | Constraint | Clock Loads | Non-Clock Loads | FF  | LUTRAM | RAMB | URAM | DSP | GT | MMCM | PLL | Hard IP | Net                                                                                                |
+-----------+-------+-----------------+------------+-------------+-----------------+-----+--------+------+------+-----+----+------+-----+---------+----------------------------------------------------------------------------------------------------+
| g0        | 2     | BUFGCE/O        | None       |         408 |               0 | 405 |      3 |    0 |    0 |   0 |  0 |    0 |   0 |       0 | NFC_4Channel_bd_i/clk_wiz_0/inst/clk_ctrl_50                                                       |
| g4        | 5     | BUFGCE_DIV/O    | None       |          14 |               0 |  14 |      0 |    0 |    0 |   0 |  0 |    0 |   0 |       0 | NFC_4Channel_bd_i/nfc_top_0/inst/nfc_channel_inst_3/fcc_top_1way_inst/fcc_core/fcc_phy/clk_div_int |
+-----------+-------+-----------------+------------+-------------+-----------------+-----+--------+------+------+-----+----+------+-----+---------+----------------------------------------------------------------------------------------------------+
* Clock Loads column represents the clock pin loads (pin count)
** Non-Clock Loads column represents the non-clock pin loads (pin count)
*** Columns FF, LUTRAM, RAMB through 'Hard IP' represents load cell counts


21. Clock Region Cell Placement per Global Clock: Region X1Y2
-------------------------------------------------------------

+-----------+-------+-----------------+------------+-------------+-----------------+------+--------+------+------+-----+----+------+-----+---------+----------------------------------------------------------------------------------------------------+
| Global Id | Track | Driver Type/Pin | Constraint | Clock Loads | Non-Clock Loads | FF   | LUTRAM | RAMB | URAM | DSP | GT | MMCM | PLL | Hard IP | Net                                                                                                |
+-----------+-------+-----------------+------------+-------------+-----------------+------+--------+------+------+-----+----+------+-----+---------+----------------------------------------------------------------------------------------------------+
| g0        | 2     | BUFGCE/O        | None       |        1059 |               0 | 1010 |     47 |    2 |    0 |   0 |  0 |    0 |   0 |       0 | NFC_4Channel_bd_i/clk_wiz_0/inst/clk_ctrl_50                                                       |
| g2        | 11    | BUFGCE_DIV/O    | None       |           1 |               0 |    0 |      0 |    1 |    0 |   0 |  0 |    0 |   0 |       0 | NFC_4Channel_bd_i/nfc_top_0/inst/nfc_channel_inst_1/fcc_top_1way_inst/fcc_core/fcc_phy/clk_div_int |
| g3+       | 23    | BUFGCE_DIV/O    | None       |           0 |               0 |    0 |      0 |    0 |    0 |   0 |  0 |    0 |   0 |       0 | NFC_4Channel_bd_i/nfc_top_0/inst/nfc_channel_inst_2/fcc_top_1way_inst/fcc_core/fcc_phy/clk_div_int |
| g5+       | 20    | BUFGCE/O        | None       |           0 |               0 |    0 |      0 |    0 |    0 |   0 |  0 |    0 |   0 |       0 | NFC_4Channel_bd_i/clk_wiz_0/inst/nand_clk_fast                                                     |
+-----------+-------+-----------------+------------+-------------+-----------------+------+--------+------+------+-----+----+------+-----+---------+----------------------------------------------------------------------------------------------------+
* Clock Loads column represents the clock pin loads (pin count)
** Non-Clock Loads column represents the non-clock pin loads (pin count)
*** Columns FF, LUTRAM, RAMB through 'Hard IP' represents load cell counts
**** In Global Id column, sympbol '+' indicates that global clock was used only to route through the clock region.


22. Clock Region Cell Placement per Global Clock: Region X2Y2
-------------------------------------------------------------

+-----------+-------+-----------------+------------+-------------+-----------------+------+--------+------+------+-----+----+------+-----+---------+----------------------------------------------------------------------------------------------------+
| Global Id | Track | Driver Type/Pin | Constraint | Clock Loads | Non-Clock Loads | FF   | LUTRAM | RAMB | URAM | DSP | GT | MMCM | PLL | Hard IP | Net                                                                                                |
+-----------+-------+-----------------+------------+-------------+-----------------+------+--------+------+------+-----+----+------+-----+---------+----------------------------------------------------------------------------------------------------+
| g0        | 2     | BUFGCE/O        | None       |        4457 |               0 | 4317 |    138 |    2 |    0 |   0 |  0 |    0 |   0 |       0 | NFC_4Channel_bd_i/clk_wiz_0/inst/clk_ctrl_50                                                       |
| g2        | 11    | BUFGCE_DIV/O    | None       |          41 |               0 |   41 |      0 |    0 |    0 |   0 |  0 |    0 |   0 |       0 | NFC_4Channel_bd_i/nfc_top_0/inst/nfc_channel_inst_1/fcc_top_1way_inst/fcc_core/fcc_phy/clk_div_int |
| g4+       | 5     | BUFGCE_DIV/O    | None       |           0 |               0 |    0 |      0 |    0 |    0 |   0 |  0 |    0 |   0 |       0 | NFC_4Channel_bd_i/nfc_top_0/inst/nfc_channel_inst_3/fcc_top_1way_inst/fcc_core/fcc_phy/clk_div_int |
| g5+       | 20    | BUFGCE/O        | None       |           0 |               0 |    0 |      0 |    0 |    0 |   0 |  0 |    0 |   0 |       0 | NFC_4Channel_bd_i/clk_wiz_0/inst/nand_clk_fast                                                     |
| g6        | 8     | BUFGCE/O        | None       |           0 |             251 |  251 |      0 |    0 |    0 |   0 |  0 |    0 |   0 |       0 | NFC_4Channel_bd_i/clk_wiz_0/inst/locked                                                            |
| g7        | 14    | BUFGCE/O        | None       |           0 |              20 |   20 |      0 |    0 |    0 |   0 |  0 |    0 |   0 |       0 | NFC_4Channel_bd_i/proc_sys_reset_0/U0/peripheral_aresetn[0]                                        |
+-----------+-------+-----------------+------------+-------------+-----------------+------+--------+------+------+-----+----+------+-----+---------+----------------------------------------------------------------------------------------------------+
* Clock Loads column represents the clock pin loads (pin count)
** Non-Clock Loads column represents the non-clock pin loads (pin count)
*** Columns FF, LUTRAM, RAMB through 'Hard IP' represents load cell counts
**** In Global Id column, sympbol '+' indicates that global clock was used only to route through the clock region.


23. Clock Region Cell Placement per Global Clock: Region X3Y2
-------------------------------------------------------------

+-----------+-------+-----------------+------------+-------------+-----------------+-----+--------+------+------+-----+----+------+-----+---------+----------------------------------------------+
| Global Id | Track | Driver Type/Pin | Constraint | Clock Loads | Non-Clock Loads | FF  | LUTRAM | RAMB | URAM | DSP | GT | MMCM | PLL | Hard IP | Net                                          |
+-----------+-------+-----------------+------------+-------------+-----------------+-----+--------+------+------+-----+----+------+-----+---------+----------------------------------------------+
| g0        | 2     | BUFGCE/O        | None       |         161 |               0 | 152 |      9 |    0 |    0 |   0 |  0 |    0 |   0 |       0 | NFC_4Channel_bd_i/clk_wiz_0/inst/clk_ctrl_50 |
+-----------+-------+-----------------+------------+-------------+-----------------+-----+--------+------+------+-----+----+------+-----+---------+----------------------------------------------+
* Clock Loads column represents the clock pin loads (pin count)
** Non-Clock Loads column represents the non-clock pin loads (pin count)
*** Columns FF, LUTRAM, RAMB through 'Hard IP' represents load cell counts


24. Clock Region Cell Placement per Global Clock: Region X0Y3
-------------------------------------------------------------

+-----------+-------+-----------------+------------+-------------+-----------------+------+--------+------+------+-----+----+------+-----+---------+-------------------------------------------------------------+
| Global Id | Track | Driver Type/Pin | Constraint | Clock Loads | Non-Clock Loads | FF   | LUTRAM | RAMB | URAM | DSP | GT | MMCM | PLL | Hard IP | Net                                                         |
+-----------+-------+-----------------+------------+-------------+-----------------+------+--------+------+------+-----+----+------+-----+---------+-------------------------------------------------------------+
| g0        | 2     | BUFGCE/O        | None       |        8282 |               0 | 7525 |    751 |    6 |    0 |   0 |  0 |    0 |   0 |       0 | NFC_4Channel_bd_i/clk_wiz_0/inst/clk_ctrl_50                |
| g7        | 14    | BUFGCE/O        | None       |           0 |             261 |  261 |      0 |    0 |    0 |   0 |  0 |    0 |   0 |       0 | NFC_4Channel_bd_i/proc_sys_reset_0/U0/peripheral_aresetn[0] |
+-----------+-------+-----------------+------------+-------------+-----------------+------+--------+------+------+-----+----+------+-----+---------+-------------------------------------------------------------+
* Clock Loads column represents the clock pin loads (pin count)
** Non-Clock Loads column represents the non-clock pin loads (pin count)
*** Columns FF, LUTRAM, RAMB through 'Hard IP' represents load cell counts


25. Clock Region Cell Placement per Global Clock: Region X1Y3
-------------------------------------------------------------

+-----------+-------+-----------------+------------+-------------+-----------------+------+--------+------+------+-----+----+------+-----+---------+----------------------------------------------------------------------------------------------------+
| Global Id | Track | Driver Type/Pin | Constraint | Clock Loads | Non-Clock Loads | FF   | LUTRAM | RAMB | URAM | DSP | GT | MMCM | PLL | Hard IP | Net                                                                                                |
+-----------+-------+-----------------+------------+-------------+-----------------+------+--------+------+------+-----+----+------+-----+---------+----------------------------------------------------------------------------------------------------+
| g0        | 2     | BUFGCE/O        | None       |        2808 |               0 | 2615 |    191 |    2 |    0 |   0 |  0 |    0 |   0 |       0 | NFC_4Channel_bd_i/clk_wiz_0/inst/clk_ctrl_50                                                       |
| g3+       | 23    | BUFGCE_DIV/O    | None       |           0 |               0 |    0 |      0 |    0 |    0 |   0 |  0 |    0 |   0 |       0 | NFC_4Channel_bd_i/nfc_top_0/inst/nfc_channel_inst_2/fcc_top_1way_inst/fcc_core/fcc_phy/clk_div_int |
| g5+       | 20    | BUFGCE/O        | None       |           0 |               0 |    0 |      0 |    0 |    0 |   0 |  0 |    0 |   0 |       0 | NFC_4Channel_bd_i/clk_wiz_0/inst/nand_clk_fast                                                     |
| g7        | 14    | BUFGCE/O        | None       |           0 |              43 |   43 |      0 |    0 |    0 |   0 |  0 |    0 |   0 |       0 | NFC_4Channel_bd_i/proc_sys_reset_0/U0/peripheral_aresetn[0]                                        |
+-----------+-------+-----------------+------------+-------------+-----------------+------+--------+------+------+-----+----+------+-----+---------+----------------------------------------------------------------------------------------------------+
* Clock Loads column represents the clock pin loads (pin count)
** Non-Clock Loads column represents the non-clock pin loads (pin count)
*** Columns FF, LUTRAM, RAMB through 'Hard IP' represents load cell counts
**** In Global Id column, sympbol '+' indicates that global clock was used only to route through the clock region.


26. Clock Region Cell Placement per Global Clock: Region X2Y3
-------------------------------------------------------------

+-----------+-------+-----------------+------------+-------------+-----------------+----+--------+------+------+-----+----+------+-----+---------+----------------------------------------------------------------------------------------------------+
| Global Id | Track | Driver Type/Pin | Constraint | Clock Loads | Non-Clock Loads | FF | LUTRAM | RAMB | URAM | DSP | GT | MMCM | PLL | Hard IP | Net                                                                                                |
+-----------+-------+-----------------+------------+-------------+-----------------+----+--------+------+------+-----+----+------+-----+---------+----------------------------------------------------------------------------------------------------+
| g3+       | 23    | BUFGCE_DIV/O    | None       |           0 |               0 |  0 |      0 |    0 |    0 |   0 |  0 |    0 |   0 |       0 | NFC_4Channel_bd_i/nfc_top_0/inst/nfc_channel_inst_2/fcc_top_1way_inst/fcc_core/fcc_phy/clk_div_int |
| g4+       | 5     | BUFGCE_DIV/O    | None       |           0 |               0 |  0 |      0 |    0 |    0 |   0 |  0 |    0 |   0 |       0 | NFC_4Channel_bd_i/nfc_top_0/inst/nfc_channel_inst_3/fcc_top_1way_inst/fcc_core/fcc_phy/clk_div_int |
| g5        | 20    | BUFGCE/O        | None       |           1 |               0 |  0 |      0 |    0 |    0 |   0 |  0 |    0 |   0 |       0 | NFC_4Channel_bd_i/clk_wiz_0/inst/nand_clk_fast                                                     |
| g6+       | 8     | BUFGCE/O        | None       |           0 |               0 |  0 |      0 |    0 |    0 |   0 |  0 |    0 |   0 |       0 | NFC_4Channel_bd_i/clk_wiz_0/inst/locked                                                            |
| g7+       | 14    | BUFGCE/O        | None       |           0 |               0 |  0 |      0 |    0 |    0 |   0 |  0 |    0 |   0 |       0 | NFC_4Channel_bd_i/proc_sys_reset_0/U0/peripheral_aresetn[0]                                        |
+-----------+-------+-----------------+------------+-------------+-----------------+----+--------+------+------+-----+----+------+-----+---------+----------------------------------------------------------------------------------------------------+
* Clock Loads column represents the clock pin loads (pin count)
** Non-Clock Loads column represents the non-clock pin loads (pin count)
*** Columns FF, LUTRAM, RAMB through 'Hard IP' represents load cell counts
**** In Global Id column, sympbol '+' indicates that global clock was used only to route through the clock region.


