
*** Running vivado
    with args -log NFC_4Channel_bd_wrapper.vds -m64 -product Vivado -mode batch -messageDb vivado.pb -notrace -source NFC_4Channel_bd_wrapper.tcl


****** Vivado v2019.2 (64-bit)
  **** SW Build 2708876 on Wed Nov  6 21:40:23 MST 2019
  **** IP Build 2700528 on Thu Nov  7 00:09:20 MST 2019
    ** Copyright 1986-2019 Xilinx, Inc. All Rights Reserved.

source NFC_4Channel_bd_wrapper.tcl -notrace
INFO: [IP_Flow 19-234] Refreshing IP repositories
INFO: [IP_Flow 19-1700] Loaded user IP repository 'd:/Xilinx_2019_2/RTL_prj/OCOWFC_Z19/OCOWFC_Z19/Z19_NFC_4Chanel/Z19_NFC_4Channel/NANDIP'.
INFO: [IP_Flow 19-2313] Loaded Vivado IP repository 'D:/Xilinx_2019_2/Vivado/2019.2/data/ip'.
WARNING: [IP_Flow 19-4995] The host OS only allows 260 characters in a normal path. The IP cache path is more than 80 characters. If you experience issues with IP caching, please consider changing the IP cache to a location with a shorter path. Alternately consider using the OS subst command to map part of the path to a drive letter. 
Current IP cache path is d:/Xilinx_2019_2/RTL_prj/OCOWFC_Z19/OCOWFC_Z19/Z19_NFC_4Chanel/Z19_NFC_4Channel/Z19_NFC_4Channel.cache/ip 
add_files: Time (s): cpu = 00:00:08 ; elapsed = 00:00:10 . Memory (MB): peak = 489.785 ; gain = 61.781
Command: synth_design -top NFC_4Channel_bd_wrapper -part xczu19eg-ffvc1760-2-i
Starting synth_design
Attempting to get a license for feature 'Synthesis' and/or device 'xczu19eg'
INFO: [Common 17-349] Got license for feature 'Synthesis' and/or device 'xczu19eg'
INFO: [Device 21-403] Loading part xczu19eg-ffvc1760-2-i
INFO: Launching helper process for spawning children vivado processes
INFO: Helper process launched with PID 15204 
---------------------------------------------------------------------------------
Starting RTL Elaboration : Time (s): cpu = 00:00:02 ; elapsed = 00:00:03 . Memory (MB): peak = 1768.828 ; gain = 78.602
---------------------------------------------------------------------------------
INFO: [Synth 8-6157] synthesizing module 'NFC_4Channel_bd_wrapper' [D:/Xilinx_2019_2/RTL_prj/OCOWFC_Z19/OCOWFC_Z19/Z19_NFC_4Chanel/Z19_NFC_4Channel/Z19_NFC_4Channel.srcs/sources_1/bd/NFC_4Channel_bd/hdl/NFC_4Channel_bd_wrapper.v:12]
INFO: [Synth 8-6157] synthesizing module 'NFC_4Channel_bd' [D:/Xilinx_2019_2/RTL_prj/OCOWFC_Z19/OCOWFC_Z19/Z19_NFC_4Chanel/Z19_NFC_4Channel/Z19_NFC_4Channel.srcs/sources_1/bd/NFC_4Channel_bd/synth/NFC_4Channel_bd.v:13]
INFO: [Synth 8-6157] synthesizing module 'NFC_4Channel_bd_axi_bram_ctrl_0_0' [D:/Xilinx_2019_2/RTL_prj/OCOWFC_Z19/OCOWFC_Z19/Z19_NFC_4Chanel/Z19_NFC_4Channel/Z19_NFC_4Channel.runs/synth_1/.Xil/Vivado-14608-DESKTOP-TRF6PNO/realtime/NFC_4Channel_bd_axi_bram_ctrl_0_0_stub.v:6]
INFO: [Synth 8-6155] done synthesizing module 'NFC_4Channel_bd_axi_bram_ctrl_0_0' (1#1) [D:/Xilinx_2019_2/RTL_prj/OCOWFC_Z19/OCOWFC_Z19/Z19_NFC_4Chanel/Z19_NFC_4Channel/Z19_NFC_4Channel.runs/synth_1/.Xil/Vivado-14608-DESKTOP-TRF6PNO/realtime/NFC_4Channel_bd_axi_bram_ctrl_0_0_stub.v:6]
INFO: [Synth 8-6157] synthesizing module 'NFC_4Channel_bd_axi_bram_ctrl_0_bram_0' [D:/Xilinx_2019_2/RTL_prj/OCOWFC_Z19/OCOWFC_Z19/Z19_NFC_4Chanel/Z19_NFC_4Channel/Z19_NFC_4Channel.runs/synth_1/.Xil/Vivado-14608-DESKTOP-TRF6PNO/realtime/NFC_4Channel_bd_axi_bram_ctrl_0_bram_0_stub.v:6]
INFO: [Synth 8-6155] done synthesizing module 'NFC_4Channel_bd_axi_bram_ctrl_0_bram_0' (2#1) [D:/Xilinx_2019_2/RTL_prj/OCOWFC_Z19/OCOWFC_Z19/Z19_NFC_4Chanel/Z19_NFC_4Channel/Z19_NFC_4Channel.runs/synth_1/.Xil/Vivado-14608-DESKTOP-TRF6PNO/realtime/NFC_4Channel_bd_axi_bram_ctrl_0_bram_0_stub.v:6]
INFO: [Synth 8-6157] synthesizing module 'NFC_4Channel_bd_axi_bram_ctrl_0_1' [D:/Xilinx_2019_2/RTL_prj/OCOWFC_Z19/OCOWFC_Z19/Z19_NFC_4Chanel/Z19_NFC_4Channel/Z19_NFC_4Channel.runs/synth_1/.Xil/Vivado-14608-DESKTOP-TRF6PNO/realtime/NFC_4Channel_bd_axi_bram_ctrl_0_1_stub.v:6]
INFO: [Synth 8-6155] done synthesizing module 'NFC_4Channel_bd_axi_bram_ctrl_0_1' (3#1) [D:/Xilinx_2019_2/RTL_prj/OCOWFC_Z19/OCOWFC_Z19/Z19_NFC_4Chanel/Z19_NFC_4Channel/Z19_NFC_4Channel.runs/synth_1/.Xil/Vivado-14608-DESKTOP-TRF6PNO/realtime/NFC_4Channel_bd_axi_bram_ctrl_0_1_stub.v:6]
INFO: [Synth 8-6157] synthesizing module 'NFC_4Channel_bd_axi_bram_ctrl_1_bram_0' [D:/Xilinx_2019_2/RTL_prj/OCOWFC_Z19/OCOWFC_Z19/Z19_NFC_4Chanel/Z19_NFC_4Channel/Z19_NFC_4Channel.runs/synth_1/.Xil/Vivado-14608-DESKTOP-TRF6PNO/realtime/NFC_4Channel_bd_axi_bram_ctrl_1_bram_0_stub.v:6]
INFO: [Synth 8-6155] done synthesizing module 'NFC_4Channel_bd_axi_bram_ctrl_1_bram_0' (4#1) [D:/Xilinx_2019_2/RTL_prj/OCOWFC_Z19/OCOWFC_Z19/Z19_NFC_4Chanel/Z19_NFC_4Channel/Z19_NFC_4Channel.runs/synth_1/.Xil/Vivado-14608-DESKTOP-TRF6PNO/realtime/NFC_4Channel_bd_axi_bram_ctrl_1_bram_0_stub.v:6]
INFO: [Synth 8-6157] synthesizing module 'NFC_4Channel_bd_axi_bram_ctrl_0_2' [D:/Xilinx_2019_2/RTL_prj/OCOWFC_Z19/OCOWFC_Z19/Z19_NFC_4Chanel/Z19_NFC_4Channel/Z19_NFC_4Channel.runs/synth_1/.Xil/Vivado-14608-DESKTOP-TRF6PNO/realtime/NFC_4Channel_bd_axi_bram_ctrl_0_2_stub.v:6]
INFO: [Synth 8-6155] done synthesizing module 'NFC_4Channel_bd_axi_bram_ctrl_0_2' (5#1) [D:/Xilinx_2019_2/RTL_prj/OCOWFC_Z19/OCOWFC_Z19/Z19_NFC_4Chanel/Z19_NFC_4Channel/Z19_NFC_4Channel.runs/synth_1/.Xil/Vivado-14608-DESKTOP-TRF6PNO/realtime/NFC_4Channel_bd_axi_bram_ctrl_0_2_stub.v:6]
INFO: [Synth 8-6157] synthesizing module 'NFC_4Channel_bd_axi_bram_ctrl_2_bram_0' [D:/Xilinx_2019_2/RTL_prj/OCOWFC_Z19/OCOWFC_Z19/Z19_NFC_4Chanel/Z19_NFC_4Channel/Z19_NFC_4Channel.runs/synth_1/.Xil/Vivado-14608-DESKTOP-TRF6PNO/realtime/NFC_4Channel_bd_axi_bram_ctrl_2_bram_0_stub.v:6]
INFO: [Synth 8-6155] done synthesizing module 'NFC_4Channel_bd_axi_bram_ctrl_2_bram_0' (6#1) [D:/Xilinx_2019_2/RTL_prj/OCOWFC_Z19/OCOWFC_Z19/Z19_NFC_4Chanel/Z19_NFC_4Channel/Z19_NFC_4Channel.runs/synth_1/.Xil/Vivado-14608-DESKTOP-TRF6PNO/realtime/NFC_4Channel_bd_axi_bram_ctrl_2_bram_0_stub.v:6]
INFO: [Synth 8-6157] synthesizing module 'NFC_4Channel_bd_axi_bram_ctrl_0_3' [D:/Xilinx_2019_2/RTL_prj/OCOWFC_Z19/OCOWFC_Z19/Z19_NFC_4Chanel/Z19_NFC_4Channel/Z19_NFC_4Channel.runs/synth_1/.Xil/Vivado-14608-DESKTOP-TRF6PNO/realtime/NFC_4Channel_bd_axi_bram_ctrl_0_3_stub.v:6]
INFO: [Synth 8-6155] done synthesizing module 'NFC_4Channel_bd_axi_bram_ctrl_0_3' (7#1) [D:/Xilinx_2019_2/RTL_prj/OCOWFC_Z19/OCOWFC_Z19/Z19_NFC_4Chanel/Z19_NFC_4Channel/Z19_NFC_4Channel.runs/synth_1/.Xil/Vivado-14608-DESKTOP-TRF6PNO/realtime/NFC_4Channel_bd_axi_bram_ctrl_0_3_stub.v:6]
INFO: [Synth 8-6157] synthesizing module 'NFC_4Channel_bd_axi_bram_ctrl_3_bram_0' [D:/Xilinx_2019_2/RTL_prj/OCOWFC_Z19/OCOWFC_Z19/Z19_NFC_4Chanel/Z19_NFC_4Channel/Z19_NFC_4Channel.runs/synth_1/.Xil/Vivado-14608-DESKTOP-TRF6PNO/realtime/NFC_4Channel_bd_axi_bram_ctrl_3_bram_0_stub.v:6]
INFO: [Synth 8-6155] done synthesizing module 'NFC_4Channel_bd_axi_bram_ctrl_3_bram_0' (8#1) [D:/Xilinx_2019_2/RTL_prj/OCOWFC_Z19/OCOWFC_Z19/Z19_NFC_4Chanel/Z19_NFC_4Channel/Z19_NFC_4Channel.runs/synth_1/.Xil/Vivado-14608-DESKTOP-TRF6PNO/realtime/NFC_4Channel_bd_axi_bram_ctrl_3_bram_0_stub.v:6]
INFO: [Synth 8-6157] synthesizing module 'NFC_4Channel_bd_axi_dma_0_0' [D:/Xilinx_2019_2/RTL_prj/OCOWFC_Z19/OCOWFC_Z19/Z19_NFC_4Chanel/Z19_NFC_4Channel/Z19_NFC_4Channel.runs/synth_1/.Xil/Vivado-14608-DESKTOP-TRF6PNO/realtime/NFC_4Channel_bd_axi_dma_0_0_stub.v:6]
INFO: [Synth 8-6155] done synthesizing module 'NFC_4Channel_bd_axi_dma_0_0' (9#1) [D:/Xilinx_2019_2/RTL_prj/OCOWFC_Z19/OCOWFC_Z19/Z19_NFC_4Chanel/Z19_NFC_4Channel/Z19_NFC_4Channel.runs/synth_1/.Xil/Vivado-14608-DESKTOP-TRF6PNO/realtime/NFC_4Channel_bd_axi_dma_0_0_stub.v:6]
WARNING: [Synth 8-7023] instance 'axi_dma_0' of module 'NFC_4Channel_bd_axi_dma_0_0' has 64 connections declared, but only 58 given [D:/Xilinx_2019_2/RTL_prj/OCOWFC_Z19/OCOWFC_Z19/Z19_NFC_4Chanel/Z19_NFC_4Channel/Z19_NFC_4Channel.srcs/sources_1/bd/NFC_4Channel_bd/synth/NFC_4Channel_bd.v:811]
INFO: [Synth 8-6157] synthesizing module 'NFC_4Channel_bd_axi_dma_0_2' [D:/Xilinx_2019_2/RTL_prj/OCOWFC_Z19/OCOWFC_Z19/Z19_NFC_4Chanel/Z19_NFC_4Channel/Z19_NFC_4Channel.runs/synth_1/.Xil/Vivado-14608-DESKTOP-TRF6PNO/realtime/NFC_4Channel_bd_axi_dma_0_2_stub.v:6]
INFO: [Synth 8-6155] done synthesizing module 'NFC_4Channel_bd_axi_dma_0_2' (10#1) [D:/Xilinx_2019_2/RTL_prj/OCOWFC_Z19/OCOWFC_Z19/Z19_NFC_4Chanel/Z19_NFC_4Channel/Z19_NFC_4Channel.runs/synth_1/.Xil/Vivado-14608-DESKTOP-TRF6PNO/realtime/NFC_4Channel_bd_axi_dma_0_2_stub.v:6]
WARNING: [Synth 8-7023] instance 'axi_dma_1' of module 'NFC_4Channel_bd_axi_dma_0_2' has 64 connections declared, but only 58 given [D:/Xilinx_2019_2/RTL_prj/OCOWFC_Z19/OCOWFC_Z19/Z19_NFC_4Chanel/Z19_NFC_4Channel/Z19_NFC_4Channel.srcs/sources_1/bd/NFC_4Channel_bd/synth/NFC_4Channel_bd.v:870]
INFO: [Synth 8-6157] synthesizing module 'NFC_4Channel_bd_axi_dma_0_3' [D:/Xilinx_2019_2/RTL_prj/OCOWFC_Z19/OCOWFC_Z19/Z19_NFC_4Chanel/Z19_NFC_4Channel/Z19_NFC_4Channel.runs/synth_1/.Xil/Vivado-14608-DESKTOP-TRF6PNO/realtime/NFC_4Channel_bd_axi_dma_0_3_stub.v:6]
INFO: [Synth 8-6155] done synthesizing module 'NFC_4Channel_bd_axi_dma_0_3' (11#1) [D:/Xilinx_2019_2/RTL_prj/OCOWFC_Z19/OCOWFC_Z19/Z19_NFC_4Chanel/Z19_NFC_4Channel/Z19_NFC_4Channel.runs/synth_1/.Xil/Vivado-14608-DESKTOP-TRF6PNO/realtime/NFC_4Channel_bd_axi_dma_0_3_stub.v:6]
WARNING: [Synth 8-7023] instance 'axi_dma_2' of module 'NFC_4Channel_bd_axi_dma_0_3' has 64 connections declared, but only 58 given [D:/Xilinx_2019_2/RTL_prj/OCOWFC_Z19/OCOWFC_Z19/Z19_NFC_4Chanel/Z19_NFC_4Channel/Z19_NFC_4Channel.srcs/sources_1/bd/NFC_4Channel_bd/synth/NFC_4Channel_bd.v:929]
INFO: [Synth 8-6157] synthesizing module 'NFC_4Channel_bd_axi_dma_0_4' [D:/Xilinx_2019_2/RTL_prj/OCOWFC_Z19/OCOWFC_Z19/Z19_NFC_4Chanel/Z19_NFC_4Channel/Z19_NFC_4Channel.runs/synth_1/.Xil/Vivado-14608-DESKTOP-TRF6PNO/realtime/NFC_4Channel_bd_axi_dma_0_4_stub.v:6]
INFO: [Synth 8-6155] done synthesizing module 'NFC_4Channel_bd_axi_dma_0_4' (12#1) [D:/Xilinx_2019_2/RTL_prj/OCOWFC_Z19/OCOWFC_Z19/Z19_NFC_4Chanel/Z19_NFC_4Channel/Z19_NFC_4Channel.runs/synth_1/.Xil/Vivado-14608-DESKTOP-TRF6PNO/realtime/NFC_4Channel_bd_axi_dma_0_4_stub.v:6]
WARNING: [Synth 8-7023] instance 'axi_dma_3' of module 'NFC_4Channel_bd_axi_dma_0_4' has 64 connections declared, but only 58 given [D:/Xilinx_2019_2/RTL_prj/OCOWFC_Z19/OCOWFC_Z19/Z19_NFC_4Chanel/Z19_NFC_4Channel/Z19_NFC_4Channel.srcs/sources_1/bd/NFC_4Channel_bd/synth/NFC_4Channel_bd.v:988]
INFO: [Synth 8-6157] synthesizing module 'NFC_4Channel_bd_clk_wiz_0_0' [D:/Xilinx_2019_2/RTL_prj/OCOWFC_Z19/OCOWFC_Z19/Z19_NFC_4Chanel/Z19_NFC_4Channel/Z19_NFC_4Channel.runs/synth_1/.Xil/Vivado-14608-DESKTOP-TRF6PNO/realtime/NFC_4Channel_bd_clk_wiz_0_0_stub.v:5]
INFO: [Synth 8-6155] done synthesizing module 'NFC_4Channel_bd_clk_wiz_0_0' (13#1) [D:/Xilinx_2019_2/RTL_prj/OCOWFC_Z19/OCOWFC_Z19/Z19_NFC_4Chanel/Z19_NFC_4Channel/Z19_NFC_4Channel.runs/synth_1/.Xil/Vivado-14608-DESKTOP-TRF6PNO/realtime/NFC_4Channel_bd_clk_wiz_0_0_stub.v:5]
WARNING: [Synth 8-7023] instance 'clk_wiz_0' of module 'NFC_4Channel_bd_clk_wiz_0_0' has 6 connections declared, but only 5 given [D:/Xilinx_2019_2/RTL_prj/OCOWFC_Z19/OCOWFC_Z19/Z19_NFC_4Chanel/Z19_NFC_4Channel/Z19_NFC_4Channel.srcs/sources_1/bd/NFC_4Channel_bd/synth/NFC_4Channel_bd.v:1047]
INFO: [Synth 8-6157] synthesizing module 'NFC_4Channel_bd_nfc_top_0_0' [D:/Xilinx_2019_2/RTL_prj/OCOWFC_Z19/OCOWFC_Z19/Z19_NFC_4Chanel/Z19_NFC_4Channel/Z19_NFC_4Channel.runs/synth_1/.Xil/Vivado-14608-DESKTOP-TRF6PNO/realtime/NFC_4Channel_bd_nfc_top_0_0_stub.v:6]
INFO: [Synth 8-6155] done synthesizing module 'NFC_4Channel_bd_nfc_top_0_0' (14#1) [D:/Xilinx_2019_2/RTL_prj/OCOWFC_Z19/OCOWFC_Z19/Z19_NFC_4Chanel/Z19_NFC_4Channel/Z19_NFC_4Channel.runs/synth_1/.Xil/Vivado-14608-DESKTOP-TRF6PNO/realtime/NFC_4Channel_bd_nfc_top_0_0_stub.v:6]
WARNING: [Synth 8-7023] instance 'nfc_top_0' of module 'NFC_4Channel_bd_nfc_top_0_0' has 79 connections declared, but only 71 given [D:/Xilinx_2019_2/RTL_prj/OCOWFC_Z19/OCOWFC_Z19/Z19_NFC_4Chanel/Z19_NFC_4Channel/Z19_NFC_4Channel.srcs/sources_1/bd/NFC_4Channel_bd/synth/NFC_4Channel_bd.v:1053]
INFO: [Synth 8-6157] synthesizing module 'NFC_4Channel_bd_proc_sys_reset_0_0' [D:/Xilinx_2019_2/RTL_prj/OCOWFC_Z19/OCOWFC_Z19/Z19_NFC_4Chanel/Z19_NFC_4Channel/Z19_NFC_4Channel.runs/synth_1/.Xil/Vivado-14608-DESKTOP-TRF6PNO/realtime/NFC_4Channel_bd_proc_sys_reset_0_0_stub.v:6]
INFO: [Synth 8-6155] done synthesizing module 'NFC_4Channel_bd_proc_sys_reset_0_0' (15#1) [D:/Xilinx_2019_2/RTL_prj/OCOWFC_Z19/OCOWFC_Z19/Z19_NFC_4Chanel/Z19_NFC_4Channel/Z19_NFC_4Channel.runs/synth_1/.Xil/Vivado-14608-DESKTOP-TRF6PNO/realtime/NFC_4Channel_bd_proc_sys_reset_0_0_stub.v:6]
WARNING: [Synth 8-7023] instance 'proc_sys_reset_0' of module 'NFC_4Channel_bd_proc_sys_reset_0_0' has 10 connections declared, but only 6 given [D:/Xilinx_2019_2/RTL_prj/OCOWFC_Z19/OCOWFC_Z19/Z19_NFC_4Chanel/Z19_NFC_4Channel/Z19_NFC_4Channel.srcs/sources_1/bd/NFC_4Channel_bd/synth/NFC_4Channel_bd.v:1125]
INFO: [Synth 8-6157] synthesizing module 'NFC_4Channel_bd_smartconnect_0_0' [D:/Xilinx_2019_2/RTL_prj/OCOWFC_Z19/OCOWFC_Z19/Z19_NFC_4Chanel/Z19_NFC_4Channel/Z19_NFC_4Channel.runs/synth_1/.Xil/Vivado-14608-DESKTOP-TRF6PNO/realtime/NFC_4Channel_bd_smartconnect_0_0_stub.v:6]
INFO: [Synth 8-6155] done synthesizing module 'NFC_4Channel_bd_smartconnect_0_0' (16#1) [D:/Xilinx_2019_2/RTL_prj/OCOWFC_Z19/OCOWFC_Z19/Z19_NFC_4Chanel/Z19_NFC_4Channel/Z19_NFC_4Channel.runs/synth_1/.Xil/Vivado-14608-DESKTOP-TRF6PNO/realtime/NFC_4Channel_bd_smartconnect_0_0_stub.v:6]
WARNING: [Synth 8-7023] instance 'smartconnect_0' of module 'NFC_4Channel_bd_smartconnect_0_0' has 137 connections declared, but only 125 given [D:/Xilinx_2019_2/RTL_prj/OCOWFC_Z19/OCOWFC_Z19/Z19_NFC_4Chanel/Z19_NFC_4Channel/Z19_NFC_4Channel.srcs/sources_1/bd/NFC_4Channel_bd/synth/NFC_4Channel_bd.v:1132]
INFO: [Synth 8-6157] synthesizing module 'NFC_4Channel_bd_smartconnect_0_1' [D:/Xilinx_2019_2/RTL_prj/OCOWFC_Z19/OCOWFC_Z19/Z19_NFC_4Chanel/Z19_NFC_4Channel/Z19_NFC_4Channel.runs/synth_1/.Xil/Vivado-14608-DESKTOP-TRF6PNO/realtime/NFC_4Channel_bd_smartconnect_0_1_stub.v:6]
INFO: [Synth 8-6155] done synthesizing module 'NFC_4Channel_bd_smartconnect_0_1' (17#1) [D:/Xilinx_2019_2/RTL_prj/OCOWFC_Z19/OCOWFC_Z19/Z19_NFC_4Chanel/Z19_NFC_4Channel/Z19_NFC_4Channel.runs/synth_1/.Xil/Vivado-14608-DESKTOP-TRF6PNO/realtime/NFC_4Channel_bd_smartconnect_0_1_stub.v:6]
WARNING: [Synth 8-7023] instance 'smartconnect_1' of module 'NFC_4Channel_bd_smartconnect_0_1' has 313 connections declared, but only 297 given [D:/Xilinx_2019_2/RTL_prj/OCOWFC_Z19/OCOWFC_Z19/Z19_NFC_4Chanel/Z19_NFC_4Channel/Z19_NFC_4Channel.srcs/sources_1/bd/NFC_4Channel_bd/synth/NFC_4Channel_bd.v:1258]
INFO: [Synth 8-6157] synthesizing module 'NFC_4Channel_bd_zynq_ultra_ps_e_0_0' [D:/Xilinx_2019_2/RTL_prj/OCOWFC_Z19/OCOWFC_Z19/Z19_NFC_4Chanel/Z19_NFC_4Channel/Z19_NFC_4Channel.runs/synth_1/.Xil/Vivado-14608-DESKTOP-TRF6PNO/realtime/NFC_4Channel_bd_zynq_ultra_ps_e_0_0_stub.v:6]
INFO: [Synth 8-6155] done synthesizing module 'NFC_4Channel_bd_zynq_ultra_ps_e_0_0' (18#1) [D:/Xilinx_2019_2/RTL_prj/OCOWFC_Z19/OCOWFC_Z19/Z19_NFC_4Chanel/Z19_NFC_4Channel/Z19_NFC_4Channel.runs/synth_1/.Xil/Vivado-14608-DESKTOP-TRF6PNO/realtime/NFC_4Channel_bd_zynq_ultra_ps_e_0_0_stub.v:6]
WARNING: [Synth 8-7023] instance 'zynq_ultra_ps_e_0' of module 'NFC_4Channel_bd_zynq_ultra_ps_e_0_0' has 82 connections declared, but only 81 given [D:/Xilinx_2019_2/RTL_prj/OCOWFC_Z19/OCOWFC_Z19/Z19_NFC_4Chanel/Z19_NFC_4Channel/Z19_NFC_4Channel.srcs/sources_1/bd/NFC_4Channel_bd/synth/NFC_4Channel_bd.v:1556]
INFO: [Synth 8-6155] done synthesizing module 'NFC_4Channel_bd' (19#1) [D:/Xilinx_2019_2/RTL_prj/OCOWFC_Z19/OCOWFC_Z19/Z19_NFC_4Chanel/Z19_NFC_4Channel/Z19_NFC_4Channel.srcs/sources_1/bd/NFC_4Channel_bd/synth/NFC_4Channel_bd.v:13]
INFO: [Synth 8-6155] done synthesizing module 'NFC_4Channel_bd_wrapper' (20#1) [D:/Xilinx_2019_2/RTL_prj/OCOWFC_Z19/OCOWFC_Z19/Z19_NFC_4Chanel/Z19_NFC_4Channel/Z19_NFC_4Channel.srcs/sources_1/bd/NFC_4Channel_bd/hdl/NFC_4Channel_bd_wrapper.v:12]
---------------------------------------------------------------------------------
Finished RTL Elaboration : Time (s): cpu = 00:00:03 ; elapsed = 00:00:03 . Memory (MB): peak = 1844.469 ; gain = 154.242
---------------------------------------------------------------------------------

Report Check Netlist: 
+------+------------------+-------+---------+-------+------------------+
|      |Item              |Errors |Warnings |Status |Description       |
+------+------------------+-------+---------+-------+------------------+
|1     |multi_driven_nets |      0|        0|Passed |Multi driven nets |
+------+------------------+-------+---------+-------+------------------+
---------------------------------------------------------------------------------
Start Handling Custom Attributes
---------------------------------------------------------------------------------
---------------------------------------------------------------------------------
Finished Handling Custom Attributes : Time (s): cpu = 00:00:03 ; elapsed = 00:00:04 . Memory (MB): peak = 1849.562 ; gain = 159.336
---------------------------------------------------------------------------------
---------------------------------------------------------------------------------
Finished RTL Optimization Phase 1 : Time (s): cpu = 00:00:03 ; elapsed = 00:00:04 . Memory (MB): peak = 1849.562 ; gain = 159.336
---------------------------------------------------------------------------------
Netlist sorting complete. Time (s): cpu = 00:00:00 ; elapsed = 00:00:00.022 . Memory (MB): peak = 1849.562 ; gain = 0.000
INFO: [Project 1-570] Preparing netlist for logic optimization

Processing XDC Constraints
Initializing timing engine
Parsing XDC File [d:/Xilinx_2019_2/RTL_prj/OCOWFC_Z19/OCOWFC_Z19/Z19_NFC_4Chanel/Z19_NFC_4Channel/Z19_NFC_4Channel.srcs/sources_1/bd/NFC_4Channel_bd/ip/NFC_4Channel_bd_zynq_ultra_ps_e_0_0/NFC_4Channel_bd_zynq_ultra_ps_e_0_0/NFC_4Channel_bd_zynq_ultra_ps_e_0_0_in_context.xdc] for cell 'NFC_4Channel_bd_i/zynq_ultra_ps_e_0'
Finished Parsing XDC File [d:/Xilinx_2019_2/RTL_prj/OCOWFC_Z19/OCOWFC_Z19/Z19_NFC_4Chanel/Z19_NFC_4Channel/Z19_NFC_4Channel.srcs/sources_1/bd/NFC_4Channel_bd/ip/NFC_4Channel_bd_zynq_ultra_ps_e_0_0/NFC_4Channel_bd_zynq_ultra_ps_e_0_0/NFC_4Channel_bd_zynq_ultra_ps_e_0_0_in_context.xdc] for cell 'NFC_4Channel_bd_i/zynq_ultra_ps_e_0'
Parsing XDC File [d:/Xilinx_2019_2/RTL_prj/OCOWFC_Z19/OCOWFC_Z19/Z19_NFC_4Chanel/Z19_NFC_4Channel/Z19_NFC_4Channel.srcs/sources_1/bd/NFC_4Channel_bd/ip/NFC_4Channel_bd_smartconnect_0_0/NFC_4Channel_bd_smartconnect_0_0/NFC_4Channel_bd_smartconnect_0_0_in_context.xdc] for cell 'NFC_4Channel_bd_i/smartconnect_0'
Finished Parsing XDC File [d:/Xilinx_2019_2/RTL_prj/OCOWFC_Z19/OCOWFC_Z19/Z19_NFC_4Chanel/Z19_NFC_4Channel/Z19_NFC_4Channel.srcs/sources_1/bd/NFC_4Channel_bd/ip/NFC_4Channel_bd_smartconnect_0_0/NFC_4Channel_bd_smartconnect_0_0/NFC_4Channel_bd_smartconnect_0_0_in_context.xdc] for cell 'NFC_4Channel_bd_i/smartconnect_0'
Parsing XDC File [d:/Xilinx_2019_2/RTL_prj/OCOWFC_Z19/OCOWFC_Z19/Z19_NFC_4Chanel/Z19_NFC_4Channel/Z19_NFC_4Channel.srcs/sources_1/bd/NFC_4Channel_bd/ip/NFC_4Channel_bd_nfc_top_0_0/NFC_4Channel_bd_nfc_top_0_0/NFC_4Channel_bd_nfc_top_0_0_in_context.xdc] for cell 'NFC_4Channel_bd_i/nfc_top_0'
Finished Parsing XDC File [d:/Xilinx_2019_2/RTL_prj/OCOWFC_Z19/OCOWFC_Z19/Z19_NFC_4Chanel/Z19_NFC_4Channel/Z19_NFC_4Channel.srcs/sources_1/bd/NFC_4Channel_bd/ip/NFC_4Channel_bd_nfc_top_0_0/NFC_4Channel_bd_nfc_top_0_0/NFC_4Channel_bd_nfc_top_0_0_in_context.xdc] for cell 'NFC_4Channel_bd_i/nfc_top_0'
Parsing XDC File [d:/Xilinx_2019_2/RTL_prj/OCOWFC_Z19/OCOWFC_Z19/Z19_NFC_4Chanel/Z19_NFC_4Channel/Z19_NFC_4Channel.srcs/sources_1/bd/NFC_4Channel_bd/ip/NFC_4Channel_bd_axi_dma_0_0/NFC_4Channel_bd_axi_dma_0_0/NFC_4Channel_bd_axi_dma_0_0_in_context.xdc] for cell 'NFC_4Channel_bd_i/axi_dma_0'
Finished Parsing XDC File [d:/Xilinx_2019_2/RTL_prj/OCOWFC_Z19/OCOWFC_Z19/Z19_NFC_4Chanel/Z19_NFC_4Channel/Z19_NFC_4Channel.srcs/sources_1/bd/NFC_4Channel_bd/ip/NFC_4Channel_bd_axi_dma_0_0/NFC_4Channel_bd_axi_dma_0_0/NFC_4Channel_bd_axi_dma_0_0_in_context.xdc] for cell 'NFC_4Channel_bd_i/axi_dma_0'
Parsing XDC File [d:/Xilinx_2019_2/RTL_prj/OCOWFC_Z19/OCOWFC_Z19/Z19_NFC_4Chanel/Z19_NFC_4Channel/Z19_NFC_4Channel.srcs/sources_1/bd/NFC_4Channel_bd/ip/NFC_4Channel_bd_axi_dma_0_2/NFC_4Channel_bd_axi_dma_0_2/NFC_4Channel_bd_axi_dma_0_0_in_context.xdc] for cell 'NFC_4Channel_bd_i/axi_dma_1'
Finished Parsing XDC File [d:/Xilinx_2019_2/RTL_prj/OCOWFC_Z19/OCOWFC_Z19/Z19_NFC_4Chanel/Z19_NFC_4Channel/Z19_NFC_4Channel.srcs/sources_1/bd/NFC_4Channel_bd/ip/NFC_4Channel_bd_axi_dma_0_2/NFC_4Channel_bd_axi_dma_0_2/NFC_4Channel_bd_axi_dma_0_0_in_context.xdc] for cell 'NFC_4Channel_bd_i/axi_dma_1'
Parsing XDC File [d:/Xilinx_2019_2/RTL_prj/OCOWFC_Z19/OCOWFC_Z19/Z19_NFC_4Chanel/Z19_NFC_4Channel/Z19_NFC_4Channel.srcs/sources_1/bd/NFC_4Channel_bd/ip/NFC_4Channel_bd_axi_dma_0_3/NFC_4Channel_bd_axi_dma_0_3/NFC_4Channel_bd_axi_dma_0_0_in_context.xdc] for cell 'NFC_4Channel_bd_i/axi_dma_2'
Finished Parsing XDC File [d:/Xilinx_2019_2/RTL_prj/OCOWFC_Z19/OCOWFC_Z19/Z19_NFC_4Chanel/Z19_NFC_4Channel/Z19_NFC_4Channel.srcs/sources_1/bd/NFC_4Channel_bd/ip/NFC_4Channel_bd_axi_dma_0_3/NFC_4Channel_bd_axi_dma_0_3/NFC_4Channel_bd_axi_dma_0_0_in_context.xdc] for cell 'NFC_4Channel_bd_i/axi_dma_2'
Parsing XDC File [d:/Xilinx_2019_2/RTL_prj/OCOWFC_Z19/OCOWFC_Z19/Z19_NFC_4Chanel/Z19_NFC_4Channel/Z19_NFC_4Channel.srcs/sources_1/bd/NFC_4Channel_bd/ip/NFC_4Channel_bd_axi_dma_0_4/NFC_4Channel_bd_axi_dma_0_4/NFC_4Channel_bd_axi_dma_0_0_in_context.xdc] for cell 'NFC_4Channel_bd_i/axi_dma_3'
Finished Parsing XDC File [d:/Xilinx_2019_2/RTL_prj/OCOWFC_Z19/OCOWFC_Z19/Z19_NFC_4Chanel/Z19_NFC_4Channel/Z19_NFC_4Channel.srcs/sources_1/bd/NFC_4Channel_bd/ip/NFC_4Channel_bd_axi_dma_0_4/NFC_4Channel_bd_axi_dma_0_4/NFC_4Channel_bd_axi_dma_0_0_in_context.xdc] for cell 'NFC_4Channel_bd_i/axi_dma_3'
Parsing XDC File [d:/Xilinx_2019_2/RTL_prj/OCOWFC_Z19/OCOWFC_Z19/Z19_NFC_4Chanel/Z19_NFC_4Channel/Z19_NFC_4Channel.srcs/sources_1/bd/NFC_4Channel_bd/ip/NFC_4Channel_bd_smartconnect_0_1/NFC_4Channel_bd_smartconnect_0_1/NFC_4Channel_bd_smartconnect_0_1_in_context.xdc] for cell 'NFC_4Channel_bd_i/smartconnect_1'
Finished Parsing XDC File [d:/Xilinx_2019_2/RTL_prj/OCOWFC_Z19/OCOWFC_Z19/Z19_NFC_4Chanel/Z19_NFC_4Channel/Z19_NFC_4Channel.srcs/sources_1/bd/NFC_4Channel_bd/ip/NFC_4Channel_bd_smartconnect_0_1/NFC_4Channel_bd_smartconnect_0_1/NFC_4Channel_bd_smartconnect_0_1_in_context.xdc] for cell 'NFC_4Channel_bd_i/smartconnect_1'
Parsing XDC File [d:/Xilinx_2019_2/RTL_prj/OCOWFC_Z19/OCOWFC_Z19/Z19_NFC_4Chanel/Z19_NFC_4Channel/Z19_NFC_4Channel.srcs/sources_1/bd/NFC_4Channel_bd/ip/NFC_4Channel_bd_axi_bram_ctrl_0_0/NFC_4Channel_bd_axi_bram_ctrl_0_0/NFC_4Channel_bd_axi_bram_ctrl_0_0_in_context.xdc] for cell 'NFC_4Channel_bd_i/axi_bram_ctrl_0'
Finished Parsing XDC File [d:/Xilinx_2019_2/RTL_prj/OCOWFC_Z19/OCOWFC_Z19/Z19_NFC_4Chanel/Z19_NFC_4Channel/Z19_NFC_4Channel.srcs/sources_1/bd/NFC_4Channel_bd/ip/NFC_4Channel_bd_axi_bram_ctrl_0_0/NFC_4Channel_bd_axi_bram_ctrl_0_0/NFC_4Channel_bd_axi_bram_ctrl_0_0_in_context.xdc] for cell 'NFC_4Channel_bd_i/axi_bram_ctrl_0'
Parsing XDC File [d:/Xilinx_2019_2/RTL_prj/OCOWFC_Z19/OCOWFC_Z19/Z19_NFC_4Chanel/Z19_NFC_4Channel/Z19_NFC_4Channel.srcs/sources_1/bd/NFC_4Channel_bd/ip/NFC_4Channel_bd_axi_bram_ctrl_0_1/NFC_4Channel_bd_axi_bram_ctrl_0_1/NFC_4Channel_bd_axi_bram_ctrl_0_0_in_context.xdc] for cell 'NFC_4Channel_bd_i/axi_bram_ctrl_1'
Finished Parsing XDC File [d:/Xilinx_2019_2/RTL_prj/OCOWFC_Z19/OCOWFC_Z19/Z19_NFC_4Chanel/Z19_NFC_4Channel/Z19_NFC_4Channel.srcs/sources_1/bd/NFC_4Channel_bd/ip/NFC_4Channel_bd_axi_bram_ctrl_0_1/NFC_4Channel_bd_axi_bram_ctrl_0_1/NFC_4Channel_bd_axi_bram_ctrl_0_0_in_context.xdc] for cell 'NFC_4Channel_bd_i/axi_bram_ctrl_1'
Parsing XDC File [d:/Xilinx_2019_2/RTL_prj/OCOWFC_Z19/OCOWFC_Z19/Z19_NFC_4Chanel/Z19_NFC_4Channel/Z19_NFC_4Channel.srcs/sources_1/bd/NFC_4Channel_bd/ip/NFC_4Channel_bd_axi_bram_ctrl_0_2/NFC_4Channel_bd_axi_bram_ctrl_0_2/NFC_4Channel_bd_axi_bram_ctrl_0_0_in_context.xdc] for cell 'NFC_4Channel_bd_i/axi_bram_ctrl_2'
Finished Parsing XDC File [d:/Xilinx_2019_2/RTL_prj/OCOWFC_Z19/OCOWFC_Z19/Z19_NFC_4Chanel/Z19_NFC_4Channel/Z19_NFC_4Channel.srcs/sources_1/bd/NFC_4Channel_bd/ip/NFC_4Channel_bd_axi_bram_ctrl_0_2/NFC_4Channel_bd_axi_bram_ctrl_0_2/NFC_4Channel_bd_axi_bram_ctrl_0_0_in_context.xdc] for cell 'NFC_4Channel_bd_i/axi_bram_ctrl_2'
Parsing XDC File [d:/Xilinx_2019_2/RTL_prj/OCOWFC_Z19/OCOWFC_Z19/Z19_NFC_4Chanel/Z19_NFC_4Channel/Z19_NFC_4Channel.srcs/sources_1/bd/NFC_4Channel_bd/ip/NFC_4Channel_bd_axi_bram_ctrl_0_3/NFC_4Channel_bd_axi_bram_ctrl_0_3/NFC_4Channel_bd_axi_bram_ctrl_0_0_in_context.xdc] for cell 'NFC_4Channel_bd_i/axi_bram_ctrl_3'
Finished Parsing XDC File [d:/Xilinx_2019_2/RTL_prj/OCOWFC_Z19/OCOWFC_Z19/Z19_NFC_4Chanel/Z19_NFC_4Channel/Z19_NFC_4Channel.srcs/sources_1/bd/NFC_4Channel_bd/ip/NFC_4Channel_bd_axi_bram_ctrl_0_3/NFC_4Channel_bd_axi_bram_ctrl_0_3/NFC_4Channel_bd_axi_bram_ctrl_0_0_in_context.xdc] for cell 'NFC_4Channel_bd_i/axi_bram_ctrl_3'
Parsing XDC File [d:/Xilinx_2019_2/RTL_prj/OCOWFC_Z19/OCOWFC_Z19/Z19_NFC_4Chanel/Z19_NFC_4Channel/Z19_NFC_4Channel.srcs/sources_1/bd/NFC_4Channel_bd/ip/NFC_4Channel_bd_clk_wiz_0_0/NFC_4Channel_bd_clk_wiz_0_0/NFC_4Channel_bd_clk_wiz_0_0_in_context.xdc] for cell 'NFC_4Channel_bd_i/clk_wiz_0'
Finished Parsing XDC File [d:/Xilinx_2019_2/RTL_prj/OCOWFC_Z19/OCOWFC_Z19/Z19_NFC_4Chanel/Z19_NFC_4Channel/Z19_NFC_4Channel.srcs/sources_1/bd/NFC_4Channel_bd/ip/NFC_4Channel_bd_clk_wiz_0_0/NFC_4Channel_bd_clk_wiz_0_0/NFC_4Channel_bd_clk_wiz_0_0_in_context.xdc] for cell 'NFC_4Channel_bd_i/clk_wiz_0'
Parsing XDC File [d:/Xilinx_2019_2/RTL_prj/OCOWFC_Z19/OCOWFC_Z19/Z19_NFC_4Chanel/Z19_NFC_4Channel/Z19_NFC_4Channel.srcs/sources_1/bd/NFC_4Channel_bd/ip/NFC_4Channel_bd_proc_sys_reset_0_0/NFC_4Channel_bd_proc_sys_reset_0_0/NFC_4Channel_bd_proc_sys_reset_0_0_in_context.xdc] for cell 'NFC_4Channel_bd_i/proc_sys_reset_0'
Finished Parsing XDC File [d:/Xilinx_2019_2/RTL_prj/OCOWFC_Z19/OCOWFC_Z19/Z19_NFC_4Chanel/Z19_NFC_4Channel/Z19_NFC_4Channel.srcs/sources_1/bd/NFC_4Channel_bd/ip/NFC_4Channel_bd_proc_sys_reset_0_0/NFC_4Channel_bd_proc_sys_reset_0_0/NFC_4Channel_bd_proc_sys_reset_0_0_in_context.xdc] for cell 'NFC_4Channel_bd_i/proc_sys_reset_0'
Parsing XDC File [d:/Xilinx_2019_2/RTL_prj/OCOWFC_Z19/OCOWFC_Z19/Z19_NFC_4Chanel/Z19_NFC_4Channel/Z19_NFC_4Channel.srcs/sources_1/bd/NFC_4Channel_bd/ip/NFC_4Channel_bd_axi_bram_ctrl_0_bram_0/NFC_4Channel_bd_axi_bram_ctrl_0_bram_0/NFC_4Channel_bd_axi_bram_ctrl_2_bram_0_in_context.xdc] for cell 'NFC_4Channel_bd_i/axi_bram_ctrl_0_bram'
Finished Parsing XDC File [d:/Xilinx_2019_2/RTL_prj/OCOWFC_Z19/OCOWFC_Z19/Z19_NFC_4Chanel/Z19_NFC_4Channel/Z19_NFC_4Channel.srcs/sources_1/bd/NFC_4Channel_bd/ip/NFC_4Channel_bd_axi_bram_ctrl_0_bram_0/NFC_4Channel_bd_axi_bram_ctrl_0_bram_0/NFC_4Channel_bd_axi_bram_ctrl_2_bram_0_in_context.xdc] for cell 'NFC_4Channel_bd_i/axi_bram_ctrl_0_bram'
Parsing XDC File [d:/Xilinx_2019_2/RTL_prj/OCOWFC_Z19/OCOWFC_Z19/Z19_NFC_4Chanel/Z19_NFC_4Channel/Z19_NFC_4Channel.srcs/sources_1/bd/NFC_4Channel_bd/ip/NFC_4Channel_bd_axi_bram_ctrl_1_bram_0/NFC_4Channel_bd_axi_bram_ctrl_1_bram_0/NFC_4Channel_bd_axi_bram_ctrl_2_bram_0_in_context.xdc] for cell 'NFC_4Channel_bd_i/axi_bram_ctrl_1_bram'
Finished Parsing XDC File [d:/Xilinx_2019_2/RTL_prj/OCOWFC_Z19/OCOWFC_Z19/Z19_NFC_4Chanel/Z19_NFC_4Channel/Z19_NFC_4Channel.srcs/sources_1/bd/NFC_4Channel_bd/ip/NFC_4Channel_bd_axi_bram_ctrl_1_bram_0/NFC_4Channel_bd_axi_bram_ctrl_1_bram_0/NFC_4Channel_bd_axi_bram_ctrl_2_bram_0_in_context.xdc] for cell 'NFC_4Channel_bd_i/axi_bram_ctrl_1_bram'
Parsing XDC File [d:/Xilinx_2019_2/RTL_prj/OCOWFC_Z19/OCOWFC_Z19/Z19_NFC_4Chanel/Z19_NFC_4Channel/Z19_NFC_4Channel.srcs/sources_1/bd/NFC_4Channel_bd/ip/NFC_4Channel_bd_axi_bram_ctrl_2_bram_0/NFC_4Channel_bd_axi_bram_ctrl_2_bram_0/NFC_4Channel_bd_axi_bram_ctrl_2_bram_0_in_context.xdc] for cell 'NFC_4Channel_bd_i/axi_bram_ctrl_2_bram'
Finished Parsing XDC File [d:/Xilinx_2019_2/RTL_prj/OCOWFC_Z19/OCOWFC_Z19/Z19_NFC_4Chanel/Z19_NFC_4Channel/Z19_NFC_4Channel.srcs/sources_1/bd/NFC_4Channel_bd/ip/NFC_4Channel_bd_axi_bram_ctrl_2_bram_0/NFC_4Channel_bd_axi_bram_ctrl_2_bram_0/NFC_4Channel_bd_axi_bram_ctrl_2_bram_0_in_context.xdc] for cell 'NFC_4Channel_bd_i/axi_bram_ctrl_2_bram'
Parsing XDC File [d:/Xilinx_2019_2/RTL_prj/OCOWFC_Z19/OCOWFC_Z19/Z19_NFC_4Chanel/Z19_NFC_4Channel/Z19_NFC_4Channel.srcs/sources_1/bd/NFC_4Channel_bd/ip/NFC_4Channel_bd_axi_bram_ctrl_3_bram_0/NFC_4Channel_bd_axi_bram_ctrl_3_bram_0/NFC_4Channel_bd_axi_bram_ctrl_2_bram_0_in_context.xdc] for cell 'NFC_4Channel_bd_i/axi_bram_ctrl_3_bram'
Finished Parsing XDC File [d:/Xilinx_2019_2/RTL_prj/OCOWFC_Z19/OCOWFC_Z19/Z19_NFC_4Chanel/Z19_NFC_4Channel/Z19_NFC_4Channel.srcs/sources_1/bd/NFC_4Channel_bd/ip/NFC_4Channel_bd_axi_bram_ctrl_3_bram_0/NFC_4Channel_bd_axi_bram_ctrl_3_bram_0/NFC_4Channel_bd_axi_bram_ctrl_2_bram_0_in_context.xdc] for cell 'NFC_4Channel_bd_i/axi_bram_ctrl_3_bram'
Parsing XDC File [D:/Xilinx_2019_2/RTL_prj/OCOWFC_Z19/OCOWFC_Z19/Z19_NFC_4Chanel/Z19_NFC_4Channel/Z19_NFC_4Channel.srcs/constrs_1/new/pin_constrain.xdc]
CRITICAL WARNING: [Vivado 12-4739] set_clock_groups:No valid object(s) found for '-group [get_clocks -quiet -include_generated_clocks nand_clk_fast_*]'. [D:/Xilinx_2019_2/RTL_prj/OCOWFC_Z19/OCOWFC_Z19/Z19_NFC_4Chanel/Z19_NFC_4Channel/Z19_NFC_4Channel.srcs/constrs_1/new/pin_constrain.xdc:21]
Resolution: Check if the specified object(s) exists in the current design. If it does, ensure that the correct design hierarchy was specified for the object. If you are working with clocks, make sure create_clock was used to create the clock object before it is referenced.
CRITICAL WARNING: [Vivado 12-4739] set_clock_groups:No valid object(s) found for '-group [get_clocks -quiet -include_generated_clocks clk_ctrl_50_*]'. [D:/Xilinx_2019_2/RTL_prj/OCOWFC_Z19/OCOWFC_Z19/Z19_NFC_4Chanel/Z19_NFC_4Channel/Z19_NFC_4Channel.srcs/constrs_1/new/pin_constrain.xdc:21]
Resolution: Check if the specified object(s) exists in the current design. If it does, ensure that the correct design hierarchy was specified for the object. If you are working with clocks, make sure create_clock was used to create the clock object before it is referenced.
Finished Parsing XDC File [D:/Xilinx_2019_2/RTL_prj/OCOWFC_Z19/OCOWFC_Z19/Z19_NFC_4Chanel/Z19_NFC_4Channel/Z19_NFC_4Channel.srcs/constrs_1/new/pin_constrain.xdc]
WARNING: [Project 1-498] One or more constraints failed evaluation while reading constraint file [D:/Xilinx_2019_2/RTL_prj/OCOWFC_Z19/OCOWFC_Z19/Z19_NFC_4Chanel/Z19_NFC_4Channel/Z19_NFC_4Channel.srcs/constrs_1/new/pin_constrain.xdc] and the design contains unresolved black boxes. These constraints will be read post-synthesis (as long as their source constraint file is marked as used_in_implementation) and should be applied correctly then. You should review the constraints listed in the file [.Xil/NFC_4Channel_bd_wrapper_propImpl.xdc] and check the run log file to verify that these constraints were correctly applied.
INFO: [Project 1-236] Implementation specific constraints were found while reading constraint file [D:/Xilinx_2019_2/RTL_prj/OCOWFC_Z19/OCOWFC_Z19/Z19_NFC_4Chanel/Z19_NFC_4Channel/Z19_NFC_4Channel.srcs/constrs_1/new/pin_constrain.xdc]. These constraints will be ignored for synthesis but will be used in implementation. Impacted constraints are listed in the file [.Xil/NFC_4Channel_bd_wrapper_propImpl.xdc].
Resolution: To avoid this warning, move constraints listed in [.Xil/NFC_4Channel_bd_wrapper_propImpl.xdc] to another XDC file and exclude this new file from synthesis with the used_in_synthesis property (File Properties dialog in GUI) and re-run elaboration/synthesis.
Parsing XDC File [D:/Xilinx_2019_2/RTL_prj/OCOWFC_Z19/OCOWFC_Z19/Z19_NFC_4Chanel/Z19_NFC_4Channel/Z19_NFC_4Channel.runs/synth_1/dont_touch.xdc]
Finished Parsing XDC File [D:/Xilinx_2019_2/RTL_prj/OCOWFC_Z19/OCOWFC_Z19/Z19_NFC_4Chanel/Z19_NFC_4Channel/Z19_NFC_4Channel.runs/synth_1/dont_touch.xdc]
Completed Processing XDC Constraints

Netlist sorting complete. Time (s): cpu = 00:00:00 ; elapsed = 00:00:00.001 . Memory (MB): peak = 1948.992 ; gain = 0.000
INFO: [Project 1-111] Unisim Transformation Summary:
No Unisim elements were transformed.

Constraint Validation Runtime : Time (s): cpu = 00:00:00 ; elapsed = 00:00:00.012 . Memory (MB): peak = 1948.992 ; gain = 0.000
---------------------------------------------------------------------------------
Finished Constraint Validation : Time (s): cpu = 00:00:10 ; elapsed = 00:00:11 . Memory (MB): peak = 1948.992 ; gain = 258.766
---------------------------------------------------------------------------------
---------------------------------------------------------------------------------
Start Loading Part and Timing Information
---------------------------------------------------------------------------------
Loading part: xczu19eg-ffvc1760-2-i
INFO: [Synth 8-6742] Reading net delay rules and data
---------------------------------------------------------------------------------
Finished Loading Part and Timing Information : Time (s): cpu = 00:00:10 ; elapsed = 00:00:11 . Memory (MB): peak = 1948.992 ; gain = 258.766
---------------------------------------------------------------------------------
---------------------------------------------------------------------------------
Start Applying 'set_property' XDC Constraints
---------------------------------------------------------------------------------
Applied set_property IO_BUFFER_TYPE = NONE for IO_NAND_DQS_N_0[0]. (constraint file  d:/Xilinx_2019_2/RTL_prj/OCOWFC_Z19/OCOWFC_Z19/Z19_NFC_4Chanel/Z19_NFC_4Channel/Z19_NFC_4Channel.srcs/sources_1/bd/NFC_4Channel_bd/ip/NFC_4Channel_bd_nfc_top_0_0/NFC_4Channel_bd_nfc_top_0_0/NFC_4Channel_bd_nfc_top_0_0_in_context.xdc, line 1).
Applied set_property CLOCK_BUFFER_TYPE = NONE for IO_NAND_DQS_N_0[0]. (constraint file  d:/Xilinx_2019_2/RTL_prj/OCOWFC_Z19/OCOWFC_Z19/Z19_NFC_4Chanel/Z19_NFC_4Channel/Z19_NFC_4Channel.srcs/sources_1/bd/NFC_4Channel_bd/ip/NFC_4Channel_bd_nfc_top_0_0/NFC_4Channel_bd_nfc_top_0_0/NFC_4Channel_bd_nfc_top_0_0_in_context.xdc, line 2).
Applied set_property IO_BUFFER_TYPE = NONE for IO_NAND_DQS_N_0[1]. (constraint file  d:/Xilinx_2019_2/RTL_prj/OCOWFC_Z19/OCOWFC_Z19/Z19_NFC_4Chanel/Z19_NFC_4Channel/Z19_NFC_4Channel.srcs/sources_1/bd/NFC_4Channel_bd/ip/NFC_4Channel_bd_nfc_top_0_0/NFC_4Channel_bd_nfc_top_0_0/NFC_4Channel_bd_nfc_top_0_0_in_context.xdc, line 3).
Applied set_property CLOCK_BUFFER_TYPE = NONE for IO_NAND_DQS_N_0[1]. (constraint file  d:/Xilinx_2019_2/RTL_prj/OCOWFC_Z19/OCOWFC_Z19/Z19_NFC_4Chanel/Z19_NFC_4Channel/Z19_NFC_4Channel.srcs/sources_1/bd/NFC_4Channel_bd/ip/NFC_4Channel_bd_nfc_top_0_0/NFC_4Channel_bd_nfc_top_0_0/NFC_4Channel_bd_nfc_top_0_0_in_context.xdc, line 4).
Applied set_property IO_BUFFER_TYPE = NONE for IO_NAND_DQS_N_0[2]. (constraint file  d:/Xilinx_2019_2/RTL_prj/OCOWFC_Z19/OCOWFC_Z19/Z19_NFC_4Chanel/Z19_NFC_4Channel/Z19_NFC_4Channel.srcs/sources_1/bd/NFC_4Channel_bd/ip/NFC_4Channel_bd_nfc_top_0_0/NFC_4Channel_bd_nfc_top_0_0/NFC_4Channel_bd_nfc_top_0_0_in_context.xdc, line 5).
Applied set_property CLOCK_BUFFER_TYPE = NONE for IO_NAND_DQS_N_0[2]. (constraint file  d:/Xilinx_2019_2/RTL_prj/OCOWFC_Z19/OCOWFC_Z19/Z19_NFC_4Chanel/Z19_NFC_4Channel/Z19_NFC_4Channel.srcs/sources_1/bd/NFC_4Channel_bd/ip/NFC_4Channel_bd_nfc_top_0_0/NFC_4Channel_bd_nfc_top_0_0/NFC_4Channel_bd_nfc_top_0_0_in_context.xdc, line 6).
Applied set_property IO_BUFFER_TYPE = NONE for IO_NAND_DQS_N_0[3]. (constraint file  d:/Xilinx_2019_2/RTL_prj/OCOWFC_Z19/OCOWFC_Z19/Z19_NFC_4Chanel/Z19_NFC_4Channel/Z19_NFC_4Channel.srcs/sources_1/bd/NFC_4Channel_bd/ip/NFC_4Channel_bd_nfc_top_0_0/NFC_4Channel_bd_nfc_top_0_0/NFC_4Channel_bd_nfc_top_0_0_in_context.xdc, line 7).
Applied set_property CLOCK_BUFFER_TYPE = NONE for IO_NAND_DQS_N_0[3]. (constraint file  d:/Xilinx_2019_2/RTL_prj/OCOWFC_Z19/OCOWFC_Z19/Z19_NFC_4Chanel/Z19_NFC_4Channel/Z19_NFC_4Channel.srcs/sources_1/bd/NFC_4Channel_bd/ip/NFC_4Channel_bd_nfc_top_0_0/NFC_4Channel_bd_nfc_top_0_0/NFC_4Channel_bd_nfc_top_0_0_in_context.xdc, line 8).
Applied set_property IO_BUFFER_TYPE = NONE for IO_NAND_DQS_P_0[0]. (constraint file  d:/Xilinx_2019_2/RTL_prj/OCOWFC_Z19/OCOWFC_Z19/Z19_NFC_4Chanel/Z19_NFC_4Channel/Z19_NFC_4Channel.srcs/sources_1/bd/NFC_4Channel_bd/ip/NFC_4Channel_bd_nfc_top_0_0/NFC_4Channel_bd_nfc_top_0_0/NFC_4Channel_bd_nfc_top_0_0_in_context.xdc, line 9).
Applied set_property CLOCK_BUFFER_TYPE = NONE for IO_NAND_DQS_P_0[0]. (constraint file  d:/Xilinx_2019_2/RTL_prj/OCOWFC_Z19/OCOWFC_Z19/Z19_NFC_4Chanel/Z19_NFC_4Channel/Z19_NFC_4Channel.srcs/sources_1/bd/NFC_4Channel_bd/ip/NFC_4Channel_bd_nfc_top_0_0/NFC_4Channel_bd_nfc_top_0_0/NFC_4Channel_bd_nfc_top_0_0_in_context.xdc, line 10).
Applied set_property IO_BUFFER_TYPE = NONE for IO_NAND_DQS_P_0[1]. (constraint file  d:/Xilinx_2019_2/RTL_prj/OCOWFC_Z19/OCOWFC_Z19/Z19_NFC_4Chanel/Z19_NFC_4Channel/Z19_NFC_4Channel.srcs/sources_1/bd/NFC_4Channel_bd/ip/NFC_4Channel_bd_nfc_top_0_0/NFC_4Channel_bd_nfc_top_0_0/NFC_4Channel_bd_nfc_top_0_0_in_context.xdc, line 11).
Applied set_property CLOCK_BUFFER_TYPE = NONE for IO_NAND_DQS_P_0[1]. (constraint file  d:/Xilinx_2019_2/RTL_prj/OCOWFC_Z19/OCOWFC_Z19/Z19_NFC_4Chanel/Z19_NFC_4Channel/Z19_NFC_4Channel.srcs/sources_1/bd/NFC_4Channel_bd/ip/NFC_4Channel_bd_nfc_top_0_0/NFC_4Channel_bd_nfc_top_0_0/NFC_4Channel_bd_nfc_top_0_0_in_context.xdc, line 12).
Applied set_property IO_BUFFER_TYPE = NONE for IO_NAND_DQS_P_0[2]. (constraint file  d:/Xilinx_2019_2/RTL_prj/OCOWFC_Z19/OCOWFC_Z19/Z19_NFC_4Chanel/Z19_NFC_4Channel/Z19_NFC_4Channel.srcs/sources_1/bd/NFC_4Channel_bd/ip/NFC_4Channel_bd_nfc_top_0_0/NFC_4Channel_bd_nfc_top_0_0/NFC_4Channel_bd_nfc_top_0_0_in_context.xdc, line 13).
Applied set_property CLOCK_BUFFER_TYPE = NONE for IO_NAND_DQS_P_0[2]. (constraint file  d:/Xilinx_2019_2/RTL_prj/OCOWFC_Z19/OCOWFC_Z19/Z19_NFC_4Chanel/Z19_NFC_4Channel/Z19_NFC_4Channel.srcs/sources_1/bd/NFC_4Channel_bd/ip/NFC_4Channel_bd_nfc_top_0_0/NFC_4Channel_bd_nfc_top_0_0/NFC_4Channel_bd_nfc_top_0_0_in_context.xdc, line 14).
Applied set_property IO_BUFFER_TYPE = NONE for IO_NAND_DQS_P_0[3]. (constraint file  d:/Xilinx_2019_2/RTL_prj/OCOWFC_Z19/OCOWFC_Z19/Z19_NFC_4Chanel/Z19_NFC_4Channel/Z19_NFC_4Channel.srcs/sources_1/bd/NFC_4Channel_bd/ip/NFC_4Channel_bd_nfc_top_0_0/NFC_4Channel_bd_nfc_top_0_0/NFC_4Channel_bd_nfc_top_0_0_in_context.xdc, line 15).
Applied set_property CLOCK_BUFFER_TYPE = NONE for IO_NAND_DQS_P_0[3]. (constraint file  d:/Xilinx_2019_2/RTL_prj/OCOWFC_Z19/OCOWFC_Z19/Z19_NFC_4Chanel/Z19_NFC_4Channel/Z19_NFC_4Channel.srcs/sources_1/bd/NFC_4Channel_bd/ip/NFC_4Channel_bd_nfc_top_0_0/NFC_4Channel_bd_nfc_top_0_0/NFC_4Channel_bd_nfc_top_0_0_in_context.xdc, line 16).
Applied set_property IO_BUFFER_TYPE = NONE for IO_NAND_DQ_0[0]. (constraint file  d:/Xilinx_2019_2/RTL_prj/OCOWFC_Z19/OCOWFC_Z19/Z19_NFC_4Chanel/Z19_NFC_4Channel/Z19_NFC_4Channel.srcs/sources_1/bd/NFC_4Channel_bd/ip/NFC_4Channel_bd_nfc_top_0_0/NFC_4Channel_bd_nfc_top_0_0/NFC_4Channel_bd_nfc_top_0_0_in_context.xdc, line 17).
Applied set_property CLOCK_BUFFER_TYPE = NONE for IO_NAND_DQ_0[0]. (constraint file  d:/Xilinx_2019_2/RTL_prj/OCOWFC_Z19/OCOWFC_Z19/Z19_NFC_4Chanel/Z19_NFC_4Channel/Z19_NFC_4Channel.srcs/sources_1/bd/NFC_4Channel_bd/ip/NFC_4Channel_bd_nfc_top_0_0/NFC_4Channel_bd_nfc_top_0_0/NFC_4Channel_bd_nfc_top_0_0_in_context.xdc, line 18).
Applied set_property IO_BUFFER_TYPE = NONE for IO_NAND_DQ_0[10]. (constraint file  d:/Xilinx_2019_2/RTL_prj/OCOWFC_Z19/OCOWFC_Z19/Z19_NFC_4Chanel/Z19_NFC_4Channel/Z19_NFC_4Channel.srcs/sources_1/bd/NFC_4Channel_bd/ip/NFC_4Channel_bd_nfc_top_0_0/NFC_4Channel_bd_nfc_top_0_0/NFC_4Channel_bd_nfc_top_0_0_in_context.xdc, line 19).
Applied set_property CLOCK_BUFFER_TYPE = NONE for IO_NAND_DQ_0[10]. (constraint file  d:/Xilinx_2019_2/RTL_prj/OCOWFC_Z19/OCOWFC_Z19/Z19_NFC_4Chanel/Z19_NFC_4Channel/Z19_NFC_4Channel.srcs/sources_1/bd/NFC_4Channel_bd/ip/NFC_4Channel_bd_nfc_top_0_0/NFC_4Channel_bd_nfc_top_0_0/NFC_4Channel_bd_nfc_top_0_0_in_context.xdc, line 20).
Applied set_property IO_BUFFER_TYPE = NONE for IO_NAND_DQ_0[11]. (constraint file  d:/Xilinx_2019_2/RTL_prj/OCOWFC_Z19/OCOWFC_Z19/Z19_NFC_4Chanel/Z19_NFC_4Channel/Z19_NFC_4Channel.srcs/sources_1/bd/NFC_4Channel_bd/ip/NFC_4Channel_bd_nfc_top_0_0/NFC_4Channel_bd_nfc_top_0_0/NFC_4Channel_bd_nfc_top_0_0_in_context.xdc, line 21).
Applied set_property CLOCK_BUFFER_TYPE = NONE for IO_NAND_DQ_0[11]. (constraint file  d:/Xilinx_2019_2/RTL_prj/OCOWFC_Z19/OCOWFC_Z19/Z19_NFC_4Chanel/Z19_NFC_4Channel/Z19_NFC_4Channel.srcs/sources_1/bd/NFC_4Channel_bd/ip/NFC_4Channel_bd_nfc_top_0_0/NFC_4Channel_bd_nfc_top_0_0/NFC_4Channel_bd_nfc_top_0_0_in_context.xdc, line 22).
Applied set_property IO_BUFFER_TYPE = NONE for IO_NAND_DQ_0[12]. (constraint file  d:/Xilinx_2019_2/RTL_prj/OCOWFC_Z19/OCOWFC_Z19/Z19_NFC_4Chanel/Z19_NFC_4Channel/Z19_NFC_4Channel.srcs/sources_1/bd/NFC_4Channel_bd/ip/NFC_4Channel_bd_nfc_top_0_0/NFC_4Channel_bd_nfc_top_0_0/NFC_4Channel_bd_nfc_top_0_0_in_context.xdc, line 23).
Applied set_property CLOCK_BUFFER_TYPE = NONE for IO_NAND_DQ_0[12]. (constraint file  d:/Xilinx_2019_2/RTL_prj/OCOWFC_Z19/OCOWFC_Z19/Z19_NFC_4Chanel/Z19_NFC_4Channel/Z19_NFC_4Channel.srcs/sources_1/bd/NFC_4Channel_bd/ip/NFC_4Channel_bd_nfc_top_0_0/NFC_4Channel_bd_nfc_top_0_0/NFC_4Channel_bd_nfc_top_0_0_in_context.xdc, line 24).
Applied set_property IO_BUFFER_TYPE = NONE for IO_NAND_DQ_0[13]. (constraint file  d:/Xilinx_2019_2/RTL_prj/OCOWFC_Z19/OCOWFC_Z19/Z19_NFC_4Chanel/Z19_NFC_4Channel/Z19_NFC_4Channel.srcs/sources_1/bd/NFC_4Channel_bd/ip/NFC_4Channel_bd_nfc_top_0_0/NFC_4Channel_bd_nfc_top_0_0/NFC_4Channel_bd_nfc_top_0_0_in_context.xdc, line 25).
Applied set_property CLOCK_BUFFER_TYPE = NONE for IO_NAND_DQ_0[13]. (constraint file  d:/Xilinx_2019_2/RTL_prj/OCOWFC_Z19/OCOWFC_Z19/Z19_NFC_4Chanel/Z19_NFC_4Channel/Z19_NFC_4Channel.srcs/sources_1/bd/NFC_4Channel_bd/ip/NFC_4Channel_bd_nfc_top_0_0/NFC_4Channel_bd_nfc_top_0_0/NFC_4Channel_bd_nfc_top_0_0_in_context.xdc, line 26).
Applied set_property IO_BUFFER_TYPE = NONE for IO_NAND_DQ_0[14]. (constraint file  d:/Xilinx_2019_2/RTL_prj/OCOWFC_Z19/OCOWFC_Z19/Z19_NFC_4Chanel/Z19_NFC_4Channel/Z19_NFC_4Channel.srcs/sources_1/bd/NFC_4Channel_bd/ip/NFC_4Channel_bd_nfc_top_0_0/NFC_4Channel_bd_nfc_top_0_0/NFC_4Channel_bd_nfc_top_0_0_in_context.xdc, line 27).
Applied set_property CLOCK_BUFFER_TYPE = NONE for IO_NAND_DQ_0[14]. (constraint file  d:/Xilinx_2019_2/RTL_prj/OCOWFC_Z19/OCOWFC_Z19/Z19_NFC_4Chanel/Z19_NFC_4Channel/Z19_NFC_4Channel.srcs/sources_1/bd/NFC_4Channel_bd/ip/NFC_4Channel_bd_nfc_top_0_0/NFC_4Channel_bd_nfc_top_0_0/NFC_4Channel_bd_nfc_top_0_0_in_context.xdc, line 28).
Applied set_property IO_BUFFER_TYPE = NONE for IO_NAND_DQ_0[15]. (constraint file  d:/Xilinx_2019_2/RTL_prj/OCOWFC_Z19/OCOWFC_Z19/Z19_NFC_4Chanel/Z19_NFC_4Channel/Z19_NFC_4Channel.srcs/sources_1/bd/NFC_4Channel_bd/ip/NFC_4Channel_bd_nfc_top_0_0/NFC_4Channel_bd_nfc_top_0_0/NFC_4Channel_bd_nfc_top_0_0_in_context.xdc, line 29).
Applied set_property CLOCK_BUFFER_TYPE = NONE for IO_NAND_DQ_0[15]. (constraint file  d:/Xilinx_2019_2/RTL_prj/OCOWFC_Z19/OCOWFC_Z19/Z19_NFC_4Chanel/Z19_NFC_4Channel/Z19_NFC_4Channel.srcs/sources_1/bd/NFC_4Channel_bd/ip/NFC_4Channel_bd_nfc_top_0_0/NFC_4Channel_bd_nfc_top_0_0/NFC_4Channel_bd_nfc_top_0_0_in_context.xdc, line 30).
Applied set_property IO_BUFFER_TYPE = NONE for IO_NAND_DQ_0[16]. (constraint file  d:/Xilinx_2019_2/RTL_prj/OCOWFC_Z19/OCOWFC_Z19/Z19_NFC_4Chanel/Z19_NFC_4Channel/Z19_NFC_4Channel.srcs/sources_1/bd/NFC_4Channel_bd/ip/NFC_4Channel_bd_nfc_top_0_0/NFC_4Channel_bd_nfc_top_0_0/NFC_4Channel_bd_nfc_top_0_0_in_context.xdc, line 31).
Applied set_property CLOCK_BUFFER_TYPE = NONE for IO_NAND_DQ_0[16]. (constraint file  d:/Xilinx_2019_2/RTL_prj/OCOWFC_Z19/OCOWFC_Z19/Z19_NFC_4Chanel/Z19_NFC_4Channel/Z19_NFC_4Channel.srcs/sources_1/bd/NFC_4Channel_bd/ip/NFC_4Channel_bd_nfc_top_0_0/NFC_4Channel_bd_nfc_top_0_0/NFC_4Channel_bd_nfc_top_0_0_in_context.xdc, line 32).
Applied set_property IO_BUFFER_TYPE = NONE for IO_NAND_DQ_0[17]. (constraint file  d:/Xilinx_2019_2/RTL_prj/OCOWFC_Z19/OCOWFC_Z19/Z19_NFC_4Chanel/Z19_NFC_4Channel/Z19_NFC_4Channel.srcs/sources_1/bd/NFC_4Channel_bd/ip/NFC_4Channel_bd_nfc_top_0_0/NFC_4Channel_bd_nfc_top_0_0/NFC_4Channel_bd_nfc_top_0_0_in_context.xdc, line 33).
Applied set_property CLOCK_BUFFER_TYPE = NONE for IO_NAND_DQ_0[17]. (constraint file  d:/Xilinx_2019_2/RTL_prj/OCOWFC_Z19/OCOWFC_Z19/Z19_NFC_4Chanel/Z19_NFC_4Channel/Z19_NFC_4Channel.srcs/sources_1/bd/NFC_4Channel_bd/ip/NFC_4Channel_bd_nfc_top_0_0/NFC_4Channel_bd_nfc_top_0_0/NFC_4Channel_bd_nfc_top_0_0_in_context.xdc, line 34).
Applied set_property IO_BUFFER_TYPE = NONE for IO_NAND_DQ_0[18]. (constraint file  d:/Xilinx_2019_2/RTL_prj/OCOWFC_Z19/OCOWFC_Z19/Z19_NFC_4Chanel/Z19_NFC_4Channel/Z19_NFC_4Channel.srcs/sources_1/bd/NFC_4Channel_bd/ip/NFC_4Channel_bd_nfc_top_0_0/NFC_4Channel_bd_nfc_top_0_0/NFC_4Channel_bd_nfc_top_0_0_in_context.xdc, line 35).
Applied set_property CLOCK_BUFFER_TYPE = NONE for IO_NAND_DQ_0[18]. (constraint file  d:/Xilinx_2019_2/RTL_prj/OCOWFC_Z19/OCOWFC_Z19/Z19_NFC_4Chanel/Z19_NFC_4Channel/Z19_NFC_4Channel.srcs/sources_1/bd/NFC_4Channel_bd/ip/NFC_4Channel_bd_nfc_top_0_0/NFC_4Channel_bd_nfc_top_0_0/NFC_4Channel_bd_nfc_top_0_0_in_context.xdc, line 36).
Applied set_property IO_BUFFER_TYPE = NONE for IO_NAND_DQ_0[19]. (constraint file  d:/Xilinx_2019_2/RTL_prj/OCOWFC_Z19/OCOWFC_Z19/Z19_NFC_4Chanel/Z19_NFC_4Channel/Z19_NFC_4Channel.srcs/sources_1/bd/NFC_4Channel_bd/ip/NFC_4Channel_bd_nfc_top_0_0/NFC_4Channel_bd_nfc_top_0_0/NFC_4Channel_bd_nfc_top_0_0_in_context.xdc, line 37).
Applied set_property CLOCK_BUFFER_TYPE = NONE for IO_NAND_DQ_0[19]. (constraint file  d:/Xilinx_2019_2/RTL_prj/OCOWFC_Z19/OCOWFC_Z19/Z19_NFC_4Chanel/Z19_NFC_4Channel/Z19_NFC_4Channel.srcs/sources_1/bd/NFC_4Channel_bd/ip/NFC_4Channel_bd_nfc_top_0_0/NFC_4Channel_bd_nfc_top_0_0/NFC_4Channel_bd_nfc_top_0_0_in_context.xdc, line 38).
Applied set_property IO_BUFFER_TYPE = NONE for IO_NAND_DQ_0[1]. (constraint file  d:/Xilinx_2019_2/RTL_prj/OCOWFC_Z19/OCOWFC_Z19/Z19_NFC_4Chanel/Z19_NFC_4Channel/Z19_NFC_4Channel.srcs/sources_1/bd/NFC_4Channel_bd/ip/NFC_4Channel_bd_nfc_top_0_0/NFC_4Channel_bd_nfc_top_0_0/NFC_4Channel_bd_nfc_top_0_0_in_context.xdc, line 39).
Applied set_property CLOCK_BUFFER_TYPE = NONE for IO_NAND_DQ_0[1]. (constraint file  d:/Xilinx_2019_2/RTL_prj/OCOWFC_Z19/OCOWFC_Z19/Z19_NFC_4Chanel/Z19_NFC_4Channel/Z19_NFC_4Channel.srcs/sources_1/bd/NFC_4Channel_bd/ip/NFC_4Channel_bd_nfc_top_0_0/NFC_4Channel_bd_nfc_top_0_0/NFC_4Channel_bd_nfc_top_0_0_in_context.xdc, line 40).
Applied set_property IO_BUFFER_TYPE = NONE for IO_NAND_DQ_0[20]. (constraint file  d:/Xilinx_2019_2/RTL_prj/OCOWFC_Z19/OCOWFC_Z19/Z19_NFC_4Chanel/Z19_NFC_4Channel/Z19_NFC_4Channel.srcs/sources_1/bd/NFC_4Channel_bd/ip/NFC_4Channel_bd_nfc_top_0_0/NFC_4Channel_bd_nfc_top_0_0/NFC_4Channel_bd_nfc_top_0_0_in_context.xdc, line 41).
Applied set_property CLOCK_BUFFER_TYPE = NONE for IO_NAND_DQ_0[20]. (constraint file  d:/Xilinx_2019_2/RTL_prj/OCOWFC_Z19/OCOWFC_Z19/Z19_NFC_4Chanel/Z19_NFC_4Channel/Z19_NFC_4Channel.srcs/sources_1/bd/NFC_4Channel_bd/ip/NFC_4Channel_bd_nfc_top_0_0/NFC_4Channel_bd_nfc_top_0_0/NFC_4Channel_bd_nfc_top_0_0_in_context.xdc, line 42).
Applied set_property IO_BUFFER_TYPE = NONE for IO_NAND_DQ_0[21]. (constraint file  d:/Xilinx_2019_2/RTL_prj/OCOWFC_Z19/OCOWFC_Z19/Z19_NFC_4Chanel/Z19_NFC_4Channel/Z19_NFC_4Channel.srcs/sources_1/bd/NFC_4Channel_bd/ip/NFC_4Channel_bd_nfc_top_0_0/NFC_4Channel_bd_nfc_top_0_0/NFC_4Channel_bd_nfc_top_0_0_in_context.xdc, line 43).
Applied set_property CLOCK_BUFFER_TYPE = NONE for IO_NAND_DQ_0[21]. (constraint file  d:/Xilinx_2019_2/RTL_prj/OCOWFC_Z19/OCOWFC_Z19/Z19_NFC_4Chanel/Z19_NFC_4Channel/Z19_NFC_4Channel.srcs/sources_1/bd/NFC_4Channel_bd/ip/NFC_4Channel_bd_nfc_top_0_0/NFC_4Channel_bd_nfc_top_0_0/NFC_4Channel_bd_nfc_top_0_0_in_context.xdc, line 44).
Applied set_property IO_BUFFER_TYPE = NONE for IO_NAND_DQ_0[22]. (constraint file  d:/Xilinx_2019_2/RTL_prj/OCOWFC_Z19/OCOWFC_Z19/Z19_NFC_4Chanel/Z19_NFC_4Channel/Z19_NFC_4Channel.srcs/sources_1/bd/NFC_4Channel_bd/ip/NFC_4Channel_bd_nfc_top_0_0/NFC_4Channel_bd_nfc_top_0_0/NFC_4Channel_bd_nfc_top_0_0_in_context.xdc, line 45).
Applied set_property CLOCK_BUFFER_TYPE = NONE for IO_NAND_DQ_0[22]. (constraint file  d:/Xilinx_2019_2/RTL_prj/OCOWFC_Z19/OCOWFC_Z19/Z19_NFC_4Chanel/Z19_NFC_4Channel/Z19_NFC_4Channel.srcs/sources_1/bd/NFC_4Channel_bd/ip/NFC_4Channel_bd_nfc_top_0_0/NFC_4Channel_bd_nfc_top_0_0/NFC_4Channel_bd_nfc_top_0_0_in_context.xdc, line 46).
Applied set_property IO_BUFFER_TYPE = NONE for IO_NAND_DQ_0[23]. (constraint file  d:/Xilinx_2019_2/RTL_prj/OCOWFC_Z19/OCOWFC_Z19/Z19_NFC_4Chanel/Z19_NFC_4Channel/Z19_NFC_4Channel.srcs/sources_1/bd/NFC_4Channel_bd/ip/NFC_4Channel_bd_nfc_top_0_0/NFC_4Channel_bd_nfc_top_0_0/NFC_4Channel_bd_nfc_top_0_0_in_context.xdc, line 47).
Applied set_property CLOCK_BUFFER_TYPE = NONE for IO_NAND_DQ_0[23]. (constraint file  d:/Xilinx_2019_2/RTL_prj/OCOWFC_Z19/OCOWFC_Z19/Z19_NFC_4Chanel/Z19_NFC_4Channel/Z19_NFC_4Channel.srcs/sources_1/bd/NFC_4Channel_bd/ip/NFC_4Channel_bd_nfc_top_0_0/NFC_4Channel_bd_nfc_top_0_0/NFC_4Channel_bd_nfc_top_0_0_in_context.xdc, line 48).
Applied set_property IO_BUFFER_TYPE = NONE for IO_NAND_DQ_0[24]. (constraint file  d:/Xilinx_2019_2/RTL_prj/OCOWFC_Z19/OCOWFC_Z19/Z19_NFC_4Chanel/Z19_NFC_4Channel/Z19_NFC_4Channel.srcs/sources_1/bd/NFC_4Channel_bd/ip/NFC_4Channel_bd_nfc_top_0_0/NFC_4Channel_bd_nfc_top_0_0/NFC_4Channel_bd_nfc_top_0_0_in_context.xdc, line 49).
Applied set_property CLOCK_BUFFER_TYPE = NONE for IO_NAND_DQ_0[24]. (constraint file  d:/Xilinx_2019_2/RTL_prj/OCOWFC_Z19/OCOWFC_Z19/Z19_NFC_4Chanel/Z19_NFC_4Channel/Z19_NFC_4Channel.srcs/sources_1/bd/NFC_4Channel_bd/ip/NFC_4Channel_bd_nfc_top_0_0/NFC_4Channel_bd_nfc_top_0_0/NFC_4Channel_bd_nfc_top_0_0_in_context.xdc, line 50).
Applied set_property IO_BUFFER_TYPE = NONE for IO_NAND_DQ_0[25]. (constraint file  d:/Xilinx_2019_2/RTL_prj/OCOWFC_Z19/OCOWFC_Z19/Z19_NFC_4Chanel/Z19_NFC_4Channel/Z19_NFC_4Channel.srcs/sources_1/bd/NFC_4Channel_bd/ip/NFC_4Channel_bd_nfc_top_0_0/NFC_4Channel_bd_nfc_top_0_0/NFC_4Channel_bd_nfc_top_0_0_in_context.xdc, line 51).
Applied set_property CLOCK_BUFFER_TYPE = NONE for IO_NAND_DQ_0[25]. (constraint file  d:/Xilinx_2019_2/RTL_prj/OCOWFC_Z19/OCOWFC_Z19/Z19_NFC_4Chanel/Z19_NFC_4Channel/Z19_NFC_4Channel.srcs/sources_1/bd/NFC_4Channel_bd/ip/NFC_4Channel_bd_nfc_top_0_0/NFC_4Channel_bd_nfc_top_0_0/NFC_4Channel_bd_nfc_top_0_0_in_context.xdc, line 52).
Applied set_property IO_BUFFER_TYPE = NONE for IO_NAND_DQ_0[26]. (constraint file  d:/Xilinx_2019_2/RTL_prj/OCOWFC_Z19/OCOWFC_Z19/Z19_NFC_4Chanel/Z19_NFC_4Channel/Z19_NFC_4Channel.srcs/sources_1/bd/NFC_4Channel_bd/ip/NFC_4Channel_bd_nfc_top_0_0/NFC_4Channel_bd_nfc_top_0_0/NFC_4Channel_bd_nfc_top_0_0_in_context.xdc, line 53).
Applied set_property CLOCK_BUFFER_TYPE = NONE for IO_NAND_DQ_0[26]. (constraint file  d:/Xilinx_2019_2/RTL_prj/OCOWFC_Z19/OCOWFC_Z19/Z19_NFC_4Chanel/Z19_NFC_4Channel/Z19_NFC_4Channel.srcs/sources_1/bd/NFC_4Channel_bd/ip/NFC_4Channel_bd_nfc_top_0_0/NFC_4Channel_bd_nfc_top_0_0/NFC_4Channel_bd_nfc_top_0_0_in_context.xdc, line 54).
Applied set_property IO_BUFFER_TYPE = NONE for IO_NAND_DQ_0[27]. (constraint file  d:/Xilinx_2019_2/RTL_prj/OCOWFC_Z19/OCOWFC_Z19/Z19_NFC_4Chanel/Z19_NFC_4Channel/Z19_NFC_4Channel.srcs/sources_1/bd/NFC_4Channel_bd/ip/NFC_4Channel_bd_nfc_top_0_0/NFC_4Channel_bd_nfc_top_0_0/NFC_4Channel_bd_nfc_top_0_0_in_context.xdc, line 55).
Applied set_property CLOCK_BUFFER_TYPE = NONE for IO_NAND_DQ_0[27]. (constraint file  d:/Xilinx_2019_2/RTL_prj/OCOWFC_Z19/OCOWFC_Z19/Z19_NFC_4Chanel/Z19_NFC_4Channel/Z19_NFC_4Channel.srcs/sources_1/bd/NFC_4Channel_bd/ip/NFC_4Channel_bd_nfc_top_0_0/NFC_4Channel_bd_nfc_top_0_0/NFC_4Channel_bd_nfc_top_0_0_in_context.xdc, line 56).
Applied set_property IO_BUFFER_TYPE = NONE for IO_NAND_DQ_0[28]. (constraint file  d:/Xilinx_2019_2/RTL_prj/OCOWFC_Z19/OCOWFC_Z19/Z19_NFC_4Chanel/Z19_NFC_4Channel/Z19_NFC_4Channel.srcs/sources_1/bd/NFC_4Channel_bd/ip/NFC_4Channel_bd_nfc_top_0_0/NFC_4Channel_bd_nfc_top_0_0/NFC_4Channel_bd_nfc_top_0_0_in_context.xdc, line 57).
Applied set_property CLOCK_BUFFER_TYPE = NONE for IO_NAND_DQ_0[28]. (constraint file  d:/Xilinx_2019_2/RTL_prj/OCOWFC_Z19/OCOWFC_Z19/Z19_NFC_4Chanel/Z19_NFC_4Channel/Z19_NFC_4Channel.srcs/sources_1/bd/NFC_4Channel_bd/ip/NFC_4Channel_bd_nfc_top_0_0/NFC_4Channel_bd_nfc_top_0_0/NFC_4Channel_bd_nfc_top_0_0_in_context.xdc, line 58).
Applied set_property IO_BUFFER_TYPE = NONE for IO_NAND_DQ_0[29]. (constraint file  d:/Xilinx_2019_2/RTL_prj/OCOWFC_Z19/OCOWFC_Z19/Z19_NFC_4Chanel/Z19_NFC_4Channel/Z19_NFC_4Channel.srcs/sources_1/bd/NFC_4Channel_bd/ip/NFC_4Channel_bd_nfc_top_0_0/NFC_4Channel_bd_nfc_top_0_0/NFC_4Channel_bd_nfc_top_0_0_in_context.xdc, line 59).
Applied set_property CLOCK_BUFFER_TYPE = NONE for IO_NAND_DQ_0[29]. (constraint file  d:/Xilinx_2019_2/RTL_prj/OCOWFC_Z19/OCOWFC_Z19/Z19_NFC_4Chanel/Z19_NFC_4Channel/Z19_NFC_4Channel.srcs/sources_1/bd/NFC_4Channel_bd/ip/NFC_4Channel_bd_nfc_top_0_0/NFC_4Channel_bd_nfc_top_0_0/NFC_4Channel_bd_nfc_top_0_0_in_context.xdc, line 60).
Applied set_property IO_BUFFER_TYPE = NONE for IO_NAND_DQ_0[2]. (constraint file  d:/Xilinx_2019_2/RTL_prj/OCOWFC_Z19/OCOWFC_Z19/Z19_NFC_4Chanel/Z19_NFC_4Channel/Z19_NFC_4Channel.srcs/sources_1/bd/NFC_4Channel_bd/ip/NFC_4Channel_bd_nfc_top_0_0/NFC_4Channel_bd_nfc_top_0_0/NFC_4Channel_bd_nfc_top_0_0_in_context.xdc, line 61).
Applied set_property CLOCK_BUFFER_TYPE = NONE for IO_NAND_DQ_0[2]. (constraint file  d:/Xilinx_2019_2/RTL_prj/OCOWFC_Z19/OCOWFC_Z19/Z19_NFC_4Chanel/Z19_NFC_4Channel/Z19_NFC_4Channel.srcs/sources_1/bd/NFC_4Channel_bd/ip/NFC_4Channel_bd_nfc_top_0_0/NFC_4Channel_bd_nfc_top_0_0/NFC_4Channel_bd_nfc_top_0_0_in_context.xdc, line 62).
Applied set_property IO_BUFFER_TYPE = NONE for IO_NAND_DQ_0[30]. (constraint file  d:/Xilinx_2019_2/RTL_prj/OCOWFC_Z19/OCOWFC_Z19/Z19_NFC_4Chanel/Z19_NFC_4Channel/Z19_NFC_4Channel.srcs/sources_1/bd/NFC_4Channel_bd/ip/NFC_4Channel_bd_nfc_top_0_0/NFC_4Channel_bd_nfc_top_0_0/NFC_4Channel_bd_nfc_top_0_0_in_context.xdc, line 63).
Applied set_property CLOCK_BUFFER_TYPE = NONE for IO_NAND_DQ_0[30]. (constraint file  d:/Xilinx_2019_2/RTL_prj/OCOWFC_Z19/OCOWFC_Z19/Z19_NFC_4Chanel/Z19_NFC_4Channel/Z19_NFC_4Channel.srcs/sources_1/bd/NFC_4Channel_bd/ip/NFC_4Channel_bd_nfc_top_0_0/NFC_4Channel_bd_nfc_top_0_0/NFC_4Channel_bd_nfc_top_0_0_in_context.xdc, line 64).
Applied set_property IO_BUFFER_TYPE = NONE for IO_NAND_DQ_0[31]. (constraint file  d:/Xilinx_2019_2/RTL_prj/OCOWFC_Z19/OCOWFC_Z19/Z19_NFC_4Chanel/Z19_NFC_4Channel/Z19_NFC_4Channel.srcs/sources_1/bd/NFC_4Channel_bd/ip/NFC_4Channel_bd_nfc_top_0_0/NFC_4Channel_bd_nfc_top_0_0/NFC_4Channel_bd_nfc_top_0_0_in_context.xdc, line 65).
Applied set_property CLOCK_BUFFER_TYPE = NONE for IO_NAND_DQ_0[31]. (constraint file  d:/Xilinx_2019_2/RTL_prj/OCOWFC_Z19/OCOWFC_Z19/Z19_NFC_4Chanel/Z19_NFC_4Channel/Z19_NFC_4Channel.srcs/sources_1/bd/NFC_4Channel_bd/ip/NFC_4Channel_bd_nfc_top_0_0/NFC_4Channel_bd_nfc_top_0_0/NFC_4Channel_bd_nfc_top_0_0_in_context.xdc, line 66).
Applied set_property IO_BUFFER_TYPE = NONE for IO_NAND_DQ_0[3]. (constraint file  d:/Xilinx_2019_2/RTL_prj/OCOWFC_Z19/OCOWFC_Z19/Z19_NFC_4Chanel/Z19_NFC_4Channel/Z19_NFC_4Channel.srcs/sources_1/bd/NFC_4Channel_bd/ip/NFC_4Channel_bd_nfc_top_0_0/NFC_4Channel_bd_nfc_top_0_0/NFC_4Channel_bd_nfc_top_0_0_in_context.xdc, line 67).
Applied set_property CLOCK_BUFFER_TYPE = NONE for IO_NAND_DQ_0[3]. (constraint file  d:/Xilinx_2019_2/RTL_prj/OCOWFC_Z19/OCOWFC_Z19/Z19_NFC_4Chanel/Z19_NFC_4Channel/Z19_NFC_4Channel.srcs/sources_1/bd/NFC_4Channel_bd/ip/NFC_4Channel_bd_nfc_top_0_0/NFC_4Channel_bd_nfc_top_0_0/NFC_4Channel_bd_nfc_top_0_0_in_context.xdc, line 68).
Applied set_property IO_BUFFER_TYPE = NONE for IO_NAND_DQ_0[4]. (constraint file  d:/Xilinx_2019_2/RTL_prj/OCOWFC_Z19/OCOWFC_Z19/Z19_NFC_4Chanel/Z19_NFC_4Channel/Z19_NFC_4Channel.srcs/sources_1/bd/NFC_4Channel_bd/ip/NFC_4Channel_bd_nfc_top_0_0/NFC_4Channel_bd_nfc_top_0_0/NFC_4Channel_bd_nfc_top_0_0_in_context.xdc, line 69).
Applied set_property CLOCK_BUFFER_TYPE = NONE for IO_NAND_DQ_0[4]. (constraint file  d:/Xilinx_2019_2/RTL_prj/OCOWFC_Z19/OCOWFC_Z19/Z19_NFC_4Chanel/Z19_NFC_4Channel/Z19_NFC_4Channel.srcs/sources_1/bd/NFC_4Channel_bd/ip/NFC_4Channel_bd_nfc_top_0_0/NFC_4Channel_bd_nfc_top_0_0/NFC_4Channel_bd_nfc_top_0_0_in_context.xdc, line 70).
Applied set_property IO_BUFFER_TYPE = NONE for IO_NAND_DQ_0[5]. (constraint file  d:/Xilinx_2019_2/RTL_prj/OCOWFC_Z19/OCOWFC_Z19/Z19_NFC_4Chanel/Z19_NFC_4Channel/Z19_NFC_4Channel.srcs/sources_1/bd/NFC_4Channel_bd/ip/NFC_4Channel_bd_nfc_top_0_0/NFC_4Channel_bd_nfc_top_0_0/NFC_4Channel_bd_nfc_top_0_0_in_context.xdc, line 71).
Applied set_property CLOCK_BUFFER_TYPE = NONE for IO_NAND_DQ_0[5]. (constraint file  d:/Xilinx_2019_2/RTL_prj/OCOWFC_Z19/OCOWFC_Z19/Z19_NFC_4Chanel/Z19_NFC_4Channel/Z19_NFC_4Channel.srcs/sources_1/bd/NFC_4Channel_bd/ip/NFC_4Channel_bd_nfc_top_0_0/NFC_4Channel_bd_nfc_top_0_0/NFC_4Channel_bd_nfc_top_0_0_in_context.xdc, line 72).
Applied set_property IO_BUFFER_TYPE = NONE for IO_NAND_DQ_0[6]. (constraint file  d:/Xilinx_2019_2/RTL_prj/OCOWFC_Z19/OCOWFC_Z19/Z19_NFC_4Chanel/Z19_NFC_4Channel/Z19_NFC_4Channel.srcs/sources_1/bd/NFC_4Channel_bd/ip/NFC_4Channel_bd_nfc_top_0_0/NFC_4Channel_bd_nfc_top_0_0/NFC_4Channel_bd_nfc_top_0_0_in_context.xdc, line 73).
Applied set_property CLOCK_BUFFER_TYPE = NONE for IO_NAND_DQ_0[6]. (constraint file  d:/Xilinx_2019_2/RTL_prj/OCOWFC_Z19/OCOWFC_Z19/Z19_NFC_4Chanel/Z19_NFC_4Channel/Z19_NFC_4Channel.srcs/sources_1/bd/NFC_4Channel_bd/ip/NFC_4Channel_bd_nfc_top_0_0/NFC_4Channel_bd_nfc_top_0_0/NFC_4Channel_bd_nfc_top_0_0_in_context.xdc, line 74).
Applied set_property IO_BUFFER_TYPE = NONE for IO_NAND_DQ_0[7]. (constraint file  d:/Xilinx_2019_2/RTL_prj/OCOWFC_Z19/OCOWFC_Z19/Z19_NFC_4Chanel/Z19_NFC_4Channel/Z19_NFC_4Channel.srcs/sources_1/bd/NFC_4Channel_bd/ip/NFC_4Channel_bd_nfc_top_0_0/NFC_4Channel_bd_nfc_top_0_0/NFC_4Channel_bd_nfc_top_0_0_in_context.xdc, line 75).
Applied set_property CLOCK_BUFFER_TYPE = NONE for IO_NAND_DQ_0[7]. (constraint file  d:/Xilinx_2019_2/RTL_prj/OCOWFC_Z19/OCOWFC_Z19/Z19_NFC_4Chanel/Z19_NFC_4Channel/Z19_NFC_4Channel.srcs/sources_1/bd/NFC_4Channel_bd/ip/NFC_4Channel_bd_nfc_top_0_0/NFC_4Channel_bd_nfc_top_0_0/NFC_4Channel_bd_nfc_top_0_0_in_context.xdc, line 76).
Applied set_property IO_BUFFER_TYPE = NONE for IO_NAND_DQ_0[8]. (constraint file  d:/Xilinx_2019_2/RTL_prj/OCOWFC_Z19/OCOWFC_Z19/Z19_NFC_4Chanel/Z19_NFC_4Channel/Z19_NFC_4Channel.srcs/sources_1/bd/NFC_4Channel_bd/ip/NFC_4Channel_bd_nfc_top_0_0/NFC_4Channel_bd_nfc_top_0_0/NFC_4Channel_bd_nfc_top_0_0_in_context.xdc, line 77).
Applied set_property CLOCK_BUFFER_TYPE = NONE for IO_NAND_DQ_0[8]. (constraint file  d:/Xilinx_2019_2/RTL_prj/OCOWFC_Z19/OCOWFC_Z19/Z19_NFC_4Chanel/Z19_NFC_4Channel/Z19_NFC_4Channel.srcs/sources_1/bd/NFC_4Channel_bd/ip/NFC_4Channel_bd_nfc_top_0_0/NFC_4Channel_bd_nfc_top_0_0/NFC_4Channel_bd_nfc_top_0_0_in_context.xdc, line 78).
Applied set_property IO_BUFFER_TYPE = NONE for IO_NAND_DQ_0[9]. (constraint file  d:/Xilinx_2019_2/RTL_prj/OCOWFC_Z19/OCOWFC_Z19/Z19_NFC_4Chanel/Z19_NFC_4Channel/Z19_NFC_4Channel.srcs/sources_1/bd/NFC_4Channel_bd/ip/NFC_4Channel_bd_nfc_top_0_0/NFC_4Channel_bd_nfc_top_0_0/NFC_4Channel_bd_nfc_top_0_0_in_context.xdc, line 79).
Applied set_property CLOCK_BUFFER_TYPE = NONE for IO_NAND_DQ_0[9]. (constraint file  d:/Xilinx_2019_2/RTL_prj/OCOWFC_Z19/OCOWFC_Z19/Z19_NFC_4Chanel/Z19_NFC_4Channel/Z19_NFC_4Channel.srcs/sources_1/bd/NFC_4Channel_bd/ip/NFC_4Channel_bd_nfc_top_0_0/NFC_4Channel_bd_nfc_top_0_0/NFC_4Channel_bd_nfc_top_0_0_in_context.xdc, line 80).
Applied set_property IO_BUFFER_TYPE = NONE for I_NAND_RB_N_0[0]. (constraint file  d:/Xilinx_2019_2/RTL_prj/OCOWFC_Z19/OCOWFC_Z19/Z19_NFC_4Chanel/Z19_NFC_4Channel/Z19_NFC_4Channel.srcs/sources_1/bd/NFC_4Channel_bd/ip/NFC_4Channel_bd_nfc_top_0_0/NFC_4Channel_bd_nfc_top_0_0/NFC_4Channel_bd_nfc_top_0_0_in_context.xdc, line 81).
Applied set_property CLOCK_BUFFER_TYPE = NONE for I_NAND_RB_N_0[0]. (constraint file  d:/Xilinx_2019_2/RTL_prj/OCOWFC_Z19/OCOWFC_Z19/Z19_NFC_4Chanel/Z19_NFC_4Channel/Z19_NFC_4Channel.srcs/sources_1/bd/NFC_4Channel_bd/ip/NFC_4Channel_bd_nfc_top_0_0/NFC_4Channel_bd_nfc_top_0_0/NFC_4Channel_bd_nfc_top_0_0_in_context.xdc, line 82).
Applied set_property IO_BUFFER_TYPE = NONE for I_NAND_RB_N_0[1]. (constraint file  d:/Xilinx_2019_2/RTL_prj/OCOWFC_Z19/OCOWFC_Z19/Z19_NFC_4Chanel/Z19_NFC_4Channel/Z19_NFC_4Channel.srcs/sources_1/bd/NFC_4Channel_bd/ip/NFC_4Channel_bd_nfc_top_0_0/NFC_4Channel_bd_nfc_top_0_0/NFC_4Channel_bd_nfc_top_0_0_in_context.xdc, line 83).
Applied set_property CLOCK_BUFFER_TYPE = NONE for I_NAND_RB_N_0[1]. (constraint file  d:/Xilinx_2019_2/RTL_prj/OCOWFC_Z19/OCOWFC_Z19/Z19_NFC_4Chanel/Z19_NFC_4Channel/Z19_NFC_4Channel.srcs/sources_1/bd/NFC_4Channel_bd/ip/NFC_4Channel_bd_nfc_top_0_0/NFC_4Channel_bd_nfc_top_0_0/NFC_4Channel_bd_nfc_top_0_0_in_context.xdc, line 84).
Applied set_property IO_BUFFER_TYPE = NONE for I_NAND_RB_N_0[2]. (constraint file  d:/Xilinx_2019_2/RTL_prj/OCOWFC_Z19/OCOWFC_Z19/Z19_NFC_4Chanel/Z19_NFC_4Channel/Z19_NFC_4Channel.srcs/sources_1/bd/NFC_4Channel_bd/ip/NFC_4Channel_bd_nfc_top_0_0/NFC_4Channel_bd_nfc_top_0_0/NFC_4Channel_bd_nfc_top_0_0_in_context.xdc, line 85).
Applied set_property CLOCK_BUFFER_TYPE = NONE for I_NAND_RB_N_0[2]. (constraint file  d:/Xilinx_2019_2/RTL_prj/OCOWFC_Z19/OCOWFC_Z19/Z19_NFC_4Chanel/Z19_NFC_4Channel/Z19_NFC_4Channel.srcs/sources_1/bd/NFC_4Channel_bd/ip/NFC_4Channel_bd_nfc_top_0_0/NFC_4Channel_bd_nfc_top_0_0/NFC_4Channel_bd_nfc_top_0_0_in_context.xdc, line 86).
Applied set_property IO_BUFFER_TYPE = NONE for I_NAND_RB_N_0[3]. (constraint file  d:/Xilinx_2019_2/RTL_prj/OCOWFC_Z19/OCOWFC_Z19/Z19_NFC_4Chanel/Z19_NFC_4Channel/Z19_NFC_4Channel.srcs/sources_1/bd/NFC_4Channel_bd/ip/NFC_4Channel_bd_nfc_top_0_0/NFC_4Channel_bd_nfc_top_0_0/NFC_4Channel_bd_nfc_top_0_0_in_context.xdc, line 87).
Applied set_property CLOCK_BUFFER_TYPE = NONE for I_NAND_RB_N_0[3]. (constraint file  d:/Xilinx_2019_2/RTL_prj/OCOWFC_Z19/OCOWFC_Z19/Z19_NFC_4Chanel/Z19_NFC_4Channel/Z19_NFC_4Channel.srcs/sources_1/bd/NFC_4Channel_bd/ip/NFC_4Channel_bd_nfc_top_0_0/NFC_4Channel_bd_nfc_top_0_0/NFC_4Channel_bd_nfc_top_0_0_in_context.xdc, line 88).
Applied set_property IO_BUFFER_TYPE = NONE for O_NAND_ALE_0[0]. (constraint file  d:/Xilinx_2019_2/RTL_prj/OCOWFC_Z19/OCOWFC_Z19/Z19_NFC_4Chanel/Z19_NFC_4Channel/Z19_NFC_4Channel.srcs/sources_1/bd/NFC_4Channel_bd/ip/NFC_4Channel_bd_nfc_top_0_0/NFC_4Channel_bd_nfc_top_0_0/NFC_4Channel_bd_nfc_top_0_0_in_context.xdc, line 89).
Applied set_property CLOCK_BUFFER_TYPE = NONE for O_NAND_ALE_0[0]. (constraint file  d:/Xilinx_2019_2/RTL_prj/OCOWFC_Z19/OCOWFC_Z19/Z19_NFC_4Chanel/Z19_NFC_4Channel/Z19_NFC_4Channel.srcs/sources_1/bd/NFC_4Channel_bd/ip/NFC_4Channel_bd_nfc_top_0_0/NFC_4Channel_bd_nfc_top_0_0/NFC_4Channel_bd_nfc_top_0_0_in_context.xdc, line 90).
Applied set_property IO_BUFFER_TYPE = NONE for O_NAND_ALE_0[1]. (constraint file  d:/Xilinx_2019_2/RTL_prj/OCOWFC_Z19/OCOWFC_Z19/Z19_NFC_4Chanel/Z19_NFC_4Channel/Z19_NFC_4Channel.srcs/sources_1/bd/NFC_4Channel_bd/ip/NFC_4Channel_bd_nfc_top_0_0/NFC_4Channel_bd_nfc_top_0_0/NFC_4Channel_bd_nfc_top_0_0_in_context.xdc, line 91).
Applied set_property CLOCK_BUFFER_TYPE = NONE for O_NAND_ALE_0[1]. (constraint file  d:/Xilinx_2019_2/RTL_prj/OCOWFC_Z19/OCOWFC_Z19/Z19_NFC_4Chanel/Z19_NFC_4Channel/Z19_NFC_4Channel.srcs/sources_1/bd/NFC_4Channel_bd/ip/NFC_4Channel_bd_nfc_top_0_0/NFC_4Channel_bd_nfc_top_0_0/NFC_4Channel_bd_nfc_top_0_0_in_context.xdc, line 92).
Applied set_property IO_BUFFER_TYPE = NONE for O_NAND_ALE_0[2]. (constraint file  d:/Xilinx_2019_2/RTL_prj/OCOWFC_Z19/OCOWFC_Z19/Z19_NFC_4Chanel/Z19_NFC_4Channel/Z19_NFC_4Channel.srcs/sources_1/bd/NFC_4Channel_bd/ip/NFC_4Channel_bd_nfc_top_0_0/NFC_4Channel_bd_nfc_top_0_0/NFC_4Channel_bd_nfc_top_0_0_in_context.xdc, line 93).
Applied set_property CLOCK_BUFFER_TYPE = NONE for O_NAND_ALE_0[2]. (constraint file  d:/Xilinx_2019_2/RTL_prj/OCOWFC_Z19/OCOWFC_Z19/Z19_NFC_4Chanel/Z19_NFC_4Channel/Z19_NFC_4Channel.srcs/sources_1/bd/NFC_4Channel_bd/ip/NFC_4Channel_bd_nfc_top_0_0/NFC_4Channel_bd_nfc_top_0_0/NFC_4Channel_bd_nfc_top_0_0_in_context.xdc, line 94).
Applied set_property IO_BUFFER_TYPE = NONE for O_NAND_ALE_0[3]. (constraint file  d:/Xilinx_2019_2/RTL_prj/OCOWFC_Z19/OCOWFC_Z19/Z19_NFC_4Chanel/Z19_NFC_4Channel/Z19_NFC_4Channel.srcs/sources_1/bd/NFC_4Channel_bd/ip/NFC_4Channel_bd_nfc_top_0_0/NFC_4Channel_bd_nfc_top_0_0/NFC_4Channel_bd_nfc_top_0_0_in_context.xdc, line 95).
Applied set_property CLOCK_BUFFER_TYPE = NONE for O_NAND_ALE_0[3]. (constraint file  d:/Xilinx_2019_2/RTL_prj/OCOWFC_Z19/OCOWFC_Z19/Z19_NFC_4Chanel/Z19_NFC_4Channel/Z19_NFC_4Channel.srcs/sources_1/bd/NFC_4Channel_bd/ip/NFC_4Channel_bd_nfc_top_0_0/NFC_4Channel_bd_nfc_top_0_0/NFC_4Channel_bd_nfc_top_0_0_in_context.xdc, line 96).
Applied set_property IO_BUFFER_TYPE = NONE for O_NAND_CE_N_0[0]. (constraint file  d:/Xilinx_2019_2/RTL_prj/OCOWFC_Z19/OCOWFC_Z19/Z19_NFC_4Chanel/Z19_NFC_4Channel/Z19_NFC_4Channel.srcs/sources_1/bd/NFC_4Channel_bd/ip/NFC_4Channel_bd_nfc_top_0_0/NFC_4Channel_bd_nfc_top_0_0/NFC_4Channel_bd_nfc_top_0_0_in_context.xdc, line 97).
Applied set_property CLOCK_BUFFER_TYPE = NONE for O_NAND_CE_N_0[0]. (constraint file  d:/Xilinx_2019_2/RTL_prj/OCOWFC_Z19/OCOWFC_Z19/Z19_NFC_4Chanel/Z19_NFC_4Channel/Z19_NFC_4Channel.srcs/sources_1/bd/NFC_4Channel_bd/ip/NFC_4Channel_bd_nfc_top_0_0/NFC_4Channel_bd_nfc_top_0_0/NFC_4Channel_bd_nfc_top_0_0_in_context.xdc, line 98).
Applied set_property IO_BUFFER_TYPE = NONE for O_NAND_CE_N_0[1]. (constraint file  d:/Xilinx_2019_2/RTL_prj/OCOWFC_Z19/OCOWFC_Z19/Z19_NFC_4Chanel/Z19_NFC_4Channel/Z19_NFC_4Channel.srcs/sources_1/bd/NFC_4Channel_bd/ip/NFC_4Channel_bd_nfc_top_0_0/NFC_4Channel_bd_nfc_top_0_0/NFC_4Channel_bd_nfc_top_0_0_in_context.xdc, line 99).
Applied set_property CLOCK_BUFFER_TYPE = NONE for O_NAND_CE_N_0[1]. (constraint file  d:/Xilinx_2019_2/RTL_prj/OCOWFC_Z19/OCOWFC_Z19/Z19_NFC_4Chanel/Z19_NFC_4Channel/Z19_NFC_4Channel.srcs/sources_1/bd/NFC_4Channel_bd/ip/NFC_4Channel_bd_nfc_top_0_0/NFC_4Channel_bd_nfc_top_0_0/NFC_4Channel_bd_nfc_top_0_0_in_context.xdc, line 100).
Applied set_property IO_BUFFER_TYPE = NONE for O_NAND_CE_N_0[2]. (constraint file  d:/Xilinx_2019_2/RTL_prj/OCOWFC_Z19/OCOWFC_Z19/Z19_NFC_4Chanel/Z19_NFC_4Channel/Z19_NFC_4Channel.srcs/sources_1/bd/NFC_4Channel_bd/ip/NFC_4Channel_bd_nfc_top_0_0/NFC_4Channel_bd_nfc_top_0_0/NFC_4Channel_bd_nfc_top_0_0_in_context.xdc, line 101).
Applied set_property CLOCK_BUFFER_TYPE = NONE for O_NAND_CE_N_0[2]. (constraint file  d:/Xilinx_2019_2/RTL_prj/OCOWFC_Z19/OCOWFC_Z19/Z19_NFC_4Chanel/Z19_NFC_4Channel/Z19_NFC_4Channel.srcs/sources_1/bd/NFC_4Channel_bd/ip/NFC_4Channel_bd_nfc_top_0_0/NFC_4Channel_bd_nfc_top_0_0/NFC_4Channel_bd_nfc_top_0_0_in_context.xdc, line 102).
Applied set_property IO_BUFFER_TYPE = NONE for O_NAND_CE_N_0[3]. (constraint file  d:/Xilinx_2019_2/RTL_prj/OCOWFC_Z19/OCOWFC_Z19/Z19_NFC_4Chanel/Z19_NFC_4Channel/Z19_NFC_4Channel.srcs/sources_1/bd/NFC_4Channel_bd/ip/NFC_4Channel_bd_nfc_top_0_0/NFC_4Channel_bd_nfc_top_0_0/NFC_4Channel_bd_nfc_top_0_0_in_context.xdc, line 103).
Applied set_property CLOCK_BUFFER_TYPE = NONE for O_NAND_CE_N_0[3]. (constraint file  d:/Xilinx_2019_2/RTL_prj/OCOWFC_Z19/OCOWFC_Z19/Z19_NFC_4Chanel/Z19_NFC_4Channel/Z19_NFC_4Channel.srcs/sources_1/bd/NFC_4Channel_bd/ip/NFC_4Channel_bd_nfc_top_0_0/NFC_4Channel_bd_nfc_top_0_0/NFC_4Channel_bd_nfc_top_0_0_in_context.xdc, line 104).
Applied set_property IO_BUFFER_TYPE = NONE for O_NAND_CLE_0[0]. (constraint file  d:/Xilinx_2019_2/RTL_prj/OCOWFC_Z19/OCOWFC_Z19/Z19_NFC_4Chanel/Z19_NFC_4Channel/Z19_NFC_4Channel.srcs/sources_1/bd/NFC_4Channel_bd/ip/NFC_4Channel_bd_nfc_top_0_0/NFC_4Channel_bd_nfc_top_0_0/NFC_4Channel_bd_nfc_top_0_0_in_context.xdc, line 105).
Applied set_property CLOCK_BUFFER_TYPE = NONE for O_NAND_CLE_0[0]. (constraint file  d:/Xilinx_2019_2/RTL_prj/OCOWFC_Z19/OCOWFC_Z19/Z19_NFC_4Chanel/Z19_NFC_4Channel/Z19_NFC_4Channel.srcs/sources_1/bd/NFC_4Channel_bd/ip/NFC_4Channel_bd_nfc_top_0_0/NFC_4Channel_bd_nfc_top_0_0/NFC_4Channel_bd_nfc_top_0_0_in_context.xdc, line 106).
Applied set_property IO_BUFFER_TYPE = NONE for O_NAND_CLE_0[1]. (constraint file  d:/Xilinx_2019_2/RTL_prj/OCOWFC_Z19/OCOWFC_Z19/Z19_NFC_4Chanel/Z19_NFC_4Channel/Z19_NFC_4Channel.srcs/sources_1/bd/NFC_4Channel_bd/ip/NFC_4Channel_bd_nfc_top_0_0/NFC_4Channel_bd_nfc_top_0_0/NFC_4Channel_bd_nfc_top_0_0_in_context.xdc, line 107).
Applied set_property CLOCK_BUFFER_TYPE = NONE for O_NAND_CLE_0[1]. (constraint file  d:/Xilinx_2019_2/RTL_prj/OCOWFC_Z19/OCOWFC_Z19/Z19_NFC_4Chanel/Z19_NFC_4Channel/Z19_NFC_4Channel.srcs/sources_1/bd/NFC_4Channel_bd/ip/NFC_4Channel_bd_nfc_top_0_0/NFC_4Channel_bd_nfc_top_0_0/NFC_4Channel_bd_nfc_top_0_0_in_context.xdc, line 108).
Applied set_property IO_BUFFER_TYPE = NONE for O_NAND_CLE_0[2]. (constraint file  d:/Xilinx_2019_2/RTL_prj/OCOWFC_Z19/OCOWFC_Z19/Z19_NFC_4Chanel/Z19_NFC_4Channel/Z19_NFC_4Channel.srcs/sources_1/bd/NFC_4Channel_bd/ip/NFC_4Channel_bd_nfc_top_0_0/NFC_4Channel_bd_nfc_top_0_0/NFC_4Channel_bd_nfc_top_0_0_in_context.xdc, line 109).
Applied set_property CLOCK_BUFFER_TYPE = NONE for O_NAND_CLE_0[2]. (constraint file  d:/Xilinx_2019_2/RTL_prj/OCOWFC_Z19/OCOWFC_Z19/Z19_NFC_4Chanel/Z19_NFC_4Channel/Z19_NFC_4Channel.srcs/sources_1/bd/NFC_4Channel_bd/ip/NFC_4Channel_bd_nfc_top_0_0/NFC_4Channel_bd_nfc_top_0_0/NFC_4Channel_bd_nfc_top_0_0_in_context.xdc, line 110).
Applied set_property IO_BUFFER_TYPE = NONE for O_NAND_CLE_0[3]. (constraint file  d:/Xilinx_2019_2/RTL_prj/OCOWFC_Z19/OCOWFC_Z19/Z19_NFC_4Chanel/Z19_NFC_4Channel/Z19_NFC_4Channel.srcs/sources_1/bd/NFC_4Channel_bd/ip/NFC_4Channel_bd_nfc_top_0_0/NFC_4Channel_bd_nfc_top_0_0/NFC_4Channel_bd_nfc_top_0_0_in_context.xdc, line 111).
Applied set_property CLOCK_BUFFER_TYPE = NONE for O_NAND_CLE_0[3]. (constraint file  d:/Xilinx_2019_2/RTL_prj/OCOWFC_Z19/OCOWFC_Z19/Z19_NFC_4Chanel/Z19_NFC_4Channel/Z19_NFC_4Channel.srcs/sources_1/bd/NFC_4Channel_bd/ip/NFC_4Channel_bd_nfc_top_0_0/NFC_4Channel_bd_nfc_top_0_0/NFC_4Channel_bd_nfc_top_0_0_in_context.xdc, line 112).
Applied set_property IO_BUFFER_TYPE = NONE for O_NAND_RE_N_0[0]. (constraint file  d:/Xilinx_2019_2/RTL_prj/OCOWFC_Z19/OCOWFC_Z19/Z19_NFC_4Chanel/Z19_NFC_4Channel/Z19_NFC_4Channel.srcs/sources_1/bd/NFC_4Channel_bd/ip/NFC_4Channel_bd_nfc_top_0_0/NFC_4Channel_bd_nfc_top_0_0/NFC_4Channel_bd_nfc_top_0_0_in_context.xdc, line 113).
Applied set_property CLOCK_BUFFER_TYPE = NONE for O_NAND_RE_N_0[0]. (constraint file  d:/Xilinx_2019_2/RTL_prj/OCOWFC_Z19/OCOWFC_Z19/Z19_NFC_4Chanel/Z19_NFC_4Channel/Z19_NFC_4Channel.srcs/sources_1/bd/NFC_4Channel_bd/ip/NFC_4Channel_bd_nfc_top_0_0/NFC_4Channel_bd_nfc_top_0_0/NFC_4Channel_bd_nfc_top_0_0_in_context.xdc, line 114).
Applied set_property IO_BUFFER_TYPE = NONE for O_NAND_RE_N_0[1]. (constraint file  d:/Xilinx_2019_2/RTL_prj/OCOWFC_Z19/OCOWFC_Z19/Z19_NFC_4Chanel/Z19_NFC_4Channel/Z19_NFC_4Channel.srcs/sources_1/bd/NFC_4Channel_bd/ip/NFC_4Channel_bd_nfc_top_0_0/NFC_4Channel_bd_nfc_top_0_0/NFC_4Channel_bd_nfc_top_0_0_in_context.xdc, line 115).
Applied set_property CLOCK_BUFFER_TYPE = NONE for O_NAND_RE_N_0[1]. (constraint file  d:/Xilinx_2019_2/RTL_prj/OCOWFC_Z19/OCOWFC_Z19/Z19_NFC_4Chanel/Z19_NFC_4Channel/Z19_NFC_4Channel.srcs/sources_1/bd/NFC_4Channel_bd/ip/NFC_4Channel_bd_nfc_top_0_0/NFC_4Channel_bd_nfc_top_0_0/NFC_4Channel_bd_nfc_top_0_0_in_context.xdc, line 116).
Applied set_property IO_BUFFER_TYPE = NONE for O_NAND_RE_N_0[2]. (constraint file  d:/Xilinx_2019_2/RTL_prj/OCOWFC_Z19/OCOWFC_Z19/Z19_NFC_4Chanel/Z19_NFC_4Channel/Z19_NFC_4Channel.srcs/sources_1/bd/NFC_4Channel_bd/ip/NFC_4Channel_bd_nfc_top_0_0/NFC_4Channel_bd_nfc_top_0_0/NFC_4Channel_bd_nfc_top_0_0_in_context.xdc, line 117).
Applied set_property CLOCK_BUFFER_TYPE = NONE for O_NAND_RE_N_0[2]. (constraint file  d:/Xilinx_2019_2/RTL_prj/OCOWFC_Z19/OCOWFC_Z19/Z19_NFC_4Chanel/Z19_NFC_4Channel/Z19_NFC_4Channel.srcs/sources_1/bd/NFC_4Channel_bd/ip/NFC_4Channel_bd_nfc_top_0_0/NFC_4Channel_bd_nfc_top_0_0/NFC_4Channel_bd_nfc_top_0_0_in_context.xdc, line 118).
Applied set_property IO_BUFFER_TYPE = NONE for O_NAND_RE_N_0[3]. (constraint file  d:/Xilinx_2019_2/RTL_prj/OCOWFC_Z19/OCOWFC_Z19/Z19_NFC_4Chanel/Z19_NFC_4Channel/Z19_NFC_4Channel.srcs/sources_1/bd/NFC_4Channel_bd/ip/NFC_4Channel_bd_nfc_top_0_0/NFC_4Channel_bd_nfc_top_0_0/NFC_4Channel_bd_nfc_top_0_0_in_context.xdc, line 119).
Applied set_property CLOCK_BUFFER_TYPE = NONE for O_NAND_RE_N_0[3]. (constraint file  d:/Xilinx_2019_2/RTL_prj/OCOWFC_Z19/OCOWFC_Z19/Z19_NFC_4Chanel/Z19_NFC_4Channel/Z19_NFC_4Channel.srcs/sources_1/bd/NFC_4Channel_bd/ip/NFC_4Channel_bd_nfc_top_0_0/NFC_4Channel_bd_nfc_top_0_0/NFC_4Channel_bd_nfc_top_0_0_in_context.xdc, line 120).
Applied set_property IO_BUFFER_TYPE = NONE for O_NAND_RE_P_0[0]. (constraint file  d:/Xilinx_2019_2/RTL_prj/OCOWFC_Z19/OCOWFC_Z19/Z19_NFC_4Chanel/Z19_NFC_4Channel/Z19_NFC_4Channel.srcs/sources_1/bd/NFC_4Channel_bd/ip/NFC_4Channel_bd_nfc_top_0_0/NFC_4Channel_bd_nfc_top_0_0/NFC_4Channel_bd_nfc_top_0_0_in_context.xdc, line 121).
Applied set_property CLOCK_BUFFER_TYPE = NONE for O_NAND_RE_P_0[0]. (constraint file  d:/Xilinx_2019_2/RTL_prj/OCOWFC_Z19/OCOWFC_Z19/Z19_NFC_4Chanel/Z19_NFC_4Channel/Z19_NFC_4Channel.srcs/sources_1/bd/NFC_4Channel_bd/ip/NFC_4Channel_bd_nfc_top_0_0/NFC_4Channel_bd_nfc_top_0_0/NFC_4Channel_bd_nfc_top_0_0_in_context.xdc, line 122).
Applied set_property IO_BUFFER_TYPE = NONE for O_NAND_RE_P_0[1]. (constraint file  d:/Xilinx_2019_2/RTL_prj/OCOWFC_Z19/OCOWFC_Z19/Z19_NFC_4Chanel/Z19_NFC_4Channel/Z19_NFC_4Channel.srcs/sources_1/bd/NFC_4Channel_bd/ip/NFC_4Channel_bd_nfc_top_0_0/NFC_4Channel_bd_nfc_top_0_0/NFC_4Channel_bd_nfc_top_0_0_in_context.xdc, line 123).
Applied set_property CLOCK_BUFFER_TYPE = NONE for O_NAND_RE_P_0[1]. (constraint file  d:/Xilinx_2019_2/RTL_prj/OCOWFC_Z19/OCOWFC_Z19/Z19_NFC_4Chanel/Z19_NFC_4Channel/Z19_NFC_4Channel.srcs/sources_1/bd/NFC_4Channel_bd/ip/NFC_4Channel_bd_nfc_top_0_0/NFC_4Channel_bd_nfc_top_0_0/NFC_4Channel_bd_nfc_top_0_0_in_context.xdc, line 124).
Applied set_property IO_BUFFER_TYPE = NONE for O_NAND_RE_P_0[2]. (constraint file  d:/Xilinx_2019_2/RTL_prj/OCOWFC_Z19/OCOWFC_Z19/Z19_NFC_4Chanel/Z19_NFC_4Channel/Z19_NFC_4Channel.srcs/sources_1/bd/NFC_4Channel_bd/ip/NFC_4Channel_bd_nfc_top_0_0/NFC_4Channel_bd_nfc_top_0_0/NFC_4Channel_bd_nfc_top_0_0_in_context.xdc, line 125).
Applied set_property CLOCK_BUFFER_TYPE = NONE for O_NAND_RE_P_0[2]. (constraint file  d:/Xilinx_2019_2/RTL_prj/OCOWFC_Z19/OCOWFC_Z19/Z19_NFC_4Chanel/Z19_NFC_4Channel/Z19_NFC_4Channel.srcs/sources_1/bd/NFC_4Channel_bd/ip/NFC_4Channel_bd_nfc_top_0_0/NFC_4Channel_bd_nfc_top_0_0/NFC_4Channel_bd_nfc_top_0_0_in_context.xdc, line 126).
Applied set_property IO_BUFFER_TYPE = NONE for O_NAND_RE_P_0[3]. (constraint file  d:/Xilinx_2019_2/RTL_prj/OCOWFC_Z19/OCOWFC_Z19/Z19_NFC_4Chanel/Z19_NFC_4Channel/Z19_NFC_4Channel.srcs/sources_1/bd/NFC_4Channel_bd/ip/NFC_4Channel_bd_nfc_top_0_0/NFC_4Channel_bd_nfc_top_0_0/NFC_4Channel_bd_nfc_top_0_0_in_context.xdc, line 127).
Applied set_property CLOCK_BUFFER_TYPE = NONE for O_NAND_RE_P_0[3]. (constraint file  d:/Xilinx_2019_2/RTL_prj/OCOWFC_Z19/OCOWFC_Z19/Z19_NFC_4Chanel/Z19_NFC_4Channel/Z19_NFC_4Channel.srcs/sources_1/bd/NFC_4Channel_bd/ip/NFC_4Channel_bd_nfc_top_0_0/NFC_4Channel_bd_nfc_top_0_0/NFC_4Channel_bd_nfc_top_0_0_in_context.xdc, line 128).
Applied set_property IO_BUFFER_TYPE = NONE for O_NAND_WE_N_0[0]. (constraint file  d:/Xilinx_2019_2/RTL_prj/OCOWFC_Z19/OCOWFC_Z19/Z19_NFC_4Chanel/Z19_NFC_4Channel/Z19_NFC_4Channel.srcs/sources_1/bd/NFC_4Channel_bd/ip/NFC_4Channel_bd_nfc_top_0_0/NFC_4Channel_bd_nfc_top_0_0/NFC_4Channel_bd_nfc_top_0_0_in_context.xdc, line 129).
Applied set_property CLOCK_BUFFER_TYPE = NONE for O_NAND_WE_N_0[0]. (constraint file  d:/Xilinx_2019_2/RTL_prj/OCOWFC_Z19/OCOWFC_Z19/Z19_NFC_4Chanel/Z19_NFC_4Channel/Z19_NFC_4Channel.srcs/sources_1/bd/NFC_4Channel_bd/ip/NFC_4Channel_bd_nfc_top_0_0/NFC_4Channel_bd_nfc_top_0_0/NFC_4Channel_bd_nfc_top_0_0_in_context.xdc, line 130).
Applied set_property IO_BUFFER_TYPE = NONE for O_NAND_WE_N_0[1]. (constraint file  d:/Xilinx_2019_2/RTL_prj/OCOWFC_Z19/OCOWFC_Z19/Z19_NFC_4Chanel/Z19_NFC_4Channel/Z19_NFC_4Channel.srcs/sources_1/bd/NFC_4Channel_bd/ip/NFC_4Channel_bd_nfc_top_0_0/NFC_4Channel_bd_nfc_top_0_0/NFC_4Channel_bd_nfc_top_0_0_in_context.xdc, line 131).
Applied set_property CLOCK_BUFFER_TYPE = NONE for O_NAND_WE_N_0[1]. (constraint file  d:/Xilinx_2019_2/RTL_prj/OCOWFC_Z19/OCOWFC_Z19/Z19_NFC_4Chanel/Z19_NFC_4Channel/Z19_NFC_4Channel.srcs/sources_1/bd/NFC_4Channel_bd/ip/NFC_4Channel_bd_nfc_top_0_0/NFC_4Channel_bd_nfc_top_0_0/NFC_4Channel_bd_nfc_top_0_0_in_context.xdc, line 132).
Applied set_property IO_BUFFER_TYPE = NONE for O_NAND_WE_N_0[2]. (constraint file  d:/Xilinx_2019_2/RTL_prj/OCOWFC_Z19/OCOWFC_Z19/Z19_NFC_4Chanel/Z19_NFC_4Channel/Z19_NFC_4Channel.srcs/sources_1/bd/NFC_4Channel_bd/ip/NFC_4Channel_bd_nfc_top_0_0/NFC_4Channel_bd_nfc_top_0_0/NFC_4Channel_bd_nfc_top_0_0_in_context.xdc, line 133).
Applied set_property CLOCK_BUFFER_TYPE = NONE for O_NAND_WE_N_0[2]. (constraint file  d:/Xilinx_2019_2/RTL_prj/OCOWFC_Z19/OCOWFC_Z19/Z19_NFC_4Chanel/Z19_NFC_4Channel/Z19_NFC_4Channel.srcs/sources_1/bd/NFC_4Channel_bd/ip/NFC_4Channel_bd_nfc_top_0_0/NFC_4Channel_bd_nfc_top_0_0/NFC_4Channel_bd_nfc_top_0_0_in_context.xdc, line 134).
Applied set_property IO_BUFFER_TYPE = NONE for O_NAND_WE_N_0[3]. (constraint file  d:/Xilinx_2019_2/RTL_prj/OCOWFC_Z19/OCOWFC_Z19/Z19_NFC_4Chanel/Z19_NFC_4Channel/Z19_NFC_4Channel.srcs/sources_1/bd/NFC_4Channel_bd/ip/NFC_4Channel_bd_nfc_top_0_0/NFC_4Channel_bd_nfc_top_0_0/NFC_4Channel_bd_nfc_top_0_0_in_context.xdc, line 135).
Applied set_property CLOCK_BUFFER_TYPE = NONE for O_NAND_WE_N_0[3]. (constraint file  d:/Xilinx_2019_2/RTL_prj/OCOWFC_Z19/OCOWFC_Z19/Z19_NFC_4Chanel/Z19_NFC_4Channel/Z19_NFC_4Channel.srcs/sources_1/bd/NFC_4Channel_bd/ip/NFC_4Channel_bd_nfc_top_0_0/NFC_4Channel_bd_nfc_top_0_0/NFC_4Channel_bd_nfc_top_0_0_in_context.xdc, line 136).
Applied set_property IO_BUFFER_TYPE = NONE for O_NAND_WP_N_0[0]. (constraint file  d:/Xilinx_2019_2/RTL_prj/OCOWFC_Z19/OCOWFC_Z19/Z19_NFC_4Chanel/Z19_NFC_4Channel/Z19_NFC_4Channel.srcs/sources_1/bd/NFC_4Channel_bd/ip/NFC_4Channel_bd_nfc_top_0_0/NFC_4Channel_bd_nfc_top_0_0/NFC_4Channel_bd_nfc_top_0_0_in_context.xdc, line 137).
Applied set_property CLOCK_BUFFER_TYPE = NONE for O_NAND_WP_N_0[0]. (constraint file  d:/Xilinx_2019_2/RTL_prj/OCOWFC_Z19/OCOWFC_Z19/Z19_NFC_4Chanel/Z19_NFC_4Channel/Z19_NFC_4Channel.srcs/sources_1/bd/NFC_4Channel_bd/ip/NFC_4Channel_bd_nfc_top_0_0/NFC_4Channel_bd_nfc_top_0_0/NFC_4Channel_bd_nfc_top_0_0_in_context.xdc, line 138).
Applied set_property IO_BUFFER_TYPE = NONE for O_NAND_WP_N_0[1]. (constraint file  d:/Xilinx_2019_2/RTL_prj/OCOWFC_Z19/OCOWFC_Z19/Z19_NFC_4Chanel/Z19_NFC_4Channel/Z19_NFC_4Channel.srcs/sources_1/bd/NFC_4Channel_bd/ip/NFC_4Channel_bd_nfc_top_0_0/NFC_4Channel_bd_nfc_top_0_0/NFC_4Channel_bd_nfc_top_0_0_in_context.xdc, line 139).
Applied set_property CLOCK_BUFFER_TYPE = NONE for O_NAND_WP_N_0[1]. (constraint file  d:/Xilinx_2019_2/RTL_prj/OCOWFC_Z19/OCOWFC_Z19/Z19_NFC_4Chanel/Z19_NFC_4Channel/Z19_NFC_4Channel.srcs/sources_1/bd/NFC_4Channel_bd/ip/NFC_4Channel_bd_nfc_top_0_0/NFC_4Channel_bd_nfc_top_0_0/NFC_4Channel_bd_nfc_top_0_0_in_context.xdc, line 140).
Applied set_property IO_BUFFER_TYPE = NONE for O_NAND_WP_N_0[2]. (constraint file  d:/Xilinx_2019_2/RTL_prj/OCOWFC_Z19/OCOWFC_Z19/Z19_NFC_4Chanel/Z19_NFC_4Channel/Z19_NFC_4Channel.srcs/sources_1/bd/NFC_4Channel_bd/ip/NFC_4Channel_bd_nfc_top_0_0/NFC_4Channel_bd_nfc_top_0_0/NFC_4Channel_bd_nfc_top_0_0_in_context.xdc, line 141).
Applied set_property CLOCK_BUFFER_TYPE = NONE for O_NAND_WP_N_0[2]. (constraint file  d:/Xilinx_2019_2/RTL_prj/OCOWFC_Z19/OCOWFC_Z19/Z19_NFC_4Chanel/Z19_NFC_4Channel/Z19_NFC_4Channel.srcs/sources_1/bd/NFC_4Channel_bd/ip/NFC_4Channel_bd_nfc_top_0_0/NFC_4Channel_bd_nfc_top_0_0/NFC_4Channel_bd_nfc_top_0_0_in_context.xdc, line 142).
Applied set_property IO_BUFFER_TYPE = NONE for O_NAND_WP_N_0[3]. (constraint file  d:/Xilinx_2019_2/RTL_prj/OCOWFC_Z19/OCOWFC_Z19/Z19_NFC_4Chanel/Z19_NFC_4Channel/Z19_NFC_4Channel.srcs/sources_1/bd/NFC_4Channel_bd/ip/NFC_4Channel_bd_nfc_top_0_0/NFC_4Channel_bd_nfc_top_0_0/NFC_4Channel_bd_nfc_top_0_0_in_context.xdc, line 143).
Applied set_property CLOCK_BUFFER_TYPE = NONE for O_NAND_WP_N_0[3]. (constraint file  d:/Xilinx_2019_2/RTL_prj/OCOWFC_Z19/OCOWFC_Z19/Z19_NFC_4Chanel/Z19_NFC_4Channel/Z19_NFC_4Channel.srcs/sources_1/bd/NFC_4Channel_bd/ip/NFC_4Channel_bd_nfc_top_0_0/NFC_4Channel_bd_nfc_top_0_0/NFC_4Channel_bd_nfc_top_0_0_in_context.xdc, line 144).
Applied set_property IO_BUFFER_TYPE = NONE for clk_in1_0. (constraint file  d:/Xilinx_2019_2/RTL_prj/OCOWFC_Z19/OCOWFC_Z19/Z19_NFC_4Chanel/Z19_NFC_4Channel/Z19_NFC_4Channel.srcs/sources_1/bd/NFC_4Channel_bd/ip/NFC_4Channel_bd_clk_wiz_0_0/NFC_4Channel_bd_clk_wiz_0_0/NFC_4Channel_bd_clk_wiz_0_0_in_context.xdc, line 5).
Applied set_property CLOCK_BUFFER_TYPE = NONE for clk_in1_0. (constraint file  d:/Xilinx_2019_2/RTL_prj/OCOWFC_Z19/OCOWFC_Z19/Z19_NFC_4Chanel/Z19_NFC_4Channel/Z19_NFC_4Channel.srcs/sources_1/bd/NFC_4Channel_bd/ip/NFC_4Channel_bd_clk_wiz_0_0/NFC_4Channel_bd_clk_wiz_0_0/NFC_4Channel_bd_clk_wiz_0_0_in_context.xdc, line 6).
Applied set_property DONT_TOUCH = true for NFC_4Channel_bd_i. (constraint file  auto generated constraint, line ).
Applied set_property DONT_TOUCH = true for NFC_4Channel_bd_i/zynq_ultra_ps_e_0. (constraint file  auto generated constraint, line ).
Applied set_property DONT_TOUCH = true for NFC_4Channel_bd_i/smartconnect_0. (constraint file  auto generated constraint, line ).
Applied set_property DONT_TOUCH = true for NFC_4Channel_bd_i/nfc_top_0. (constraint file  auto generated constraint, line ).
Applied set_property DONT_TOUCH = true for NFC_4Channel_bd_i/axi_dma_0. (constraint file  auto generated constraint, line ).
Applied set_property DONT_TOUCH = true for NFC_4Channel_bd_i/axi_dma_1. (constraint file  auto generated constraint, line ).
Applied set_property DONT_TOUCH = true for NFC_4Channel_bd_i/axi_dma_2. (constraint file  auto generated constraint, line ).
Applied set_property DONT_TOUCH = true for NFC_4Channel_bd_i/axi_dma_3. (constraint file  auto generated constraint, line ).
Applied set_property DONT_TOUCH = true for NFC_4Channel_bd_i/smartconnect_1. (constraint file  auto generated constraint, line ).
Applied set_property DONT_TOUCH = true for NFC_4Channel_bd_i/axi_bram_ctrl_0. (constraint file  auto generated constraint, line ).
Applied set_property DONT_TOUCH = true for NFC_4Channel_bd_i/axi_bram_ctrl_1. (constraint file  auto generated constraint, line ).
Applied set_property DONT_TOUCH = true for NFC_4Channel_bd_i/axi_bram_ctrl_2. (constraint file  auto generated constraint, line ).
Applied set_property DONT_TOUCH = true for NFC_4Channel_bd_i/axi_bram_ctrl_3. (constraint file  auto generated constraint, line ).
Applied set_property DONT_TOUCH = true for NFC_4Channel_bd_i/clk_wiz_0. (constraint file  auto generated constraint, line ).
Applied set_property DONT_TOUCH = true for NFC_4Channel_bd_i/proc_sys_reset_0. (constraint file  auto generated constraint, line ).
Applied set_property DONT_TOUCH = true for NFC_4Channel_bd_i/axi_bram_ctrl_0_bram. (constraint file  auto generated constraint, line ).
Applied set_property DONT_TOUCH = true for NFC_4Channel_bd_i/axi_bram_ctrl_1_bram. (constraint file  auto generated constraint, line ).
Applied set_property DONT_TOUCH = true for NFC_4Channel_bd_i/axi_bram_ctrl_2_bram. (constraint file  auto generated constraint, line ).
Applied set_property DONT_TOUCH = true for NFC_4Channel_bd_i/axi_bram_ctrl_3_bram. (constraint file  auto generated constraint, line ).
---------------------------------------------------------------------------------
Finished applying 'set_property' XDC Constraints : Time (s): cpu = 00:00:11 ; elapsed = 00:00:12 . Memory (MB): peak = 1948.992 ; gain = 258.766
---------------------------------------------------------------------------------
---------------------------------------------------------------------------------
Finished RTL Optimization Phase 2 : Time (s): cpu = 00:00:11 ; elapsed = 00:00:12 . Memory (MB): peak = 1948.992 ; gain = 258.766
---------------------------------------------------------------------------------

Report RTL Partitions: 
+-+--------------+------------+----------+
| |RTL Partition |Replication |Instances |
+-+--------------+------------+----------+
+-+--------------+------------+----------+
---------------------------------------------------------------------------------
Start RTL Component Statistics 
---------------------------------------------------------------------------------
Detailed RTL Component Info : 
---------------------------------------------------------------------------------
Finished RTL Component Statistics 
---------------------------------------------------------------------------------
---------------------------------------------------------------------------------
Start RTL Hierarchical Component Statistics 
---------------------------------------------------------------------------------
Hierarchical RTL Component report 
---------------------------------------------------------------------------------
Finished RTL Hierarchical Component Statistics
---------------------------------------------------------------------------------
---------------------------------------------------------------------------------
Start Part Resource Summary
---------------------------------------------------------------------------------
Part Resources:
DSPs: 1968 (col length:264)
BRAMs: 1968 (col length: RAMB18 264 RAMB36 132)
---------------------------------------------------------------------------------
Finished Part Resource Summary
---------------------------------------------------------------------------------
---------------------------------------------------------------------------------
Start Cross Boundary and Area Optimization
---------------------------------------------------------------------------------
Warning: Parallel synthesis criteria is not met 
---------------------------------------------------------------------------------
Finished Cross Boundary and Area Optimization : Time (s): cpu = 00:00:12 ; elapsed = 00:00:13 . Memory (MB): peak = 1948.992 ; gain = 258.766
---------------------------------------------------------------------------------

Report RTL Partitions: 
+-+--------------+------------+----------+
| |RTL Partition |Replication |Instances |
+-+--------------+------------+----------+
+-+--------------+------------+----------+
---------------------------------------------------------------------------------
Start Applying XDC Timing Constraints
---------------------------------------------------------------------------------
---------------------------------------------------------------------------------
Finished Applying XDC Timing Constraints : Time (s): cpu = 00:00:21 ; elapsed = 00:00:23 . Memory (MB): peak = 2587.922 ; gain = 897.695
---------------------------------------------------------------------------------
---------------------------------------------------------------------------------
Start Timing Optimization
---------------------------------------------------------------------------------
---------------------------------------------------------------------------------
Finished Timing Optimization : Time (s): cpu = 00:00:21 ; elapsed = 00:00:23 . Memory (MB): peak = 2588.441 ; gain = 898.215
---------------------------------------------------------------------------------

Report RTL Partitions: 
+-+--------------+------------+----------+
| |RTL Partition |Replication |Instances |
+-+--------------+------------+----------+
+-+--------------+------------+----------+
---------------------------------------------------------------------------------
Start Technology Mapping
---------------------------------------------------------------------------------
---------------------------------------------------------------------------------
Finished Technology Mapping : Time (s): cpu = 00:00:21 ; elapsed = 00:00:23 . Memory (MB): peak = 2599.844 ; gain = 909.617
---------------------------------------------------------------------------------

Report RTL Partitions: 
+-+--------------+------------+----------+
| |RTL Partition |Replication |Instances |
+-+--------------+------------+----------+
+-+--------------+------------+----------+
---------------------------------------------------------------------------------
Start IO Insertion
---------------------------------------------------------------------------------
---------------------------------------------------------------------------------
Start Flattening Before IO Insertion
---------------------------------------------------------------------------------
---------------------------------------------------------------------------------
Finished Flattening Before IO Insertion
---------------------------------------------------------------------------------
---------------------------------------------------------------------------------
Start Final Netlist Cleanup
---------------------------------------------------------------------------------
---------------------------------------------------------------------------------
Finished Final Netlist Cleanup
---------------------------------------------------------------------------------
---------------------------------------------------------------------------------
Finished IO Insertion : Time (s): cpu = 00:00:23 ; elapsed = 00:00:26 . Memory (MB): peak = 2614.652 ; gain = 924.426
---------------------------------------------------------------------------------
---------------------------------------------------------------------------------
Start Renaming Generated Instances
---------------------------------------------------------------------------------
---------------------------------------------------------------------------------
Finished Renaming Generated Instances : Time (s): cpu = 00:00:23 ; elapsed = 00:00:26 . Memory (MB): peak = 2614.652 ; gain = 924.426
---------------------------------------------------------------------------------

Report RTL Partitions: 
+-+--------------+------------+----------+
| |RTL Partition |Replication |Instances |
+-+--------------+------------+----------+
+-+--------------+------------+----------+

Report Check Netlist: 
+------+------------------+-------+---------+-------+------------------+
|      |Item              |Errors |Warnings |Status |Description       |
+------+------------------+-------+---------+-------+------------------+
|1     |multi_driven_nets |      0|        0|Passed |Multi driven nets |
+------+------------------+-------+---------+-------+------------------+
---------------------------------------------------------------------------------
Start Rebuilding User Hierarchy
---------------------------------------------------------------------------------
---------------------------------------------------------------------------------
Finished Rebuilding User Hierarchy : Time (s): cpu = 00:00:23 ; elapsed = 00:00:26 . Memory (MB): peak = 2614.652 ; gain = 924.426
---------------------------------------------------------------------------------
---------------------------------------------------------------------------------
Start Renaming Generated Ports
---------------------------------------------------------------------------------
---------------------------------------------------------------------------------
Finished Renaming Generated Ports : Time (s): cpu = 00:00:23 ; elapsed = 00:00:26 . Memory (MB): peak = 2614.652 ; gain = 924.426
---------------------------------------------------------------------------------
---------------------------------------------------------------------------------
Start Handling Custom Attributes
---------------------------------------------------------------------------------
---------------------------------------------------------------------------------
Finished Handling Custom Attributes : Time (s): cpu = 00:00:23 ; elapsed = 00:00:26 . Memory (MB): peak = 2614.652 ; gain = 924.426
---------------------------------------------------------------------------------
---------------------------------------------------------------------------------
Start Renaming Generated Nets
---------------------------------------------------------------------------------
---------------------------------------------------------------------------------
Finished Renaming Generated Nets : Time (s): cpu = 00:00:23 ; elapsed = 00:00:26 . Memory (MB): peak = 2614.652 ; gain = 924.426
---------------------------------------------------------------------------------
---------------------------------------------------------------------------------
Start Writing Synthesis Report
---------------------------------------------------------------------------------

Report BlackBoxes: 
+------+---------------------------------------+----------+
|      |BlackBox name                          |Instances |
+------+---------------------------------------+----------+
|1     |NFC_4Channel_bd_axi_bram_ctrl_0_0      |         1|
|2     |NFC_4Channel_bd_axi_bram_ctrl_0_bram_0 |         1|
|3     |NFC_4Channel_bd_axi_bram_ctrl_0_1      |         1|
|4     |NFC_4Channel_bd_axi_bram_ctrl_1_bram_0 |         1|
|5     |NFC_4Channel_bd_axi_bram_ctrl_0_2      |         1|
|6     |NFC_4Channel_bd_axi_bram_ctrl_2_bram_0 |         1|
|7     |NFC_4Channel_bd_axi_bram_ctrl_0_3      |         1|
|8     |NFC_4Channel_bd_axi_bram_ctrl_3_bram_0 |         1|
|9     |NFC_4Channel_bd_axi_dma_0_0            |         1|
|10    |NFC_4Channel_bd_axi_dma_0_2            |         1|
|11    |NFC_4Channel_bd_axi_dma_0_3            |         1|
|12    |NFC_4Channel_bd_axi_dma_0_4            |         1|
|13    |NFC_4Channel_bd_clk_wiz_0_0            |         1|
|14    |NFC_4Channel_bd_nfc_top_0_0            |         1|
|15    |NFC_4Channel_bd_proc_sys_reset_0_0     |         1|
|16    |NFC_4Channel_bd_smartconnect_0_0       |         1|
|17    |NFC_4Channel_bd_smartconnect_0_1       |         1|
|18    |NFC_4Channel_bd_zynq_ultra_ps_e_0_0    |         1|
+------+---------------------------------------+----------+

Report Cell Usage: 
+------+---------------------------------------+------+
|      |Cell                                   |Count |
+------+---------------------------------------+------+
|1     |NFC_4Channel_bd_axi_bram_ctrl_0_0      |     1|
|2     |NFC_4Channel_bd_axi_bram_ctrl_0_1      |     1|
|3     |NFC_4Channel_bd_axi_bram_ctrl_0_2      |     1|
|4     |NFC_4Channel_bd_axi_bram_ctrl_0_3      |     1|
|5     |NFC_4Channel_bd_axi_bram_ctrl_0_bram_0 |     1|
|6     |NFC_4Channel_bd_axi_bram_ctrl_1_bram_0 |     1|
|7     |NFC_4Channel_bd_axi_bram_ctrl_2_bram_0 |     1|
|8     |NFC_4Channel_bd_axi_bram_ctrl_3_bram_0 |     1|
|9     |NFC_4Channel_bd_axi_dma_0_0            |     1|
|10    |NFC_4Channel_bd_axi_dma_0_2            |     1|
|11    |NFC_4Channel_bd_axi_dma_0_3            |     1|
|12    |NFC_4Channel_bd_axi_dma_0_4            |     1|
|13    |NFC_4Channel_bd_clk_wiz_0_0            |     1|
|14    |NFC_4Channel_bd_nfc_top_0_0            |     1|
|15    |NFC_4Channel_bd_proc_sys_reset_0_0     |     1|
|16    |NFC_4Channel_bd_smartconnect_0_0       |     1|
|17    |NFC_4Channel_bd_smartconnect_0_1       |     1|
|18    |NFC_4Channel_bd_zynq_ultra_ps_e_0_0    |     1|
+------+---------------------------------------+------+

Report Instance Areas: 
+------+--------------------+----------------+------+
|      |Instance            |Module          |Cells |
+------+--------------------+----------------+------+
|1     |top                 |                |  4207|
|2     |  NFC_4Channel_bd_i |NFC_4Channel_bd |  4207|
+------+--------------------+----------------+------+
---------------------------------------------------------------------------------
Finished Writing Synthesis Report : Time (s): cpu = 00:00:23 ; elapsed = 00:00:26 . Memory (MB): peak = 2614.652 ; gain = 924.426
---------------------------------------------------------------------------------
Synthesis finished with 0 errors, 0 critical warnings and 0 warnings.
Synthesis Optimization Runtime : Time (s): cpu = 00:00:15 ; elapsed = 00:00:21 . Memory (MB): peak = 2614.652 ; gain = 824.996
Synthesis Optimization Complete : Time (s): cpu = 00:00:23 ; elapsed = 00:00:26 . Memory (MB): peak = 2614.652 ; gain = 924.426
INFO: [Project 1-571] Translating synthesized netlist
Netlist sorting complete. Time (s): cpu = 00:00:00 ; elapsed = 00:00:00.021 . Memory (MB): peak = 2614.652 ; gain = 0.000
INFO: [Project 1-570] Preparing netlist for logic optimization
INFO: [Opt 31-138] Pushed 0 inverter(s) to 0 load pin(s).
Netlist sorting complete. Time (s): cpu = 00:00:00 ; elapsed = 00:00:00 . Memory (MB): peak = 2668.727 ; gain = 0.000
INFO: [Project 1-111] Unisim Transformation Summary:
No Unisim elements were transformed.

INFO: [Common 17-83] Releasing license: Synthesis
54 Infos, 12 Warnings, 2 Critical Warnings and 0 Errors encountered.
synth_design completed successfully
synth_design: Time (s): cpu = 00:00:30 ; elapsed = 00:00:35 . Memory (MB): peak = 2673.734 ; gain = 2183.949
Netlist sorting complete. Time (s): cpu = 00:00:00 ; elapsed = 00:00:00 . Memory (MB): peak = 2673.734 ; gain = 0.000
WARNING: [Constraints 18-5210] No constraints selected for write.
Resolution: This message can indicate that there are no constraints for the design, or it can indicate that the used_in flags are set such that the constraints are ignored. This later case is used when running synth_design to not write synthesis constraints to the resulting checkpoint. Instead, project constraints are read when the synthesized design is opened.
INFO: [Common 17-1381] The checkpoint 'D:/Xilinx_2019_2/RTL_prj/OCOWFC_Z19/OCOWFC_Z19/Z19_NFC_4Chanel/Z19_NFC_4Channel/Z19_NFC_4Channel.runs/synth_1/NFC_4Channel_bd_wrapper.dcp' has been generated.
INFO: [runtcl-4] Executing : report_utilization -file NFC_4Channel_bd_wrapper_utilization_synth.rpt -pb NFC_4Channel_bd_wrapper_utilization_synth.pb
INFO: [Common 17-206] Exiting Vivado at Fri Apr 24 14:50:44 2026...
